[2021-12-19 04:16:07,326] {processor.py:163} INFO - Started process (PID=358) to work on /home/airflow/.local/lib/python3.7/site-packages/airflow/example_dags/example_time_delta_sensor_async.py
[2021-12-19 04:16:07,330] {processor.py:625} INFO - Processing file /home/airflow/.local/lib/python3.7/site-packages/airflow/example_dags/example_time_delta_sensor_async.py for tasks to queue
[2021-12-19 04:16:07,333] {logging_mixin.py:109} INFO - [2021-12-19 04:16:07,333] {dagbag.py:500} INFO - Filling up the DagBag from /home/airflow/.local/lib/python3.7/site-packages/airflow/example_dags/example_time_delta_sensor_async.py
[2021-12-19 04:16:07,409] {processor.py:637} INFO - DAG(s) dict_keys(['example_time_delta_sensor_async']) retrieved from /home/airflow/.local/lib/python3.7/site-packages/airflow/example_dags/example_time_delta_sensor_async.py
[2021-12-19 04:16:19,339] {logging_mixin.py:109} INFO - [2021-12-19 04:16:19,339] {providers_manager.py:156} WARNING - Exception when importing 'airflow.providers.google.leveldb.hooks.leveldb.LevelDBHook' from 'apache-airflow-providers-google' package: No module named 'plyvel'
[2021-12-19 04:16:24,921] {logging_mixin.py:109} INFO - [2021-12-19 04:16:24,920] {providers_manager.py:156} WARNING - Exception when importing 'airflow.providers.google.leveldb.hooks.leveldb.LevelDBHook' from 'apache-airflow-providers-google' package: No module named 'plyvel'
[2021-12-19 04:16:25,764] {logging_mixin.py:109} INFO - [2021-12-19 04:16:25,763] {manager.py:496} INFO - Created Permission View: can read on DAG:example_time_delta_sensor_async
[2021-12-19 04:16:27,254] {logging_mixin.py:109} INFO - [2021-12-19 04:16:27,253] {manager.py:496} INFO - Created Permission View: can edit on DAG:example_time_delta_sensor_async
[2021-12-19 04:16:27,256] {logging_mixin.py:109} INFO - [2021-12-19 04:16:27,255] {dag.py:2396} INFO - Sync 1 DAGs
[2021-12-19 04:16:27,283] {logging_mixin.py:109} INFO - [2021-12-19 04:16:27,283] {dag.py:2415} INFO - Creating ORM DAG for example_time_delta_sensor_async
[2021-12-19 04:16:27,315] {logging_mixin.py:109} INFO - [2021-12-19 04:16:27,313] {dag.py:2928} INFO - Setting next_dagrun for example_time_delta_sensor_async to None
[2021-12-19 04:16:27,357] {processor.py:171} INFO - Processing /home/airflow/.local/lib/python3.7/site-packages/airflow/example_dags/example_time_delta_sensor_async.py took 20.042 seconds
[2021-12-19 04:18:37,980] {processor.py:163} INFO - Started process (PID=463) to work on /home/airflow/.local/lib/python3.7/site-packages/airflow/example_dags/example_time_delta_sensor_async.py
[2021-12-19 04:18:37,986] {processor.py:625} INFO - Processing file /home/airflow/.local/lib/python3.7/site-packages/airflow/example_dags/example_time_delta_sensor_async.py for tasks to queue
[2021-12-19 04:18:37,990] {logging_mixin.py:109} INFO - [2021-12-19 04:18:37,989] {dagbag.py:500} INFO - Filling up the DagBag from /home/airflow/.local/lib/python3.7/site-packages/airflow/example_dags/example_time_delta_sensor_async.py
[2021-12-19 04:18:38,132] {processor.py:637} INFO - DAG(s) dict_keys(['example_time_delta_sensor_async']) retrieved from /home/airflow/.local/lib/python3.7/site-packages/airflow/example_dags/example_time_delta_sensor_async.py
[2021-12-19 04:18:38,206] {logging_mixin.py:109} INFO - [2021-12-19 04:18:38,206] {dag.py:2396} INFO - Sync 1 DAGs
[2021-12-19 04:18:38,353] {logging_mixin.py:109} INFO - [2021-12-19 04:18:38,344] {dag.py:2928} INFO - Setting next_dagrun for example_time_delta_sensor_async to None
[2021-12-19 04:18:40,704] {processor.py:171} INFO - Processing /home/airflow/.local/lib/python3.7/site-packages/airflow/example_dags/example_time_delta_sensor_async.py took 2.743 seconds
[2021-12-19 04:20:13,616] {processor.py:163} INFO - Started process (PID=517) to work on /home/airflow/.local/lib/python3.7/site-packages/airflow/example_dags/example_time_delta_sensor_async.py
[2021-12-19 04:20:13,660] {processor.py:625} INFO - Processing file /home/airflow/.local/lib/python3.7/site-packages/airflow/example_dags/example_time_delta_sensor_async.py for tasks to queue
[2021-12-19 04:20:13,662] {logging_mixin.py:109} INFO - [2021-12-19 04:20:13,662] {dagbag.py:500} INFO - Filling up the DagBag from /home/airflow/.local/lib/python3.7/site-packages/airflow/example_dags/example_time_delta_sensor_async.py
[2021-12-19 04:20:13,821] {processor.py:637} INFO - DAG(s) dict_keys(['example_time_delta_sensor_async']) retrieved from /home/airflow/.local/lib/python3.7/site-packages/airflow/example_dags/example_time_delta_sensor_async.py
[2021-12-19 04:20:13,853] {logging_mixin.py:109} INFO - [2021-12-19 04:20:13,853] {dag.py:2396} INFO - Sync 1 DAGs
[2021-12-19 04:20:13,886] {logging_mixin.py:109} INFO - [2021-12-19 04:20:13,886] {dag.py:2928} INFO - Setting next_dagrun for example_time_delta_sensor_async to None
[2021-12-19 04:20:14,567] {processor.py:171} INFO - Processing /home/airflow/.local/lib/python3.7/site-packages/airflow/example_dags/example_time_delta_sensor_async.py took 0.957 seconds
[2021-12-19 04:22:28,725] {processor.py:163} INFO - Started process (PID=561) to work on /home/airflow/.local/lib/python3.7/site-packages/airflow/example_dags/example_time_delta_sensor_async.py
[2021-12-19 04:22:28,736] {processor.py:625} INFO - Processing file /home/airflow/.local/lib/python3.7/site-packages/airflow/example_dags/example_time_delta_sensor_async.py for tasks to queue
[2021-12-19 04:22:28,738] {logging_mixin.py:109} INFO - [2021-12-19 04:22:28,738] {dagbag.py:500} INFO - Filling up the DagBag from /home/airflow/.local/lib/python3.7/site-packages/airflow/example_dags/example_time_delta_sensor_async.py
[2021-12-19 04:22:28,854] {processor.py:637} INFO - DAG(s) dict_keys(['example_time_delta_sensor_async']) retrieved from /home/airflow/.local/lib/python3.7/site-packages/airflow/example_dags/example_time_delta_sensor_async.py
[2021-12-19 04:22:28,903] {logging_mixin.py:109} INFO - [2021-12-19 04:22:28,902] {dag.py:2396} INFO - Sync 1 DAGs
[2021-12-19 04:22:28,993] {logging_mixin.py:109} INFO - [2021-12-19 04:22:28,993] {dag.py:2928} INFO - Setting next_dagrun for example_time_delta_sensor_async to None
[2021-12-19 04:22:29,068] {processor.py:171} INFO - Processing /home/airflow/.local/lib/python3.7/site-packages/airflow/example_dags/example_time_delta_sensor_async.py took 0.352 seconds
[2021-12-19 04:24:50,143] {processor.py:163} INFO - Started process (PID=613) to work on /home/airflow/.local/lib/python3.7/site-packages/airflow/example_dags/example_time_delta_sensor_async.py
[2021-12-19 04:24:50,156] {processor.py:625} INFO - Processing file /home/airflow/.local/lib/python3.7/site-packages/airflow/example_dags/example_time_delta_sensor_async.py for tasks to queue
[2021-12-19 04:24:50,160] {logging_mixin.py:109} INFO - [2021-12-19 04:24:50,159] {dagbag.py:500} INFO - Filling up the DagBag from /home/airflow/.local/lib/python3.7/site-packages/airflow/example_dags/example_time_delta_sensor_async.py
[2021-12-19 04:24:50,278] {processor.py:637} INFO - DAG(s) dict_keys(['example_time_delta_sensor_async']) retrieved from /home/airflow/.local/lib/python3.7/site-packages/airflow/example_dags/example_time_delta_sensor_async.py
[2021-12-19 04:24:50,345] {logging_mixin.py:109} INFO - [2021-12-19 04:24:50,335] {dag.py:2396} INFO - Sync 1 DAGs
[2021-12-19 04:24:50,402] {logging_mixin.py:109} INFO - [2021-12-19 04:24:50,402] {dag.py:2928} INFO - Setting next_dagrun for example_time_delta_sensor_async to None
[2021-12-19 04:24:50,739] {processor.py:171} INFO - Processing /home/airflow/.local/lib/python3.7/site-packages/airflow/example_dags/example_time_delta_sensor_async.py took 0.607 seconds
[2021-12-19 04:26:22,276] {processor.py:163} INFO - Started process (PID=677) to work on /home/airflow/.local/lib/python3.7/site-packages/airflow/example_dags/example_time_delta_sensor_async.py
[2021-12-19 04:26:22,287] {processor.py:625} INFO - Processing file /home/airflow/.local/lib/python3.7/site-packages/airflow/example_dags/example_time_delta_sensor_async.py for tasks to queue
[2021-12-19 04:26:22,290] {logging_mixin.py:109} INFO - [2021-12-19 04:26:22,290] {dagbag.py:500} INFO - Filling up the DagBag from /home/airflow/.local/lib/python3.7/site-packages/airflow/example_dags/example_time_delta_sensor_async.py
[2021-12-19 04:26:22,466] {processor.py:637} INFO - DAG(s) dict_keys(['example_time_delta_sensor_async']) retrieved from /home/airflow/.local/lib/python3.7/site-packages/airflow/example_dags/example_time_delta_sensor_async.py
[2021-12-19 04:26:22,544] {logging_mixin.py:109} INFO - [2021-12-19 04:26:22,544] {dag.py:2396} INFO - Sync 1 DAGs
[2021-12-19 04:26:22,648] {logging_mixin.py:109} INFO - [2021-12-19 04:26:22,647] {dag.py:2928} INFO - Setting next_dagrun for example_time_delta_sensor_async to None
[2021-12-19 04:26:26,605] {processor.py:171} INFO - Processing /home/airflow/.local/lib/python3.7/site-packages/airflow/example_dags/example_time_delta_sensor_async.py took 4.352 seconds
[2021-12-19 04:27:31,125] {processor.py:163} INFO - Started process (PID=701) to work on /home/airflow/.local/lib/python3.7/site-packages/airflow/example_dags/example_time_delta_sensor_async.py
[2021-12-19 04:27:31,137] {processor.py:625} INFO - Processing file /home/airflow/.local/lib/python3.7/site-packages/airflow/example_dags/example_time_delta_sensor_async.py for tasks to queue
[2021-12-19 04:27:31,144] {logging_mixin.py:109} INFO - [2021-12-19 04:27:31,143] {dagbag.py:500} INFO - Filling up the DagBag from /home/airflow/.local/lib/python3.7/site-packages/airflow/example_dags/example_time_delta_sensor_async.py
[2021-12-19 04:27:31,361] {processor.py:637} INFO - DAG(s) dict_keys(['example_time_delta_sensor_async']) retrieved from /home/airflow/.local/lib/python3.7/site-packages/airflow/example_dags/example_time_delta_sensor_async.py
[2021-12-19 04:28:04,460] {logging_mixin.py:109} INFO - [2021-12-19 04:28:04,460] {dag.py:2396} INFO - Sync 1 DAGs
[2021-12-19 04:28:08,725] {logging_mixin.py:109} INFO - [2021-12-19 04:28:08,725] {dag.py:2928} INFO - Setting next_dagrun for example_time_delta_sensor_async to None
[2021-12-19 04:28:08,830] {processor.py:171} INFO - Processing /home/airflow/.local/lib/python3.7/site-packages/airflow/example_dags/example_time_delta_sensor_async.py took 37.739 seconds
[2021-12-19 04:28:50,272] {processor.py:163} INFO - Started process (PID=777) to work on /home/airflow/.local/lib/python3.7/site-packages/airflow/example_dags/example_time_delta_sensor_async.py
[2021-12-19 04:28:50,286] {processor.py:625} INFO - Processing file /home/airflow/.local/lib/python3.7/site-packages/airflow/example_dags/example_time_delta_sensor_async.py for tasks to queue
[2021-12-19 04:28:50,291] {logging_mixin.py:109} INFO - [2021-12-19 04:28:50,291] {dagbag.py:500} INFO - Filling up the DagBag from /home/airflow/.local/lib/python3.7/site-packages/airflow/example_dags/example_time_delta_sensor_async.py
[2021-12-19 04:28:50,485] {processor.py:637} INFO - DAG(s) dict_keys(['example_time_delta_sensor_async']) retrieved from /home/airflow/.local/lib/python3.7/site-packages/airflow/example_dags/example_time_delta_sensor_async.py
[2021-12-19 04:28:50,547] {logging_mixin.py:109} INFO - [2021-12-19 04:28:50,546] {dag.py:2396} INFO - Sync 1 DAGs
[2021-12-19 04:28:50,630] {logging_mixin.py:109} INFO - [2021-12-19 04:28:50,629] {dag.py:2928} INFO - Setting next_dagrun for example_time_delta_sensor_async to None
[2021-12-19 04:28:52,717] {processor.py:171} INFO - Processing /home/airflow/.local/lib/python3.7/site-packages/airflow/example_dags/example_time_delta_sensor_async.py took 2.462 seconds
[2021-12-19 04:29:23,508] {processor.py:163} INFO - Started process (PID=819) to work on /home/airflow/.local/lib/python3.7/site-packages/airflow/example_dags/example_time_delta_sensor_async.py
[2021-12-19 04:29:23,510] {processor.py:625} INFO - Processing file /home/airflow/.local/lib/python3.7/site-packages/airflow/example_dags/example_time_delta_sensor_async.py for tasks to queue
[2021-12-19 04:29:23,513] {logging_mixin.py:109} INFO - [2021-12-19 04:29:23,512] {dagbag.py:500} INFO - Filling up the DagBag from /home/airflow/.local/lib/python3.7/site-packages/airflow/example_dags/example_time_delta_sensor_async.py
[2021-12-19 04:29:23,576] {processor.py:637} INFO - DAG(s) dict_keys(['example_time_delta_sensor_async']) retrieved from /home/airflow/.local/lib/python3.7/site-packages/airflow/example_dags/example_time_delta_sensor_async.py
[2021-12-19 04:29:23,602] {logging_mixin.py:109} INFO - [2021-12-19 04:29:23,602] {dag.py:2396} INFO - Sync 1 DAGs
[2021-12-19 04:29:23,639] {logging_mixin.py:109} INFO - [2021-12-19 04:29:23,639] {dag.py:2928} INFO - Setting next_dagrun for example_time_delta_sensor_async to None
[2021-12-19 04:29:23,670] {processor.py:171} INFO - Processing /home/airflow/.local/lib/python3.7/site-packages/airflow/example_dags/example_time_delta_sensor_async.py took 0.169 seconds
[2021-12-19 04:30:06,799] {processor.py:163} INFO - Started process (PID=862) to work on /home/airflow/.local/lib/python3.7/site-packages/airflow/example_dags/example_time_delta_sensor_async.py
[2021-12-19 04:30:06,803] {processor.py:625} INFO - Processing file /home/airflow/.local/lib/python3.7/site-packages/airflow/example_dags/example_time_delta_sensor_async.py for tasks to queue
[2021-12-19 04:30:06,806] {logging_mixin.py:109} INFO - [2021-12-19 04:30:06,806] {dagbag.py:500} INFO - Filling up the DagBag from /home/airflow/.local/lib/python3.7/site-packages/airflow/example_dags/example_time_delta_sensor_async.py
[2021-12-19 04:30:06,863] {processor.py:637} INFO - DAG(s) dict_keys(['example_time_delta_sensor_async']) retrieved from /home/airflow/.local/lib/python3.7/site-packages/airflow/example_dags/example_time_delta_sensor_async.py
[2021-12-19 04:30:06,886] {logging_mixin.py:109} INFO - [2021-12-19 04:30:06,886] {dag.py:2396} INFO - Sync 1 DAGs
[2021-12-19 04:30:06,918] {logging_mixin.py:109} INFO - [2021-12-19 04:30:06,918] {dag.py:2928} INFO - Setting next_dagrun for example_time_delta_sensor_async to None
[2021-12-19 04:30:07,313] {processor.py:171} INFO - Processing /home/airflow/.local/lib/python3.7/site-packages/airflow/example_dags/example_time_delta_sensor_async.py took 0.519 seconds
[2021-12-19 04:30:37,670] {processor.py:163} INFO - Started process (PID=901) to work on /home/airflow/.local/lib/python3.7/site-packages/airflow/example_dags/example_time_delta_sensor_async.py
[2021-12-19 04:30:37,707] {processor.py:625} INFO - Processing file /home/airflow/.local/lib/python3.7/site-packages/airflow/example_dags/example_time_delta_sensor_async.py for tasks to queue
[2021-12-19 04:30:37,709] {logging_mixin.py:109} INFO - [2021-12-19 04:30:37,709] {dagbag.py:500} INFO - Filling up the DagBag from /home/airflow/.local/lib/python3.7/site-packages/airflow/example_dags/example_time_delta_sensor_async.py
[2021-12-19 04:30:37,766] {processor.py:637} INFO - DAG(s) dict_keys(['example_time_delta_sensor_async']) retrieved from /home/airflow/.local/lib/python3.7/site-packages/airflow/example_dags/example_time_delta_sensor_async.py
[2021-12-19 04:30:37,782] {logging_mixin.py:109} INFO - [2021-12-19 04:30:37,782] {dag.py:2396} INFO - Sync 1 DAGs
[2021-12-19 04:30:37,806] {logging_mixin.py:109} INFO - [2021-12-19 04:30:37,806] {dag.py:2928} INFO - Setting next_dagrun for example_time_delta_sensor_async to None
[2021-12-19 04:30:38,505] {processor.py:171} INFO - Processing /home/airflow/.local/lib/python3.7/site-packages/airflow/example_dags/example_time_delta_sensor_async.py took 0.842 seconds
[2021-12-19 04:31:54,952] {processor.py:163} INFO - Started process (PID=958) to work on /home/airflow/.local/lib/python3.7/site-packages/airflow/example_dags/example_time_delta_sensor_async.py
[2021-12-19 04:31:54,974] {processor.py:625} INFO - Processing file /home/airflow/.local/lib/python3.7/site-packages/airflow/example_dags/example_time_delta_sensor_async.py for tasks to queue
[2021-12-19 04:31:54,976] {logging_mixin.py:109} INFO - [2021-12-19 04:31:54,976] {dagbag.py:500} INFO - Filling up the DagBag from /home/airflow/.local/lib/python3.7/site-packages/airflow/example_dags/example_time_delta_sensor_async.py
[2021-12-19 04:31:55,056] {processor.py:637} INFO - DAG(s) dict_keys(['example_time_delta_sensor_async']) retrieved from /home/airflow/.local/lib/python3.7/site-packages/airflow/example_dags/example_time_delta_sensor_async.py
[2021-12-19 04:31:55,109] {logging_mixin.py:109} INFO - [2021-12-19 04:31:55,108] {dag.py:2396} INFO - Sync 1 DAGs
[2021-12-19 04:31:55,154] {logging_mixin.py:109} INFO - [2021-12-19 04:31:55,154] {dag.py:2928} INFO - Setting next_dagrun for example_time_delta_sensor_async to None
[2021-12-19 04:31:55,216] {processor.py:171} INFO - Processing /home/airflow/.local/lib/python3.7/site-packages/airflow/example_dags/example_time_delta_sensor_async.py took 0.272 seconds
[2021-12-19 04:32:31,273] {processor.py:163} INFO - Started process (PID=991) to work on /home/airflow/.local/lib/python3.7/site-packages/airflow/example_dags/example_time_delta_sensor_async.py
[2021-12-19 04:32:31,280] {processor.py:625} INFO - Processing file /home/airflow/.local/lib/python3.7/site-packages/airflow/example_dags/example_time_delta_sensor_async.py for tasks to queue
[2021-12-19 04:32:31,284] {logging_mixin.py:109} INFO - [2021-12-19 04:32:31,283] {dagbag.py:500} INFO - Filling up the DagBag from /home/airflow/.local/lib/python3.7/site-packages/airflow/example_dags/example_time_delta_sensor_async.py
[2021-12-19 04:32:31,366] {processor.py:637} INFO - DAG(s) dict_keys(['example_time_delta_sensor_async']) retrieved from /home/airflow/.local/lib/python3.7/site-packages/airflow/example_dags/example_time_delta_sensor_async.py
[2021-12-19 04:32:31,405] {logging_mixin.py:109} INFO - [2021-12-19 04:32:31,404] {dag.py:2396} INFO - Sync 1 DAGs
[2021-12-19 04:32:31,453] {logging_mixin.py:109} INFO - [2021-12-19 04:32:31,453] {dag.py:2928} INFO - Setting next_dagrun for example_time_delta_sensor_async to None
[2021-12-19 04:32:31,491] {processor.py:171} INFO - Processing /home/airflow/.local/lib/python3.7/site-packages/airflow/example_dags/example_time_delta_sensor_async.py took 0.228 seconds
[2021-12-19 04:33:30,124] {processor.py:163} INFO - Started process (PID=1030) to work on /home/airflow/.local/lib/python3.7/site-packages/airflow/example_dags/example_time_delta_sensor_async.py
[2021-12-19 04:33:30,141] {processor.py:625} INFO - Processing file /home/airflow/.local/lib/python3.7/site-packages/airflow/example_dags/example_time_delta_sensor_async.py for tasks to queue
[2021-12-19 04:33:30,144] {logging_mixin.py:109} INFO - [2021-12-19 04:33:30,144] {dagbag.py:500} INFO - Filling up the DagBag from /home/airflow/.local/lib/python3.7/site-packages/airflow/example_dags/example_time_delta_sensor_async.py
[2021-12-19 04:33:30,222] {processor.py:637} INFO - DAG(s) dict_keys(['example_time_delta_sensor_async']) retrieved from /home/airflow/.local/lib/python3.7/site-packages/airflow/example_dags/example_time_delta_sensor_async.py
[2021-12-19 04:33:30,249] {logging_mixin.py:109} INFO - [2021-12-19 04:33:30,248] {dag.py:2396} INFO - Sync 1 DAGs
[2021-12-19 04:33:30,294] {logging_mixin.py:109} INFO - [2021-12-19 04:33:30,294] {dag.py:2928} INFO - Setting next_dagrun for example_time_delta_sensor_async to None
[2021-12-19 04:33:30,440] {processor.py:171} INFO - Processing /home/airflow/.local/lib/python3.7/site-packages/airflow/example_dags/example_time_delta_sensor_async.py took 0.333 seconds
[2021-12-19 04:34:10,506] {processor.py:163} INFO - Started process (PID=1073) to work on /home/airflow/.local/lib/python3.7/site-packages/airflow/example_dags/example_time_delta_sensor_async.py
[2021-12-19 04:34:10,510] {processor.py:625} INFO - Processing file /home/airflow/.local/lib/python3.7/site-packages/airflow/example_dags/example_time_delta_sensor_async.py for tasks to queue
[2021-12-19 04:34:10,513] {logging_mixin.py:109} INFO - [2021-12-19 04:34:10,513] {dagbag.py:500} INFO - Filling up the DagBag from /home/airflow/.local/lib/python3.7/site-packages/airflow/example_dags/example_time_delta_sensor_async.py
[2021-12-19 04:34:10,591] {processor.py:637} INFO - DAG(s) dict_keys(['example_time_delta_sensor_async']) retrieved from /home/airflow/.local/lib/python3.7/site-packages/airflow/example_dags/example_time_delta_sensor_async.py
[2021-12-19 04:34:10,634] {logging_mixin.py:109} INFO - [2021-12-19 04:34:10,634] {dag.py:2396} INFO - Sync 1 DAGs
[2021-12-19 04:34:10,693] {logging_mixin.py:109} INFO - [2021-12-19 04:34:10,692] {dag.py:2928} INFO - Setting next_dagrun for example_time_delta_sensor_async to None
[2021-12-19 04:34:10,733] {processor.py:171} INFO - Processing /home/airflow/.local/lib/python3.7/site-packages/airflow/example_dags/example_time_delta_sensor_async.py took 0.238 seconds
[2021-12-19 04:35:04,768] {processor.py:163} INFO - Started process (PID=1125) to work on /home/airflow/.local/lib/python3.7/site-packages/airflow/example_dags/example_time_delta_sensor_async.py
[2021-12-19 04:35:04,781] {processor.py:625} INFO - Processing file /home/airflow/.local/lib/python3.7/site-packages/airflow/example_dags/example_time_delta_sensor_async.py for tasks to queue
[2021-12-19 04:35:04,783] {logging_mixin.py:109} INFO - [2021-12-19 04:35:04,783] {dagbag.py:500} INFO - Filling up the DagBag from /home/airflow/.local/lib/python3.7/site-packages/airflow/example_dags/example_time_delta_sensor_async.py
[2021-12-19 04:35:04,844] {processor.py:637} INFO - DAG(s) dict_keys(['example_time_delta_sensor_async']) retrieved from /home/airflow/.local/lib/python3.7/site-packages/airflow/example_dags/example_time_delta_sensor_async.py
[2021-12-19 04:35:04,871] {logging_mixin.py:109} INFO - [2021-12-19 04:35:04,871] {dag.py:2396} INFO - Sync 1 DAGs
[2021-12-19 04:35:04,907] {logging_mixin.py:109} INFO - [2021-12-19 04:35:04,907] {dag.py:2928} INFO - Setting next_dagrun for example_time_delta_sensor_async to None
[2021-12-19 04:35:05,156] {processor.py:171} INFO - Processing /home/airflow/.local/lib/python3.7/site-packages/airflow/example_dags/example_time_delta_sensor_async.py took 0.396 seconds
[2021-12-19 04:35:37,134] {processor.py:163} INFO - Started process (PID=1167) to work on /home/airflow/.local/lib/python3.7/site-packages/airflow/example_dags/example_time_delta_sensor_async.py
[2021-12-19 04:35:37,137] {processor.py:625} INFO - Processing file /home/airflow/.local/lib/python3.7/site-packages/airflow/example_dags/example_time_delta_sensor_async.py for tasks to queue
[2021-12-19 04:35:37,139] {logging_mixin.py:109} INFO - [2021-12-19 04:35:37,138] {dagbag.py:500} INFO - Filling up the DagBag from /home/airflow/.local/lib/python3.7/site-packages/airflow/example_dags/example_time_delta_sensor_async.py
[2021-12-19 04:35:37,196] {processor.py:637} INFO - DAG(s) dict_keys(['example_time_delta_sensor_async']) retrieved from /home/airflow/.local/lib/python3.7/site-packages/airflow/example_dags/example_time_delta_sensor_async.py
[2021-12-19 04:35:37,217] {logging_mixin.py:109} INFO - [2021-12-19 04:35:37,217] {dag.py:2396} INFO - Sync 1 DAGs
[2021-12-19 04:35:37,249] {logging_mixin.py:109} INFO - [2021-12-19 04:35:37,249] {dag.py:2928} INFO - Setting next_dagrun for example_time_delta_sensor_async to None
[2021-12-19 04:35:37,278] {processor.py:171} INFO - Processing /home/airflow/.local/lib/python3.7/site-packages/airflow/example_dags/example_time_delta_sensor_async.py took 0.151 seconds
[2021-12-19 04:36:36,404] {processor.py:163} INFO - Started process (PID=1227) to work on /home/airflow/.local/lib/python3.7/site-packages/airflow/example_dags/example_time_delta_sensor_async.py
[2021-12-19 04:36:36,437] {processor.py:625} INFO - Processing file /home/airflow/.local/lib/python3.7/site-packages/airflow/example_dags/example_time_delta_sensor_async.py for tasks to queue
[2021-12-19 04:36:36,440] {logging_mixin.py:109} INFO - [2021-12-19 04:36:36,440] {dagbag.py:500} INFO - Filling up the DagBag from /home/airflow/.local/lib/python3.7/site-packages/airflow/example_dags/example_time_delta_sensor_async.py
[2021-12-19 04:36:36,600] {processor.py:637} INFO - DAG(s) dict_keys(['example_time_delta_sensor_async']) retrieved from /home/airflow/.local/lib/python3.7/site-packages/airflow/example_dags/example_time_delta_sensor_async.py
[2021-12-19 04:36:36,735] {logging_mixin.py:109} INFO - [2021-12-19 04:36:36,724] {dag.py:2396} INFO - Sync 1 DAGs
[2021-12-19 04:36:36,868] {logging_mixin.py:109} INFO - [2021-12-19 04:36:36,868] {dag.py:2928} INFO - Setting next_dagrun for example_time_delta_sensor_async to None
[2021-12-19 04:36:40,033] {processor.py:171} INFO - Processing /home/airflow/.local/lib/python3.7/site-packages/airflow/example_dags/example_time_delta_sensor_async.py took 3.650 seconds
[2021-12-19 04:37:58,751] {processor.py:163} INFO - Started process (PID=1260) to work on /home/airflow/.local/lib/python3.7/site-packages/airflow/example_dags/example_time_delta_sensor_async.py
[2021-12-19 04:37:58,755] {processor.py:625} INFO - Processing file /home/airflow/.local/lib/python3.7/site-packages/airflow/example_dags/example_time_delta_sensor_async.py for tasks to queue
[2021-12-19 04:37:58,758] {logging_mixin.py:109} INFO - [2021-12-19 04:37:58,758] {dagbag.py:500} INFO - Filling up the DagBag from /home/airflow/.local/lib/python3.7/site-packages/airflow/example_dags/example_time_delta_sensor_async.py
[2021-12-19 04:37:58,821] {processor.py:637} INFO - DAG(s) dict_keys(['example_time_delta_sensor_async']) retrieved from /home/airflow/.local/lib/python3.7/site-packages/airflow/example_dags/example_time_delta_sensor_async.py
[2021-12-19 04:37:58,850] {logging_mixin.py:109} INFO - [2021-12-19 04:37:58,850] {dag.py:2396} INFO - Sync 1 DAGs
[2021-12-19 04:37:58,881] {logging_mixin.py:109} INFO - [2021-12-19 04:37:58,881] {dag.py:2928} INFO - Setting next_dagrun for example_time_delta_sensor_async to None
[2021-12-19 04:37:59,114] {processor.py:171} INFO - Processing /home/airflow/.local/lib/python3.7/site-packages/airflow/example_dags/example_time_delta_sensor_async.py took 0.372 seconds
[2021-12-19 04:39:28,915] {processor.py:163} INFO - Started process (PID=1322) to work on /home/airflow/.local/lib/python3.7/site-packages/airflow/example_dags/example_time_delta_sensor_async.py
[2021-12-19 04:39:28,943] {processor.py:625} INFO - Processing file /home/airflow/.local/lib/python3.7/site-packages/airflow/example_dags/example_time_delta_sensor_async.py for tasks to queue
[2021-12-19 04:39:28,945] {logging_mixin.py:109} INFO - [2021-12-19 04:39:28,945] {dagbag.py:500} INFO - Filling up the DagBag from /home/airflow/.local/lib/python3.7/site-packages/airflow/example_dags/example_time_delta_sensor_async.py
[2021-12-19 04:39:29,040] {processor.py:637} INFO - DAG(s) dict_keys(['example_time_delta_sensor_async']) retrieved from /home/airflow/.local/lib/python3.7/site-packages/airflow/example_dags/example_time_delta_sensor_async.py
[2021-12-19 04:39:29,073] {logging_mixin.py:109} INFO - [2021-12-19 04:39:29,071] {dag.py:2396} INFO - Sync 1 DAGs
[2021-12-19 04:39:29,153] {logging_mixin.py:109} INFO - [2021-12-19 04:39:29,153] {dag.py:2928} INFO - Setting next_dagrun for example_time_delta_sensor_async to None
[2021-12-19 04:39:29,357] {processor.py:171} INFO - Processing /home/airflow/.local/lib/python3.7/site-packages/airflow/example_dags/example_time_delta_sensor_async.py took 0.451 seconds
[2021-12-19 04:41:37,607] {processor.py:163} INFO - Started process (PID=1395) to work on /home/airflow/.local/lib/python3.7/site-packages/airflow/example_dags/example_time_delta_sensor_async.py
[2021-12-19 04:41:37,612] {processor.py:625} INFO - Processing file /home/airflow/.local/lib/python3.7/site-packages/airflow/example_dags/example_time_delta_sensor_async.py for tasks to queue
[2021-12-19 04:41:37,615] {logging_mixin.py:109} INFO - [2021-12-19 04:41:37,615] {dagbag.py:500} INFO - Filling up the DagBag from /home/airflow/.local/lib/python3.7/site-packages/airflow/example_dags/example_time_delta_sensor_async.py
[2021-12-19 04:41:37,697] {processor.py:637} INFO - DAG(s) dict_keys(['example_time_delta_sensor_async']) retrieved from /home/airflow/.local/lib/python3.7/site-packages/airflow/example_dags/example_time_delta_sensor_async.py
[2021-12-19 04:41:37,732] {logging_mixin.py:109} INFO - [2021-12-19 04:41:37,732] {dag.py:2396} INFO - Sync 1 DAGs
[2021-12-19 04:41:37,775] {logging_mixin.py:109} INFO - [2021-12-19 04:41:37,774] {dag.py:2928} INFO - Setting next_dagrun for example_time_delta_sensor_async to None
[2021-12-19 04:41:37,808] {processor.py:171} INFO - Processing /home/airflow/.local/lib/python3.7/site-packages/airflow/example_dags/example_time_delta_sensor_async.py took 0.212 seconds
[2021-12-19 04:43:08,373] {processor.py:163} INFO - Started process (PID=1451) to work on /home/airflow/.local/lib/python3.7/site-packages/airflow/example_dags/example_time_delta_sensor_async.py
[2021-12-19 04:43:08,381] {processor.py:625} INFO - Processing file /home/airflow/.local/lib/python3.7/site-packages/airflow/example_dags/example_time_delta_sensor_async.py for tasks to queue
[2021-12-19 04:43:08,396] {logging_mixin.py:109} INFO - [2021-12-19 04:43:08,395] {dagbag.py:500} INFO - Filling up the DagBag from /home/airflow/.local/lib/python3.7/site-packages/airflow/example_dags/example_time_delta_sensor_async.py
[2021-12-19 04:43:08,853] {processor.py:637} INFO - DAG(s) dict_keys(['example_time_delta_sensor_async']) retrieved from /home/airflow/.local/lib/python3.7/site-packages/airflow/example_dags/example_time_delta_sensor_async.py
[2021-12-19 04:43:08,942] {logging_mixin.py:109} INFO - [2021-12-19 04:43:08,942] {dag.py:2396} INFO - Sync 1 DAGs
[2021-12-19 04:43:09,018] {logging_mixin.py:109} INFO - [2021-12-19 04:43:09,018] {dag.py:2928} INFO - Setting next_dagrun for example_time_delta_sensor_async to None
[2021-12-19 04:43:09,518] {processor.py:171} INFO - Processing /home/airflow/.local/lib/python3.7/site-packages/airflow/example_dags/example_time_delta_sensor_async.py took 1.174 seconds
[2021-12-19 04:43:39,920] {processor.py:163} INFO - Started process (PID=1497) to work on /home/airflow/.local/lib/python3.7/site-packages/airflow/example_dags/example_time_delta_sensor_async.py
[2021-12-19 04:43:39,923] {processor.py:625} INFO - Processing file /home/airflow/.local/lib/python3.7/site-packages/airflow/example_dags/example_time_delta_sensor_async.py for tasks to queue
[2021-12-19 04:43:39,926] {logging_mixin.py:109} INFO - [2021-12-19 04:43:39,925] {dagbag.py:500} INFO - Filling up the DagBag from /home/airflow/.local/lib/python3.7/site-packages/airflow/example_dags/example_time_delta_sensor_async.py
[2021-12-19 04:43:39,982] {processor.py:637} INFO - DAG(s) dict_keys(['example_time_delta_sensor_async']) retrieved from /home/airflow/.local/lib/python3.7/site-packages/airflow/example_dags/example_time_delta_sensor_async.py
[2021-12-19 04:43:40,003] {logging_mixin.py:109} INFO - [2021-12-19 04:43:40,003] {dag.py:2396} INFO - Sync 1 DAGs
[2021-12-19 04:43:40,043] {logging_mixin.py:109} INFO - [2021-12-19 04:43:40,043] {dag.py:2928} INFO - Setting next_dagrun for example_time_delta_sensor_async to None
[2021-12-19 04:43:40,287] {processor.py:171} INFO - Processing /home/airflow/.local/lib/python3.7/site-packages/airflow/example_dags/example_time_delta_sensor_async.py took 0.374 seconds
[2021-12-19 04:44:19,636] {processor.py:163} INFO - Started process (PID=1550) to work on /home/airflow/.local/lib/python3.7/site-packages/airflow/example_dags/example_time_delta_sensor_async.py
[2021-12-19 04:44:19,649] {processor.py:625} INFO - Processing file /home/airflow/.local/lib/python3.7/site-packages/airflow/example_dags/example_time_delta_sensor_async.py for tasks to queue
[2021-12-19 04:44:19,657] {logging_mixin.py:109} INFO - [2021-12-19 04:44:19,656] {dagbag.py:500} INFO - Filling up the DagBag from /home/airflow/.local/lib/python3.7/site-packages/airflow/example_dags/example_time_delta_sensor_async.py
[2021-12-19 04:44:19,871] {processor.py:637} INFO - DAG(s) dict_keys(['example_time_delta_sensor_async']) retrieved from /home/airflow/.local/lib/python3.7/site-packages/airflow/example_dags/example_time_delta_sensor_async.py
[2021-12-19 04:44:19,930] {logging_mixin.py:109} INFO - [2021-12-19 04:44:19,930] {dag.py:2396} INFO - Sync 1 DAGs
[2021-12-19 04:44:20,000] {logging_mixin.py:109} INFO - [2021-12-19 04:44:20,000] {dag.py:2928} INFO - Setting next_dagrun for example_time_delta_sensor_async to None
[2021-12-19 04:44:20,983] {processor.py:171} INFO - Processing /home/airflow/.local/lib/python3.7/site-packages/airflow/example_dags/example_time_delta_sensor_async.py took 1.362 seconds
[2021-12-19 04:45:07,614] {processor.py:163} INFO - Started process (PID=1595) to work on /home/airflow/.local/lib/python3.7/site-packages/airflow/example_dags/example_time_delta_sensor_async.py
[2021-12-19 04:45:07,618] {processor.py:625} INFO - Processing file /home/airflow/.local/lib/python3.7/site-packages/airflow/example_dags/example_time_delta_sensor_async.py for tasks to queue
[2021-12-19 04:45:07,620] {logging_mixin.py:109} INFO - [2021-12-19 04:45:07,620] {dagbag.py:500} INFO - Filling up the DagBag from /home/airflow/.local/lib/python3.7/site-packages/airflow/example_dags/example_time_delta_sensor_async.py
[2021-12-19 04:45:07,705] {processor.py:637} INFO - DAG(s) dict_keys(['example_time_delta_sensor_async']) retrieved from /home/airflow/.local/lib/python3.7/site-packages/airflow/example_dags/example_time_delta_sensor_async.py
[2021-12-19 04:45:07,740] {logging_mixin.py:109} INFO - [2021-12-19 04:45:07,740] {dag.py:2396} INFO - Sync 1 DAGs
[2021-12-19 04:45:07,783] {logging_mixin.py:109} INFO - [2021-12-19 04:45:07,783] {dag.py:2928} INFO - Setting next_dagrun for example_time_delta_sensor_async to None
[2021-12-19 04:45:07,825] {processor.py:171} INFO - Processing /home/airflow/.local/lib/python3.7/site-packages/airflow/example_dags/example_time_delta_sensor_async.py took 0.220 seconds
[2021-12-19 04:46:56,710] {processor.py:163} INFO - Started process (PID=1644) to work on /home/airflow/.local/lib/python3.7/site-packages/airflow/example_dags/example_time_delta_sensor_async.py
[2021-12-19 04:46:56,714] {processor.py:625} INFO - Processing file /home/airflow/.local/lib/python3.7/site-packages/airflow/example_dags/example_time_delta_sensor_async.py for tasks to queue
[2021-12-19 04:46:56,716] {logging_mixin.py:109} INFO - [2021-12-19 04:46:56,716] {dagbag.py:500} INFO - Filling up the DagBag from /home/airflow/.local/lib/python3.7/site-packages/airflow/example_dags/example_time_delta_sensor_async.py
[2021-12-19 04:46:56,787] {processor.py:637} INFO - DAG(s) dict_keys(['example_time_delta_sensor_async']) retrieved from /home/airflow/.local/lib/python3.7/site-packages/airflow/example_dags/example_time_delta_sensor_async.py
[2021-12-19 04:46:56,815] {logging_mixin.py:109} INFO - [2021-12-19 04:46:56,815] {dag.py:2396} INFO - Sync 1 DAGs
[2021-12-19 04:46:56,852] {logging_mixin.py:109} INFO - [2021-12-19 04:46:56,852] {dag.py:2928} INFO - Setting next_dagrun for example_time_delta_sensor_async to None
[2021-12-19 04:46:56,881] {processor.py:171} INFO - Processing /home/airflow/.local/lib/python3.7/site-packages/airflow/example_dags/example_time_delta_sensor_async.py took 0.180 seconds
[2021-12-19 04:47:27,439] {processor.py:163} INFO - Started process (PID=1697) to work on /home/airflow/.local/lib/python3.7/site-packages/airflow/example_dags/example_time_delta_sensor_async.py
[2021-12-19 04:47:27,443] {processor.py:625} INFO - Processing file /home/airflow/.local/lib/python3.7/site-packages/airflow/example_dags/example_time_delta_sensor_async.py for tasks to queue
[2021-12-19 04:47:27,446] {logging_mixin.py:109} INFO - [2021-12-19 04:47:27,445] {dagbag.py:500} INFO - Filling up the DagBag from /home/airflow/.local/lib/python3.7/site-packages/airflow/example_dags/example_time_delta_sensor_async.py
[2021-12-19 04:47:27,533] {processor.py:637} INFO - DAG(s) dict_keys(['example_time_delta_sensor_async']) retrieved from /home/airflow/.local/lib/python3.7/site-packages/airflow/example_dags/example_time_delta_sensor_async.py
[2021-12-19 04:47:27,571] {logging_mixin.py:109} INFO - [2021-12-19 04:47:27,570] {dag.py:2396} INFO - Sync 1 DAGs
[2021-12-19 04:47:27,646] {logging_mixin.py:109} INFO - [2021-12-19 04:47:27,645] {dag.py:2928} INFO - Setting next_dagrun for example_time_delta_sensor_async to None
[2021-12-19 04:47:27,693] {processor.py:171} INFO - Processing /home/airflow/.local/lib/python3.7/site-packages/airflow/example_dags/example_time_delta_sensor_async.py took 0.266 seconds
[2021-12-19 04:47:58,260] {processor.py:163} INFO - Started process (PID=1730) to work on /home/airflow/.local/lib/python3.7/site-packages/airflow/example_dags/example_time_delta_sensor_async.py
[2021-12-19 04:47:58,264] {processor.py:625} INFO - Processing file /home/airflow/.local/lib/python3.7/site-packages/airflow/example_dags/example_time_delta_sensor_async.py for tasks to queue
[2021-12-19 04:47:58,266] {logging_mixin.py:109} INFO - [2021-12-19 04:47:58,266] {dagbag.py:500} INFO - Filling up the DagBag from /home/airflow/.local/lib/python3.7/site-packages/airflow/example_dags/example_time_delta_sensor_async.py
[2021-12-19 04:47:58,331] {processor.py:637} INFO - DAG(s) dict_keys(['example_time_delta_sensor_async']) retrieved from /home/airflow/.local/lib/python3.7/site-packages/airflow/example_dags/example_time_delta_sensor_async.py
[2021-12-19 04:47:58,351] {logging_mixin.py:109} INFO - [2021-12-19 04:47:58,351] {dag.py:2396} INFO - Sync 1 DAGs
[2021-12-19 04:47:58,382] {logging_mixin.py:109} INFO - [2021-12-19 04:47:58,382] {dag.py:2928} INFO - Setting next_dagrun for example_time_delta_sensor_async to None
[2021-12-19 04:47:58,413] {processor.py:171} INFO - Processing /home/airflow/.local/lib/python3.7/site-packages/airflow/example_dags/example_time_delta_sensor_async.py took 0.162 seconds
[2021-12-19 04:48:28,715] {processor.py:163} INFO - Started process (PID=1784) to work on /home/airflow/.local/lib/python3.7/site-packages/airflow/example_dags/example_time_delta_sensor_async.py
[2021-12-19 04:48:28,718] {processor.py:625} INFO - Processing file /home/airflow/.local/lib/python3.7/site-packages/airflow/example_dags/example_time_delta_sensor_async.py for tasks to queue
[2021-12-19 04:48:28,721] {logging_mixin.py:109} INFO - [2021-12-19 04:48:28,720] {dagbag.py:500} INFO - Filling up the DagBag from /home/airflow/.local/lib/python3.7/site-packages/airflow/example_dags/example_time_delta_sensor_async.py
[2021-12-19 04:48:28,783] {processor.py:637} INFO - DAG(s) dict_keys(['example_time_delta_sensor_async']) retrieved from /home/airflow/.local/lib/python3.7/site-packages/airflow/example_dags/example_time_delta_sensor_async.py
[2021-12-19 04:48:28,808] {logging_mixin.py:109} INFO - [2021-12-19 04:48:28,807] {dag.py:2396} INFO - Sync 1 DAGs
[2021-12-19 04:48:28,841] {logging_mixin.py:109} INFO - [2021-12-19 04:48:28,841] {dag.py:2928} INFO - Setting next_dagrun for example_time_delta_sensor_async to None
[2021-12-19 04:48:28,873] {processor.py:171} INFO - Processing /home/airflow/.local/lib/python3.7/site-packages/airflow/example_dags/example_time_delta_sensor_async.py took 0.166 seconds
[2021-12-19 04:48:59,512] {processor.py:163} INFO - Started process (PID=1836) to work on /home/airflow/.local/lib/python3.7/site-packages/airflow/example_dags/example_time_delta_sensor_async.py
[2021-12-19 04:48:59,536] {processor.py:625} INFO - Processing file /home/airflow/.local/lib/python3.7/site-packages/airflow/example_dags/example_time_delta_sensor_async.py for tasks to queue
[2021-12-19 04:48:59,540] {logging_mixin.py:109} INFO - [2021-12-19 04:48:59,539] {dagbag.py:500} INFO - Filling up the DagBag from /home/airflow/.local/lib/python3.7/site-packages/airflow/example_dags/example_time_delta_sensor_async.py
[2021-12-19 04:48:59,655] {processor.py:637} INFO - DAG(s) dict_keys(['example_time_delta_sensor_async']) retrieved from /home/airflow/.local/lib/python3.7/site-packages/airflow/example_dags/example_time_delta_sensor_async.py
[2021-12-19 04:48:59,695] {logging_mixin.py:109} INFO - [2021-12-19 04:48:59,694] {dag.py:2396} INFO - Sync 1 DAGs
[2021-12-19 04:48:59,742] {logging_mixin.py:109} INFO - [2021-12-19 04:48:59,742] {dag.py:2928} INFO - Setting next_dagrun for example_time_delta_sensor_async to None
[2021-12-19 04:48:59,851] {processor.py:171} INFO - Processing /home/airflow/.local/lib/python3.7/site-packages/airflow/example_dags/example_time_delta_sensor_async.py took 0.354 seconds
[2021-12-19 04:49:46,012] {processor.py:163} INFO - Started process (PID=1878) to work on /home/airflow/.local/lib/python3.7/site-packages/airflow/example_dags/example_time_delta_sensor_async.py
[2021-12-19 04:49:46,038] {processor.py:625} INFO - Processing file /home/airflow/.local/lib/python3.7/site-packages/airflow/example_dags/example_time_delta_sensor_async.py for tasks to queue
[2021-12-19 04:49:46,053] {logging_mixin.py:109} INFO - [2021-12-19 04:49:46,053] {dagbag.py:500} INFO - Filling up the DagBag from /home/airflow/.local/lib/python3.7/site-packages/airflow/example_dags/example_time_delta_sensor_async.py
[2021-12-19 04:49:46,112] {processor.py:637} INFO - DAG(s) dict_keys(['example_time_delta_sensor_async']) retrieved from /home/airflow/.local/lib/python3.7/site-packages/airflow/example_dags/example_time_delta_sensor_async.py
[2021-12-19 04:49:46,136] {logging_mixin.py:109} INFO - [2021-12-19 04:49:46,136] {dag.py:2396} INFO - Sync 1 DAGs
[2021-12-19 04:49:46,171] {logging_mixin.py:109} INFO - [2021-12-19 04:49:46,171] {dag.py:2928} INFO - Setting next_dagrun for example_time_delta_sensor_async to None
[2021-12-19 04:49:46,488] {processor.py:171} INFO - Processing /home/airflow/.local/lib/python3.7/site-packages/airflow/example_dags/example_time_delta_sensor_async.py took 0.485 seconds
