[2021-12-19 04:16:10,810] {processor.py:163} INFO - Started process (PID=373) to work on /home/airflow/.local/lib/python3.7/site-packages/airflow/example_dags/example_bash_operator.py
[2021-12-19 04:16:10,813] {processor.py:625} INFO - Processing file /home/airflow/.local/lib/python3.7/site-packages/airflow/example_dags/example_bash_operator.py for tasks to queue
[2021-12-19 04:16:10,815] {logging_mixin.py:109} INFO - [2021-12-19 04:16:10,815] {dagbag.py:500} INFO - Filling up the DagBag from /home/airflow/.local/lib/python3.7/site-packages/airflow/example_dags/example_bash_operator.py
[2021-12-19 04:16:10,949] {processor.py:637} INFO - DAG(s) dict_keys(['example_bash_operator']) retrieved from /home/airflow/.local/lib/python3.7/site-packages/airflow/example_dags/example_bash_operator.py
[2021-12-19 04:16:31,665] {logging_mixin.py:109} INFO - [2021-12-19 04:16:31,665] {providers_manager.py:156} WARNING - Exception when importing 'airflow.providers.google.leveldb.hooks.leveldb.LevelDBHook' from 'apache-airflow-providers-google' package: No module named 'plyvel'
[2021-12-19 04:16:32,389] {logging_mixin.py:109} INFO - [2021-12-19 04:16:32,388] {providers_manager.py:156} WARNING - Exception when importing 'airflow.providers.google.leveldb.hooks.leveldb.LevelDBHook' from 'apache-airflow-providers-google' package: No module named 'plyvel'
[2021-12-19 04:16:34,220] {logging_mixin.py:109} INFO - [2021-12-19 04:16:34,219] {manager.py:496} INFO - Created Permission View: can read on DAG:example_bash_operator
[2021-12-19 04:16:35,375] {logging_mixin.py:109} INFO - [2021-12-19 04:16:35,375] {manager.py:496} INFO - Created Permission View: can edit on DAG:example_bash_operator
[2021-12-19 04:16:35,377] {logging_mixin.py:109} INFO - [2021-12-19 04:16:35,377] {dag.py:2396} INFO - Sync 1 DAGs
[2021-12-19 04:16:35,395] {logging_mixin.py:109} INFO - [2021-12-19 04:16:35,395] {dag.py:2415} INFO - Creating ORM DAG for example_bash_operator
[2021-12-19 04:16:35,417] {logging_mixin.py:109} INFO - [2021-12-19 04:16:35,417] {dag.py:2928} INFO - Setting next_dagrun for example_bash_operator to 2021-12-18 00:00:00+00:00
[2021-12-19 04:16:36,092] {processor.py:171} INFO - Processing /home/airflow/.local/lib/python3.7/site-packages/airflow/example_dags/example_bash_operator.py took 25.295 seconds
[2021-12-19 04:18:38,666] {processor.py:163} INFO - Started process (PID=464) to work on /home/airflow/.local/lib/python3.7/site-packages/airflow/example_dags/example_bash_operator.py
[2021-12-19 04:18:38,677] {processor.py:625} INFO - Processing file /home/airflow/.local/lib/python3.7/site-packages/airflow/example_dags/example_bash_operator.py for tasks to queue
[2021-12-19 04:18:38,680] {logging_mixin.py:109} INFO - [2021-12-19 04:18:38,680] {dagbag.py:500} INFO - Filling up the DagBag from /home/airflow/.local/lib/python3.7/site-packages/airflow/example_dags/example_bash_operator.py
[2021-12-19 04:18:38,842] {processor.py:637} INFO - DAG(s) dict_keys(['example_bash_operator']) retrieved from /home/airflow/.local/lib/python3.7/site-packages/airflow/example_dags/example_bash_operator.py
[2021-12-19 04:18:38,908] {logging_mixin.py:109} INFO - [2021-12-19 04:18:38,908] {dag.py:2396} INFO - Sync 1 DAGs
[2021-12-19 04:18:38,981] {logging_mixin.py:109} INFO - [2021-12-19 04:18:38,981] {dag.py:2928} INFO - Setting next_dagrun for example_bash_operator to 2021-12-18 00:00:00+00:00
[2021-12-19 04:18:40,736] {processor.py:171} INFO - Processing /home/airflow/.local/lib/python3.7/site-packages/airflow/example_dags/example_bash_operator.py took 2.093 seconds
[2021-12-19 04:20:14,281] {processor.py:163} INFO - Started process (PID=518) to work on /home/airflow/.local/lib/python3.7/site-packages/airflow/example_dags/example_bash_operator.py
[2021-12-19 04:20:14,408] {processor.py:625} INFO - Processing file /home/airflow/.local/lib/python3.7/site-packages/airflow/example_dags/example_bash_operator.py for tasks to queue
[2021-12-19 04:20:14,410] {logging_mixin.py:109} INFO - [2021-12-19 04:20:14,409] {dagbag.py:500} INFO - Filling up the DagBag from /home/airflow/.local/lib/python3.7/site-packages/airflow/example_dags/example_bash_operator.py
[2021-12-19 04:20:14,642] {processor.py:637} INFO - DAG(s) dict_keys(['example_bash_operator']) retrieved from /home/airflow/.local/lib/python3.7/site-packages/airflow/example_dags/example_bash_operator.py
[2021-12-19 04:20:14,665] {logging_mixin.py:109} INFO - [2021-12-19 04:20:14,665] {dag.py:2396} INFO - Sync 1 DAGs
[2021-12-19 04:20:14,707] {logging_mixin.py:109} INFO - [2021-12-19 04:20:14,707] {dag.py:2928} INFO - Setting next_dagrun for example_bash_operator to 2021-12-18 00:00:00+00:00
[2021-12-19 04:20:14,832] {processor.py:171} INFO - Processing /home/airflow/.local/lib/python3.7/site-packages/airflow/example_dags/example_bash_operator.py took 0.557 seconds
[2021-12-19 04:22:28,732] {processor.py:163} INFO - Started process (PID=562) to work on /home/airflow/.local/lib/python3.7/site-packages/airflow/example_dags/example_bash_operator.py
[2021-12-19 04:22:28,738] {processor.py:625} INFO - Processing file /home/airflow/.local/lib/python3.7/site-packages/airflow/example_dags/example_bash_operator.py for tasks to queue
[2021-12-19 04:22:28,749] {logging_mixin.py:109} INFO - [2021-12-19 04:22:28,749] {dagbag.py:500} INFO - Filling up the DagBag from /home/airflow/.local/lib/python3.7/site-packages/airflow/example_dags/example_bash_operator.py
[2021-12-19 04:22:28,866] {processor.py:637} INFO - DAG(s) dict_keys(['example_bash_operator']) retrieved from /home/airflow/.local/lib/python3.7/site-packages/airflow/example_dags/example_bash_operator.py
[2021-12-19 04:22:28,929] {logging_mixin.py:109} INFO - [2021-12-19 04:22:28,929] {dag.py:2396} INFO - Sync 1 DAGs
[2021-12-19 04:22:29,023] {logging_mixin.py:109} INFO - [2021-12-19 04:22:29,022] {dag.py:2928} INFO - Setting next_dagrun for example_bash_operator to 2021-12-18 00:00:00+00:00
[2021-12-19 04:22:29,065] {processor.py:171} INFO - Processing /home/airflow/.local/lib/python3.7/site-packages/airflow/example_dags/example_bash_operator.py took 0.342 seconds
[2021-12-19 04:24:50,887] {processor.py:163} INFO - Started process (PID=614) to work on /home/airflow/.local/lib/python3.7/site-packages/airflow/example_dags/example_bash_operator.py
[2021-12-19 04:24:50,892] {processor.py:625} INFO - Processing file /home/airflow/.local/lib/python3.7/site-packages/airflow/example_dags/example_bash_operator.py for tasks to queue
[2021-12-19 04:24:50,902] {logging_mixin.py:109} INFO - [2021-12-19 04:24:50,902] {dagbag.py:500} INFO - Filling up the DagBag from /home/airflow/.local/lib/python3.7/site-packages/airflow/example_dags/example_bash_operator.py
[2021-12-19 04:24:51,051] {processor.py:637} INFO - DAG(s) dict_keys(['example_bash_operator']) retrieved from /home/airflow/.local/lib/python3.7/site-packages/airflow/example_dags/example_bash_operator.py
[2021-12-19 04:24:51,110] {logging_mixin.py:109} INFO - [2021-12-19 04:24:51,110] {dag.py:2396} INFO - Sync 1 DAGs
[2021-12-19 04:24:51,204] {logging_mixin.py:109} INFO - [2021-12-19 04:24:51,203] {dag.py:2928} INFO - Setting next_dagrun for example_bash_operator to 2021-12-18 00:00:00+00:00
[2021-12-19 04:24:53,960] {processor.py:171} INFO - Processing /home/airflow/.local/lib/python3.7/site-packages/airflow/example_dags/example_bash_operator.py took 3.088 seconds
[2021-12-19 04:26:28,493] {processor.py:163} INFO - Started process (PID=678) to work on /home/airflow/.local/lib/python3.7/site-packages/airflow/example_dags/example_bash_operator.py
[2021-12-19 04:26:28,529] {processor.py:625} INFO - Processing file /home/airflow/.local/lib/python3.7/site-packages/airflow/example_dags/example_bash_operator.py for tasks to queue
[2021-12-19 04:26:28,567] {logging_mixin.py:109} INFO - [2021-12-19 04:26:28,567] {dagbag.py:500} INFO - Filling up the DagBag from /home/airflow/.local/lib/python3.7/site-packages/airflow/example_dags/example_bash_operator.py
[2021-12-19 04:26:29,641] {processor.py:637} INFO - DAG(s) dict_keys(['example_bash_operator']) retrieved from /home/airflow/.local/lib/python3.7/site-packages/airflow/example_dags/example_bash_operator.py
[2021-12-19 04:26:49,200] {logging_mixin.py:109} INFO - [2021-12-19 04:26:49,199] {dag.py:2396} INFO - Sync 1 DAGs
[2021-12-19 04:26:49,832] {logging_mixin.py:109} INFO - [2021-12-19 04:26:49,831] {dag.py:2928} INFO - Setting next_dagrun for example_bash_operator to 2021-12-18 00:00:00+00:00
[2021-12-19 04:28:08,930] {processor.py:163} INFO - Started process (PID=702) to work on /home/airflow/.local/lib/python3.7/site-packages/airflow/example_dags/example_bash_operator.py
[2021-12-19 04:28:08,935] {processor.py:625} INFO - Processing file /home/airflow/.local/lib/python3.7/site-packages/airflow/example_dags/example_bash_operator.py for tasks to queue
[2021-12-19 04:28:08,940] {logging_mixin.py:109} INFO - [2021-12-19 04:28:08,939] {dagbag.py:500} INFO - Filling up the DagBag from /home/airflow/.local/lib/python3.7/site-packages/airflow/example_dags/example_bash_operator.py
[2021-12-19 04:28:09,052] {processor.py:637} INFO - DAG(s) dict_keys(['example_bash_operator']) retrieved from /home/airflow/.local/lib/python3.7/site-packages/airflow/example_dags/example_bash_operator.py
[2021-12-19 04:28:09,082] {logging_mixin.py:109} INFO - [2021-12-19 04:28:09,082] {dag.py:2396} INFO - Sync 1 DAGs
[2021-12-19 04:28:09,122] {logging_mixin.py:109} INFO - [2021-12-19 04:28:09,121] {dag.py:2928} INFO - Setting next_dagrun for example_bash_operator to 2021-12-18 00:00:00+00:00
[2021-12-19 04:28:09,857] {processor.py:171} INFO - Processing /home/airflow/.local/lib/python3.7/site-packages/airflow/example_dags/example_bash_operator.py took 0.947 seconds
[2021-12-19 04:28:52,822] {processor.py:163} INFO - Started process (PID=778) to work on /home/airflow/.local/lib/python3.7/site-packages/airflow/example_dags/example_bash_operator.py
[2021-12-19 04:28:52,828] {processor.py:625} INFO - Processing file /home/airflow/.local/lib/python3.7/site-packages/airflow/example_dags/example_bash_operator.py for tasks to queue
[2021-12-19 04:28:52,839] {logging_mixin.py:109} INFO - [2021-12-19 04:28:52,839] {dagbag.py:500} INFO - Filling up the DagBag from /home/airflow/.local/lib/python3.7/site-packages/airflow/example_dags/example_bash_operator.py
[2021-12-19 04:28:53,032] {processor.py:637} INFO - DAG(s) dict_keys(['example_bash_operator']) retrieved from /home/airflow/.local/lib/python3.7/site-packages/airflow/example_dags/example_bash_operator.py
[2021-12-19 04:28:53,111] {logging_mixin.py:109} INFO - [2021-12-19 04:28:53,110] {dag.py:2396} INFO - Sync 1 DAGs
[2021-12-19 04:28:53,213] {logging_mixin.py:109} INFO - [2021-12-19 04:28:53,213] {dag.py:2928} INFO - Setting next_dagrun for example_bash_operator to 2021-12-18 00:00:00+00:00
[2021-12-19 04:28:57,629] {processor.py:171} INFO - Processing /home/airflow/.local/lib/python3.7/site-packages/airflow/example_dags/example_bash_operator.py took 4.824 seconds
[2021-12-19 04:29:28,156] {processor.py:163} INFO - Started process (PID=829) to work on /home/airflow/.local/lib/python3.7/site-packages/airflow/example_dags/example_bash_operator.py
[2021-12-19 04:29:28,164] {processor.py:625} INFO - Processing file /home/airflow/.local/lib/python3.7/site-packages/airflow/example_dags/example_bash_operator.py for tasks to queue
[2021-12-19 04:29:28,168] {logging_mixin.py:109} INFO - [2021-12-19 04:29:28,168] {dagbag.py:500} INFO - Filling up the DagBag from /home/airflow/.local/lib/python3.7/site-packages/airflow/example_dags/example_bash_operator.py
[2021-12-19 04:29:28,342] {processor.py:637} INFO - DAG(s) dict_keys(['example_bash_operator']) retrieved from /home/airflow/.local/lib/python3.7/site-packages/airflow/example_dags/example_bash_operator.py
[2021-12-19 04:29:28,408] {logging_mixin.py:109} INFO - [2021-12-19 04:29:28,408] {dag.py:2396} INFO - Sync 1 DAGs
[2021-12-19 04:29:28,478] {logging_mixin.py:109} INFO - [2021-12-19 04:29:28,477] {dag.py:2928} INFO - Setting next_dagrun for example_bash_operator to 2021-12-18 00:00:00+00:00
[2021-12-19 04:29:29,773] {processor.py:171} INFO - Processing /home/airflow/.local/lib/python3.7/site-packages/airflow/example_dags/example_bash_operator.py took 1.637 seconds
[2021-12-19 04:30:07,402] {processor.py:163} INFO - Started process (PID=864) to work on /home/airflow/.local/lib/python3.7/site-packages/airflow/example_dags/example_bash_operator.py
[2021-12-19 04:30:07,442] {processor.py:625} INFO - Processing file /home/airflow/.local/lib/python3.7/site-packages/airflow/example_dags/example_bash_operator.py for tasks to queue
[2021-12-19 04:30:07,445] {logging_mixin.py:109} INFO - [2021-12-19 04:30:07,444] {dagbag.py:500} INFO - Filling up the DagBag from /home/airflow/.local/lib/python3.7/site-packages/airflow/example_dags/example_bash_operator.py
[2021-12-19 04:30:07,538] {processor.py:637} INFO - DAG(s) dict_keys(['example_bash_operator']) retrieved from /home/airflow/.local/lib/python3.7/site-packages/airflow/example_dags/example_bash_operator.py
[2021-12-19 04:30:07,565] {logging_mixin.py:109} INFO - [2021-12-19 04:30:07,565] {dag.py:2396} INFO - Sync 1 DAGs
[2021-12-19 04:30:07,635] {logging_mixin.py:109} INFO - [2021-12-19 04:30:07,635] {dag.py:2928} INFO - Setting next_dagrun for example_bash_operator to 2021-12-18 00:00:00+00:00
[2021-12-19 04:30:07,935] {processor.py:171} INFO - Processing /home/airflow/.local/lib/python3.7/site-packages/airflow/example_dags/example_bash_operator.py took 0.545 seconds
[2021-12-19 04:30:38,586] {processor.py:163} INFO - Started process (PID=903) to work on /home/airflow/.local/lib/python3.7/site-packages/airflow/example_dags/example_bash_operator.py
[2021-12-19 04:30:38,649] {processor.py:625} INFO - Processing file /home/airflow/.local/lib/python3.7/site-packages/airflow/example_dags/example_bash_operator.py for tasks to queue
[2021-12-19 04:30:38,651] {logging_mixin.py:109} INFO - [2021-12-19 04:30:38,651] {dagbag.py:500} INFO - Filling up the DagBag from /home/airflow/.local/lib/python3.7/site-packages/airflow/example_dags/example_bash_operator.py
[2021-12-19 04:30:38,766] {processor.py:637} INFO - DAG(s) dict_keys(['example_bash_operator']) retrieved from /home/airflow/.local/lib/python3.7/site-packages/airflow/example_dags/example_bash_operator.py
[2021-12-19 04:30:38,805] {logging_mixin.py:109} INFO - [2021-12-19 04:30:38,805] {dag.py:2396} INFO - Sync 1 DAGs
[2021-12-19 04:30:38,873] {logging_mixin.py:109} INFO - [2021-12-19 04:30:38,873] {dag.py:2928} INFO - Setting next_dagrun for example_bash_operator to 2021-12-18 00:00:00+00:00
[2021-12-19 04:30:39,649] {processor.py:171} INFO - Processing /home/airflow/.local/lib/python3.7/site-packages/airflow/example_dags/example_bash_operator.py took 1.079 seconds
[2021-12-19 04:31:55,328] {processor.py:163} INFO - Started process (PID=959) to work on /home/airflow/.local/lib/python3.7/site-packages/airflow/example_dags/example_bash_operator.py
[2021-12-19 04:31:55,339] {processor.py:625} INFO - Processing file /home/airflow/.local/lib/python3.7/site-packages/airflow/example_dags/example_bash_operator.py for tasks to queue
[2021-12-19 04:31:55,344] {logging_mixin.py:109} INFO - [2021-12-19 04:31:55,344] {dagbag.py:500} INFO - Filling up the DagBag from /home/airflow/.local/lib/python3.7/site-packages/airflow/example_dags/example_bash_operator.py
[2021-12-19 04:31:55,497] {processor.py:637} INFO - DAG(s) dict_keys(['example_bash_operator']) retrieved from /home/airflow/.local/lib/python3.7/site-packages/airflow/example_dags/example_bash_operator.py
[2021-12-19 04:31:55,552] {logging_mixin.py:109} INFO - [2021-12-19 04:31:55,552] {dag.py:2396} INFO - Sync 1 DAGs
[2021-12-19 04:31:55,623] {logging_mixin.py:109} INFO - [2021-12-19 04:31:55,623] {dag.py:2928} INFO - Setting next_dagrun for example_bash_operator to 2021-12-18 00:00:00+00:00
[2021-12-19 04:31:56,378] {processor.py:171} INFO - Processing /home/airflow/.local/lib/python3.7/site-packages/airflow/example_dags/example_bash_operator.py took 1.061 seconds
[2021-12-19 04:32:31,334] {processor.py:163} INFO - Started process (PID=992) to work on /home/airflow/.local/lib/python3.7/site-packages/airflow/example_dags/example_bash_operator.py
[2021-12-19 04:32:31,339] {processor.py:625} INFO - Processing file /home/airflow/.local/lib/python3.7/site-packages/airflow/example_dags/example_bash_operator.py for tasks to queue
[2021-12-19 04:32:31,342] {logging_mixin.py:109} INFO - [2021-12-19 04:32:31,342] {dagbag.py:500} INFO - Filling up the DagBag from /home/airflow/.local/lib/python3.7/site-packages/airflow/example_dags/example_bash_operator.py
[2021-12-19 04:32:31,438] {processor.py:637} INFO - DAG(s) dict_keys(['example_bash_operator']) retrieved from /home/airflow/.local/lib/python3.7/site-packages/airflow/example_dags/example_bash_operator.py
[2021-12-19 04:32:31,471] {logging_mixin.py:109} INFO - [2021-12-19 04:32:31,471] {dag.py:2396} INFO - Sync 1 DAGs
[2021-12-19 04:32:31,527] {logging_mixin.py:109} INFO - [2021-12-19 04:32:31,527] {dag.py:2928} INFO - Setting next_dagrun for example_bash_operator to 2021-12-18 00:00:00+00:00
[2021-12-19 04:32:31,562] {processor.py:171} INFO - Processing /home/airflow/.local/lib/python3.7/site-packages/airflow/example_dags/example_bash_operator.py took 0.240 seconds
[2021-12-19 04:33:30,408] {processor.py:163} INFO - Started process (PID=1031) to work on /home/airflow/.local/lib/python3.7/site-packages/airflow/example_dags/example_bash_operator.py
[2021-12-19 04:33:30,419] {processor.py:625} INFO - Processing file /home/airflow/.local/lib/python3.7/site-packages/airflow/example_dags/example_bash_operator.py for tasks to queue
[2021-12-19 04:33:30,421] {logging_mixin.py:109} INFO - [2021-12-19 04:33:30,421] {dagbag.py:500} INFO - Filling up the DagBag from /home/airflow/.local/lib/python3.7/site-packages/airflow/example_dags/example_bash_operator.py
[2021-12-19 04:33:30,507] {processor.py:637} INFO - DAG(s) dict_keys(['example_bash_operator']) retrieved from /home/airflow/.local/lib/python3.7/site-packages/airflow/example_dags/example_bash_operator.py
[2021-12-19 04:33:30,537] {logging_mixin.py:109} INFO - [2021-12-19 04:33:30,537] {dag.py:2396} INFO - Sync 1 DAGs
[2021-12-19 04:33:30,585] {logging_mixin.py:109} INFO - [2021-12-19 04:33:30,584] {dag.py:2928} INFO - Setting next_dagrun for example_bash_operator to 2021-12-18 00:00:00+00:00
[2021-12-19 04:33:30,711] {processor.py:171} INFO - Processing /home/airflow/.local/lib/python3.7/site-packages/airflow/example_dags/example_bash_operator.py took 0.313 seconds
[2021-12-19 04:34:10,844] {processor.py:163} INFO - Started process (PID=1074) to work on /home/airflow/.local/lib/python3.7/site-packages/airflow/example_dags/example_bash_operator.py
[2021-12-19 04:34:10,849] {processor.py:625} INFO - Processing file /home/airflow/.local/lib/python3.7/site-packages/airflow/example_dags/example_bash_operator.py for tasks to queue
[2021-12-19 04:34:10,853] {logging_mixin.py:109} INFO - [2021-12-19 04:34:10,852] {dagbag.py:500} INFO - Filling up the DagBag from /home/airflow/.local/lib/python3.7/site-packages/airflow/example_dags/example_bash_operator.py
[2021-12-19 04:34:10,978] {processor.py:637} INFO - DAG(s) dict_keys(['example_bash_operator']) retrieved from /home/airflow/.local/lib/python3.7/site-packages/airflow/example_dags/example_bash_operator.py
[2021-12-19 04:34:11,031] {logging_mixin.py:109} INFO - [2021-12-19 04:34:11,030] {dag.py:2396} INFO - Sync 1 DAGs
[2021-12-19 04:34:11,112] {logging_mixin.py:109} INFO - [2021-12-19 04:34:11,112] {dag.py:2928} INFO - Setting next_dagrun for example_bash_operator to 2021-12-18 00:00:00+00:00
[2021-12-19 04:34:11,287] {processor.py:171} INFO - Processing /home/airflow/.local/lib/python3.7/site-packages/airflow/example_dags/example_bash_operator.py took 0.456 seconds
[2021-12-19 04:35:04,902] {processor.py:163} INFO - Started process (PID=1126) to work on /home/airflow/.local/lib/python3.7/site-packages/airflow/example_dags/example_bash_operator.py
[2021-12-19 04:35:04,926] {processor.py:625} INFO - Processing file /home/airflow/.local/lib/python3.7/site-packages/airflow/example_dags/example_bash_operator.py for tasks to queue
[2021-12-19 04:35:04,928] {logging_mixin.py:109} INFO - [2021-12-19 04:35:04,928] {dagbag.py:500} INFO - Filling up the DagBag from /home/airflow/.local/lib/python3.7/site-packages/airflow/example_dags/example_bash_operator.py
[2021-12-19 04:35:04,991] {processor.py:637} INFO - DAG(s) dict_keys(['example_bash_operator']) retrieved from /home/airflow/.local/lib/python3.7/site-packages/airflow/example_dags/example_bash_operator.py
[2021-12-19 04:35:05,014] {logging_mixin.py:109} INFO - [2021-12-19 04:35:05,014] {dag.py:2396} INFO - Sync 1 DAGs
[2021-12-19 04:35:05,047] {logging_mixin.py:109} INFO - [2021-12-19 04:35:05,047] {dag.py:2928} INFO - Setting next_dagrun for example_bash_operator to 2021-12-18 00:00:00+00:00
[2021-12-19 04:35:05,313] {processor.py:171} INFO - Processing /home/airflow/.local/lib/python3.7/site-packages/airflow/example_dags/example_bash_operator.py took 0.418 seconds
[2021-12-19 04:35:37,337] {processor.py:163} INFO - Started process (PID=1168) to work on /home/airflow/.local/lib/python3.7/site-packages/airflow/example_dags/example_bash_operator.py
[2021-12-19 04:35:37,348] {processor.py:625} INFO - Processing file /home/airflow/.local/lib/python3.7/site-packages/airflow/example_dags/example_bash_operator.py for tasks to queue
[2021-12-19 04:35:37,353] {logging_mixin.py:109} INFO - [2021-12-19 04:35:37,352] {dagbag.py:500} INFO - Filling up the DagBag from /home/airflow/.local/lib/python3.7/site-packages/airflow/example_dags/example_bash_operator.py
[2021-12-19 04:35:37,463] {processor.py:637} INFO - DAG(s) dict_keys(['example_bash_operator']) retrieved from /home/airflow/.local/lib/python3.7/site-packages/airflow/example_dags/example_bash_operator.py
[2021-12-19 04:35:37,494] {logging_mixin.py:109} INFO - [2021-12-19 04:35:37,494] {dag.py:2396} INFO - Sync 1 DAGs
[2021-12-19 04:35:37,564] {logging_mixin.py:109} INFO - [2021-12-19 04:35:37,563] {dag.py:2928} INFO - Setting next_dagrun for example_bash_operator to 2021-12-18 00:00:00+00:00
[2021-12-19 04:35:37,616] {processor.py:171} INFO - Processing /home/airflow/.local/lib/python3.7/site-packages/airflow/example_dags/example_bash_operator.py took 0.289 seconds
[2021-12-19 04:36:40,296] {processor.py:163} INFO - Started process (PID=1228) to work on /home/airflow/.local/lib/python3.7/site-packages/airflow/example_dags/example_bash_operator.py
[2021-12-19 04:36:40,312] {processor.py:625} INFO - Processing file /home/airflow/.local/lib/python3.7/site-packages/airflow/example_dags/example_bash_operator.py for tasks to queue
[2021-12-19 04:36:40,315] {logging_mixin.py:109} INFO - [2021-12-19 04:36:40,314] {dagbag.py:500} INFO - Filling up the DagBag from /home/airflow/.local/lib/python3.7/site-packages/airflow/example_dags/example_bash_operator.py
[2021-12-19 04:36:40,571] {processor.py:637} INFO - DAG(s) dict_keys(['example_bash_operator']) retrieved from /home/airflow/.local/lib/python3.7/site-packages/airflow/example_dags/example_bash_operator.py
[2021-12-19 04:36:40,655] {logging_mixin.py:109} INFO - [2021-12-19 04:36:40,654] {dag.py:2396} INFO - Sync 1 DAGs
[2021-12-19 04:36:40,774] {logging_mixin.py:109} INFO - [2021-12-19 04:36:40,774] {dag.py:2928} INFO - Setting next_dagrun for example_bash_operator to 2021-12-18 00:00:00+00:00
[2021-12-19 04:36:40,924] {processor.py:171} INFO - Processing /home/airflow/.local/lib/python3.7/site-packages/airflow/example_dags/example_bash_operator.py took 0.655 seconds
[2021-12-19 04:37:58,992] {processor.py:163} INFO - Started process (PID=1261) to work on /home/airflow/.local/lib/python3.7/site-packages/airflow/example_dags/example_bash_operator.py
[2021-12-19 04:37:58,998] {processor.py:625} INFO - Processing file /home/airflow/.local/lib/python3.7/site-packages/airflow/example_dags/example_bash_operator.py for tasks to queue
[2021-12-19 04:37:59,001] {logging_mixin.py:109} INFO - [2021-12-19 04:37:59,000] {dagbag.py:500} INFO - Filling up the DagBag from /home/airflow/.local/lib/python3.7/site-packages/airflow/example_dags/example_bash_operator.py
[2021-12-19 04:37:59,065] {processor.py:637} INFO - DAG(s) dict_keys(['example_bash_operator']) retrieved from /home/airflow/.local/lib/python3.7/site-packages/airflow/example_dags/example_bash_operator.py
[2021-12-19 04:37:59,084] {logging_mixin.py:109} INFO - [2021-12-19 04:37:59,084] {dag.py:2396} INFO - Sync 1 DAGs
[2021-12-19 04:37:59,113] {logging_mixin.py:109} INFO - [2021-12-19 04:37:59,113] {dag.py:2928} INFO - Setting next_dagrun for example_bash_operator to 2021-12-18 00:00:00+00:00
[2021-12-19 04:37:59,425] {processor.py:171} INFO - Processing /home/airflow/.local/lib/python3.7/site-packages/airflow/example_dags/example_bash_operator.py took 0.441 seconds
[2021-12-19 04:39:29,185] {processor.py:163} INFO - Started process (PID=1323) to work on /home/airflow/.local/lib/python3.7/site-packages/airflow/example_dags/example_bash_operator.py
[2021-12-19 04:39:29,200] {processor.py:625} INFO - Processing file /home/airflow/.local/lib/python3.7/site-packages/airflow/example_dags/example_bash_operator.py for tasks to queue
[2021-12-19 04:39:29,202] {logging_mixin.py:109} INFO - [2021-12-19 04:39:29,202] {dagbag.py:500} INFO - Filling up the DagBag from /home/airflow/.local/lib/python3.7/site-packages/airflow/example_dags/example_bash_operator.py
[2021-12-19 04:39:29,312] {processor.py:637} INFO - DAG(s) dict_keys(['example_bash_operator']) retrieved from /home/airflow/.local/lib/python3.7/site-packages/airflow/example_dags/example_bash_operator.py
[2021-12-19 04:39:29,351] {logging_mixin.py:109} INFO - [2021-12-19 04:39:29,351] {dag.py:2396} INFO - Sync 1 DAGs
[2021-12-19 04:39:29,417] {logging_mixin.py:109} INFO - [2021-12-19 04:39:29,417] {dag.py:2928} INFO - Setting next_dagrun for example_bash_operator to 2021-12-18 00:00:00+00:00
[2021-12-19 04:39:29,676] {processor.py:171} INFO - Processing /home/airflow/.local/lib/python3.7/site-packages/airflow/example_dags/example_bash_operator.py took 0.501 seconds
[2021-12-19 04:41:37,850] {processor.py:163} INFO - Started process (PID=1396) to work on /home/airflow/.local/lib/python3.7/site-packages/airflow/example_dags/example_bash_operator.py
[2021-12-19 04:41:37,856] {processor.py:625} INFO - Processing file /home/airflow/.local/lib/python3.7/site-packages/airflow/example_dags/example_bash_operator.py for tasks to queue
[2021-12-19 04:41:37,860] {logging_mixin.py:109} INFO - [2021-12-19 04:41:37,859] {dagbag.py:500} INFO - Filling up the DagBag from /home/airflow/.local/lib/python3.7/site-packages/airflow/example_dags/example_bash_operator.py
[2021-12-19 04:41:37,971] {processor.py:637} INFO - DAG(s) dict_keys(['example_bash_operator']) retrieved from /home/airflow/.local/lib/python3.7/site-packages/airflow/example_dags/example_bash_operator.py
[2021-12-19 04:41:37,999] {logging_mixin.py:109} INFO - [2021-12-19 04:41:37,999] {dag.py:2396} INFO - Sync 1 DAGs
[2021-12-19 04:41:38,048] {logging_mixin.py:109} INFO - [2021-12-19 04:41:38,048] {dag.py:2928} INFO - Setting next_dagrun for example_bash_operator to 2021-12-18 00:00:00+00:00
[2021-12-19 04:41:38,097] {processor.py:171} INFO - Processing /home/airflow/.local/lib/python3.7/site-packages/airflow/example_dags/example_bash_operator.py took 0.266 seconds
[2021-12-19 04:43:09,871] {processor.py:163} INFO - Started process (PID=1456) to work on /home/airflow/.local/lib/python3.7/site-packages/airflow/example_dags/example_bash_operator.py
[2021-12-19 04:43:09,885] {processor.py:625} INFO - Processing file /home/airflow/.local/lib/python3.7/site-packages/airflow/example_dags/example_bash_operator.py for tasks to queue
[2021-12-19 04:43:09,893] {logging_mixin.py:109} INFO - [2021-12-19 04:43:09,892] {dagbag.py:500} INFO - Filling up the DagBag from /home/airflow/.local/lib/python3.7/site-packages/airflow/example_dags/example_bash_operator.py
[2021-12-19 04:43:10,115] {processor.py:637} INFO - DAG(s) dict_keys(['example_bash_operator']) retrieved from /home/airflow/.local/lib/python3.7/site-packages/airflow/example_dags/example_bash_operator.py
[2021-12-19 04:43:10,238] {logging_mixin.py:109} INFO - [2021-12-19 04:43:10,238] {dag.py:2396} INFO - Sync 1 DAGs
[2021-12-19 04:43:10,361] {logging_mixin.py:109} INFO - [2021-12-19 04:43:10,360] {dag.py:2928} INFO - Setting next_dagrun for example_bash_operator to 2021-12-18 00:00:00+00:00
[2021-12-19 04:43:11,217] {processor.py:171} INFO - Processing /home/airflow/.local/lib/python3.7/site-packages/airflow/example_dags/example_bash_operator.py took 1.366 seconds
[2021-12-19 04:43:41,357] {processor.py:163} INFO - Started process (PID=1498) to work on /home/airflow/.local/lib/python3.7/site-packages/airflow/example_dags/example_bash_operator.py
[2021-12-19 04:43:41,360] {processor.py:625} INFO - Processing file /home/airflow/.local/lib/python3.7/site-packages/airflow/example_dags/example_bash_operator.py for tasks to queue
[2021-12-19 04:43:41,363] {logging_mixin.py:109} INFO - [2021-12-19 04:43:41,363] {dagbag.py:500} INFO - Filling up the DagBag from /home/airflow/.local/lib/python3.7/site-packages/airflow/example_dags/example_bash_operator.py
[2021-12-19 04:43:41,453] {processor.py:637} INFO - DAG(s) dict_keys(['example_bash_operator']) retrieved from /home/airflow/.local/lib/python3.7/site-packages/airflow/example_dags/example_bash_operator.py
[2021-12-19 04:43:41,483] {logging_mixin.py:109} INFO - [2021-12-19 04:43:41,483] {dag.py:2396} INFO - Sync 1 DAGs
[2021-12-19 04:43:41,541] {logging_mixin.py:109} INFO - [2021-12-19 04:43:41,540] {dag.py:2928} INFO - Setting next_dagrun for example_bash_operator to 2021-12-18 00:00:00+00:00
[2021-12-19 04:43:41,792] {processor.py:171} INFO - Processing /home/airflow/.local/lib/python3.7/site-packages/airflow/example_dags/example_bash_operator.py took 0.443 seconds
[2021-12-19 04:44:21,143] {processor.py:163} INFO - Started process (PID=1551) to work on /home/airflow/.local/lib/python3.7/site-packages/airflow/example_dags/example_bash_operator.py
[2021-12-19 04:44:21,148] {processor.py:625} INFO - Processing file /home/airflow/.local/lib/python3.7/site-packages/airflow/example_dags/example_bash_operator.py for tasks to queue
[2021-12-19 04:44:21,151] {logging_mixin.py:109} INFO - [2021-12-19 04:44:21,150] {dagbag.py:500} INFO - Filling up the DagBag from /home/airflow/.local/lib/python3.7/site-packages/airflow/example_dags/example_bash_operator.py
[2021-12-19 04:44:21,280] {processor.py:637} INFO - DAG(s) dict_keys(['example_bash_operator']) retrieved from /home/airflow/.local/lib/python3.7/site-packages/airflow/example_dags/example_bash_operator.py
[2021-12-19 04:44:21,316] {logging_mixin.py:109} INFO - [2021-12-19 04:44:21,315] {dag.py:2396} INFO - Sync 1 DAGs
[2021-12-19 04:44:21,369] {logging_mixin.py:109} INFO - [2021-12-19 04:44:21,368] {dag.py:2928} INFO - Setting next_dagrun for example_bash_operator to 2021-12-18 00:00:00+00:00
[2021-12-19 04:44:21,405] {processor.py:171} INFO - Processing /home/airflow/.local/lib/python3.7/site-packages/airflow/example_dags/example_bash_operator.py took 0.272 seconds
[2021-12-19 04:45:07,892] {processor.py:163} INFO - Started process (PID=1596) to work on /home/airflow/.local/lib/python3.7/site-packages/airflow/example_dags/example_bash_operator.py
[2021-12-19 04:45:07,896] {processor.py:625} INFO - Processing file /home/airflow/.local/lib/python3.7/site-packages/airflow/example_dags/example_bash_operator.py for tasks to queue
[2021-12-19 04:45:07,898] {logging_mixin.py:109} INFO - [2021-12-19 04:45:07,898] {dagbag.py:500} INFO - Filling up the DagBag from /home/airflow/.local/lib/python3.7/site-packages/airflow/example_dags/example_bash_operator.py
[2021-12-19 04:45:08,031] {processor.py:637} INFO - DAG(s) dict_keys(['example_bash_operator']) retrieved from /home/airflow/.local/lib/python3.7/site-packages/airflow/example_dags/example_bash_operator.py
[2021-12-19 04:45:08,081] {logging_mixin.py:109} INFO - [2021-12-19 04:45:08,081] {dag.py:2396} INFO - Sync 1 DAGs
[2021-12-19 04:45:08,137] {logging_mixin.py:109} INFO - [2021-12-19 04:45:08,137] {dag.py:2928} INFO - Setting next_dagrun for example_bash_operator to 2021-12-18 00:00:00+00:00
[2021-12-19 04:45:08,175] {processor.py:171} INFO - Processing /home/airflow/.local/lib/python3.7/site-packages/airflow/example_dags/example_bash_operator.py took 0.294 seconds
[2021-12-19 04:46:56,794] {processor.py:163} INFO - Started process (PID=1645) to work on /home/airflow/.local/lib/python3.7/site-packages/airflow/example_dags/example_bash_operator.py
[2021-12-19 04:46:56,800] {processor.py:625} INFO - Processing file /home/airflow/.local/lib/python3.7/site-packages/airflow/example_dags/example_bash_operator.py for tasks to queue
[2021-12-19 04:46:56,802] {logging_mixin.py:109} INFO - [2021-12-19 04:46:56,802] {dagbag.py:500} INFO - Filling up the DagBag from /home/airflow/.local/lib/python3.7/site-packages/airflow/example_dags/example_bash_operator.py
[2021-12-19 04:46:56,892] {processor.py:637} INFO - DAG(s) dict_keys(['example_bash_operator']) retrieved from /home/airflow/.local/lib/python3.7/site-packages/airflow/example_dags/example_bash_operator.py
[2021-12-19 04:46:56,921] {logging_mixin.py:109} INFO - [2021-12-19 04:46:56,921] {dag.py:2396} INFO - Sync 1 DAGs
[2021-12-19 04:46:56,982] {logging_mixin.py:109} INFO - [2021-12-19 04:46:56,981] {dag.py:2928} INFO - Setting next_dagrun for example_bash_operator to 2021-12-18 00:00:00+00:00
[2021-12-19 04:46:57,012] {processor.py:171} INFO - Processing /home/airflow/.local/lib/python3.7/site-packages/airflow/example_dags/example_bash_operator.py took 0.227 seconds
[2021-12-19 04:47:27,791] {processor.py:163} INFO - Started process (PID=1698) to work on /home/airflow/.local/lib/python3.7/site-packages/airflow/example_dags/example_bash_operator.py
[2021-12-19 04:47:27,803] {processor.py:625} INFO - Processing file /home/airflow/.local/lib/python3.7/site-packages/airflow/example_dags/example_bash_operator.py for tasks to queue
[2021-12-19 04:47:27,807] {logging_mixin.py:109} INFO - [2021-12-19 04:47:27,807] {dagbag.py:500} INFO - Filling up the DagBag from /home/airflow/.local/lib/python3.7/site-packages/airflow/example_dags/example_bash_operator.py
[2021-12-19 04:47:27,984] {processor.py:637} INFO - DAG(s) dict_keys(['example_bash_operator']) retrieved from /home/airflow/.local/lib/python3.7/site-packages/airflow/example_dags/example_bash_operator.py
[2021-12-19 04:47:28,128] {logging_mixin.py:109} INFO - [2021-12-19 04:47:28,127] {dag.py:2396} INFO - Sync 1 DAGs
[2021-12-19 04:47:28,221] {logging_mixin.py:109} INFO - [2021-12-19 04:47:28,220] {dag.py:2928} INFO - Setting next_dagrun for example_bash_operator to 2021-12-18 00:00:00+00:00
[2021-12-19 04:47:28,272] {processor.py:171} INFO - Processing /home/airflow/.local/lib/python3.7/site-packages/airflow/example_dags/example_bash_operator.py took 0.502 seconds
[2021-12-19 04:47:58,342] {processor.py:163} INFO - Started process (PID=1731) to work on /home/airflow/.local/lib/python3.7/site-packages/airflow/example_dags/example_bash_operator.py
[2021-12-19 04:47:58,346] {processor.py:625} INFO - Processing file /home/airflow/.local/lib/python3.7/site-packages/airflow/example_dags/example_bash_operator.py for tasks to queue
[2021-12-19 04:47:58,348] {logging_mixin.py:109} INFO - [2021-12-19 04:47:58,348] {dagbag.py:500} INFO - Filling up the DagBag from /home/airflow/.local/lib/python3.7/site-packages/airflow/example_dags/example_bash_operator.py
[2021-12-19 04:47:58,415] {processor.py:637} INFO - DAG(s) dict_keys(['example_bash_operator']) retrieved from /home/airflow/.local/lib/python3.7/site-packages/airflow/example_dags/example_bash_operator.py
[2021-12-19 04:47:58,439] {logging_mixin.py:109} INFO - [2021-12-19 04:47:58,439] {dag.py:2396} INFO - Sync 1 DAGs
[2021-12-19 04:47:58,475] {logging_mixin.py:109} INFO - [2021-12-19 04:47:58,475] {dag.py:2928} INFO - Setting next_dagrun for example_bash_operator to 2021-12-18 00:00:00+00:00
[2021-12-19 04:47:58,507] {processor.py:171} INFO - Processing /home/airflow/.local/lib/python3.7/site-packages/airflow/example_dags/example_bash_operator.py took 0.173 seconds
[2021-12-19 04:48:28,942] {processor.py:163} INFO - Started process (PID=1785) to work on /home/airflow/.local/lib/python3.7/site-packages/airflow/example_dags/example_bash_operator.py
[2021-12-19 04:48:28,946] {processor.py:625} INFO - Processing file /home/airflow/.local/lib/python3.7/site-packages/airflow/example_dags/example_bash_operator.py for tasks to queue
[2021-12-19 04:48:28,948] {logging_mixin.py:109} INFO - [2021-12-19 04:48:28,948] {dagbag.py:500} INFO - Filling up the DagBag from /home/airflow/.local/lib/python3.7/site-packages/airflow/example_dags/example_bash_operator.py
[2021-12-19 04:48:29,014] {processor.py:637} INFO - DAG(s) dict_keys(['example_bash_operator']) retrieved from /home/airflow/.local/lib/python3.7/site-packages/airflow/example_dags/example_bash_operator.py
[2021-12-19 04:48:29,036] {logging_mixin.py:109} INFO - [2021-12-19 04:48:29,036] {dag.py:2396} INFO - Sync 1 DAGs
[2021-12-19 04:48:29,073] {logging_mixin.py:109} INFO - [2021-12-19 04:48:29,073] {dag.py:2928} INFO - Setting next_dagrun for example_bash_operator to 2021-12-18 00:00:00+00:00
[2021-12-19 04:48:29,103] {processor.py:171} INFO - Processing /home/airflow/.local/lib/python3.7/site-packages/airflow/example_dags/example_bash_operator.py took 0.169 seconds
[2021-12-19 04:49:00,008] {processor.py:163} INFO - Started process (PID=1837) to work on /home/airflow/.local/lib/python3.7/site-packages/airflow/example_dags/example_bash_operator.py
[2021-12-19 04:49:03,516] {processor.py:625} INFO - Processing file /home/airflow/.local/lib/python3.7/site-packages/airflow/example_dags/example_bash_operator.py for tasks to queue
[2021-12-19 04:49:03,538] {logging_mixin.py:109} INFO - [2021-12-19 04:49:03,537] {dagbag.py:500} INFO - Filling up the DagBag from /home/airflow/.local/lib/python3.7/site-packages/airflow/example_dags/example_bash_operator.py
[2021-12-19 04:49:03,815] {processor.py:637} INFO - DAG(s) dict_keys(['example_bash_operator']) retrieved from /home/airflow/.local/lib/python3.7/site-packages/airflow/example_dags/example_bash_operator.py
[2021-12-19 04:49:03,864] {logging_mixin.py:109} INFO - [2021-12-19 04:49:03,864] {dag.py:2396} INFO - Sync 1 DAGs
[2021-12-19 04:49:03,922] {logging_mixin.py:109} INFO - [2021-12-19 04:49:03,922] {dag.py:2928} INFO - Setting next_dagrun for example_bash_operator to 2021-12-18 00:00:00+00:00
[2021-12-19 04:49:04,212] {processor.py:171} INFO - Processing /home/airflow/.local/lib/python3.7/site-packages/airflow/example_dags/example_bash_operator.py took 4.221 seconds
[2021-12-19 04:49:48,093] {processor.py:163} INFO - Started process (PID=1885) to work on /home/airflow/.local/lib/python3.7/site-packages/airflow/example_dags/example_bash_operator.py
[2021-12-19 04:49:48,099] {processor.py:625} INFO - Processing file /home/airflow/.local/lib/python3.7/site-packages/airflow/example_dags/example_bash_operator.py for tasks to queue
[2021-12-19 04:49:48,101] {logging_mixin.py:109} INFO - [2021-12-19 04:49:48,101] {dagbag.py:500} INFO - Filling up the DagBag from /home/airflow/.local/lib/python3.7/site-packages/airflow/example_dags/example_bash_operator.py
[2021-12-19 04:49:48,199] {processor.py:637} INFO - DAG(s) dict_keys(['example_bash_operator']) retrieved from /home/airflow/.local/lib/python3.7/site-packages/airflow/example_dags/example_bash_operator.py
[2021-12-19 04:49:48,228] {logging_mixin.py:109} INFO - [2021-12-19 04:49:48,227] {dag.py:2396} INFO - Sync 1 DAGs
[2021-12-19 04:49:48,271] {logging_mixin.py:109} INFO - [2021-12-19 04:49:48,271] {dag.py:2928} INFO - Setting next_dagrun for example_bash_operator to 2021-12-18 00:00:00+00:00
[2021-12-19 04:49:48,313] {processor.py:171} INFO - Processing /home/airflow/.local/lib/python3.7/site-packages/airflow/example_dags/example_bash_operator.py took 0.234 seconds
