[2021-12-19 04:25:12,530] {processor.py:163} INFO - Started process (PID=629) to work on /home/airflow/.local/lib/python3.7/site-packages/airflow/example_dags/example_external_task_marker_dag.py
[2021-12-19 04:25:12,537] {processor.py:625} INFO - Processing file /home/airflow/.local/lib/python3.7/site-packages/airflow/example_dags/example_external_task_marker_dag.py for tasks to queue
[2021-12-19 04:25:12,541] {logging_mixin.py:109} INFO - [2021-12-19 04:25:12,540] {dagbag.py:500} INFO - Filling up the DagBag from /home/airflow/.local/lib/python3.7/site-packages/airflow/example_dags/example_external_task_marker_dag.py
[2021-12-19 04:25:12,687] {processor.py:637} INFO - DAG(s) dict_keys(['example_external_task_marker_parent', 'example_external_task_marker_child']) retrieved from /home/airflow/.local/lib/python3.7/site-packages/airflow/example_dags/example_external_task_marker_dag.py
[2021-12-19 04:28:11,417] {processor.py:163} INFO - Started process (PID=710) to work on /home/airflow/.local/lib/python3.7/site-packages/airflow/example_dags/example_external_task_marker_dag.py
[2021-12-19 04:28:11,420] {processor.py:625} INFO - Processing file /home/airflow/.local/lib/python3.7/site-packages/airflow/example_dags/example_external_task_marker_dag.py for tasks to queue
[2021-12-19 04:28:11,423] {logging_mixin.py:109} INFO - [2021-12-19 04:28:11,423] {dagbag.py:500} INFO - Filling up the DagBag from /home/airflow/.local/lib/python3.7/site-packages/airflow/example_dags/example_external_task_marker_dag.py
[2021-12-19 04:28:11,510] {processor.py:637} INFO - DAG(s) dict_keys(['example_external_task_marker_parent', 'example_external_task_marker_child']) retrieved from /home/airflow/.local/lib/python3.7/site-packages/airflow/example_dags/example_external_task_marker_dag.py
[2021-12-19 04:28:16,418] {logging_mixin.py:109} INFO - [2021-12-19 04:28:16,418] {providers_manager.py:156} WARNING - Exception when importing 'airflow.providers.google.leveldb.hooks.leveldb.LevelDBHook' from 'apache-airflow-providers-google' package: No module named 'plyvel'
[2021-12-19 04:28:18,811] {logging_mixin.py:109} INFO - [2021-12-19 04:28:18,811] {providers_manager.py:156} WARNING - Exception when importing 'airflow.providers.google.leveldb.hooks.leveldb.LevelDBHook' from 'apache-airflow-providers-google' package: No module named 'plyvel'
[2021-12-19 04:28:19,867] {logging_mixin.py:109} INFO - [2021-12-19 04:28:19,867] {manager.py:496} INFO - Created Permission View: can read on DAG:example_external_task_marker_parent
[2021-12-19 04:28:21,322] {logging_mixin.py:109} INFO - [2021-12-19 04:28:21,321] {manager.py:496} INFO - Created Permission View: can edit on DAG:example_external_task_marker_parent
[2021-12-19 04:28:31,692] {logging_mixin.py:109} INFO - [2021-12-19 04:28:31,692] {manager.py:496} INFO - Created Permission View: can read on DAG:example_external_task_marker_child
[2021-12-19 04:28:32,274] {logging_mixin.py:109} INFO - [2021-12-19 04:28:32,274] {manager.py:496} INFO - Created Permission View: can edit on DAG:example_external_task_marker_child
[2021-12-19 04:28:32,621] {logging_mixin.py:109} INFO - [2021-12-19 04:28:32,618] {dag.py:2396} INFO - Sync 2 DAGs
[2021-12-19 04:28:32,668] {logging_mixin.py:109} INFO - [2021-12-19 04:28:32,657] {dag.py:2415} INFO - Creating ORM DAG for example_external_task_marker_parent
[2021-12-19 04:28:32,672] {logging_mixin.py:109} INFO - [2021-12-19 04:28:32,671] {dag.py:2415} INFO - Creating ORM DAG for example_external_task_marker_child
[2021-12-19 04:28:32,737] {logging_mixin.py:109} INFO - [2021-12-19 04:28:32,736] {dag.py:2928} INFO - Setting next_dagrun for example_external_task_marker_child to None
[2021-12-19 04:28:32,744] {logging_mixin.py:109} INFO - [2021-12-19 04:28:32,744] {dag.py:2928} INFO - Setting next_dagrun for example_external_task_marker_parent to None
[2021-12-19 04:28:32,851] {processor.py:171} INFO - Processing /home/airflow/.local/lib/python3.7/site-packages/airflow/example_dags/example_external_task_marker_dag.py took 21.444 seconds
[2021-12-19 04:29:03,560] {processor.py:163} INFO - Started process (PID=786) to work on /home/airflow/.local/lib/python3.7/site-packages/airflow/example_dags/example_external_task_marker_dag.py
[2021-12-19 04:29:03,771] {processor.py:625} INFO - Processing file /home/airflow/.local/lib/python3.7/site-packages/airflow/example_dags/example_external_task_marker_dag.py for tasks to queue
[2021-12-19 04:29:03,774] {logging_mixin.py:109} INFO - [2021-12-19 04:29:03,773] {dagbag.py:500} INFO - Filling up the DagBag from /home/airflow/.local/lib/python3.7/site-packages/airflow/example_dags/example_external_task_marker_dag.py
[2021-12-19 04:29:03,821] {processor.py:637} INFO - DAG(s) dict_keys(['example_external_task_marker_parent', 'example_external_task_marker_child']) retrieved from /home/airflow/.local/lib/python3.7/site-packages/airflow/example_dags/example_external_task_marker_dag.py
[2021-12-19 04:29:03,847] {logging_mixin.py:109} INFO - [2021-12-19 04:29:03,847] {dag.py:2396} INFO - Sync 2 DAGs
[2021-12-19 04:29:03,870] {logging_mixin.py:109} INFO - [2021-12-19 04:29:03,870] {dag.py:2928} INFO - Setting next_dagrun for example_external_task_marker_child to None
[2021-12-19 04:29:03,871] {logging_mixin.py:109} INFO - [2021-12-19 04:29:03,871] {dag.py:2928} INFO - Setting next_dagrun for example_external_task_marker_parent to None
[2021-12-19 04:29:05,033] {processor.py:171} INFO - Processing /home/airflow/.local/lib/python3.7/site-packages/airflow/example_dags/example_external_task_marker_dag.py took 1.478 seconds
[2021-12-19 04:29:35,899] {processor.py:163} INFO - Started process (PID=839) to work on /home/airflow/.local/lib/python3.7/site-packages/airflow/example_dags/example_external_task_marker_dag.py
[2021-12-19 04:29:35,908] {processor.py:625} INFO - Processing file /home/airflow/.local/lib/python3.7/site-packages/airflow/example_dags/example_external_task_marker_dag.py for tasks to queue
[2021-12-19 04:29:35,914] {logging_mixin.py:109} INFO - [2021-12-19 04:29:35,913] {dagbag.py:500} INFO - Filling up the DagBag from /home/airflow/.local/lib/python3.7/site-packages/airflow/example_dags/example_external_task_marker_dag.py
[2021-12-19 04:29:36,079] {processor.py:637} INFO - DAG(s) dict_keys(['example_external_task_marker_parent', 'example_external_task_marker_child']) retrieved from /home/airflow/.local/lib/python3.7/site-packages/airflow/example_dags/example_external_task_marker_dag.py
[2021-12-19 04:29:36,145] {logging_mixin.py:109} INFO - [2021-12-19 04:29:36,144] {dag.py:2396} INFO - Sync 2 DAGs
[2021-12-19 04:29:36,224] {logging_mixin.py:109} INFO - [2021-12-19 04:29:36,223] {dag.py:2928} INFO - Setting next_dagrun for example_external_task_marker_child to None
[2021-12-19 04:29:36,226] {logging_mixin.py:109} INFO - [2021-12-19 04:29:36,225] {dag.py:2928} INFO - Setting next_dagrun for example_external_task_marker_parent to None
[2021-12-19 04:29:36,382] {processor.py:171} INFO - Processing /home/airflow/.local/lib/python3.7/site-packages/airflow/example_dags/example_external_task_marker_dag.py took 0.500 seconds
[2021-12-19 04:30:10,583] {processor.py:163} INFO - Started process (PID=872) to work on /home/airflow/.local/lib/python3.7/site-packages/airflow/example_dags/example_external_task_marker_dag.py
[2021-12-19 04:30:10,589] {processor.py:625} INFO - Processing file /home/airflow/.local/lib/python3.7/site-packages/airflow/example_dags/example_external_task_marker_dag.py for tasks to queue
[2021-12-19 04:30:10,592] {logging_mixin.py:109} INFO - [2021-12-19 04:30:10,592] {dagbag.py:500} INFO - Filling up the DagBag from /home/airflow/.local/lib/python3.7/site-packages/airflow/example_dags/example_external_task_marker_dag.py
[2021-12-19 04:30:10,668] {processor.py:637} INFO - DAG(s) dict_keys(['example_external_task_marker_parent', 'example_external_task_marker_child']) retrieved from /home/airflow/.local/lib/python3.7/site-packages/airflow/example_dags/example_external_task_marker_dag.py
[2021-12-19 04:30:10,702] {logging_mixin.py:109} INFO - [2021-12-19 04:30:10,701] {dag.py:2396} INFO - Sync 2 DAGs
[2021-12-19 04:30:10,733] {logging_mixin.py:109} INFO - [2021-12-19 04:30:10,733] {dag.py:2928} INFO - Setting next_dagrun for example_external_task_marker_child to None
[2021-12-19 04:30:10,753] {logging_mixin.py:109} INFO - [2021-12-19 04:30:10,753] {dag.py:2928} INFO - Setting next_dagrun for example_external_task_marker_parent to None
[2021-12-19 04:30:10,952] {processor.py:171} INFO - Processing /home/airflow/.local/lib/python3.7/site-packages/airflow/example_dags/example_external_task_marker_dag.py took 0.381 seconds
[2021-12-19 04:30:47,525] {processor.py:163} INFO - Started process (PID=924) to work on /home/airflow/.local/lib/python3.7/site-packages/airflow/example_dags/example_external_task_marker_dag.py
[2021-12-19 04:30:47,532] {processor.py:625} INFO - Processing file /home/airflow/.local/lib/python3.7/site-packages/airflow/example_dags/example_external_task_marker_dag.py for tasks to queue
[2021-12-19 04:30:47,534] {logging_mixin.py:109} INFO - [2021-12-19 04:30:47,533] {dagbag.py:500} INFO - Filling up the DagBag from /home/airflow/.local/lib/python3.7/site-packages/airflow/example_dags/example_external_task_marker_dag.py
[2021-12-19 04:30:47,612] {processor.py:637} INFO - DAG(s) dict_keys(['example_external_task_marker_parent', 'example_external_task_marker_child']) retrieved from /home/airflow/.local/lib/python3.7/site-packages/airflow/example_dags/example_external_task_marker_dag.py
[2021-12-19 04:30:47,652] {logging_mixin.py:109} INFO - [2021-12-19 04:30:47,652] {dag.py:2396} INFO - Sync 2 DAGs
[2021-12-19 04:30:47,689] {logging_mixin.py:109} INFO - [2021-12-19 04:30:47,689] {dag.py:2928} INFO - Setting next_dagrun for example_external_task_marker_child to None
[2021-12-19 04:30:47,690] {logging_mixin.py:109} INFO - [2021-12-19 04:30:47,690] {dag.py:2928} INFO - Setting next_dagrun for example_external_task_marker_parent to None
[2021-12-19 04:30:48,701] {processor.py:171} INFO - Processing /home/airflow/.local/lib/python3.7/site-packages/airflow/example_dags/example_external_task_marker_dag.py took 1.184 seconds
[2021-12-19 04:32:23,720] {processor.py:163} INFO - Started process (PID=967) to work on /home/airflow/.local/lib/python3.7/site-packages/airflow/example_dags/example_external_task_marker_dag.py
[2021-12-19 04:32:23,726] {processor.py:625} INFO - Processing file /home/airflow/.local/lib/python3.7/site-packages/airflow/example_dags/example_external_task_marker_dag.py for tasks to queue
[2021-12-19 04:32:23,731] {logging_mixin.py:109} INFO - [2021-12-19 04:32:23,730] {dagbag.py:500} INFO - Filling up the DagBag from /home/airflow/.local/lib/python3.7/site-packages/airflow/example_dags/example_external_task_marker_dag.py
[2021-12-19 04:32:23,871] {processor.py:637} INFO - DAG(s) dict_keys(['example_external_task_marker_parent', 'example_external_task_marker_child']) retrieved from /home/airflow/.local/lib/python3.7/site-packages/airflow/example_dags/example_external_task_marker_dag.py
[2021-12-19 04:32:23,939] {logging_mixin.py:109} INFO - [2021-12-19 04:32:23,939] {dag.py:2396} INFO - Sync 2 DAGs
[2021-12-19 04:32:24,022] {logging_mixin.py:109} INFO - [2021-12-19 04:32:24,022] {dag.py:2928} INFO - Setting next_dagrun for example_external_task_marker_child to None
[2021-12-19 04:32:24,024] {logging_mixin.py:109} INFO - [2021-12-19 04:32:24,024] {dag.py:2928} INFO - Setting next_dagrun for example_external_task_marker_parent to None
[2021-12-19 04:32:24,107] {processor.py:171} INFO - Processing /home/airflow/.local/lib/python3.7/site-packages/airflow/example_dags/example_external_task_marker_dag.py took 0.400 seconds
[2021-12-19 04:32:55,395] {processor.py:163} INFO - Started process (PID=1006) to work on /home/airflow/.local/lib/python3.7/site-packages/airflow/example_dags/example_external_task_marker_dag.py
[2021-12-19 04:32:55,401] {processor.py:625} INFO - Processing file /home/airflow/.local/lib/python3.7/site-packages/airflow/example_dags/example_external_task_marker_dag.py for tasks to queue
[2021-12-19 04:32:55,404] {logging_mixin.py:109} INFO - [2021-12-19 04:32:55,403] {dagbag.py:500} INFO - Filling up the DagBag from /home/airflow/.local/lib/python3.7/site-packages/airflow/example_dags/example_external_task_marker_dag.py
[2021-12-19 04:32:55,509] {processor.py:637} INFO - DAG(s) dict_keys(['example_external_task_marker_parent', 'example_external_task_marker_child']) retrieved from /home/airflow/.local/lib/python3.7/site-packages/airflow/example_dags/example_external_task_marker_dag.py
[2021-12-19 04:32:55,574] {logging_mixin.py:109} INFO - [2021-12-19 04:32:55,572] {dag.py:2396} INFO - Sync 2 DAGs
[2021-12-19 04:32:55,647] {logging_mixin.py:109} INFO - [2021-12-19 04:32:55,646] {dag.py:2928} INFO - Setting next_dagrun for example_external_task_marker_child to None
[2021-12-19 04:32:55,649] {logging_mixin.py:109} INFO - [2021-12-19 04:32:55,648] {dag.py:2928} INFO - Setting next_dagrun for example_external_task_marker_parent to None
[2021-12-19 04:32:55,760] {processor.py:171} INFO - Processing /home/airflow/.local/lib/python3.7/site-packages/airflow/example_dags/example_external_task_marker_dag.py took 0.380 seconds
[2021-12-19 04:33:33,261] {processor.py:163} INFO - Started process (PID=1049) to work on /home/airflow/.local/lib/python3.7/site-packages/airflow/example_dags/example_external_task_marker_dag.py
[2021-12-19 04:33:33,269] {processor.py:625} INFO - Processing file /home/airflow/.local/lib/python3.7/site-packages/airflow/example_dags/example_external_task_marker_dag.py for tasks to queue
[2021-12-19 04:33:33,279] {logging_mixin.py:109} INFO - [2021-12-19 04:33:33,279] {dagbag.py:500} INFO - Filling up the DagBag from /home/airflow/.local/lib/python3.7/site-packages/airflow/example_dags/example_external_task_marker_dag.py
[2021-12-19 04:33:33,444] {processor.py:637} INFO - DAG(s) dict_keys(['example_external_task_marker_parent', 'example_external_task_marker_child']) retrieved from /home/airflow/.local/lib/python3.7/site-packages/airflow/example_dags/example_external_task_marker_dag.py
[2021-12-19 04:33:33,581] {logging_mixin.py:109} INFO - [2021-12-19 04:33:33,581] {dag.py:2396} INFO - Sync 2 DAGs
[2021-12-19 04:33:33,695] {logging_mixin.py:109} INFO - [2021-12-19 04:33:33,694] {dag.py:2928} INFO - Setting next_dagrun for example_external_task_marker_child to None
[2021-12-19 04:33:33,700] {logging_mixin.py:109} INFO - [2021-12-19 04:33:33,700] {dag.py:2928} INFO - Setting next_dagrun for example_external_task_marker_parent to None
[2021-12-19 04:33:34,984] {processor.py:171} INFO - Processing /home/airflow/.local/lib/python3.7/site-packages/airflow/example_dags/example_external_task_marker_dag.py took 1.744 seconds
[2021-12-19 04:34:21,185] {processor.py:163} INFO - Started process (PID=1092) to work on /home/airflow/.local/lib/python3.7/site-packages/airflow/example_dags/example_external_task_marker_dag.py
[2021-12-19 04:34:21,192] {processor.py:625} INFO - Processing file /home/airflow/.local/lib/python3.7/site-packages/airflow/example_dags/example_external_task_marker_dag.py for tasks to queue
[2021-12-19 04:34:21,194] {logging_mixin.py:109} INFO - [2021-12-19 04:34:21,194] {dagbag.py:500} INFO - Filling up the DagBag from /home/airflow/.local/lib/python3.7/site-packages/airflow/example_dags/example_external_task_marker_dag.py
[2021-12-19 04:34:21,264] {processor.py:637} INFO - DAG(s) dict_keys(['example_external_task_marker_parent', 'example_external_task_marker_child']) retrieved from /home/airflow/.local/lib/python3.7/site-packages/airflow/example_dags/example_external_task_marker_dag.py
[2021-12-19 04:34:21,301] {logging_mixin.py:109} INFO - [2021-12-19 04:34:21,301] {dag.py:2396} INFO - Sync 2 DAGs
[2021-12-19 04:34:21,342] {logging_mixin.py:109} INFO - [2021-12-19 04:34:21,342] {dag.py:2928} INFO - Setting next_dagrun for example_external_task_marker_child to None
[2021-12-19 04:34:21,344] {logging_mixin.py:109} INFO - [2021-12-19 04:34:21,344] {dag.py:2928} INFO - Setting next_dagrun for example_external_task_marker_parent to None
[2021-12-19 04:34:21,775] {processor.py:171} INFO - Processing /home/airflow/.local/lib/python3.7/site-packages/airflow/example_dags/example_external_task_marker_dag.py took 0.600 seconds
[2021-12-19 04:35:17,796] {processor.py:163} INFO - Started process (PID=1143) to work on /home/airflow/.local/lib/python3.7/site-packages/airflow/example_dags/example_external_task_marker_dag.py
[2021-12-19 04:35:17,808] {processor.py:625} INFO - Processing file /home/airflow/.local/lib/python3.7/site-packages/airflow/example_dags/example_external_task_marker_dag.py for tasks to queue
[2021-12-19 04:35:17,810] {logging_mixin.py:109} INFO - [2021-12-19 04:35:17,809] {dagbag.py:500} INFO - Filling up the DagBag from /home/airflow/.local/lib/python3.7/site-packages/airflow/example_dags/example_external_task_marker_dag.py
[2021-12-19 04:35:17,886] {processor.py:637} INFO - DAG(s) dict_keys(['example_external_task_marker_parent', 'example_external_task_marker_child']) retrieved from /home/airflow/.local/lib/python3.7/site-packages/airflow/example_dags/example_external_task_marker_dag.py
[2021-12-19 04:35:17,922] {logging_mixin.py:109} INFO - [2021-12-19 04:35:17,922] {dag.py:2396} INFO - Sync 2 DAGs
[2021-12-19 04:35:17,965] {logging_mixin.py:109} INFO - [2021-12-19 04:35:17,964] {dag.py:2928} INFO - Setting next_dagrun for example_external_task_marker_child to None
[2021-12-19 04:35:17,966] {logging_mixin.py:109} INFO - [2021-12-19 04:35:17,966] {dag.py:2928} INFO - Setting next_dagrun for example_external_task_marker_parent to None
[2021-12-19 04:35:18,095] {processor.py:171} INFO - Processing /home/airflow/.local/lib/python3.7/site-packages/airflow/example_dags/example_external_task_marker_dag.py took 0.310 seconds
[2021-12-19 04:35:54,441] {processor.py:163} INFO - Started process (PID=1185) to work on /home/airflow/.local/lib/python3.7/site-packages/airflow/example_dags/example_external_task_marker_dag.py
[2021-12-19 04:35:54,446] {processor.py:625} INFO - Processing file /home/airflow/.local/lib/python3.7/site-packages/airflow/example_dags/example_external_task_marker_dag.py for tasks to queue
[2021-12-19 04:35:54,449] {logging_mixin.py:109} INFO - [2021-12-19 04:35:54,448] {dagbag.py:500} INFO - Filling up the DagBag from /home/airflow/.local/lib/python3.7/site-packages/airflow/example_dags/example_external_task_marker_dag.py
[2021-12-19 04:35:54,538] {processor.py:637} INFO - DAG(s) dict_keys(['example_external_task_marker_parent', 'example_external_task_marker_child']) retrieved from /home/airflow/.local/lib/python3.7/site-packages/airflow/example_dags/example_external_task_marker_dag.py
[2021-12-19 04:35:54,581] {logging_mixin.py:109} INFO - [2021-12-19 04:35:54,581] {dag.py:2396} INFO - Sync 2 DAGs
[2021-12-19 04:35:54,631] {logging_mixin.py:109} INFO - [2021-12-19 04:35:54,631] {dag.py:2928} INFO - Setting next_dagrun for example_external_task_marker_child to None
[2021-12-19 04:35:54,632] {logging_mixin.py:109} INFO - [2021-12-19 04:35:54,632] {dag.py:2928} INFO - Setting next_dagrun for example_external_task_marker_parent to None
[2021-12-19 04:35:54,660] {processor.py:171} INFO - Processing /home/airflow/.local/lib/python3.7/site-packages/airflow/example_dags/example_external_task_marker_dag.py took 0.237 seconds
[2021-12-19 04:37:19,710] {processor.py:163} INFO - Started process (PID=1242) to work on /home/airflow/.local/lib/python3.7/site-packages/airflow/example_dags/example_external_task_marker_dag.py
[2021-12-19 04:37:19,715] {processor.py:625} INFO - Processing file /home/airflow/.local/lib/python3.7/site-packages/airflow/example_dags/example_external_task_marker_dag.py for tasks to queue
[2021-12-19 04:37:19,717] {logging_mixin.py:109} INFO - [2021-12-19 04:37:19,717] {dagbag.py:500} INFO - Filling up the DagBag from /home/airflow/.local/lib/python3.7/site-packages/airflow/example_dags/example_external_task_marker_dag.py
[2021-12-19 04:37:19,830] {processor.py:637} INFO - DAG(s) dict_keys(['example_external_task_marker_parent', 'example_external_task_marker_child']) retrieved from /home/airflow/.local/lib/python3.7/site-packages/airflow/example_dags/example_external_task_marker_dag.py
[2021-12-19 04:37:19,879] {logging_mixin.py:109} INFO - [2021-12-19 04:37:19,878] {dag.py:2396} INFO - Sync 2 DAGs
[2021-12-19 04:37:19,950] {logging_mixin.py:109} INFO - [2021-12-19 04:37:19,950] {dag.py:2928} INFO - Setting next_dagrun for example_external_task_marker_child to None
[2021-12-19 04:37:19,952] {logging_mixin.py:109} INFO - [2021-12-19 04:37:19,951] {dag.py:2928} INFO - Setting next_dagrun for example_external_task_marker_parent to None
[2021-12-19 04:37:19,999] {processor.py:171} INFO - Processing /home/airflow/.local/lib/python3.7/site-packages/airflow/example_dags/example_external_task_marker_dag.py took 0.306 seconds
[2021-12-19 04:38:03,077] {processor.py:163} INFO - Started process (PID=1278) to work on /home/airflow/.local/lib/python3.7/site-packages/airflow/example_dags/example_external_task_marker_dag.py
[2021-12-19 04:38:03,081] {processor.py:625} INFO - Processing file /home/airflow/.local/lib/python3.7/site-packages/airflow/example_dags/example_external_task_marker_dag.py for tasks to queue
[2021-12-19 04:38:03,083] {logging_mixin.py:109} INFO - [2021-12-19 04:38:03,082] {dagbag.py:500} INFO - Filling up the DagBag from /home/airflow/.local/lib/python3.7/site-packages/airflow/example_dags/example_external_task_marker_dag.py
[2021-12-19 04:38:03,145] {processor.py:637} INFO - DAG(s) dict_keys(['example_external_task_marker_parent', 'example_external_task_marker_child']) retrieved from /home/airflow/.local/lib/python3.7/site-packages/airflow/example_dags/example_external_task_marker_dag.py
[2021-12-19 04:38:03,176] {logging_mixin.py:109} INFO - [2021-12-19 04:38:03,176] {dag.py:2396} INFO - Sync 2 DAGs
[2021-12-19 04:38:03,211] {logging_mixin.py:109} INFO - [2021-12-19 04:38:03,210] {dag.py:2928} INFO - Setting next_dagrun for example_external_task_marker_child to None
[2021-12-19 04:38:03,212] {logging_mixin.py:109} INFO - [2021-12-19 04:38:03,212] {dag.py:2928} INFO - Setting next_dagrun for example_external_task_marker_parent to None
[2021-12-19 04:38:03,245] {processor.py:171} INFO - Processing /home/airflow/.local/lib/python3.7/site-packages/airflow/example_dags/example_external_task_marker_dag.py took 0.176 seconds
[2021-12-19 04:39:34,746] {processor.py:163} INFO - Started process (PID=1340) to work on /home/airflow/.local/lib/python3.7/site-packages/airflow/example_dags/example_external_task_marker_dag.py
[2021-12-19 04:39:34,758] {processor.py:625} INFO - Processing file /home/airflow/.local/lib/python3.7/site-packages/airflow/example_dags/example_external_task_marker_dag.py for tasks to queue
[2021-12-19 04:39:34,761] {logging_mixin.py:109} INFO - [2021-12-19 04:39:34,760] {dagbag.py:500} INFO - Filling up the DagBag from /home/airflow/.local/lib/python3.7/site-packages/airflow/example_dags/example_external_task_marker_dag.py
[2021-12-19 04:39:34,868] {processor.py:637} INFO - DAG(s) dict_keys(['example_external_task_marker_parent', 'example_external_task_marker_child']) retrieved from /home/airflow/.local/lib/python3.7/site-packages/airflow/example_dags/example_external_task_marker_dag.py
[2021-12-19 04:39:34,934] {logging_mixin.py:109} INFO - [2021-12-19 04:39:34,933] {dag.py:2396} INFO - Sync 2 DAGs
[2021-12-19 04:39:35,005] {logging_mixin.py:109} INFO - [2021-12-19 04:39:35,005] {dag.py:2928} INFO - Setting next_dagrun for example_external_task_marker_child to None
[2021-12-19 04:39:35,009] {logging_mixin.py:109} INFO - [2021-12-19 04:39:35,008] {dag.py:2928} INFO - Setting next_dagrun for example_external_task_marker_parent to None
[2021-12-19 04:39:36,288] {processor.py:171} INFO - Processing /home/airflow/.local/lib/python3.7/site-packages/airflow/example_dags/example_external_task_marker_dag.py took 1.558 seconds
[2021-12-19 04:41:46,234] {processor.py:163} INFO - Started process (PID=1413) to work on /home/airflow/.local/lib/python3.7/site-packages/airflow/example_dags/example_external_task_marker_dag.py
[2021-12-19 04:41:46,240] {processor.py:625} INFO - Processing file /home/airflow/.local/lib/python3.7/site-packages/airflow/example_dags/example_external_task_marker_dag.py for tasks to queue
[2021-12-19 04:41:46,244] {logging_mixin.py:109} INFO - [2021-12-19 04:41:46,243] {dagbag.py:500} INFO - Filling up the DagBag from /home/airflow/.local/lib/python3.7/site-packages/airflow/example_dags/example_external_task_marker_dag.py
[2021-12-19 04:41:46,401] {processor.py:637} INFO - DAG(s) dict_keys(['example_external_task_marker_parent', 'example_external_task_marker_child']) retrieved from /home/airflow/.local/lib/python3.7/site-packages/airflow/example_dags/example_external_task_marker_dag.py
[2021-12-19 04:41:46,474] {logging_mixin.py:109} INFO - [2021-12-19 04:41:46,472] {dag.py:2396} INFO - Sync 2 DAGs
[2021-12-19 04:41:46,550] {logging_mixin.py:109} INFO - [2021-12-19 04:41:46,550] {dag.py:2928} INFO - Setting next_dagrun for example_external_task_marker_child to None
[2021-12-19 04:41:46,552] {logging_mixin.py:109} INFO - [2021-12-19 04:41:46,552] {dag.py:2928} INFO - Setting next_dagrun for example_external_task_marker_parent to None
[2021-12-19 04:41:46,947] {processor.py:171} INFO - Processing /home/airflow/.local/lib/python3.7/site-packages/airflow/example_dags/example_external_task_marker_dag.py took 0.727 seconds
[2021-12-19 04:43:19,448] {processor.py:163} INFO - Started process (PID=1464) to work on /home/airflow/.local/lib/python3.7/site-packages/airflow/example_dags/example_external_task_marker_dag.py
[2021-12-19 04:43:19,458] {processor.py:625} INFO - Processing file /home/airflow/.local/lib/python3.7/site-packages/airflow/example_dags/example_external_task_marker_dag.py for tasks to queue
[2021-12-19 04:43:19,462] {logging_mixin.py:109} INFO - [2021-12-19 04:43:19,461] {dagbag.py:500} INFO - Filling up the DagBag from /home/airflow/.local/lib/python3.7/site-packages/airflow/example_dags/example_external_task_marker_dag.py
[2021-12-19 04:43:19,601] {processor.py:637} INFO - DAG(s) dict_keys(['example_external_task_marker_parent', 'example_external_task_marker_child']) retrieved from /home/airflow/.local/lib/python3.7/site-packages/airflow/example_dags/example_external_task_marker_dag.py
[2021-12-19 04:43:19,681] {logging_mixin.py:109} INFO - [2021-12-19 04:43:19,680] {dag.py:2396} INFO - Sync 2 DAGs
[2021-12-19 04:43:19,780] {logging_mixin.py:109} INFO - [2021-12-19 04:43:19,779] {dag.py:2928} INFO - Setting next_dagrun for example_external_task_marker_child to None
[2021-12-19 04:43:19,782] {logging_mixin.py:109} INFO - [2021-12-19 04:43:19,782] {dag.py:2928} INFO - Setting next_dagrun for example_external_task_marker_parent to None
[2021-12-19 04:43:20,203] {processor.py:171} INFO - Processing /home/airflow/.local/lib/python3.7/site-packages/airflow/example_dags/example_external_task_marker_dag.py took 0.771 seconds
[2021-12-19 04:43:56,295] {processor.py:163} INFO - Started process (PID=1515) to work on /home/airflow/.local/lib/python3.7/site-packages/airflow/example_dags/example_external_task_marker_dag.py
[2021-12-19 04:43:56,327] {processor.py:625} INFO - Processing file /home/airflow/.local/lib/python3.7/site-packages/airflow/example_dags/example_external_task_marker_dag.py for tasks to queue
[2021-12-19 04:43:56,330] {logging_mixin.py:109} INFO - [2021-12-19 04:43:56,330] {dagbag.py:500} INFO - Filling up the DagBag from /home/airflow/.local/lib/python3.7/site-packages/airflow/example_dags/example_external_task_marker_dag.py
[2021-12-19 04:43:56,589] {processor.py:637} INFO - DAG(s) dict_keys(['example_external_task_marker_parent', 'example_external_task_marker_child']) retrieved from /home/airflow/.local/lib/python3.7/site-packages/airflow/example_dags/example_external_task_marker_dag.py
[2021-12-19 04:43:56,699] {logging_mixin.py:109} INFO - [2021-12-19 04:43:56,698] {dag.py:2396} INFO - Sync 2 DAGs
[2021-12-19 04:43:56,784] {logging_mixin.py:109} INFO - [2021-12-19 04:43:56,783] {dag.py:2928} INFO - Setting next_dagrun for example_external_task_marker_child to None
[2021-12-19 04:43:56,802] {logging_mixin.py:109} INFO - [2021-12-19 04:43:56,802] {dag.py:2928} INFO - Setting next_dagrun for example_external_task_marker_parent to None
[2021-12-19 04:43:58,918] {processor.py:171} INFO - Processing /home/airflow/.local/lib/python3.7/site-packages/airflow/example_dags/example_external_task_marker_dag.py took 2.636 seconds
[2021-12-19 04:44:29,205] {processor.py:163} INFO - Started process (PID=1560) to work on /home/airflow/.local/lib/python3.7/site-packages/airflow/example_dags/example_external_task_marker_dag.py
[2021-12-19 04:44:29,208] {processor.py:625} INFO - Processing file /home/airflow/.local/lib/python3.7/site-packages/airflow/example_dags/example_external_task_marker_dag.py for tasks to queue
[2021-12-19 04:44:29,210] {logging_mixin.py:109} INFO - [2021-12-19 04:44:29,210] {dagbag.py:500} INFO - Filling up the DagBag from /home/airflow/.local/lib/python3.7/site-packages/airflow/example_dags/example_external_task_marker_dag.py
[2021-12-19 04:44:29,301] {processor.py:637} INFO - DAG(s) dict_keys(['example_external_task_marker_parent', 'example_external_task_marker_child']) retrieved from /home/airflow/.local/lib/python3.7/site-packages/airflow/example_dags/example_external_task_marker_dag.py
[2021-12-19 04:44:29,341] {logging_mixin.py:109} INFO - [2021-12-19 04:44:29,341] {dag.py:2396} INFO - Sync 2 DAGs
[2021-12-19 04:44:29,373] {logging_mixin.py:109} INFO - [2021-12-19 04:44:29,373] {dag.py:2928} INFO - Setting next_dagrun for example_external_task_marker_child to None
[2021-12-19 04:44:29,375] {logging_mixin.py:109} INFO - [2021-12-19 04:44:29,375] {dag.py:2928} INFO - Setting next_dagrun for example_external_task_marker_parent to None
[2021-12-19 04:44:29,405] {processor.py:171} INFO - Processing /home/airflow/.local/lib/python3.7/site-packages/airflow/example_dags/example_external_task_marker_dag.py took 0.205 seconds
[2021-12-19 04:45:09,651] {processor.py:163} INFO - Started process (PID=1604) to work on /home/airflow/.local/lib/python3.7/site-packages/airflow/example_dags/example_external_task_marker_dag.py
[2021-12-19 04:45:09,654] {processor.py:625} INFO - Processing file /home/airflow/.local/lib/python3.7/site-packages/airflow/example_dags/example_external_task_marker_dag.py for tasks to queue
[2021-12-19 04:45:09,656] {logging_mixin.py:109} INFO - [2021-12-19 04:45:09,656] {dagbag.py:500} INFO - Filling up the DagBag from /home/airflow/.local/lib/python3.7/site-packages/airflow/example_dags/example_external_task_marker_dag.py
[2021-12-19 04:45:09,720] {processor.py:637} INFO - DAG(s) dict_keys(['example_external_task_marker_parent', 'example_external_task_marker_child']) retrieved from /home/airflow/.local/lib/python3.7/site-packages/airflow/example_dags/example_external_task_marker_dag.py
[2021-12-19 04:45:09,752] {logging_mixin.py:109} INFO - [2021-12-19 04:45:09,752] {dag.py:2396} INFO - Sync 2 DAGs
[2021-12-19 04:45:09,789] {logging_mixin.py:109} INFO - [2021-12-19 04:45:09,789] {dag.py:2928} INFO - Setting next_dagrun for example_external_task_marker_child to None
[2021-12-19 04:45:09,790] {logging_mixin.py:109} INFO - [2021-12-19 04:45:09,790] {dag.py:2928} INFO - Setting next_dagrun for example_external_task_marker_parent to None
[2021-12-19 04:45:09,822] {processor.py:171} INFO - Processing /home/airflow/.local/lib/python3.7/site-packages/airflow/example_dags/example_external_task_marker_dag.py took 0.178 seconds
[2021-12-19 04:46:58,181] {processor.py:163} INFO - Started process (PID=1653) to work on /home/airflow/.local/lib/python3.7/site-packages/airflow/example_dags/example_external_task_marker_dag.py
[2021-12-19 04:46:58,187] {processor.py:625} INFO - Processing file /home/airflow/.local/lib/python3.7/site-packages/airflow/example_dags/example_external_task_marker_dag.py for tasks to queue
[2021-12-19 04:46:58,190] {logging_mixin.py:109} INFO - [2021-12-19 04:46:58,190] {dagbag.py:500} INFO - Filling up the DagBag from /home/airflow/.local/lib/python3.7/site-packages/airflow/example_dags/example_external_task_marker_dag.py
[2021-12-19 04:46:58,302] {processor.py:637} INFO - DAG(s) dict_keys(['example_external_task_marker_parent', 'example_external_task_marker_child']) retrieved from /home/airflow/.local/lib/python3.7/site-packages/airflow/example_dags/example_external_task_marker_dag.py
[2021-12-19 04:46:58,402] {logging_mixin.py:109} INFO - [2021-12-19 04:46:58,401] {dag.py:2396} INFO - Sync 2 DAGs
[2021-12-19 04:46:58,457] {logging_mixin.py:109} INFO - [2021-12-19 04:46:58,456] {dag.py:2928} INFO - Setting next_dagrun for example_external_task_marker_child to None
[2021-12-19 04:46:58,458] {logging_mixin.py:109} INFO - [2021-12-19 04:46:58,458] {dag.py:2928} INFO - Setting next_dagrun for example_external_task_marker_parent to None
[2021-12-19 04:46:58,560] {processor.py:171} INFO - Processing /home/airflow/.local/lib/python3.7/site-packages/airflow/example_dags/example_external_task_marker_dag.py took 0.388 seconds
[2021-12-19 04:47:30,329] {processor.py:163} INFO - Started process (PID=1706) to work on /home/airflow/.local/lib/python3.7/site-packages/airflow/example_dags/example_external_task_marker_dag.py
[2021-12-19 04:47:30,338] {processor.py:625} INFO - Processing file /home/airflow/.local/lib/python3.7/site-packages/airflow/example_dags/example_external_task_marker_dag.py for tasks to queue
[2021-12-19 04:47:30,340] {logging_mixin.py:109} INFO - [2021-12-19 04:47:30,340] {dagbag.py:500} INFO - Filling up the DagBag from /home/airflow/.local/lib/python3.7/site-packages/airflow/example_dags/example_external_task_marker_dag.py
[2021-12-19 04:47:30,449] {processor.py:637} INFO - DAG(s) dict_keys(['example_external_task_marker_parent', 'example_external_task_marker_child']) retrieved from /home/airflow/.local/lib/python3.7/site-packages/airflow/example_dags/example_external_task_marker_dag.py
[2021-12-19 04:47:30,537] {logging_mixin.py:109} INFO - [2021-12-19 04:47:30,536] {dag.py:2396} INFO - Sync 2 DAGs
[2021-12-19 04:47:30,633] {logging_mixin.py:109} INFO - [2021-12-19 04:47:30,633] {dag.py:2928} INFO - Setting next_dagrun for example_external_task_marker_child to None
[2021-12-19 04:47:30,636] {logging_mixin.py:109} INFO - [2021-12-19 04:47:30,635] {dag.py:2928} INFO - Setting next_dagrun for example_external_task_marker_parent to None
[2021-12-19 04:47:30,766] {processor.py:171} INFO - Processing /home/airflow/.local/lib/python3.7/site-packages/airflow/example_dags/example_external_task_marker_dag.py took 0.447 seconds
[2021-12-19 04:48:01,518] {processor.py:163} INFO - Started process (PID=1741) to work on /home/airflow/.local/lib/python3.7/site-packages/airflow/example_dags/example_external_task_marker_dag.py
[2021-12-19 04:48:01,522] {processor.py:625} INFO - Processing file /home/airflow/.local/lib/python3.7/site-packages/airflow/example_dags/example_external_task_marker_dag.py for tasks to queue
[2021-12-19 04:48:01,524] {logging_mixin.py:109} INFO - [2021-12-19 04:48:01,524] {dagbag.py:500} INFO - Filling up the DagBag from /home/airflow/.local/lib/python3.7/site-packages/airflow/example_dags/example_external_task_marker_dag.py
[2021-12-19 04:48:01,581] {processor.py:637} INFO - DAG(s) dict_keys(['example_external_task_marker_parent', 'example_external_task_marker_child']) retrieved from /home/airflow/.local/lib/python3.7/site-packages/airflow/example_dags/example_external_task_marker_dag.py
[2021-12-19 04:48:01,616] {logging_mixin.py:109} INFO - [2021-12-19 04:48:01,616] {dag.py:2396} INFO - Sync 2 DAGs
[2021-12-19 04:48:01,649] {logging_mixin.py:109} INFO - [2021-12-19 04:48:01,649] {dag.py:2928} INFO - Setting next_dagrun for example_external_task_marker_child to None
[2021-12-19 04:48:01,650] {logging_mixin.py:109} INFO - [2021-12-19 04:48:01,650] {dag.py:2928} INFO - Setting next_dagrun for example_external_task_marker_parent to None
[2021-12-19 04:48:01,682] {processor.py:171} INFO - Processing /home/airflow/.local/lib/python3.7/site-packages/airflow/example_dags/example_external_task_marker_dag.py took 0.169 seconds
[2021-12-19 04:48:32,833] {processor.py:163} INFO - Started process (PID=1796) to work on /home/airflow/.local/lib/python3.7/site-packages/airflow/example_dags/example_external_task_marker_dag.py
[2021-12-19 04:48:32,836] {processor.py:625} INFO - Processing file /home/airflow/.local/lib/python3.7/site-packages/airflow/example_dags/example_external_task_marker_dag.py for tasks to queue
[2021-12-19 04:48:32,839] {logging_mixin.py:109} INFO - [2021-12-19 04:48:32,839] {dagbag.py:500} INFO - Filling up the DagBag from /home/airflow/.local/lib/python3.7/site-packages/airflow/example_dags/example_external_task_marker_dag.py
[2021-12-19 04:48:32,908] {processor.py:637} INFO - DAG(s) dict_keys(['example_external_task_marker_parent', 'example_external_task_marker_child']) retrieved from /home/airflow/.local/lib/python3.7/site-packages/airflow/example_dags/example_external_task_marker_dag.py
[2021-12-19 04:48:32,944] {logging_mixin.py:109} INFO - [2021-12-19 04:48:32,943] {dag.py:2396} INFO - Sync 2 DAGs
[2021-12-19 04:48:32,982] {logging_mixin.py:109} INFO - [2021-12-19 04:48:32,982] {dag.py:2928} INFO - Setting next_dagrun for example_external_task_marker_child to None
[2021-12-19 04:48:32,983] {logging_mixin.py:109} INFO - [2021-12-19 04:48:32,983] {dag.py:2928} INFO - Setting next_dagrun for example_external_task_marker_parent to None
[2021-12-19 04:48:33,017] {processor.py:171} INFO - Processing /home/airflow/.local/lib/python3.7/site-packages/airflow/example_dags/example_external_task_marker_dag.py took 0.194 seconds
[2021-12-19 04:49:10,908] {processor.py:163} INFO - Started process (PID=1859) to work on /home/airflow/.local/lib/python3.7/site-packages/airflow/example_dags/example_external_task_marker_dag.py
[2021-12-19 04:49:10,920] {processor.py:625} INFO - Processing file /home/airflow/.local/lib/python3.7/site-packages/airflow/example_dags/example_external_task_marker_dag.py for tasks to queue
[2021-12-19 04:49:10,923] {logging_mixin.py:109} INFO - [2021-12-19 04:49:10,923] {dagbag.py:500} INFO - Filling up the DagBag from /home/airflow/.local/lib/python3.7/site-packages/airflow/example_dags/example_external_task_marker_dag.py
[2021-12-19 04:49:11,057] {processor.py:637} INFO - DAG(s) dict_keys(['example_external_task_marker_parent', 'example_external_task_marker_child']) retrieved from /home/airflow/.local/lib/python3.7/site-packages/airflow/example_dags/example_external_task_marker_dag.py
[2021-12-19 04:49:11,161] {logging_mixin.py:109} INFO - [2021-12-19 04:49:11,161] {dag.py:2396} INFO - Sync 2 DAGs
[2021-12-19 04:49:11,319] {logging_mixin.py:109} INFO - [2021-12-19 04:49:11,318] {dag.py:2928} INFO - Setting next_dagrun for example_external_task_marker_child to None
[2021-12-19 04:49:11,326] {logging_mixin.py:109} INFO - [2021-12-19 04:49:11,326] {dag.py:2928} INFO - Setting next_dagrun for example_external_task_marker_parent to None
[2021-12-19 04:49:11,461] {processor.py:171} INFO - Processing /home/airflow/.local/lib/python3.7/site-packages/airflow/example_dags/example_external_task_marker_dag.py took 0.568 seconds
[2021-12-19 04:49:49,927] {processor.py:163} INFO - Started process (PID=1893) to work on /home/airflow/.local/lib/python3.7/site-packages/airflow/example_dags/example_external_task_marker_dag.py
[2021-12-19 04:49:49,931] {processor.py:625} INFO - Processing file /home/airflow/.local/lib/python3.7/site-packages/airflow/example_dags/example_external_task_marker_dag.py for tasks to queue
[2021-12-19 04:49:49,934] {logging_mixin.py:109} INFO - [2021-12-19 04:49:49,933] {dagbag.py:500} INFO - Filling up the DagBag from /home/airflow/.local/lib/python3.7/site-packages/airflow/example_dags/example_external_task_marker_dag.py
[2021-12-19 04:49:50,007] {processor.py:637} INFO - DAG(s) dict_keys(['example_external_task_marker_parent', 'example_external_task_marker_child']) retrieved from /home/airflow/.local/lib/python3.7/site-packages/airflow/example_dags/example_external_task_marker_dag.py
[2021-12-19 04:49:50,043] {logging_mixin.py:109} INFO - [2021-12-19 04:49:50,043] {dag.py:2396} INFO - Sync 2 DAGs
[2021-12-19 04:49:50,080] {logging_mixin.py:109} INFO - [2021-12-19 04:49:50,080] {dag.py:2928} INFO - Setting next_dagrun for example_external_task_marker_child to None
[2021-12-19 04:49:50,082] {logging_mixin.py:109} INFO - [2021-12-19 04:49:50,082] {dag.py:2928} INFO - Setting next_dagrun for example_external_task_marker_parent to None
[2021-12-19 04:49:50,116] {processor.py:171} INFO - Processing /home/airflow/.local/lib/python3.7/site-packages/airflow/example_dags/example_external_task_marker_dag.py took 0.198 seconds
