[2021-12-19 04:14:06,220] {processor.py:163} INFO - Started process (PID=166) to work on /home/airflow/.local/lib/python3.7/site-packages/airflow/example_dags/example_xcom.py
[2021-12-19 04:14:06,246] {processor.py:625} INFO - Processing file /home/airflow/.local/lib/python3.7/site-packages/airflow/example_dags/example_xcom.py for tasks to queue
[2021-12-19 04:14:06,258] {logging_mixin.py:109} INFO - [2021-12-19 04:14:06,258] {dagbag.py:500} INFO - Filling up the DagBag from /home/airflow/.local/lib/python3.7/site-packages/airflow/example_dags/example_xcom.py
[2021-12-19 04:14:06,406] {processor.py:637} INFO - DAG(s) dict_keys(['example_xcom']) retrieved from /home/airflow/.local/lib/python3.7/site-packages/airflow/example_dags/example_xcom.py
[2021-12-19 04:14:22,947] {logging_mixin.py:109} INFO - [2021-12-19 04:14:22,947] {providers_manager.py:156} WARNING - Exception when importing 'airflow.providers.google.leveldb.hooks.leveldb.LevelDBHook' from 'apache-airflow-providers-google' package: No module named 'plyvel'
[2021-12-19 04:14:34,563] {logging_mixin.py:109} INFO - [2021-12-19 04:14:34,563] {providers_manager.py:156} WARNING - Exception when importing 'airflow.providers.google.leveldb.hooks.leveldb.LevelDBHook' from 'apache-airflow-providers-google' package: No module named 'plyvel'
[2021-12-19 04:14:46,232] {logging_mixin.py:109} INFO - [2021-12-19 04:14:46,231] {manager.py:496} INFO - Created Permission View: can read on DAG:example_xcom
[2021-12-19 04:14:47,401] {logging_mixin.py:109} INFO - [2021-12-19 04:14:47,401] {manager.py:496} INFO - Created Permission View: can edit on DAG:example_xcom
[2021-12-19 04:14:47,403] {logging_mixin.py:109} INFO - [2021-12-19 04:14:47,402] {dag.py:2396} INFO - Sync 1 DAGs
[2021-12-19 04:14:47,418] {logging_mixin.py:109} INFO - [2021-12-19 04:14:47,417] {dag.py:2415} INFO - Creating ORM DAG for example_xcom
[2021-12-19 04:14:47,432] {logging_mixin.py:109} INFO - [2021-12-19 04:14:47,431] {dag.py:2928} INFO - Setting next_dagrun for example_xcom to 2021-01-01T00:00:00+00:00
[2021-12-19 04:14:48,289] {processor.py:171} INFO - Processing /home/airflow/.local/lib/python3.7/site-packages/airflow/example_dags/example_xcom.py took 42.114 seconds
[2021-12-19 04:17:59,747] {processor.py:163} INFO - Started process (PID=436) to work on /home/airflow/.local/lib/python3.7/site-packages/airflow/example_dags/example_xcom.py
[2021-12-19 04:17:59,764] {processor.py:625} INFO - Processing file /home/airflow/.local/lib/python3.7/site-packages/airflow/example_dags/example_xcom.py for tasks to queue
[2021-12-19 04:17:59,770] {logging_mixin.py:109} INFO - [2021-12-19 04:17:59,770] {dagbag.py:500} INFO - Filling up the DagBag from /home/airflow/.local/lib/python3.7/site-packages/airflow/example_dags/example_xcom.py
[2021-12-19 04:18:00,022] {processor.py:637} INFO - DAG(s) dict_keys(['example_xcom']) retrieved from /home/airflow/.local/lib/python3.7/site-packages/airflow/example_dags/example_xcom.py
[2021-12-19 04:18:01,092] {logging_mixin.py:109} INFO - [2021-12-19 04:18:01,091] {dag.py:2396} INFO - Sync 1 DAGs
[2021-12-19 04:18:01,198] {logging_mixin.py:109} INFO - [2021-12-19 04:18:01,197] {dag.py:2928} INFO - Setting next_dagrun for example_xcom to 2021-01-01T00:00:00+00:00
[2021-12-19 04:18:03,591] {processor.py:171} INFO - Processing /home/airflow/.local/lib/python3.7/site-packages/airflow/example_dags/example_xcom.py took 3.852 seconds
[2021-12-19 04:19:36,353] {processor.py:163} INFO - Started process (PID=489) to work on /home/airflow/.local/lib/python3.7/site-packages/airflow/example_dags/example_xcom.py
[2021-12-19 04:19:36,357] {processor.py:625} INFO - Processing file /home/airflow/.local/lib/python3.7/site-packages/airflow/example_dags/example_xcom.py for tasks to queue
[2021-12-19 04:19:36,359] {logging_mixin.py:109} INFO - [2021-12-19 04:19:36,359] {dagbag.py:500} INFO - Filling up the DagBag from /home/airflow/.local/lib/python3.7/site-packages/airflow/example_dags/example_xcom.py
[2021-12-19 04:19:36,422] {processor.py:637} INFO - DAG(s) dict_keys(['example_xcom']) retrieved from /home/airflow/.local/lib/python3.7/site-packages/airflow/example_dags/example_xcom.py
[2021-12-19 04:19:36,829] {logging_mixin.py:109} INFO - [2021-12-19 04:19:36,828] {dag.py:2396} INFO - Sync 1 DAGs
[2021-12-19 04:19:36,851] {logging_mixin.py:109} INFO - [2021-12-19 04:19:36,851] {dag.py:2928} INFO - Setting next_dagrun for example_xcom to 2021-01-01T00:00:00+00:00
[2021-12-19 04:19:36,879] {processor.py:171} INFO - Processing /home/airflow/.local/lib/python3.7/site-packages/airflow/example_dags/example_xcom.py took 0.536 seconds
[2021-12-19 04:21:55,819] {processor.py:163} INFO - Started process (PID=543) to work on /home/airflow/.local/lib/python3.7/site-packages/airflow/example_dags/example_xcom.py
[2021-12-19 04:21:55,832] {processor.py:625} INFO - Processing file /home/airflow/.local/lib/python3.7/site-packages/airflow/example_dags/example_xcom.py for tasks to queue
[2021-12-19 04:21:55,840] {logging_mixin.py:109} INFO - [2021-12-19 04:21:55,840] {dagbag.py:500} INFO - Filling up the DagBag from /home/airflow/.local/lib/python3.7/site-packages/airflow/example_dags/example_xcom.py
[2021-12-19 04:21:56,060] {processor.py:637} INFO - DAG(s) dict_keys(['example_xcom']) retrieved from /home/airflow/.local/lib/python3.7/site-packages/airflow/example_dags/example_xcom.py
[2021-12-19 04:21:57,212] {logging_mixin.py:109} INFO - [2021-12-19 04:21:57,211] {dag.py:2396} INFO - Sync 1 DAGs
[2021-12-19 04:21:57,426] {logging_mixin.py:109} INFO - [2021-12-19 04:21:57,425] {dag.py:2928} INFO - Setting next_dagrun for example_xcom to 2021-01-01T00:00:00+00:00
[2021-12-19 04:21:58,003] {processor.py:171} INFO - Processing /home/airflow/.local/lib/python3.7/site-packages/airflow/example_dags/example_xcom.py took 2.205 seconds
[2021-12-19 04:24:07,058] {processor.py:163} INFO - Started process (PID=589) to work on /home/airflow/.local/lib/python3.7/site-packages/airflow/example_dags/example_xcom.py
[2021-12-19 04:24:07,073] {processor.py:625} INFO - Processing file /home/airflow/.local/lib/python3.7/site-packages/airflow/example_dags/example_xcom.py for tasks to queue
[2021-12-19 04:24:07,083] {logging_mixin.py:109} INFO - [2021-12-19 04:24:07,083] {dagbag.py:500} INFO - Filling up the DagBag from /home/airflow/.local/lib/python3.7/site-packages/airflow/example_dags/example_xcom.py
[2021-12-19 04:24:07,195] {processor.py:637} INFO - DAG(s) dict_keys(['example_xcom']) retrieved from /home/airflow/.local/lib/python3.7/site-packages/airflow/example_dags/example_xcom.py
[2021-12-19 04:24:08,932] {logging_mixin.py:109} INFO - [2021-12-19 04:24:08,932] {dag.py:2396} INFO - Sync 1 DAGs
[2021-12-19 04:24:09,006] {logging_mixin.py:109} INFO - [2021-12-19 04:24:09,005] {dag.py:2928} INFO - Setting next_dagrun for example_xcom to 2021-01-01T00:00:00+00:00
[2021-12-19 04:24:09,659] {processor.py:171} INFO - Processing /home/airflow/.local/lib/python3.7/site-packages/airflow/example_dags/example_xcom.py took 2.613 seconds
[2021-12-19 04:26:06,731] {processor.py:163} INFO - Started process (PID=650) to work on /home/airflow/.local/lib/python3.7/site-packages/airflow/example_dags/example_xcom.py
[2021-12-19 04:26:06,754] {processor.py:625} INFO - Processing file /home/airflow/.local/lib/python3.7/site-packages/airflow/example_dags/example_xcom.py for tasks to queue
[2021-12-19 04:26:06,765] {logging_mixin.py:109} INFO - [2021-12-19 04:26:06,765] {dagbag.py:500} INFO - Filling up the DagBag from /home/airflow/.local/lib/python3.7/site-packages/airflow/example_dags/example_xcom.py
[2021-12-19 04:26:06,843] {processor.py:637} INFO - DAG(s) dict_keys(['example_xcom']) retrieved from /home/airflow/.local/lib/python3.7/site-packages/airflow/example_dags/example_xcom.py
[2021-12-19 04:26:07,304] {logging_mixin.py:109} INFO - [2021-12-19 04:26:07,303] {dag.py:2396} INFO - Sync 1 DAGs
[2021-12-19 04:26:07,328] {logging_mixin.py:109} INFO - [2021-12-19 04:26:07,328] {dag.py:2928} INFO - Setting next_dagrun for example_xcom to 2021-01-01T00:00:00+00:00
[2021-12-19 04:26:07,703] {processor.py:171} INFO - Processing /home/airflow/.local/lib/python3.7/site-packages/airflow/example_dags/example_xcom.py took 0.981 seconds
[2021-12-19 04:27:23,096] {processor.py:163} INFO - Started process (PID=683) to work on /home/airflow/.local/lib/python3.7/site-packages/airflow/example_dags/example_xcom.py
[2021-12-19 04:27:23,108] {processor.py:625} INFO - Processing file /home/airflow/.local/lib/python3.7/site-packages/airflow/example_dags/example_xcom.py for tasks to queue
[2021-12-19 04:27:23,113] {logging_mixin.py:109} INFO - [2021-12-19 04:27:23,113] {dagbag.py:500} INFO - Filling up the DagBag from /home/airflow/.local/lib/python3.7/site-packages/airflow/example_dags/example_xcom.py
[2021-12-19 04:27:23,270] {processor.py:637} INFO - DAG(s) dict_keys(['example_xcom']) retrieved from /home/airflow/.local/lib/python3.7/site-packages/airflow/example_dags/example_xcom.py
[2021-12-19 04:27:24,937] {logging_mixin.py:109} INFO - [2021-12-19 04:27:24,937] {dag.py:2396} INFO - Sync 1 DAGs
[2021-12-19 04:27:24,993] {logging_mixin.py:109} INFO - [2021-12-19 04:27:24,993] {dag.py:2928} INFO - Setting next_dagrun for example_xcom to 2021-01-01T00:00:00+00:00
[2021-12-19 04:27:25,290] {processor.py:171} INFO - Processing /home/airflow/.local/lib/python3.7/site-packages/airflow/example_dags/example_xcom.py took 2.209 seconds
[2021-12-19 04:28:34,661] {processor.py:163} INFO - Started process (PID=742) to work on /home/airflow/.local/lib/python3.7/site-packages/airflow/example_dags/example_xcom.py
[2021-12-19 04:28:34,667] {processor.py:625} INFO - Processing file /home/airflow/.local/lib/python3.7/site-packages/airflow/example_dags/example_xcom.py for tasks to queue
[2021-12-19 04:28:34,670] {logging_mixin.py:109} INFO - [2021-12-19 04:28:34,670] {dagbag.py:500} INFO - Filling up the DagBag from /home/airflow/.local/lib/python3.7/site-packages/airflow/example_dags/example_xcom.py
[2021-12-19 04:28:34,943] {processor.py:637} INFO - DAG(s) dict_keys(['example_xcom']) retrieved from /home/airflow/.local/lib/python3.7/site-packages/airflow/example_dags/example_xcom.py
[2021-12-19 04:28:36,212] {logging_mixin.py:109} INFO - [2021-12-19 04:28:36,211] {dag.py:2396} INFO - Sync 1 DAGs
[2021-12-19 04:28:36,306] {logging_mixin.py:109} INFO - [2021-12-19 04:28:36,306] {dag.py:2928} INFO - Setting next_dagrun for example_xcom to 2021-01-01T00:00:00+00:00
[2021-12-19 04:28:36,385] {processor.py:171} INFO - Processing /home/airflow/.local/lib/python3.7/site-packages/airflow/example_dags/example_xcom.py took 1.740 seconds
[2021-12-19 04:29:06,686] {processor.py:163} INFO - Started process (PID=791) to work on /home/airflow/.local/lib/python3.7/site-packages/airflow/example_dags/example_xcom.py
[2021-12-19 04:29:06,689] {processor.py:625} INFO - Processing file /home/airflow/.local/lib/python3.7/site-packages/airflow/example_dags/example_xcom.py for tasks to queue
[2021-12-19 04:29:06,690] {logging_mixin.py:109} INFO - [2021-12-19 04:29:06,690] {dagbag.py:500} INFO - Filling up the DagBag from /home/airflow/.local/lib/python3.7/site-packages/airflow/example_dags/example_xcom.py
[2021-12-19 04:29:06,752] {processor.py:637} INFO - DAG(s) dict_keys(['example_xcom']) retrieved from /home/airflow/.local/lib/python3.7/site-packages/airflow/example_dags/example_xcom.py
[2021-12-19 04:29:07,248] {logging_mixin.py:109} INFO - [2021-12-19 04:29:07,248] {dag.py:2396} INFO - Sync 1 DAGs
[2021-12-19 04:29:07,275] {logging_mixin.py:109} INFO - [2021-12-19 04:29:07,275] {dag.py:2928} INFO - Setting next_dagrun for example_xcom to 2021-01-01T00:00:00+00:00
[2021-12-19 04:29:07,339] {processor.py:171} INFO - Processing /home/airflow/.local/lib/python3.7/site-packages/airflow/example_dags/example_xcom.py took 0.659 seconds
[2021-12-19 04:29:37,694] {processor.py:163} INFO - Started process (PID=844) to work on /home/airflow/.local/lib/python3.7/site-packages/airflow/example_dags/example_xcom.py
[2021-12-19 04:29:37,706] {processor.py:625} INFO - Processing file /home/airflow/.local/lib/python3.7/site-packages/airflow/example_dags/example_xcom.py for tasks to queue
[2021-12-19 04:29:37,709] {logging_mixin.py:109} INFO - [2021-12-19 04:29:37,709] {dagbag.py:500} INFO - Filling up the DagBag from /home/airflow/.local/lib/python3.7/site-packages/airflow/example_dags/example_xcom.py
[2021-12-19 04:29:37,889] {processor.py:637} INFO - DAG(s) dict_keys(['example_xcom']) retrieved from /home/airflow/.local/lib/python3.7/site-packages/airflow/example_dags/example_xcom.py
[2021-12-19 04:29:39,116] {logging_mixin.py:109} INFO - [2021-12-19 04:29:39,116] {dag.py:2396} INFO - Sync 1 DAGs
[2021-12-19 04:29:39,204] {logging_mixin.py:109} INFO - [2021-12-19 04:29:39,203] {dag.py:2928} INFO - Setting next_dagrun for example_xcom to 2021-01-01T00:00:00+00:00
[2021-12-19 04:29:42,248] {processor.py:171} INFO - Processing /home/airflow/.local/lib/python3.7/site-packages/airflow/example_dags/example_xcom.py took 4.568 seconds
[2021-12-19 04:30:12,736] {processor.py:163} INFO - Started process (PID=878) to work on /home/airflow/.local/lib/python3.7/site-packages/airflow/example_dags/example_xcom.py
[2021-12-19 04:30:12,756] {processor.py:625} INFO - Processing file /home/airflow/.local/lib/python3.7/site-packages/airflow/example_dags/example_xcom.py for tasks to queue
[2021-12-19 04:30:12,758] {logging_mixin.py:109} INFO - [2021-12-19 04:30:12,757] {dagbag.py:500} INFO - Filling up the DagBag from /home/airflow/.local/lib/python3.7/site-packages/airflow/example_dags/example_xcom.py
[2021-12-19 04:30:12,847] {processor.py:637} INFO - DAG(s) dict_keys(['example_xcom']) retrieved from /home/airflow/.local/lib/python3.7/site-packages/airflow/example_dags/example_xcom.py
[2021-12-19 04:30:13,261] {logging_mixin.py:109} INFO - [2021-12-19 04:30:13,260] {dag.py:2396} INFO - Sync 1 DAGs
[2021-12-19 04:30:13,307] {logging_mixin.py:109} INFO - [2021-12-19 04:30:13,307] {dag.py:2928} INFO - Setting next_dagrun for example_xcom to 2021-01-01T00:00:00+00:00
[2021-12-19 04:30:13,347] {processor.py:171} INFO - Processing /home/airflow/.local/lib/python3.7/site-packages/airflow/example_dags/example_xcom.py took 0.622 seconds
[2021-12-19 04:30:48,838] {processor.py:163} INFO - Started process (PID=927) to work on /home/airflow/.local/lib/python3.7/site-packages/airflow/example_dags/example_xcom.py
[2021-12-19 04:30:48,851] {processor.py:625} INFO - Processing file /home/airflow/.local/lib/python3.7/site-packages/airflow/example_dags/example_xcom.py for tasks to queue
[2021-12-19 04:30:48,853] {logging_mixin.py:109} INFO - [2021-12-19 04:30:48,853] {dagbag.py:500} INFO - Filling up the DagBag from /home/airflow/.local/lib/python3.7/site-packages/airflow/example_dags/example_xcom.py
[2021-12-19 04:30:48,953] {processor.py:637} INFO - DAG(s) dict_keys(['example_xcom']) retrieved from /home/airflow/.local/lib/python3.7/site-packages/airflow/example_dags/example_xcom.py
[2021-12-19 04:30:50,206] {logging_mixin.py:109} INFO - [2021-12-19 04:30:50,205] {dag.py:2396} INFO - Sync 1 DAGs
[2021-12-19 04:30:50,265] {logging_mixin.py:109} INFO - [2021-12-19 04:30:50,264] {dag.py:2928} INFO - Setting next_dagrun for example_xcom to 2021-01-01T00:00:00+00:00
[2021-12-19 04:30:50,325] {processor.py:171} INFO - Processing /home/airflow/.local/lib/python3.7/site-packages/airflow/example_dags/example_xcom.py took 1.502 seconds
[2021-12-19 04:32:27,305] {processor.py:163} INFO - Started process (PID=973) to work on /home/airflow/.local/lib/python3.7/site-packages/airflow/example_dags/example_xcom.py
[2021-12-19 04:32:27,316] {processor.py:625} INFO - Processing file /home/airflow/.local/lib/python3.7/site-packages/airflow/example_dags/example_xcom.py for tasks to queue
[2021-12-19 04:32:27,318] {logging_mixin.py:109} INFO - [2021-12-19 04:32:27,318] {dagbag.py:500} INFO - Filling up the DagBag from /home/airflow/.local/lib/python3.7/site-packages/airflow/example_dags/example_xcom.py
[2021-12-19 04:32:27,390] {processor.py:637} INFO - DAG(s) dict_keys(['example_xcom']) retrieved from /home/airflow/.local/lib/python3.7/site-packages/airflow/example_dags/example_xcom.py
[2021-12-19 04:32:28,022] {logging_mixin.py:109} INFO - [2021-12-19 04:32:28,022] {dag.py:2396} INFO - Sync 1 DAGs
[2021-12-19 04:32:28,055] {logging_mixin.py:109} INFO - [2021-12-19 04:32:28,054] {dag.py:2928} INFO - Setting next_dagrun for example_xcom to 2021-01-01T00:00:00+00:00
[2021-12-19 04:32:28,143] {processor.py:171} INFO - Processing /home/airflow/.local/lib/python3.7/site-packages/airflow/example_dags/example_xcom.py took 0.844 seconds
[2021-12-19 04:33:12,564] {processor.py:163} INFO - Started process (PID=1013) to work on /home/airflow/.local/lib/python3.7/site-packages/airflow/example_dags/example_xcom.py
[2021-12-19 04:33:12,602] {processor.py:625} INFO - Processing file /home/airflow/.local/lib/python3.7/site-packages/airflow/example_dags/example_xcom.py for tasks to queue
[2021-12-19 04:33:12,605] {logging_mixin.py:109} INFO - [2021-12-19 04:33:12,605] {dagbag.py:500} INFO - Filling up the DagBag from /home/airflow/.local/lib/python3.7/site-packages/airflow/example_dags/example_xcom.py
[2021-12-19 04:33:13,013] {processor.py:637} INFO - DAG(s) dict_keys(['example_xcom']) retrieved from /home/airflow/.local/lib/python3.7/site-packages/airflow/example_dags/example_xcom.py
[2021-12-19 04:33:14,264] {logging_mixin.py:109} INFO - [2021-12-19 04:33:14,264] {dag.py:2396} INFO - Sync 1 DAGs
[2021-12-19 04:33:14,301] {logging_mixin.py:109} INFO - [2021-12-19 04:33:14,301] {dag.py:2928} INFO - Setting next_dagrun for example_xcom to 2021-01-01T00:00:00+00:00
[2021-12-19 04:33:15,096] {processor.py:171} INFO - Processing /home/airflow/.local/lib/python3.7/site-packages/airflow/example_dags/example_xcom.py took 2.544 seconds
[2021-12-19 04:34:02,546] {processor.py:163} INFO - Started process (PID=1055) to work on /home/airflow/.local/lib/python3.7/site-packages/airflow/example_dags/example_xcom.py
[2021-12-19 04:34:02,551] {processor.py:625} INFO - Processing file /home/airflow/.local/lib/python3.7/site-packages/airflow/example_dags/example_xcom.py for tasks to queue
[2021-12-19 04:34:02,554] {logging_mixin.py:109} INFO - [2021-12-19 04:34:02,553] {dagbag.py:500} INFO - Filling up the DagBag from /home/airflow/.local/lib/python3.7/site-packages/airflow/example_dags/example_xcom.py
[2021-12-19 04:34:02,651] {processor.py:637} INFO - DAG(s) dict_keys(['example_xcom']) retrieved from /home/airflow/.local/lib/python3.7/site-packages/airflow/example_dags/example_xcom.py
[2021-12-19 04:34:03,371] {logging_mixin.py:109} INFO - [2021-12-19 04:34:03,370] {dag.py:2396} INFO - Sync 1 DAGs
[2021-12-19 04:34:03,418] {logging_mixin.py:109} INFO - [2021-12-19 04:34:03,417] {dag.py:2928} INFO - Setting next_dagrun for example_xcom to 2021-01-01T00:00:00+00:00
[2021-12-19 04:34:03,836] {processor.py:171} INFO - Processing /home/airflow/.local/lib/python3.7/site-packages/airflow/example_dags/example_xcom.py took 1.300 seconds
[2021-12-19 04:34:34,159] {processor.py:163} INFO - Started process (PID=1107) to work on /home/airflow/.local/lib/python3.7/site-packages/airflow/example_dags/example_xcom.py
[2021-12-19 04:34:34,163] {processor.py:625} INFO - Processing file /home/airflow/.local/lib/python3.7/site-packages/airflow/example_dags/example_xcom.py for tasks to queue
[2021-12-19 04:34:34,165] {logging_mixin.py:109} INFO - [2021-12-19 04:34:34,165] {dagbag.py:500} INFO - Filling up the DagBag from /home/airflow/.local/lib/python3.7/site-packages/airflow/example_dags/example_xcom.py
[2021-12-19 04:34:34,248] {processor.py:637} INFO - DAG(s) dict_keys(['example_xcom']) retrieved from /home/airflow/.local/lib/python3.7/site-packages/airflow/example_dags/example_xcom.py
[2021-12-19 04:34:34,865] {logging_mixin.py:109} INFO - [2021-12-19 04:34:34,865] {dag.py:2396} INFO - Sync 1 DAGs
[2021-12-19 04:34:34,908] {logging_mixin.py:109} INFO - [2021-12-19 04:34:34,908] {dag.py:2928} INFO - Setting next_dagrun for example_xcom to 2021-01-01T00:00:00+00:00
[2021-12-19 04:34:34,938] {processor.py:171} INFO - Processing /home/airflow/.local/lib/python3.7/site-packages/airflow/example_dags/example_xcom.py took 0.787 seconds
[2021-12-19 04:35:19,686] {processor.py:163} INFO - Started process (PID=1148) to work on /home/airflow/.local/lib/python3.7/site-packages/airflow/example_dags/example_xcom.py
[2021-12-19 04:35:19,701] {processor.py:625} INFO - Processing file /home/airflow/.local/lib/python3.7/site-packages/airflow/example_dags/example_xcom.py for tasks to queue
[2021-12-19 04:35:19,704] {logging_mixin.py:109} INFO - [2021-12-19 04:35:19,704] {dagbag.py:500} INFO - Filling up the DagBag from /home/airflow/.local/lib/python3.7/site-packages/airflow/example_dags/example_xcom.py
[2021-12-19 04:35:20,835] {processor.py:637} INFO - DAG(s) dict_keys(['example_xcom']) retrieved from /home/airflow/.local/lib/python3.7/site-packages/airflow/example_dags/example_xcom.py
[2021-12-19 04:35:22,796] {logging_mixin.py:109} INFO - [2021-12-19 04:35:22,795] {dag.py:2396} INFO - Sync 1 DAGs
[2021-12-19 04:35:22,860] {logging_mixin.py:109} INFO - [2021-12-19 04:35:22,859] {dag.py:2928} INFO - Setting next_dagrun for example_xcom to 2021-01-01T00:00:00+00:00
[2021-12-19 04:35:26,276] {processor.py:171} INFO - Processing /home/airflow/.local/lib/python3.7/site-packages/airflow/example_dags/example_xcom.py took 6.609 seconds
[2021-12-19 04:35:57,294] {processor.py:163} INFO - Started process (PID=1191) to work on /home/airflow/.local/lib/python3.7/site-packages/airflow/example_dags/example_xcom.py
[2021-12-19 04:35:57,304] {processor.py:625} INFO - Processing file /home/airflow/.local/lib/python3.7/site-packages/airflow/example_dags/example_xcom.py for tasks to queue
[2021-12-19 04:35:57,309] {logging_mixin.py:109} INFO - [2021-12-19 04:35:57,309] {dagbag.py:500} INFO - Filling up the DagBag from /home/airflow/.local/lib/python3.7/site-packages/airflow/example_dags/example_xcom.py
[2021-12-19 04:35:57,519] {processor.py:637} INFO - DAG(s) dict_keys(['example_xcom']) retrieved from /home/airflow/.local/lib/python3.7/site-packages/airflow/example_dags/example_xcom.py
[2021-12-19 04:35:58,180] {logging_mixin.py:109} INFO - [2021-12-19 04:35:58,179] {dag.py:2396} INFO - Sync 1 DAGs
[2021-12-19 04:35:58,210] {logging_mixin.py:109} INFO - [2021-12-19 04:35:58,210] {dag.py:2928} INFO - Setting next_dagrun for example_xcom to 2021-01-01T00:00:00+00:00
[2021-12-19 04:35:58,240] {processor.py:171} INFO - Processing /home/airflow/.local/lib/python3.7/site-packages/airflow/example_dags/example_xcom.py took 0.956 seconds
[2021-12-19 04:36:57,916] {processor.py:163} INFO - Started process (PID=1232) to work on /home/airflow/.local/lib/python3.7/site-packages/airflow/example_dags/example_xcom.py
[2021-12-19 04:36:57,931] {processor.py:625} INFO - Processing file /home/airflow/.local/lib/python3.7/site-packages/airflow/example_dags/example_xcom.py for tasks to queue
[2021-12-19 04:36:57,946] {logging_mixin.py:109} INFO - [2021-12-19 04:36:57,946] {dagbag.py:500} INFO - Filling up the DagBag from /home/airflow/.local/lib/python3.7/site-packages/airflow/example_dags/example_xcom.py
[2021-12-19 04:36:58,092] {processor.py:637} INFO - DAG(s) dict_keys(['example_xcom']) retrieved from /home/airflow/.local/lib/python3.7/site-packages/airflow/example_dags/example_xcom.py
[2021-12-19 04:36:59,312] {logging_mixin.py:109} INFO - [2021-12-19 04:36:59,311] {dag.py:2396} INFO - Sync 1 DAGs
[2021-12-19 04:36:59,405] {logging_mixin.py:109} INFO - [2021-12-19 04:36:59,404] {dag.py:2928} INFO - Setting next_dagrun for example_xcom to 2021-01-01T00:00:00+00:00
[2021-12-19 04:37:16,929] {processor.py:171} INFO - Processing /home/airflow/.local/lib/python3.7/site-packages/airflow/example_dags/example_xcom.py took 19.097 seconds
[2021-12-19 04:37:59,692] {processor.py:163} INFO - Started process (PID=1265) to work on /home/airflow/.local/lib/python3.7/site-packages/airflow/example_dags/example_xcom.py
[2021-12-19 04:37:59,695] {processor.py:625} INFO - Processing file /home/airflow/.local/lib/python3.7/site-packages/airflow/example_dags/example_xcom.py for tasks to queue
[2021-12-19 04:37:59,697] {logging_mixin.py:109} INFO - [2021-12-19 04:37:59,697] {dagbag.py:500} INFO - Filling up the DagBag from /home/airflow/.local/lib/python3.7/site-packages/airflow/example_dags/example_xcom.py
[2021-12-19 04:37:59,755] {processor.py:637} INFO - DAG(s) dict_keys(['example_xcom']) retrieved from /home/airflow/.local/lib/python3.7/site-packages/airflow/example_dags/example_xcom.py
[2021-12-19 04:38:00,102] {logging_mixin.py:109} INFO - [2021-12-19 04:38:00,102] {dag.py:2396} INFO - Sync 1 DAGs
[2021-12-19 04:38:00,121] {logging_mixin.py:109} INFO - [2021-12-19 04:38:00,121] {dag.py:2928} INFO - Setting next_dagrun for example_xcom to 2021-01-01T00:00:00+00:00
[2021-12-19 04:38:00,410] {processor.py:171} INFO - Processing /home/airflow/.local/lib/python3.7/site-packages/airflow/example_dags/example_xcom.py took 0.723 seconds
[2021-12-19 04:39:23,982] {processor.py:163} INFO - Started process (PID=1311) to work on /home/airflow/.local/lib/python3.7/site-packages/airflow/example_dags/example_xcom.py
[2021-12-19 04:39:23,989] {processor.py:625} INFO - Processing file /home/airflow/.local/lib/python3.7/site-packages/airflow/example_dags/example_xcom.py for tasks to queue
[2021-12-19 04:39:23,995] {logging_mixin.py:109} INFO - [2021-12-19 04:39:23,994] {dagbag.py:500} INFO - Filling up the DagBag from /home/airflow/.local/lib/python3.7/site-packages/airflow/example_dags/example_xcom.py
[2021-12-19 04:39:24,151] {processor.py:637} INFO - DAG(s) dict_keys(['example_xcom']) retrieved from /home/airflow/.local/lib/python3.7/site-packages/airflow/example_dags/example_xcom.py
[2021-12-19 04:39:25,268] {logging_mixin.py:109} INFO - [2021-12-19 04:39:25,266] {dag.py:2396} INFO - Sync 1 DAGs
[2021-12-19 04:39:25,336] {logging_mixin.py:109} INFO - [2021-12-19 04:39:25,336] {dag.py:2928} INFO - Setting next_dagrun for example_xcom to 2021-01-01T00:00:00+00:00
[2021-12-19 04:39:26,117] {processor.py:171} INFO - Processing /home/airflow/.local/lib/python3.7/site-packages/airflow/example_dags/example_xcom.py took 2.150 seconds
[2021-12-19 04:40:07,908] {processor.py:163} INFO - Started process (PID=1364) to work on /home/airflow/.local/lib/python3.7/site-packages/airflow/example_dags/example_xcom.py
[2021-12-19 04:40:07,940] {processor.py:625} INFO - Processing file /home/airflow/.local/lib/python3.7/site-packages/airflow/example_dags/example_xcom.py for tasks to queue
[2021-12-19 04:40:07,969] {logging_mixin.py:109} INFO - [2021-12-19 04:40:07,969] {dagbag.py:500} INFO - Filling up the DagBag from /home/airflow/.local/lib/python3.7/site-packages/airflow/example_dags/example_xcom.py
[2021-12-19 04:40:08,253] {processor.py:637} INFO - DAG(s) dict_keys(['example_xcom']) retrieved from /home/airflow/.local/lib/python3.7/site-packages/airflow/example_dags/example_xcom.py
[2021-12-19 04:40:09,300] {logging_mixin.py:109} INFO - [2021-12-19 04:40:09,299] {dag.py:2396} INFO - Sync 1 DAGs
[2021-12-19 04:40:09,345] {logging_mixin.py:109} INFO - [2021-12-19 04:40:09,344] {dag.py:2928} INFO - Setting next_dagrun for example_xcom to 2021-01-01T00:00:00+00:00
[2021-12-19 04:40:09,727] {processor.py:171} INFO - Processing /home/airflow/.local/lib/python3.7/site-packages/airflow/example_dags/example_xcom.py took 1.843 seconds
[2021-12-19 04:41:29,950] {processor.py:163} INFO - Started process (PID=1377) to work on /home/airflow/.local/lib/python3.7/site-packages/airflow/example_dags/example_xcom.py
[2021-12-19 04:41:29,962] {processor.py:625} INFO - Processing file /home/airflow/.local/lib/python3.7/site-packages/airflow/example_dags/example_xcom.py for tasks to queue
[2021-12-19 04:41:29,967] {logging_mixin.py:109} INFO - [2021-12-19 04:41:29,966] {dagbag.py:500} INFO - Filling up the DagBag from /home/airflow/.local/lib/python3.7/site-packages/airflow/example_dags/example_xcom.py
[2021-12-19 04:41:30,141] {processor.py:637} INFO - DAG(s) dict_keys(['example_xcom']) retrieved from /home/airflow/.local/lib/python3.7/site-packages/airflow/example_dags/example_xcom.py
[2021-12-19 04:41:32,140] {logging_mixin.py:109} INFO - [2021-12-19 04:41:32,140] {dag.py:2396} INFO - Sync 1 DAGs
[2021-12-19 04:41:32,190] {logging_mixin.py:109} INFO - [2021-12-19 04:41:32,189] {dag.py:2928} INFO - Setting next_dagrun for example_xcom to 2021-01-01T00:00:00+00:00
[2021-12-19 04:41:32,233] {processor.py:171} INFO - Processing /home/airflow/.local/lib/python3.7/site-packages/airflow/example_dags/example_xcom.py took 2.309 seconds
[2021-12-19 04:42:02,564] {processor.py:163} INFO - Started process (PID=1428) to work on /home/airflow/.local/lib/python3.7/site-packages/airflow/example_dags/example_xcom.py
[2021-12-19 04:42:02,578] {processor.py:625} INFO - Processing file /home/airflow/.local/lib/python3.7/site-packages/airflow/example_dags/example_xcom.py for tasks to queue
[2021-12-19 04:42:02,582] {logging_mixin.py:109} INFO - [2021-12-19 04:42:02,581] {dagbag.py:500} INFO - Filling up the DagBag from /home/airflow/.local/lib/python3.7/site-packages/airflow/example_dags/example_xcom.py
[2021-12-19 04:42:02,765] {processor.py:637} INFO - DAG(s) dict_keys(['example_xcom']) retrieved from /home/airflow/.local/lib/python3.7/site-packages/airflow/example_dags/example_xcom.py
[2021-12-19 04:42:03,931] {logging_mixin.py:109} INFO - [2021-12-19 04:42:03,931] {dag.py:2396} INFO - Sync 1 DAGs
[2021-12-19 04:42:03,992] {logging_mixin.py:109} INFO - [2021-12-19 04:42:03,992] {dag.py:2928} INFO - Setting next_dagrun for example_xcom to 2021-01-01T00:00:00+00:00
[2021-12-19 04:42:10,528] {processor.py:171} INFO - Processing /home/airflow/.local/lib/python3.7/site-packages/airflow/example_dags/example_xcom.py took 7.981 seconds
[2021-12-19 04:43:22,492] {processor.py:163} INFO - Started process (PID=1470) to work on /home/airflow/.local/lib/python3.7/site-packages/airflow/example_dags/example_xcom.py
[2021-12-19 04:43:22,500] {processor.py:625} INFO - Processing file /home/airflow/.local/lib/python3.7/site-packages/airflow/example_dags/example_xcom.py for tasks to queue
[2021-12-19 04:43:22,503] {logging_mixin.py:109} INFO - [2021-12-19 04:43:22,503] {dagbag.py:500} INFO - Filling up the DagBag from /home/airflow/.local/lib/python3.7/site-packages/airflow/example_dags/example_xcom.py
[2021-12-19 04:43:22,733] {processor.py:637} INFO - DAG(s) dict_keys(['example_xcom']) retrieved from /home/airflow/.local/lib/python3.7/site-packages/airflow/example_dags/example_xcom.py
[2021-12-19 04:43:24,681] {logging_mixin.py:109} INFO - [2021-12-19 04:43:24,681] {dag.py:2396} INFO - Sync 1 DAGs
[2021-12-19 04:43:24,715] {logging_mixin.py:109} INFO - [2021-12-19 04:43:24,714] {dag.py:2928} INFO - Setting next_dagrun for example_xcom to 2021-01-01T00:00:00+00:00
[2021-12-19 04:43:25,999] {processor.py:171} INFO - Processing /home/airflow/.local/lib/python3.7/site-packages/airflow/example_dags/example_xcom.py took 3.528 seconds
[2021-12-19 04:44:00,821] {processor.py:163} INFO - Started process (PID=1521) to work on /home/airflow/.local/lib/python3.7/site-packages/airflow/example_dags/example_xcom.py
[2021-12-19 04:44:00,828] {processor.py:625} INFO - Processing file /home/airflow/.local/lib/python3.7/site-packages/airflow/example_dags/example_xcom.py for tasks to queue
[2021-12-19 04:44:00,831] {logging_mixin.py:109} INFO - [2021-12-19 04:44:00,830] {dagbag.py:500} INFO - Filling up the DagBag from /home/airflow/.local/lib/python3.7/site-packages/airflow/example_dags/example_xcom.py
[2021-12-19 04:44:00,968] {processor.py:637} INFO - DAG(s) dict_keys(['example_xcom']) retrieved from /home/airflow/.local/lib/python3.7/site-packages/airflow/example_dags/example_xcom.py
[2021-12-19 04:44:01,969] {logging_mixin.py:109} INFO - [2021-12-19 04:44:01,969] {dag.py:2396} INFO - Sync 1 DAGs
[2021-12-19 04:44:02,004] {logging_mixin.py:109} INFO - [2021-12-19 04:44:02,004] {dag.py:2928} INFO - Setting next_dagrun for example_xcom to 2021-01-01T00:00:00+00:00
[2021-12-19 04:44:02,668] {processor.py:171} INFO - Processing /home/airflow/.local/lib/python3.7/site-packages/airflow/example_dags/example_xcom.py took 1.877 seconds
[2021-12-19 04:44:33,500] {processor.py:163} INFO - Started process (PID=1576) to work on /home/airflow/.local/lib/python3.7/site-packages/airflow/example_dags/example_xcom.py
[2021-12-19 04:44:33,505] {processor.py:625} INFO - Processing file /home/airflow/.local/lib/python3.7/site-packages/airflow/example_dags/example_xcom.py for tasks to queue
[2021-12-19 04:44:33,510] {logging_mixin.py:109} INFO - [2021-12-19 04:44:33,509] {dagbag.py:500} INFO - Filling up the DagBag from /home/airflow/.local/lib/python3.7/site-packages/airflow/example_dags/example_xcom.py
[2021-12-19 04:44:33,688] {processor.py:637} INFO - DAG(s) dict_keys(['example_xcom']) retrieved from /home/airflow/.local/lib/python3.7/site-packages/airflow/example_dags/example_xcom.py
[2021-12-19 04:44:34,592] {logging_mixin.py:109} INFO - [2021-12-19 04:44:34,591] {dag.py:2396} INFO - Sync 1 DAGs
[2021-12-19 04:44:34,640] {logging_mixin.py:109} INFO - [2021-12-19 04:44:34,639] {dag.py:2928} INFO - Setting next_dagrun for example_xcom to 2021-01-01T00:00:00+00:00
[2021-12-19 04:44:35,187] {processor.py:171} INFO - Processing /home/airflow/.local/lib/python3.7/site-packages/airflow/example_dags/example_xcom.py took 1.705 seconds
[2021-12-19 04:45:09,982] {processor.py:163} INFO - Started process (PID=1607) to work on /home/airflow/.local/lib/python3.7/site-packages/airflow/example_dags/example_xcom.py
[2021-12-19 04:45:09,986] {processor.py:625} INFO - Processing file /home/airflow/.local/lib/python3.7/site-packages/airflow/example_dags/example_xcom.py for tasks to queue
[2021-12-19 04:45:09,988] {logging_mixin.py:109} INFO - [2021-12-19 04:45:09,988] {dagbag.py:500} INFO - Filling up the DagBag from /home/airflow/.local/lib/python3.7/site-packages/airflow/example_dags/example_xcom.py
[2021-12-19 04:45:10,064] {processor.py:637} INFO - DAG(s) dict_keys(['example_xcom']) retrieved from /home/airflow/.local/lib/python3.7/site-packages/airflow/example_dags/example_xcom.py
[2021-12-19 04:45:10,556] {logging_mixin.py:109} INFO - [2021-12-19 04:45:10,556] {dag.py:2396} INFO - Sync 1 DAGs
[2021-12-19 04:45:10,590] {logging_mixin.py:109} INFO - [2021-12-19 04:45:10,590] {dag.py:2928} INFO - Setting next_dagrun for example_xcom to 2021-01-01T00:00:00+00:00
[2021-12-19 04:45:10,625] {processor.py:171} INFO - Processing /home/airflow/.local/lib/python3.7/site-packages/airflow/example_dags/example_xcom.py took 0.652 seconds
[2021-12-19 04:46:20,361] {processor.py:163} INFO - Started process (PID=1626) to work on /home/airflow/.local/lib/python3.7/site-packages/airflow/example_dags/example_xcom.py
[2021-12-19 04:46:20,368] {processor.py:625} INFO - Processing file /home/airflow/.local/lib/python3.7/site-packages/airflow/example_dags/example_xcom.py for tasks to queue
[2021-12-19 04:46:20,372] {logging_mixin.py:109} INFO - [2021-12-19 04:46:20,371] {dagbag.py:500} INFO - Filling up the DagBag from /home/airflow/.local/lib/python3.7/site-packages/airflow/example_dags/example_xcom.py
[2021-12-19 04:46:20,562] {processor.py:637} INFO - DAG(s) dict_keys(['example_xcom']) retrieved from /home/airflow/.local/lib/python3.7/site-packages/airflow/example_dags/example_xcom.py
[2021-12-19 04:46:21,463] {logging_mixin.py:109} INFO - [2021-12-19 04:46:21,463] {dag.py:2396} INFO - Sync 1 DAGs
[2021-12-19 04:46:21,538] {logging_mixin.py:109} INFO - [2021-12-19 04:46:21,538] {dag.py:2928} INFO - Setting next_dagrun for example_xcom to 2021-01-01T00:00:00+00:00
[2021-12-19 04:46:21,592] {processor.py:171} INFO - Processing /home/airflow/.local/lib/python3.7/site-packages/airflow/example_dags/example_xcom.py took 1.245 seconds
[2021-12-19 04:46:59,374] {processor.py:163} INFO - Started process (PID=1659) to work on /home/airflow/.local/lib/python3.7/site-packages/airflow/example_dags/example_xcom.py
[2021-12-19 04:46:59,381] {processor.py:625} INFO - Processing file /home/airflow/.local/lib/python3.7/site-packages/airflow/example_dags/example_xcom.py for tasks to queue
[2021-12-19 04:46:59,384] {logging_mixin.py:109} INFO - [2021-12-19 04:46:59,383] {dagbag.py:500} INFO - Filling up the DagBag from /home/airflow/.local/lib/python3.7/site-packages/airflow/example_dags/example_xcom.py
[2021-12-19 04:46:59,485] {processor.py:637} INFO - DAG(s) dict_keys(['example_xcom']) retrieved from /home/airflow/.local/lib/python3.7/site-packages/airflow/example_dags/example_xcom.py
[2021-12-19 04:47:00,172] {logging_mixin.py:109} INFO - [2021-12-19 04:47:00,171] {dag.py:2396} INFO - Sync 1 DAGs
[2021-12-19 04:47:00,212] {logging_mixin.py:109} INFO - [2021-12-19 04:47:00,212] {dag.py:2928} INFO - Setting next_dagrun for example_xcom to 2021-01-01T00:00:00+00:00
[2021-12-19 04:47:00,251] {processor.py:171} INFO - Processing /home/airflow/.local/lib/python3.7/site-packages/airflow/example_dags/example_xcom.py took 0.887 seconds
[2021-12-19 04:47:31,032] {processor.py:163} INFO - Started process (PID=1709) to work on /home/airflow/.local/lib/python3.7/site-packages/airflow/example_dags/example_xcom.py
[2021-12-19 04:47:31,039] {processor.py:625} INFO - Processing file /home/airflow/.local/lib/python3.7/site-packages/airflow/example_dags/example_xcom.py for tasks to queue
[2021-12-19 04:47:31,041] {logging_mixin.py:109} INFO - [2021-12-19 04:47:31,041] {dagbag.py:500} INFO - Filling up the DagBag from /home/airflow/.local/lib/python3.7/site-packages/airflow/example_dags/example_xcom.py
[2021-12-19 04:47:31,146] {processor.py:637} INFO - DAG(s) dict_keys(['example_xcom']) retrieved from /home/airflow/.local/lib/python3.7/site-packages/airflow/example_dags/example_xcom.py
[2021-12-19 04:47:32,193] {logging_mixin.py:109} INFO - [2021-12-19 04:47:32,193] {dag.py:2396} INFO - Sync 1 DAGs
[2021-12-19 04:47:32,249] {logging_mixin.py:109} INFO - [2021-12-19 04:47:32,248] {dag.py:2928} INFO - Setting next_dagrun for example_xcom to 2021-01-01T00:00:00+00:00
[2021-12-19 04:47:32,309] {processor.py:171} INFO - Processing /home/airflow/.local/lib/python3.7/site-packages/airflow/example_dags/example_xcom.py took 1.288 seconds
[2021-12-19 04:48:02,799] {processor.py:163} INFO - Started process (PID=1753) to work on /home/airflow/.local/lib/python3.7/site-packages/airflow/example_dags/example_xcom.py
[2021-12-19 04:48:02,804] {processor.py:625} INFO - Processing file /home/airflow/.local/lib/python3.7/site-packages/airflow/example_dags/example_xcom.py for tasks to queue
[2021-12-19 04:48:02,811] {logging_mixin.py:109} INFO - [2021-12-19 04:48:02,811] {dagbag.py:500} INFO - Filling up the DagBag from /home/airflow/.local/lib/python3.7/site-packages/airflow/example_dags/example_xcom.py
[2021-12-19 04:48:02,916] {processor.py:637} INFO - DAG(s) dict_keys(['example_xcom']) retrieved from /home/airflow/.local/lib/python3.7/site-packages/airflow/example_dags/example_xcom.py
[2021-12-19 04:48:03,657] {logging_mixin.py:109} INFO - [2021-12-19 04:48:03,656] {dag.py:2396} INFO - Sync 1 DAGs
[2021-12-19 04:48:03,704] {logging_mixin.py:109} INFO - [2021-12-19 04:48:03,704] {dag.py:2928} INFO - Setting next_dagrun for example_xcom to 2021-01-01T00:00:00+00:00
[2021-12-19 04:48:04,036] {processor.py:171} INFO - Processing /home/airflow/.local/lib/python3.7/site-packages/airflow/example_dags/example_xcom.py took 1.250 seconds
[2021-12-19 04:48:34,458] {processor.py:163} INFO - Started process (PID=1810) to work on /home/airflow/.local/lib/python3.7/site-packages/airflow/example_dags/example_xcom.py
[2021-12-19 04:48:34,463] {processor.py:625} INFO - Processing file /home/airflow/.local/lib/python3.7/site-packages/airflow/example_dags/example_xcom.py for tasks to queue
[2021-12-19 04:48:34,465] {logging_mixin.py:109} INFO - [2021-12-19 04:48:34,465] {dagbag.py:500} INFO - Filling up the DagBag from /home/airflow/.local/lib/python3.7/site-packages/airflow/example_dags/example_xcom.py
[2021-12-19 04:48:34,557] {processor.py:637} INFO - DAG(s) dict_keys(['example_xcom']) retrieved from /home/airflow/.local/lib/python3.7/site-packages/airflow/example_dags/example_xcom.py
[2021-12-19 04:48:35,250] {logging_mixin.py:109} INFO - [2021-12-19 04:48:35,250] {dag.py:2396} INFO - Sync 1 DAGs
[2021-12-19 04:48:35,285] {logging_mixin.py:109} INFO - [2021-12-19 04:48:35,285] {dag.py:2928} INFO - Setting next_dagrun for example_xcom to 2021-01-01T00:00:00+00:00
[2021-12-19 04:48:35,320] {processor.py:171} INFO - Processing /home/airflow/.local/lib/python3.7/site-packages/airflow/example_dags/example_xcom.py took 0.873 seconds
[2021-12-19 04:49:12,118] {processor.py:163} INFO - Started process (PID=1862) to work on /home/airflow/.local/lib/python3.7/site-packages/airflow/example_dags/example_xcom.py
[2021-12-19 04:49:12,131] {processor.py:625} INFO - Processing file /home/airflow/.local/lib/python3.7/site-packages/airflow/example_dags/example_xcom.py for tasks to queue
[2021-12-19 04:49:12,134] {logging_mixin.py:109} INFO - [2021-12-19 04:49:12,134] {dagbag.py:500} INFO - Filling up the DagBag from /home/airflow/.local/lib/python3.7/site-packages/airflow/example_dags/example_xcom.py
[2021-12-19 04:49:12,320] {processor.py:637} INFO - DAG(s) dict_keys(['example_xcom']) retrieved from /home/airflow/.local/lib/python3.7/site-packages/airflow/example_dags/example_xcom.py
[2021-12-19 04:49:13,436] {logging_mixin.py:109} INFO - [2021-12-19 04:49:13,436] {dag.py:2396} INFO - Sync 1 DAGs
[2021-12-19 04:49:13,481] {logging_mixin.py:109} INFO - [2021-12-19 04:49:13,481] {dag.py:2928} INFO - Setting next_dagrun for example_xcom to 2021-01-01T00:00:00+00:00
[2021-12-19 04:49:13,893] {processor.py:171} INFO - Processing /home/airflow/.local/lib/python3.7/site-packages/airflow/example_dags/example_xcom.py took 1.797 seconds
[2021-12-19 04:49:46,815] {processor.py:163} INFO - Started process (PID=1881) to work on /home/airflow/.local/lib/python3.7/site-packages/airflow/example_dags/example_xcom.py
[2021-12-19 04:49:46,825] {processor.py:625} INFO - Processing file /home/airflow/.local/lib/python3.7/site-packages/airflow/example_dags/example_xcom.py for tasks to queue
[2021-12-19 04:49:46,828] {logging_mixin.py:109} INFO - [2021-12-19 04:49:46,827] {dagbag.py:500} INFO - Filling up the DagBag from /home/airflow/.local/lib/python3.7/site-packages/airflow/example_dags/example_xcom.py
[2021-12-19 04:49:46,900] {processor.py:637} INFO - DAG(s) dict_keys(['example_xcom']) retrieved from /home/airflow/.local/lib/python3.7/site-packages/airflow/example_dags/example_xcom.py
[2021-12-19 04:49:47,391] {logging_mixin.py:109} INFO - [2021-12-19 04:49:47,390] {dag.py:2396} INFO - Sync 1 DAGs
[2021-12-19 04:49:47,430] {logging_mixin.py:109} INFO - [2021-12-19 04:49:47,429] {dag.py:2928} INFO - Setting next_dagrun for example_xcom to 2021-01-01T00:00:00+00:00
[2021-12-19 04:49:47,654] {processor.py:171} INFO - Processing /home/airflow/.local/lib/python3.7/site-packages/airflow/example_dags/example_xcom.py took 0.848 seconds
[2021-12-19 04:50:26,727] {processor.py:163} INFO - Started process (PID=1928) to work on /home/airflow/.local/lib/python3.7/site-packages/airflow/example_dags/example_xcom.py
[2021-12-19 04:50:26,731] {processor.py:625} INFO - Processing file /home/airflow/.local/lib/python3.7/site-packages/airflow/example_dags/example_xcom.py for tasks to queue
[2021-12-19 04:50:26,733] {logging_mixin.py:109} INFO - [2021-12-19 04:50:26,733] {dagbag.py:500} INFO - Filling up the DagBag from /home/airflow/.local/lib/python3.7/site-packages/airflow/example_dags/example_xcom.py
[2021-12-19 04:50:26,844] {processor.py:637} INFO - DAG(s) dict_keys(['example_xcom']) retrieved from /home/airflow/.local/lib/python3.7/site-packages/airflow/example_dags/example_xcom.py
[2021-12-19 04:50:27,777] {logging_mixin.py:109} INFO - [2021-12-19 04:50:27,777] {dag.py:2396} INFO - Sync 1 DAGs
[2021-12-19 04:50:27,824] {logging_mixin.py:109} INFO - [2021-12-19 04:50:27,823] {dag.py:2928} INFO - Setting next_dagrun for example_xcom to 2021-01-01T00:00:00+00:00
[2021-12-19 04:50:28,542] {processor.py:171} INFO - Processing /home/airflow/.local/lib/python3.7/site-packages/airflow/example_dags/example_xcom.py took 1.824 seconds
