[2021-12-19 04:16:36,610] {processor.py:163} INFO - Started process (PID=396) to work on /home/airflow/.local/lib/python3.7/site-packages/airflow/example_dags/example_branch_python_dop_operator_3.py
[2021-12-19 04:16:36,616] {processor.py:625} INFO - Processing file /home/airflow/.local/lib/python3.7/site-packages/airflow/example_dags/example_branch_python_dop_operator_3.py for tasks to queue
[2021-12-19 04:16:36,617] {logging_mixin.py:109} INFO - [2021-12-19 04:16:36,617] {dagbag.py:500} INFO - Filling up the DagBag from /home/airflow/.local/lib/python3.7/site-packages/airflow/example_dags/example_branch_python_dop_operator_3.py
[2021-12-19 04:16:36,695] {processor.py:637} INFO - DAG(s) dict_keys(['example_branch_dop_operator_v3']) retrieved from /home/airflow/.local/lib/python3.7/site-packages/airflow/example_dags/example_branch_python_dop_operator_3.py
[2021-12-19 04:17:24,765] {logging_mixin.py:109} INFO - [2021-12-19 04:17:24,764] {providers_manager.py:156} WARNING - Exception when importing 'airflow.providers.google.leveldb.hooks.leveldb.LevelDBHook' from 'apache-airflow-providers-google' package: No module named 'plyvel'
[2021-12-19 04:18:43,720] {processor.py:163} INFO - Started process (PID=467) to work on /home/airflow/.local/lib/python3.7/site-packages/airflow/example_dags/example_branch_python_dop_operator_3.py
[2021-12-19 04:18:43,724] {processor.py:625} INFO - Processing file /home/airflow/.local/lib/python3.7/site-packages/airflow/example_dags/example_branch_python_dop_operator_3.py for tasks to queue
[2021-12-19 04:18:43,726] {logging_mixin.py:109} INFO - [2021-12-19 04:18:43,726] {dagbag.py:500} INFO - Filling up the DagBag from /home/airflow/.local/lib/python3.7/site-packages/airflow/example_dags/example_branch_python_dop_operator_3.py
[2021-12-19 04:18:43,831] {processor.py:637} INFO - DAG(s) dict_keys(['example_branch_dop_operator_v3']) retrieved from /home/airflow/.local/lib/python3.7/site-packages/airflow/example_dags/example_branch_python_dop_operator_3.py
[2021-12-19 04:19:32,464] {logging_mixin.py:109} INFO - [2021-12-19 04:19:32,464] {providers_manager.py:156} WARNING - Exception when importing 'airflow.providers.google.leveldb.hooks.leveldb.LevelDBHook' from 'apache-airflow-providers-google' package: No module named 'plyvel'
[2021-12-19 04:19:33,172] {logging_mixin.py:109} INFO - [2021-12-19 04:19:33,172] {providers_manager.py:156} WARNING - Exception when importing 'airflow.providers.google.leveldb.hooks.leveldb.LevelDBHook' from 'apache-airflow-providers-google' package: No module named 'plyvel'
[2021-12-19 04:20:15,636] {processor.py:163} INFO - Started process (PID=521) to work on /home/airflow/.local/lib/python3.7/site-packages/airflow/example_dags/example_branch_python_dop_operator_3.py
[2021-12-19 04:20:15,649] {processor.py:625} INFO - Processing file /home/airflow/.local/lib/python3.7/site-packages/airflow/example_dags/example_branch_python_dop_operator_3.py for tasks to queue
[2021-12-19 04:20:15,652] {logging_mixin.py:109} INFO - [2021-12-19 04:20:15,652] {dagbag.py:500} INFO - Filling up the DagBag from /home/airflow/.local/lib/python3.7/site-packages/airflow/example_dags/example_branch_python_dop_operator_3.py
[2021-12-19 04:20:15,906] {processor.py:637} INFO - DAG(s) dict_keys(['example_branch_dop_operator_v3']) retrieved from /home/airflow/.local/lib/python3.7/site-packages/airflow/example_dags/example_branch_python_dop_operator_3.py
[2021-12-19 04:20:15,987] {logging_mixin.py:109} INFO - [2021-12-19 04:20:15,987] {dag.py:2396} INFO - Sync 1 DAGs
[2021-12-19 04:20:16,021] {logging_mixin.py:109} INFO - [2021-12-19 04:20:16,021] {dag.py:2415} INFO - Creating ORM DAG for example_branch_dop_operator_v3
[2021-12-19 04:20:16,107] {logging_mixin.py:109} INFO - [2021-12-19 04:20:16,107] {dag.py:2928} INFO - Setting next_dagrun for example_branch_dop_operator_v3 to 2021-12-19T04:19:00+00:00
[2021-12-19 04:20:16,208] {processor.py:171} INFO - Processing /home/airflow/.local/lib/python3.7/site-packages/airflow/example_dags/example_branch_python_dop_operator_3.py took 0.598 seconds
[2021-12-19 04:22:29,815] {processor.py:163} INFO - Started process (PID=565) to work on /home/airflow/.local/lib/python3.7/site-packages/airflow/example_dags/example_branch_python_dop_operator_3.py
[2021-12-19 04:22:29,820] {processor.py:625} INFO - Processing file /home/airflow/.local/lib/python3.7/site-packages/airflow/example_dags/example_branch_python_dop_operator_3.py for tasks to queue
[2021-12-19 04:22:29,829] {logging_mixin.py:109} INFO - [2021-12-19 04:22:29,824] {dagbag.py:500} INFO - Filling up the DagBag from /home/airflow/.local/lib/python3.7/site-packages/airflow/example_dags/example_branch_python_dop_operator_3.py
[2021-12-19 04:22:29,987] {processor.py:637} INFO - DAG(s) dict_keys(['example_branch_dop_operator_v3']) retrieved from /home/airflow/.local/lib/python3.7/site-packages/airflow/example_dags/example_branch_python_dop_operator_3.py
[2021-12-19 04:22:30,062] {logging_mixin.py:109} INFO - [2021-12-19 04:22:30,061] {dag.py:2396} INFO - Sync 1 DAGs
[2021-12-19 04:22:30,242] {logging_mixin.py:109} INFO - [2021-12-19 04:22:30,241] {dag.py:2928} INFO - Setting next_dagrun for example_branch_dop_operator_v3 to 2021-12-19T04:21:00+00:00
[2021-12-19 04:22:30,307] {processor.py:171} INFO - Processing /home/airflow/.local/lib/python3.7/site-packages/airflow/example_dags/example_branch_python_dop_operator_3.py took 0.508 seconds
[2021-12-19 04:24:54,936] {processor.py:163} INFO - Started process (PID=617) to work on /home/airflow/.local/lib/python3.7/site-packages/airflow/example_dags/example_branch_python_dop_operator_3.py
[2021-12-19 04:24:54,941] {processor.py:625} INFO - Processing file /home/airflow/.local/lib/python3.7/site-packages/airflow/example_dags/example_branch_python_dop_operator_3.py for tasks to queue
[2021-12-19 04:24:54,946] {logging_mixin.py:109} INFO - [2021-12-19 04:24:54,945] {dagbag.py:500} INFO - Filling up the DagBag from /home/airflow/.local/lib/python3.7/site-packages/airflow/example_dags/example_branch_python_dop_operator_3.py
[2021-12-19 04:24:55,099] {processor.py:637} INFO - DAG(s) dict_keys(['example_branch_dop_operator_v3']) retrieved from /home/airflow/.local/lib/python3.7/site-packages/airflow/example_dags/example_branch_python_dop_operator_3.py
[2021-12-19 04:25:05,698] {logging_mixin.py:109} INFO - [2021-12-19 04:25:05,698] {dag.py:2396} INFO - Sync 1 DAGs
[2021-12-19 04:25:05,789] {logging_mixin.py:109} INFO - [2021-12-19 04:25:05,789] {dag.py:2928} INFO - Setting next_dagrun for example_branch_dop_operator_v3 to 2021-12-19T04:24:00+00:00
[2021-12-19 04:25:09,303] {processor.py:171} INFO - Processing /home/airflow/.local/lib/python3.7/site-packages/airflow/example_dags/example_branch_python_dop_operator_3.py took 14.384 seconds
[2021-12-19 04:28:09,933] {processor.py:163} INFO - Started process (PID=705) to work on /home/airflow/.local/lib/python3.7/site-packages/airflow/example_dags/example_branch_python_dop_operator_3.py
[2021-12-19 04:28:09,939] {processor.py:625} INFO - Processing file /home/airflow/.local/lib/python3.7/site-packages/airflow/example_dags/example_branch_python_dop_operator_3.py for tasks to queue
[2021-12-19 04:28:09,942] {logging_mixin.py:109} INFO - [2021-12-19 04:28:09,941] {dagbag.py:500} INFO - Filling up the DagBag from /home/airflow/.local/lib/python3.7/site-packages/airflow/example_dags/example_branch_python_dop_operator_3.py
[2021-12-19 04:28:10,032] {processor.py:637} INFO - DAG(s) dict_keys(['example_branch_dop_operator_v3']) retrieved from /home/airflow/.local/lib/python3.7/site-packages/airflow/example_dags/example_branch_python_dop_operator_3.py
[2021-12-19 04:28:10,064] {logging_mixin.py:109} INFO - [2021-12-19 04:28:10,064] {dag.py:2396} INFO - Sync 1 DAGs
[2021-12-19 04:28:10,110] {logging_mixin.py:109} INFO - [2021-12-19 04:28:10,109] {dag.py:2928} INFO - Setting next_dagrun for example_branch_dop_operator_v3 to 2021-12-19T04:27:00+00:00
[2021-12-19 04:28:10,159] {processor.py:171} INFO - Processing /home/airflow/.local/lib/python3.7/site-packages/airflow/example_dags/example_branch_python_dop_operator_3.py took 0.237 seconds
[2021-12-19 04:28:57,825] {processor.py:163} INFO - Started process (PID=781) to work on /home/airflow/.local/lib/python3.7/site-packages/airflow/example_dags/example_branch_python_dop_operator_3.py
[2021-12-19 04:28:57,836] {processor.py:625} INFO - Processing file /home/airflow/.local/lib/python3.7/site-packages/airflow/example_dags/example_branch_python_dop_operator_3.py for tasks to queue
[2021-12-19 04:28:57,843] {logging_mixin.py:109} INFO - [2021-12-19 04:28:57,843] {dagbag.py:500} INFO - Filling up the DagBag from /home/airflow/.local/lib/python3.7/site-packages/airflow/example_dags/example_branch_python_dop_operator_3.py
[2021-12-19 04:28:58,032] {processor.py:637} INFO - DAG(s) dict_keys(['example_branch_dop_operator_v3']) retrieved from /home/airflow/.local/lib/python3.7/site-packages/airflow/example_dags/example_branch_python_dop_operator_3.py
[2021-12-19 04:28:58,096] {logging_mixin.py:109} INFO - [2021-12-19 04:28:58,096] {dag.py:2396} INFO - Sync 1 DAGs
[2021-12-19 04:28:58,251] {logging_mixin.py:109} INFO - [2021-12-19 04:28:58,250] {dag.py:2928} INFO - Setting next_dagrun for example_branch_dop_operator_v3 to 2021-12-19T04:27:00+00:00
[2021-12-19 04:28:59,797] {processor.py:171} INFO - Processing /home/airflow/.local/lib/python3.7/site-packages/airflow/example_dags/example_branch_python_dop_operator_3.py took 1.991 seconds
[2021-12-19 04:29:30,164] {processor.py:163} INFO - Started process (PID=833) to work on /home/airflow/.local/lib/python3.7/site-packages/airflow/example_dags/example_branch_python_dop_operator_3.py
[2021-12-19 04:29:30,168] {processor.py:625} INFO - Processing file /home/airflow/.local/lib/python3.7/site-packages/airflow/example_dags/example_branch_python_dop_operator_3.py for tasks to queue
[2021-12-19 04:29:30,177] {logging_mixin.py:109} INFO - [2021-12-19 04:29:30,176] {dagbag.py:500} INFO - Filling up the DagBag from /home/airflow/.local/lib/python3.7/site-packages/airflow/example_dags/example_branch_python_dop_operator_3.py
[2021-12-19 04:29:30,335] {processor.py:637} INFO - DAG(s) dict_keys(['example_branch_dop_operator_v3']) retrieved from /home/airflow/.local/lib/python3.7/site-packages/airflow/example_dags/example_branch_python_dop_operator_3.py
[2021-12-19 04:29:30,381] {logging_mixin.py:109} INFO - [2021-12-19 04:29:30,381] {dag.py:2396} INFO - Sync 1 DAGs
[2021-12-19 04:29:30,477] {logging_mixin.py:109} INFO - [2021-12-19 04:29:30,477] {dag.py:2928} INFO - Setting next_dagrun for example_branch_dop_operator_v3 to 2021-12-19T04:28:00+00:00
[2021-12-19 04:29:31,372] {processor.py:171} INFO - Processing /home/airflow/.local/lib/python3.7/site-packages/airflow/example_dags/example_branch_python_dop_operator_3.py took 1.222 seconds
[2021-12-19 04:30:08,486] {processor.py:163} INFO - Started process (PID=867) to work on /home/airflow/.local/lib/python3.7/site-packages/airflow/example_dags/example_branch_python_dop_operator_3.py
[2021-12-19 04:30:08,491] {processor.py:625} INFO - Processing file /home/airflow/.local/lib/python3.7/site-packages/airflow/example_dags/example_branch_python_dop_operator_3.py for tasks to queue
[2021-12-19 04:30:08,495] {logging_mixin.py:109} INFO - [2021-12-19 04:30:08,495] {dagbag.py:500} INFO - Filling up the DagBag from /home/airflow/.local/lib/python3.7/site-packages/airflow/example_dags/example_branch_python_dop_operator_3.py
[2021-12-19 04:30:08,628] {processor.py:637} INFO - DAG(s) dict_keys(['example_branch_dop_operator_v3']) retrieved from /home/airflow/.local/lib/python3.7/site-packages/airflow/example_dags/example_branch_python_dop_operator_3.py
[2021-12-19 04:30:08,677] {logging_mixin.py:109} INFO - [2021-12-19 04:30:08,677] {dag.py:2396} INFO - Sync 1 DAGs
[2021-12-19 04:30:08,728] {logging_mixin.py:109} INFO - [2021-12-19 04:30:08,728] {dag.py:2928} INFO - Setting next_dagrun for example_branch_dop_operator_v3 to 2021-12-19T04:29:00+00:00
[2021-12-19 04:30:08,942] {processor.py:171} INFO - Processing /home/airflow/.local/lib/python3.7/site-packages/airflow/example_dags/example_branch_python_dop_operator_3.py took 0.469 seconds
[2021-12-19 04:30:40,037] {processor.py:163} INFO - Started process (PID=915) to work on /home/airflow/.local/lib/python3.7/site-packages/airflow/example_dags/example_branch_python_dop_operator_3.py
[2021-12-19 04:30:40,055] {processor.py:625} INFO - Processing file /home/airflow/.local/lib/python3.7/site-packages/airflow/example_dags/example_branch_python_dop_operator_3.py for tasks to queue
[2021-12-19 04:30:40,057] {logging_mixin.py:109} INFO - [2021-12-19 04:30:40,057] {dagbag.py:500} INFO - Filling up the DagBag from /home/airflow/.local/lib/python3.7/site-packages/airflow/example_dags/example_branch_python_dop_operator_3.py
[2021-12-19 04:30:40,131] {processor.py:637} INFO - DAG(s) dict_keys(['example_branch_dop_operator_v3']) retrieved from /home/airflow/.local/lib/python3.7/site-packages/airflow/example_dags/example_branch_python_dop_operator_3.py
[2021-12-19 04:30:40,150] {logging_mixin.py:109} INFO - [2021-12-19 04:30:40,150] {dag.py:2396} INFO - Sync 1 DAGs
[2021-12-19 04:30:40,181] {logging_mixin.py:109} INFO - [2021-12-19 04:30:40,181] {dag.py:2928} INFO - Setting next_dagrun for example_branch_dop_operator_v3 to 2021-12-19T04:29:00+00:00
[2021-12-19 04:30:40,558] {processor.py:171} INFO - Processing /home/airflow/.local/lib/python3.7/site-packages/airflow/example_dags/example_branch_python_dop_operator_3.py took 0.527 seconds
[2021-12-19 04:32:11,551] {processor.py:163} INFO - Started process (PID=962) to work on /home/airflow/.local/lib/python3.7/site-packages/airflow/example_dags/example_branch_python_dop_operator_3.py
[2021-12-19 04:32:11,555] {processor.py:625} INFO - Processing file /home/airflow/.local/lib/python3.7/site-packages/airflow/example_dags/example_branch_python_dop_operator_3.py for tasks to queue
[2021-12-19 04:32:11,558] {logging_mixin.py:109} INFO - [2021-12-19 04:32:11,558] {dagbag.py:500} INFO - Filling up the DagBag from /home/airflow/.local/lib/python3.7/site-packages/airflow/example_dags/example_branch_python_dop_operator_3.py
[2021-12-19 04:32:13,682] {processor.py:637} INFO - DAG(s) dict_keys(['example_branch_dop_operator_v3']) retrieved from /home/airflow/.local/lib/python3.7/site-packages/airflow/example_dags/example_branch_python_dop_operator_3.py
[2021-12-19 04:32:21,767] {logging_mixin.py:109} INFO - [2021-12-19 04:32:21,767] {dag.py:2396} INFO - Sync 1 DAGs
[2021-12-19 04:32:21,846] {logging_mixin.py:109} INFO - [2021-12-19 04:32:21,846] {dag.py:2928} INFO - Setting next_dagrun for example_branch_dop_operator_v3 to 2021-12-19T04:31:00+00:00
[2021-12-19 04:32:22,972] {processor.py:171} INFO - Processing /home/airflow/.local/lib/python3.7/site-packages/airflow/example_dags/example_branch_python_dop_operator_3.py took 15.778 seconds
[2021-12-19 04:32:53,420] {processor.py:163} INFO - Started process (PID=1002) to work on /home/airflow/.local/lib/python3.7/site-packages/airflow/example_dags/example_branch_python_dop_operator_3.py
[2021-12-19 04:32:53,426] {processor.py:625} INFO - Processing file /home/airflow/.local/lib/python3.7/site-packages/airflow/example_dags/example_branch_python_dop_operator_3.py for tasks to queue
[2021-12-19 04:32:53,430] {logging_mixin.py:109} INFO - [2021-12-19 04:32:53,429] {dagbag.py:500} INFO - Filling up the DagBag from /home/airflow/.local/lib/python3.7/site-packages/airflow/example_dags/example_branch_python_dop_operator_3.py
[2021-12-19 04:32:53,541] {processor.py:637} INFO - DAG(s) dict_keys(['example_branch_dop_operator_v3']) retrieved from /home/airflow/.local/lib/python3.7/site-packages/airflow/example_dags/example_branch_python_dop_operator_3.py
[2021-12-19 04:32:53,574] {logging_mixin.py:109} INFO - [2021-12-19 04:32:53,574] {dag.py:2396} INFO - Sync 1 DAGs
[2021-12-19 04:32:53,649] {logging_mixin.py:109} INFO - [2021-12-19 04:32:53,648] {dag.py:2928} INFO - Setting next_dagrun for example_branch_dop_operator_v3 to 2021-12-19T04:31:00+00:00
[2021-12-19 04:32:54,527] {processor.py:171} INFO - Processing /home/airflow/.local/lib/python3.7/site-packages/airflow/example_dags/example_branch_python_dop_operator_3.py took 1.128 seconds
[2021-12-19 04:33:30,809] {processor.py:163} INFO - Started process (PID=1034) to work on /home/airflow/.local/lib/python3.7/site-packages/airflow/example_dags/example_branch_python_dop_operator_3.py
[2021-12-19 04:33:30,824] {processor.py:625} INFO - Processing file /home/airflow/.local/lib/python3.7/site-packages/airflow/example_dags/example_branch_python_dop_operator_3.py for tasks to queue
[2021-12-19 04:33:30,827] {logging_mixin.py:109} INFO - [2021-12-19 04:33:30,827] {dagbag.py:500} INFO - Filling up the DagBag from /home/airflow/.local/lib/python3.7/site-packages/airflow/example_dags/example_branch_python_dop_operator_3.py
[2021-12-19 04:33:30,926] {processor.py:637} INFO - DAG(s) dict_keys(['example_branch_dop_operator_v3']) retrieved from /home/airflow/.local/lib/python3.7/site-packages/airflow/example_dags/example_branch_python_dop_operator_3.py
[2021-12-19 04:33:30,976] {logging_mixin.py:109} INFO - [2021-12-19 04:33:30,974] {dag.py:2396} INFO - Sync 1 DAGs
[2021-12-19 04:33:31,088] {logging_mixin.py:109} INFO - [2021-12-19 04:33:31,088] {dag.py:2928} INFO - Setting next_dagrun for example_branch_dop_operator_v3 to 2021-12-19T04:32:00+00:00
[2021-12-19 04:33:31,202] {processor.py:171} INFO - Processing /home/airflow/.local/lib/python3.7/site-packages/airflow/example_dags/example_branch_python_dop_operator_3.py took 0.404 seconds
[2021-12-19 04:34:11,359] {processor.py:163} INFO - Started process (PID=1077) to work on /home/airflow/.local/lib/python3.7/site-packages/airflow/example_dags/example_branch_python_dop_operator_3.py
[2021-12-19 04:34:11,366] {processor.py:625} INFO - Processing file /home/airflow/.local/lib/python3.7/site-packages/airflow/example_dags/example_branch_python_dop_operator_3.py for tasks to queue
[2021-12-19 04:34:11,371] {logging_mixin.py:109} INFO - [2021-12-19 04:34:11,370] {dagbag.py:500} INFO - Filling up the DagBag from /home/airflow/.local/lib/python3.7/site-packages/airflow/example_dags/example_branch_python_dop_operator_3.py
[2021-12-19 04:34:11,482] {processor.py:637} INFO - DAG(s) dict_keys(['example_branch_dop_operator_v3']) retrieved from /home/airflow/.local/lib/python3.7/site-packages/airflow/example_dags/example_branch_python_dop_operator_3.py
[2021-12-19 04:34:11,515] {logging_mixin.py:109} INFO - [2021-12-19 04:34:11,514] {dag.py:2396} INFO - Sync 1 DAGs
[2021-12-19 04:34:11,664] {logging_mixin.py:109} INFO - [2021-12-19 04:34:11,663] {dag.py:2928} INFO - Setting next_dagrun for example_branch_dop_operator_v3 to 2021-12-19T04:33:00+00:00
[2021-12-19 04:34:11,986] {processor.py:171} INFO - Processing /home/airflow/.local/lib/python3.7/site-packages/airflow/example_dags/example_branch_python_dop_operator_3.py took 0.639 seconds
[2021-12-19 04:35:05,587] {processor.py:163} INFO - Started process (PID=1129) to work on /home/airflow/.local/lib/python3.7/site-packages/airflow/example_dags/example_branch_python_dop_operator_3.py
[2021-12-19 04:35:05,594] {processor.py:625} INFO - Processing file /home/airflow/.local/lib/python3.7/site-packages/airflow/example_dags/example_branch_python_dop_operator_3.py for tasks to queue
[2021-12-19 04:35:05,597] {logging_mixin.py:109} INFO - [2021-12-19 04:35:05,596] {dagbag.py:500} INFO - Filling up the DagBag from /home/airflow/.local/lib/python3.7/site-packages/airflow/example_dags/example_branch_python_dop_operator_3.py
[2021-12-19 04:35:05,676] {processor.py:637} INFO - DAG(s) dict_keys(['example_branch_dop_operator_v3']) retrieved from /home/airflow/.local/lib/python3.7/site-packages/airflow/example_dags/example_branch_python_dop_operator_3.py
[2021-12-19 04:35:05,705] {logging_mixin.py:109} INFO - [2021-12-19 04:35:05,704] {dag.py:2396} INFO - Sync 1 DAGs
[2021-12-19 04:35:05,772] {logging_mixin.py:109} INFO - [2021-12-19 04:35:05,772] {dag.py:2928} INFO - Setting next_dagrun for example_branch_dop_operator_v3 to 2021-12-19T04:34:00+00:00
[2021-12-19 04:35:11,824] {processor.py:171} INFO - Processing /home/airflow/.local/lib/python3.7/site-packages/airflow/example_dags/example_branch_python_dop_operator_3.py took 6.248 seconds
[2021-12-19 04:35:46,422] {processor.py:163} INFO - Started process (PID=1180) to work on /home/airflow/.local/lib/python3.7/site-packages/airflow/example_dags/example_branch_python_dop_operator_3.py
[2021-12-19 04:35:46,437] {processor.py:625} INFO - Processing file /home/airflow/.local/lib/python3.7/site-packages/airflow/example_dags/example_branch_python_dop_operator_3.py for tasks to queue
[2021-12-19 04:35:46,439] {logging_mixin.py:109} INFO - [2021-12-19 04:35:46,439] {dagbag.py:500} INFO - Filling up the DagBag from /home/airflow/.local/lib/python3.7/site-packages/airflow/example_dags/example_branch_python_dop_operator_3.py
[2021-12-19 04:35:46,567] {processor.py:637} INFO - DAG(s) dict_keys(['example_branch_dop_operator_v3']) retrieved from /home/airflow/.local/lib/python3.7/site-packages/airflow/example_dags/example_branch_python_dop_operator_3.py
[2021-12-19 04:35:46,624] {logging_mixin.py:109} INFO - [2021-12-19 04:35:46,624] {dag.py:2396} INFO - Sync 1 DAGs
[2021-12-19 04:35:46,726] {logging_mixin.py:109} INFO - [2021-12-19 04:35:46,726] {dag.py:2928} INFO - Setting next_dagrun for example_branch_dop_operator_v3 to 2021-12-19T04:34:00+00:00
[2021-12-19 04:35:46,767] {processor.py:171} INFO - Processing /home/airflow/.local/lib/python3.7/site-packages/airflow/example_dags/example_branch_python_dop_operator_3.py took 0.356 seconds
[2021-12-19 04:37:17,550] {processor.py:163} INFO - Started process (PID=1237) to work on /home/airflow/.local/lib/python3.7/site-packages/airflow/example_dags/example_branch_python_dop_operator_3.py
[2021-12-19 04:37:17,558] {processor.py:625} INFO - Processing file /home/airflow/.local/lib/python3.7/site-packages/airflow/example_dags/example_branch_python_dop_operator_3.py for tasks to queue
[2021-12-19 04:37:17,561] {logging_mixin.py:109} INFO - [2021-12-19 04:37:17,561] {dagbag.py:500} INFO - Filling up the DagBag from /home/airflow/.local/lib/python3.7/site-packages/airflow/example_dags/example_branch_python_dop_operator_3.py
[2021-12-19 04:37:17,678] {processor.py:637} INFO - DAG(s) dict_keys(['example_branch_dop_operator_v3']) retrieved from /home/airflow/.local/lib/python3.7/site-packages/airflow/example_dags/example_branch_python_dop_operator_3.py
[2021-12-19 04:37:17,756] {logging_mixin.py:109} INFO - [2021-12-19 04:37:17,756] {dag.py:2396} INFO - Sync 1 DAGs
[2021-12-19 04:37:17,876] {logging_mixin.py:109} INFO - [2021-12-19 04:37:17,875] {dag.py:2928} INFO - Setting next_dagrun for example_branch_dop_operator_v3 to 2021-12-19T04:36:00+00:00
[2021-12-19 04:37:17,937] {processor.py:171} INFO - Processing /home/airflow/.local/lib/python3.7/site-packages/airflow/example_dags/example_branch_python_dop_operator_3.py took 0.406 seconds
[2021-12-19 04:38:01,889] {processor.py:163} INFO - Started process (PID=1273) to work on /home/airflow/.local/lib/python3.7/site-packages/airflow/example_dags/example_branch_python_dop_operator_3.py
[2021-12-19 04:38:01,896] {processor.py:625} INFO - Processing file /home/airflow/.local/lib/python3.7/site-packages/airflow/example_dags/example_branch_python_dop_operator_3.py for tasks to queue
[2021-12-19 04:38:01,898] {logging_mixin.py:109} INFO - [2021-12-19 04:38:01,898] {dagbag.py:500} INFO - Filling up the DagBag from /home/airflow/.local/lib/python3.7/site-packages/airflow/example_dags/example_branch_python_dop_operator_3.py
[2021-12-19 04:38:01,978] {processor.py:637} INFO - DAG(s) dict_keys(['example_branch_dop_operator_v3']) retrieved from /home/airflow/.local/lib/python3.7/site-packages/airflow/example_dags/example_branch_python_dop_operator_3.py
[2021-12-19 04:38:02,007] {logging_mixin.py:109} INFO - [2021-12-19 04:38:02,007] {dag.py:2396} INFO - Sync 1 DAGs
[2021-12-19 04:38:02,054] {logging_mixin.py:109} INFO - [2021-12-19 04:38:02,053] {dag.py:2928} INFO - Setting next_dagrun for example_branch_dop_operator_v3 to 2021-12-19T04:37:00+00:00
[2021-12-19 04:38:02,088] {processor.py:171} INFO - Processing /home/airflow/.local/lib/python3.7/site-packages/airflow/example_dags/example_branch_python_dop_operator_3.py took 0.208 seconds
[2021-12-19 04:39:30,076] {processor.py:163} INFO - Started process (PID=1326) to work on /home/airflow/.local/lib/python3.7/site-packages/airflow/example_dags/example_branch_python_dop_operator_3.py
[2021-12-19 04:39:30,111] {processor.py:625} INFO - Processing file /home/airflow/.local/lib/python3.7/site-packages/airflow/example_dags/example_branch_python_dop_operator_3.py for tasks to queue
[2021-12-19 04:39:30,113] {logging_mixin.py:109} INFO - [2021-12-19 04:39:30,113] {dagbag.py:500} INFO - Filling up the DagBag from /home/airflow/.local/lib/python3.7/site-packages/airflow/example_dags/example_branch_python_dop_operator_3.py
[2021-12-19 04:39:30,219] {processor.py:637} INFO - DAG(s) dict_keys(['example_branch_dop_operator_v3']) retrieved from /home/airflow/.local/lib/python3.7/site-packages/airflow/example_dags/example_branch_python_dop_operator_3.py
[2021-12-19 04:39:30,246] {logging_mixin.py:109} INFO - [2021-12-19 04:39:30,245] {dag.py:2396} INFO - Sync 1 DAGs
[2021-12-19 04:39:30,296] {logging_mixin.py:109} INFO - [2021-12-19 04:39:30,296] {dag.py:2928} INFO - Setting next_dagrun for example_branch_dop_operator_v3 to 2021-12-19T04:38:00+00:00
[2021-12-19 04:39:31,630] {processor.py:171} INFO - Processing /home/airflow/.local/lib/python3.7/site-packages/airflow/example_dags/example_branch_python_dop_operator_3.py took 1.565 seconds
[2021-12-19 04:41:38,904] {processor.py:163} INFO - Started process (PID=1399) to work on /home/airflow/.local/lib/python3.7/site-packages/airflow/example_dags/example_branch_python_dop_operator_3.py
[2021-12-19 04:41:38,912] {processor.py:625} INFO - Processing file /home/airflow/.local/lib/python3.7/site-packages/airflow/example_dags/example_branch_python_dop_operator_3.py for tasks to queue
[2021-12-19 04:41:38,919] {logging_mixin.py:109} INFO - [2021-12-19 04:41:38,918] {dagbag.py:500} INFO - Filling up the DagBag from /home/airflow/.local/lib/python3.7/site-packages/airflow/example_dags/example_branch_python_dop_operator_3.py
[2021-12-19 04:41:39,095] {processor.py:637} INFO - DAG(s) dict_keys(['example_branch_dop_operator_v3']) retrieved from /home/airflow/.local/lib/python3.7/site-packages/airflow/example_dags/example_branch_python_dop_operator_3.py
[2021-12-19 04:41:39,177] {logging_mixin.py:109} INFO - [2021-12-19 04:41:39,176] {dag.py:2396} INFO - Sync 1 DAGs
[2021-12-19 04:41:39,334] {logging_mixin.py:109} INFO - [2021-12-19 04:41:39,334] {dag.py:2928} INFO - Setting next_dagrun for example_branch_dop_operator_v3 to 2021-12-19T04:40:00+00:00
[2021-12-19 04:41:42,146] {processor.py:171} INFO - Processing /home/airflow/.local/lib/python3.7/site-packages/airflow/example_dags/example_branch_python_dop_operator_3.py took 3.260 seconds
[2021-12-19 04:43:11,671] {processor.py:163} INFO - Started process (PID=1459) to work on /home/airflow/.local/lib/python3.7/site-packages/airflow/example_dags/example_branch_python_dop_operator_3.py
[2021-12-19 04:43:11,681] {processor.py:625} INFO - Processing file /home/airflow/.local/lib/python3.7/site-packages/airflow/example_dags/example_branch_python_dop_operator_3.py for tasks to queue
[2021-12-19 04:43:11,705] {logging_mixin.py:109} INFO - [2021-12-19 04:43:11,704] {dagbag.py:500} INFO - Filling up the DagBag from /home/airflow/.local/lib/python3.7/site-packages/airflow/example_dags/example_branch_python_dop_operator_3.py
[2021-12-19 04:43:11,940] {processor.py:637} INFO - DAG(s) dict_keys(['example_branch_dop_operator_v3']) retrieved from /home/airflow/.local/lib/python3.7/site-packages/airflow/example_dags/example_branch_python_dop_operator_3.py
[2021-12-19 04:43:12,023] {logging_mixin.py:109} INFO - [2021-12-19 04:43:12,023] {dag.py:2396} INFO - Sync 1 DAGs
[2021-12-19 04:43:12,129] {logging_mixin.py:109} INFO - [2021-12-19 04:43:12,128] {dag.py:2928} INFO - Setting next_dagrun for example_branch_dop_operator_v3 to 2021-12-19T04:42:00+00:00
[2021-12-19 04:43:12,192] {processor.py:171} INFO - Processing /home/airflow/.local/lib/python3.7/site-packages/airflow/example_dags/example_branch_python_dop_operator_3.py took 0.544 seconds
[2021-12-19 04:43:42,418] {processor.py:163} INFO - Started process (PID=1500) to work on /home/airflow/.local/lib/python3.7/site-packages/airflow/example_dags/example_branch_python_dop_operator_3.py
[2021-12-19 04:43:42,479] {processor.py:625} INFO - Processing file /home/airflow/.local/lib/python3.7/site-packages/airflow/example_dags/example_branch_python_dop_operator_3.py for tasks to queue
[2021-12-19 04:43:42,481] {logging_mixin.py:109} INFO - [2021-12-19 04:43:42,481] {dagbag.py:500} INFO - Filling up the DagBag from /home/airflow/.local/lib/python3.7/site-packages/airflow/example_dags/example_branch_python_dop_operator_3.py
[2021-12-19 04:43:42,537] {processor.py:637} INFO - DAG(s) dict_keys(['example_branch_dop_operator_v3']) retrieved from /home/airflow/.local/lib/python3.7/site-packages/airflow/example_dags/example_branch_python_dop_operator_3.py
[2021-12-19 04:43:42,555] {logging_mixin.py:109} INFO - [2021-12-19 04:43:42,555] {dag.py:2396} INFO - Sync 1 DAGs
[2021-12-19 04:43:42,597] {logging_mixin.py:109} INFO - [2021-12-19 04:43:42,597] {dag.py:2928} INFO - Setting next_dagrun for example_branch_dop_operator_v3 to 2021-12-19T04:42:00+00:00
[2021-12-19 04:43:42,720] {processor.py:171} INFO - Processing /home/airflow/.local/lib/python3.7/site-packages/airflow/example_dags/example_branch_python_dop_operator_3.py took 0.309 seconds
[2021-12-19 04:44:21,497] {processor.py:163} INFO - Started process (PID=1553) to work on /home/airflow/.local/lib/python3.7/site-packages/airflow/example_dags/example_branch_python_dop_operator_3.py
[2021-12-19 04:44:21,501] {processor.py:625} INFO - Processing file /home/airflow/.local/lib/python3.7/site-packages/airflow/example_dags/example_branch_python_dop_operator_3.py for tasks to queue
[2021-12-19 04:44:21,503] {logging_mixin.py:109} INFO - [2021-12-19 04:44:21,503] {dagbag.py:500} INFO - Filling up the DagBag from /home/airflow/.local/lib/python3.7/site-packages/airflow/example_dags/example_branch_python_dop_operator_3.py
[2021-12-19 04:44:21,605] {processor.py:637} INFO - DAG(s) dict_keys(['example_branch_dop_operator_v3']) retrieved from /home/airflow/.local/lib/python3.7/site-packages/airflow/example_dags/example_branch_python_dop_operator_3.py
[2021-12-19 04:44:21,636] {logging_mixin.py:109} INFO - [2021-12-19 04:44:21,636] {dag.py:2396} INFO - Sync 1 DAGs
[2021-12-19 04:44:21,702] {logging_mixin.py:109} INFO - [2021-12-19 04:44:21,702] {dag.py:2928} INFO - Setting next_dagrun for example_branch_dop_operator_v3 to 2021-12-19T04:43:00+00:00
[2021-12-19 04:44:21,747] {processor.py:171} INFO - Processing /home/airflow/.local/lib/python3.7/site-packages/airflow/example_dags/example_branch_python_dop_operator_3.py took 0.269 seconds
[2021-12-19 04:45:08,290] {processor.py:163} INFO - Started process (PID=1599) to work on /home/airflow/.local/lib/python3.7/site-packages/airflow/example_dags/example_branch_python_dop_operator_3.py
[2021-12-19 04:45:08,294] {processor.py:625} INFO - Processing file /home/airflow/.local/lib/python3.7/site-packages/airflow/example_dags/example_branch_python_dop_operator_3.py for tasks to queue
[2021-12-19 04:45:08,297] {logging_mixin.py:109} INFO - [2021-12-19 04:45:08,297] {dagbag.py:500} INFO - Filling up the DagBag from /home/airflow/.local/lib/python3.7/site-packages/airflow/example_dags/example_branch_python_dop_operator_3.py
[2021-12-19 04:45:08,390] {processor.py:637} INFO - DAG(s) dict_keys(['example_branch_dop_operator_v3']) retrieved from /home/airflow/.local/lib/python3.7/site-packages/airflow/example_dags/example_branch_python_dop_operator_3.py
[2021-12-19 04:45:08,419] {logging_mixin.py:109} INFO - [2021-12-19 04:45:08,418] {dag.py:2396} INFO - Sync 1 DAGs
[2021-12-19 04:45:08,479] {logging_mixin.py:109} INFO - [2021-12-19 04:45:08,479] {dag.py:2928} INFO - Setting next_dagrun for example_branch_dop_operator_v3 to 2021-12-19T04:44:00+00:00
[2021-12-19 04:45:08,514] {processor.py:171} INFO - Processing /home/airflow/.local/lib/python3.7/site-packages/airflow/example_dags/example_branch_python_dop_operator_3.py took 0.235 seconds
[2021-12-19 04:46:57,189] {processor.py:163} INFO - Started process (PID=1648) to work on /home/airflow/.local/lib/python3.7/site-packages/airflow/example_dags/example_branch_python_dop_operator_3.py
[2021-12-19 04:46:57,194] {processor.py:625} INFO - Processing file /home/airflow/.local/lib/python3.7/site-packages/airflow/example_dags/example_branch_python_dop_operator_3.py for tasks to queue
[2021-12-19 04:46:57,197] {logging_mixin.py:109} INFO - [2021-12-19 04:46:57,196] {dagbag.py:500} INFO - Filling up the DagBag from /home/airflow/.local/lib/python3.7/site-packages/airflow/example_dags/example_branch_python_dop_operator_3.py
[2021-12-19 04:46:57,276] {processor.py:637} INFO - DAG(s) dict_keys(['example_branch_dop_operator_v3']) retrieved from /home/airflow/.local/lib/python3.7/site-packages/airflow/example_dags/example_branch_python_dop_operator_3.py
[2021-12-19 04:46:57,313] {logging_mixin.py:109} INFO - [2021-12-19 04:46:57,313] {dag.py:2396} INFO - Sync 1 DAGs
[2021-12-19 04:46:57,390] {logging_mixin.py:109} INFO - [2021-12-19 04:46:57,390] {dag.py:2928} INFO - Setting next_dagrun for example_branch_dop_operator_v3 to 2021-12-19T04:45:00+00:00
[2021-12-19 04:46:57,433] {processor.py:171} INFO - Processing /home/airflow/.local/lib/python3.7/site-packages/airflow/example_dags/example_branch_python_dop_operator_3.py took 0.254 seconds
[2021-12-19 04:47:28,395] {processor.py:163} INFO - Started process (PID=1700) to work on /home/airflow/.local/lib/python3.7/site-packages/airflow/example_dags/example_branch_python_dop_operator_3.py
[2021-12-19 04:47:28,400] {processor.py:625} INFO - Processing file /home/airflow/.local/lib/python3.7/site-packages/airflow/example_dags/example_branch_python_dop_operator_3.py for tasks to queue
[2021-12-19 04:47:28,404] {logging_mixin.py:109} INFO - [2021-12-19 04:47:28,403] {dagbag.py:500} INFO - Filling up the DagBag from /home/airflow/.local/lib/python3.7/site-packages/airflow/example_dags/example_branch_python_dop_operator_3.py
[2021-12-19 04:47:28,510] {processor.py:637} INFO - DAG(s) dict_keys(['example_branch_dop_operator_v3']) retrieved from /home/airflow/.local/lib/python3.7/site-packages/airflow/example_dags/example_branch_python_dop_operator_3.py
[2021-12-19 04:47:28,547] {logging_mixin.py:109} INFO - [2021-12-19 04:47:28,547] {dag.py:2396} INFO - Sync 1 DAGs
[2021-12-19 04:47:28,630] {logging_mixin.py:109} INFO - [2021-12-19 04:47:28,629] {dag.py:2928} INFO - Setting next_dagrun for example_branch_dop_operator_v3 to 2021-12-19T04:46:00+00:00
[2021-12-19 04:47:28,673] {processor.py:171} INFO - Processing /home/airflow/.local/lib/python3.7/site-packages/airflow/example_dags/example_branch_python_dop_operator_3.py took 0.293 seconds
[2021-12-19 04:47:59,477] {processor.py:163} INFO - Started process (PID=1733) to work on /home/airflow/.local/lib/python3.7/site-packages/airflow/example_dags/example_branch_python_dop_operator_3.py
[2021-12-19 04:47:59,481] {processor.py:625} INFO - Processing file /home/airflow/.local/lib/python3.7/site-packages/airflow/example_dags/example_branch_python_dop_operator_3.py for tasks to queue
[2021-12-19 04:47:59,483] {logging_mixin.py:109} INFO - [2021-12-19 04:47:59,482] {dagbag.py:500} INFO - Filling up the DagBag from /home/airflow/.local/lib/python3.7/site-packages/airflow/example_dags/example_branch_python_dop_operator_3.py
[2021-12-19 04:47:59,547] {processor.py:637} INFO - DAG(s) dict_keys(['example_branch_dop_operator_v3']) retrieved from /home/airflow/.local/lib/python3.7/site-packages/airflow/example_dags/example_branch_python_dop_operator_3.py
[2021-12-19 04:47:59,568] {logging_mixin.py:109} INFO - [2021-12-19 04:47:59,568] {dag.py:2396} INFO - Sync 1 DAGs
[2021-12-19 04:47:59,610] {logging_mixin.py:109} INFO - [2021-12-19 04:47:59,609] {dag.py:2928} INFO - Setting next_dagrun for example_branch_dop_operator_v3 to 2021-12-19T04:46:00+00:00
[2021-12-19 04:47:59,636] {processor.py:171} INFO - Processing /home/airflow/.local/lib/python3.7/site-packages/airflow/example_dags/example_branch_python_dop_operator_3.py took 0.166 seconds
[2021-12-19 04:48:29,943] {processor.py:163} INFO - Started process (PID=1787) to work on /home/airflow/.local/lib/python3.7/site-packages/airflow/example_dags/example_branch_python_dop_operator_3.py
[2021-12-19 04:48:29,957] {processor.py:625} INFO - Processing file /home/airflow/.local/lib/python3.7/site-packages/airflow/example_dags/example_branch_python_dop_operator_3.py for tasks to queue
[2021-12-19 04:48:29,966] {logging_mixin.py:109} INFO - [2021-12-19 04:48:29,966] {dagbag.py:500} INFO - Filling up the DagBag from /home/airflow/.local/lib/python3.7/site-packages/airflow/example_dags/example_branch_python_dop_operator_3.py
[2021-12-19 04:48:30,045] {processor.py:637} INFO - DAG(s) dict_keys(['example_branch_dop_operator_v3']) retrieved from /home/airflow/.local/lib/python3.7/site-packages/airflow/example_dags/example_branch_python_dop_operator_3.py
[2021-12-19 04:48:30,071] {logging_mixin.py:109} INFO - [2021-12-19 04:48:30,071] {dag.py:2396} INFO - Sync 1 DAGs
[2021-12-19 04:48:30,118] {logging_mixin.py:109} INFO - [2021-12-19 04:48:30,118] {dag.py:2928} INFO - Setting next_dagrun for example_branch_dop_operator_v3 to 2021-12-19T04:47:00+00:00
[2021-12-19 04:48:30,150] {processor.py:171} INFO - Processing /home/airflow/.local/lib/python3.7/site-packages/airflow/example_dags/example_branch_python_dop_operator_3.py took 0.213 seconds
[2021-12-19 04:49:04,271] {processor.py:163} INFO - Started process (PID=1839) to work on /home/airflow/.local/lib/python3.7/site-packages/airflow/example_dags/example_branch_python_dop_operator_3.py
[2021-12-19 04:49:04,276] {processor.py:625} INFO - Processing file /home/airflow/.local/lib/python3.7/site-packages/airflow/example_dags/example_branch_python_dop_operator_3.py for tasks to queue
[2021-12-19 04:49:04,279] {logging_mixin.py:109} INFO - [2021-12-19 04:49:04,278] {dagbag.py:500} INFO - Filling up the DagBag from /home/airflow/.local/lib/python3.7/site-packages/airflow/example_dags/example_branch_python_dop_operator_3.py
[2021-12-19 04:49:04,365] {processor.py:637} INFO - DAG(s) dict_keys(['example_branch_dop_operator_v3']) retrieved from /home/airflow/.local/lib/python3.7/site-packages/airflow/example_dags/example_branch_python_dop_operator_3.py
[2021-12-19 04:49:04,401] {logging_mixin.py:109} INFO - [2021-12-19 04:49:04,400] {dag.py:2396} INFO - Sync 1 DAGs
[2021-12-19 04:49:04,542] {logging_mixin.py:109} INFO - [2021-12-19 04:49:04,542] {dag.py:2928} INFO - Setting next_dagrun for example_branch_dop_operator_v3 to 2021-12-19T04:48:00+00:00
[2021-12-19 04:49:04,792] {processor.py:171} INFO - Processing /home/airflow/.local/lib/python3.7/site-packages/airflow/example_dags/example_branch_python_dop_operator_3.py took 0.532 seconds
[2021-12-19 04:49:49,003] {processor.py:163} INFO - Started process (PID=1888) to work on /home/airflow/.local/lib/python3.7/site-packages/airflow/example_dags/example_branch_python_dop_operator_3.py
[2021-12-19 04:49:49,009] {processor.py:625} INFO - Processing file /home/airflow/.local/lib/python3.7/site-packages/airflow/example_dags/example_branch_python_dop_operator_3.py for tasks to queue
[2021-12-19 04:49:49,012] {logging_mixin.py:109} INFO - [2021-12-19 04:49:49,011] {dagbag.py:500} INFO - Filling up the DagBag from /home/airflow/.local/lib/python3.7/site-packages/airflow/example_dags/example_branch_python_dop_operator_3.py
[2021-12-19 04:49:49,093] {processor.py:637} INFO - DAG(s) dict_keys(['example_branch_dop_operator_v3']) retrieved from /home/airflow/.local/lib/python3.7/site-packages/airflow/example_dags/example_branch_python_dop_operator_3.py
[2021-12-19 04:49:49,121] {logging_mixin.py:109} INFO - [2021-12-19 04:49:49,120] {dag.py:2396} INFO - Sync 1 DAGs
[2021-12-19 04:49:49,173] {logging_mixin.py:109} INFO - [2021-12-19 04:49:49,172] {dag.py:2928} INFO - Setting next_dagrun for example_branch_dop_operator_v3 to 2021-12-19T04:48:00+00:00
[2021-12-19 04:49:49,207] {processor.py:171} INFO - Processing /home/airflow/.local/lib/python3.7/site-packages/airflow/example_dags/example_branch_python_dop_operator_3.py took 0.213 seconds
