[2021-12-19 04:15:43,135] {processor.py:163} INFO - Started process (PID=294) to work on /home/airflow/.local/lib/python3.7/site-packages/airflow/example_dags/example_branch_day_of_week_operator.py
[2021-12-19 04:15:43,138] {processor.py:625} INFO - Processing file /home/airflow/.local/lib/python3.7/site-packages/airflow/example_dags/example_branch_day_of_week_operator.py for tasks to queue
[2021-12-19 04:15:43,140] {logging_mixin.py:109} INFO - [2021-12-19 04:15:43,140] {dagbag.py:500} INFO - Filling up the DagBag from /home/airflow/.local/lib/python3.7/site-packages/airflow/example_dags/example_branch_day_of_week_operator.py
[2021-12-19 04:15:43,227] {processor.py:637} INFO - DAG(s) dict_keys(['example_weekday_branch_operator']) retrieved from /home/airflow/.local/lib/python3.7/site-packages/airflow/example_dags/example_branch_day_of_week_operator.py
[2021-12-19 04:15:46,319] {logging_mixin.py:109} INFO - [2021-12-19 04:15:46,318] {providers_manager.py:156} WARNING - Exception when importing 'airflow.providers.google.leveldb.hooks.leveldb.LevelDBHook' from 'apache-airflow-providers-google' package: No module named 'plyvel'
[2021-12-19 04:15:47,224] {logging_mixin.py:109} INFO - [2021-12-19 04:15:47,223] {providers_manager.py:156} WARNING - Exception when importing 'airflow.providers.google.leveldb.hooks.leveldb.LevelDBHook' from 'apache-airflow-providers-google' package: No module named 'plyvel'
[2021-12-19 04:15:47,302] {logging_mixin.py:109} INFO - [2021-12-19 04:15:47,301] {manager.py:496} INFO - Created Permission View: can read on DAG:example_weekday_branch_operator
[2021-12-19 04:15:47,340] {logging_mixin.py:109} INFO - [2021-12-19 04:15:47,340] {manager.py:496} INFO - Created Permission View: can edit on DAG:example_weekday_branch_operator
[2021-12-19 04:15:47,342] {logging_mixin.py:109} INFO - [2021-12-19 04:15:47,341] {dag.py:2396} INFO - Sync 1 DAGs
[2021-12-19 04:15:47,370] {logging_mixin.py:109} INFO - [2021-12-19 04:15:47,369] {dag.py:2415} INFO - Creating ORM DAG for example_weekday_branch_operator
[2021-12-19 04:15:47,394] {logging_mixin.py:109} INFO - [2021-12-19 04:15:47,394] {dag.py:2928} INFO - Setting next_dagrun for example_weekday_branch_operator to 2021-12-18 00:00:00+00:00
[2021-12-19 04:15:47,558] {processor.py:171} INFO - Processing /home/airflow/.local/lib/python3.7/site-packages/airflow/example_dags/example_branch_day_of_week_operator.py took 4.440 seconds
[2021-12-19 04:18:16,710] {processor.py:163} INFO - Started process (PID=457) to work on /home/airflow/.local/lib/python3.7/site-packages/airflow/example_dags/example_branch_day_of_week_operator.py
[2021-12-19 04:18:16,748] {processor.py:625} INFO - Processing file /home/airflow/.local/lib/python3.7/site-packages/airflow/example_dags/example_branch_day_of_week_operator.py for tasks to queue
[2021-12-19 04:18:16,764] {logging_mixin.py:109} INFO - [2021-12-19 04:18:16,763] {dagbag.py:500} INFO - Filling up the DagBag from /home/airflow/.local/lib/python3.7/site-packages/airflow/example_dags/example_branch_day_of_week_operator.py
[2021-12-19 04:18:17,024] {processor.py:637} INFO - DAG(s) dict_keys(['example_weekday_branch_operator']) retrieved from /home/airflow/.local/lib/python3.7/site-packages/airflow/example_dags/example_branch_day_of_week_operator.py
[2021-12-19 04:18:17,175] {logging_mixin.py:109} INFO - [2021-12-19 04:18:17,174] {dag.py:2396} INFO - Sync 1 DAGs
[2021-12-19 04:18:17,375] {logging_mixin.py:109} INFO - [2021-12-19 04:18:17,375] {dag.py:2928} INFO - Setting next_dagrun for example_weekday_branch_operator to 2021-12-18 00:00:00+00:00
[2021-12-19 04:18:17,564] {processor.py:171} INFO - Processing /home/airflow/.local/lib/python3.7/site-packages/airflow/example_dags/example_branch_day_of_week_operator.py took 0.864 seconds
[2021-12-19 04:20:06,820] {processor.py:163} INFO - Started process (PID=501) to work on /home/airflow/.local/lib/python3.7/site-packages/airflow/example_dags/example_branch_day_of_week_operator.py
[2021-12-19 04:20:06,832] {processor.py:625} INFO - Processing file /home/airflow/.local/lib/python3.7/site-packages/airflow/example_dags/example_branch_day_of_week_operator.py for tasks to queue
[2021-12-19 04:20:06,836] {logging_mixin.py:109} INFO - [2021-12-19 04:20:06,836] {dagbag.py:500} INFO - Filling up the DagBag from /home/airflow/.local/lib/python3.7/site-packages/airflow/example_dags/example_branch_day_of_week_operator.py
[2021-12-19 04:20:06,975] {processor.py:637} INFO - DAG(s) dict_keys(['example_weekday_branch_operator']) retrieved from /home/airflow/.local/lib/python3.7/site-packages/airflow/example_dags/example_branch_day_of_week_operator.py
[2021-12-19 04:20:07,016] {logging_mixin.py:109} INFO - [2021-12-19 04:20:07,015] {dag.py:2396} INFO - Sync 1 DAGs
[2021-12-19 04:20:07,071] {logging_mixin.py:109} INFO - [2021-12-19 04:20:07,070] {dag.py:2928} INFO - Setting next_dagrun for example_weekday_branch_operator to 2021-12-18 00:00:00+00:00
[2021-12-19 04:20:07,488] {processor.py:171} INFO - Processing /home/airflow/.local/lib/python3.7/site-packages/airflow/example_dags/example_branch_day_of_week_operator.py took 0.680 seconds
[2021-12-19 04:22:25,983] {processor.py:163} INFO - Started process (PID=555) to work on /home/airflow/.local/lib/python3.7/site-packages/airflow/example_dags/example_branch_day_of_week_operator.py
[2021-12-19 04:22:25,999] {processor.py:625} INFO - Processing file /home/airflow/.local/lib/python3.7/site-packages/airflow/example_dags/example_branch_day_of_week_operator.py for tasks to queue
[2021-12-19 04:22:26,001] {logging_mixin.py:109} INFO - [2021-12-19 04:22:26,001] {dagbag.py:500} INFO - Filling up the DagBag from /home/airflow/.local/lib/python3.7/site-packages/airflow/example_dags/example_branch_day_of_week_operator.py
[2021-12-19 04:22:26,127] {processor.py:637} INFO - DAG(s) dict_keys(['example_weekday_branch_operator']) retrieved from /home/airflow/.local/lib/python3.7/site-packages/airflow/example_dags/example_branch_day_of_week_operator.py
[2021-12-19 04:22:26,156] {logging_mixin.py:109} INFO - [2021-12-19 04:22:26,151] {dag.py:2396} INFO - Sync 1 DAGs
[2021-12-19 04:22:26,211] {logging_mixin.py:109} INFO - [2021-12-19 04:22:26,211] {dag.py:2928} INFO - Setting next_dagrun for example_weekday_branch_operator to 2021-12-18 00:00:00+00:00
[2021-12-19 04:22:26,280] {processor.py:171} INFO - Processing /home/airflow/.local/lib/python3.7/site-packages/airflow/example_dags/example_branch_day_of_week_operator.py took 0.305 seconds
[2021-12-19 04:24:47,279] {processor.py:163} INFO - Started process (PID=607) to work on /home/airflow/.local/lib/python3.7/site-packages/airflow/example_dags/example_branch_day_of_week_operator.py
[2021-12-19 04:24:47,300] {processor.py:625} INFO - Processing file /home/airflow/.local/lib/python3.7/site-packages/airflow/example_dags/example_branch_day_of_week_operator.py for tasks to queue
[2021-12-19 04:24:47,302] {logging_mixin.py:109} INFO - [2021-12-19 04:24:47,302] {dagbag.py:500} INFO - Filling up the DagBag from /home/airflow/.local/lib/python3.7/site-packages/airflow/example_dags/example_branch_day_of_week_operator.py
[2021-12-19 04:24:47,369] {processor.py:637} INFO - DAG(s) dict_keys(['example_weekday_branch_operator']) retrieved from /home/airflow/.local/lib/python3.7/site-packages/airflow/example_dags/example_branch_day_of_week_operator.py
[2021-12-19 04:24:47,394] {logging_mixin.py:109} INFO - [2021-12-19 04:24:47,393] {dag.py:2396} INFO - Sync 1 DAGs
[2021-12-19 04:24:47,437] {logging_mixin.py:109} INFO - [2021-12-19 04:24:47,437] {dag.py:2928} INFO - Setting next_dagrun for example_weekday_branch_operator to 2021-12-18 00:00:00+00:00
[2021-12-19 04:24:47,484] {processor.py:171} INFO - Processing /home/airflow/.local/lib/python3.7/site-packages/airflow/example_dags/example_branch_day_of_week_operator.py took 0.216 seconds
[2021-12-19 04:26:16,707] {processor.py:163} INFO - Started process (PID=671) to work on /home/airflow/.local/lib/python3.7/site-packages/airflow/example_dags/example_branch_day_of_week_operator.py
[2021-12-19 04:26:16,749] {processor.py:625} INFO - Processing file /home/airflow/.local/lib/python3.7/site-packages/airflow/example_dags/example_branch_day_of_week_operator.py for tasks to queue
[2021-12-19 04:26:16,757] {logging_mixin.py:109} INFO - [2021-12-19 04:26:16,757] {dagbag.py:500} INFO - Filling up the DagBag from /home/airflow/.local/lib/python3.7/site-packages/airflow/example_dags/example_branch_day_of_week_operator.py
[2021-12-19 04:26:16,846] {processor.py:637} INFO - DAG(s) dict_keys(['example_weekday_branch_operator']) retrieved from /home/airflow/.local/lib/python3.7/site-packages/airflow/example_dags/example_branch_day_of_week_operator.py
[2021-12-19 04:26:16,886] {logging_mixin.py:109} INFO - [2021-12-19 04:26:16,886] {dag.py:2396} INFO - Sync 1 DAGs
[2021-12-19 04:26:16,957] {logging_mixin.py:109} INFO - [2021-12-19 04:26:16,957] {dag.py:2928} INFO - Setting next_dagrun for example_weekday_branch_operator to 2021-12-18 00:00:00+00:00
[2021-12-19 04:26:17,091] {processor.py:171} INFO - Processing /home/airflow/.local/lib/python3.7/site-packages/airflow/example_dags/example_branch_day_of_week_operator.py took 0.394 seconds
[2021-12-19 04:27:29,000] {processor.py:163} INFO - Started process (PID=695) to work on /home/airflow/.local/lib/python3.7/site-packages/airflow/example_dags/example_branch_day_of_week_operator.py
[2021-12-19 04:27:29,005] {processor.py:625} INFO - Processing file /home/airflow/.local/lib/python3.7/site-packages/airflow/example_dags/example_branch_day_of_week_operator.py for tasks to queue
[2021-12-19 04:27:29,008] {logging_mixin.py:109} INFO - [2021-12-19 04:27:29,007] {dagbag.py:500} INFO - Filling up the DagBag from /home/airflow/.local/lib/python3.7/site-packages/airflow/example_dags/example_branch_day_of_week_operator.py
[2021-12-19 04:27:29,138] {processor.py:637} INFO - DAG(s) dict_keys(['example_weekday_branch_operator']) retrieved from /home/airflow/.local/lib/python3.7/site-packages/airflow/example_dags/example_branch_day_of_week_operator.py
[2021-12-19 04:27:29,178] {logging_mixin.py:109} INFO - [2021-12-19 04:27:29,177] {dag.py:2396} INFO - Sync 1 DAGs
[2021-12-19 04:27:29,279] {logging_mixin.py:109} INFO - [2021-12-19 04:27:29,279] {dag.py:2928} INFO - Setting next_dagrun for example_weekday_branch_operator to 2021-12-18 00:00:00+00:00
[2021-12-19 04:27:29,334] {processor.py:171} INFO - Processing /home/airflow/.local/lib/python3.7/site-packages/airflow/example_dags/example_branch_day_of_week_operator.py took 0.346 seconds
[2021-12-19 04:28:46,484] {processor.py:163} INFO - Started process (PID=771) to work on /home/airflow/.local/lib/python3.7/site-packages/airflow/example_dags/example_branch_day_of_week_operator.py
[2021-12-19 04:28:46,497] {processor.py:625} INFO - Processing file /home/airflow/.local/lib/python3.7/site-packages/airflow/example_dags/example_branch_day_of_week_operator.py for tasks to queue
[2021-12-19 04:28:46,510] {logging_mixin.py:109} INFO - [2021-12-19 04:28:46,510] {dagbag.py:500} INFO - Filling up the DagBag from /home/airflow/.local/lib/python3.7/site-packages/airflow/example_dags/example_branch_day_of_week_operator.py
[2021-12-19 04:28:46,685] {processor.py:637} INFO - DAG(s) dict_keys(['example_weekday_branch_operator']) retrieved from /home/airflow/.local/lib/python3.7/site-packages/airflow/example_dags/example_branch_day_of_week_operator.py
[2021-12-19 04:28:46,751] {logging_mixin.py:109} INFO - [2021-12-19 04:28:46,751] {dag.py:2396} INFO - Sync 1 DAGs
[2021-12-19 04:28:46,820] {logging_mixin.py:109} INFO - [2021-12-19 04:28:46,819] {dag.py:2928} INFO - Setting next_dagrun for example_weekday_branch_operator to 2021-12-18 00:00:00+00:00
[2021-12-19 04:28:47,003] {processor.py:171} INFO - Processing /home/airflow/.local/lib/python3.7/site-packages/airflow/example_dags/example_branch_day_of_week_operator.py took 0.539 seconds
[2021-12-19 04:29:17,594] {processor.py:163} INFO - Started process (PID=814) to work on /home/airflow/.local/lib/python3.7/site-packages/airflow/example_dags/example_branch_day_of_week_operator.py
[2021-12-19 04:29:17,598] {processor.py:625} INFO - Processing file /home/airflow/.local/lib/python3.7/site-packages/airflow/example_dags/example_branch_day_of_week_operator.py for tasks to queue
[2021-12-19 04:29:17,600] {logging_mixin.py:109} INFO - [2021-12-19 04:29:17,600] {dagbag.py:500} INFO - Filling up the DagBag from /home/airflow/.local/lib/python3.7/site-packages/airflow/example_dags/example_branch_day_of_week_operator.py
[2021-12-19 04:29:17,651] {processor.py:637} INFO - DAG(s) dict_keys(['example_weekday_branch_operator']) retrieved from /home/airflow/.local/lib/python3.7/site-packages/airflow/example_dags/example_branch_day_of_week_operator.py
[2021-12-19 04:29:17,672] {logging_mixin.py:109} INFO - [2021-12-19 04:29:17,672] {dag.py:2396} INFO - Sync 1 DAGs
[2021-12-19 04:29:17,700] {logging_mixin.py:109} INFO - [2021-12-19 04:29:17,700] {dag.py:2928} INFO - Setting next_dagrun for example_weekday_branch_operator to 2021-12-18 00:00:00+00:00
[2021-12-19 04:29:17,736] {processor.py:171} INFO - Processing /home/airflow/.local/lib/python3.7/site-packages/airflow/example_dags/example_branch_day_of_week_operator.py took 0.146 seconds
[2021-12-19 04:29:59,970] {processor.py:163} INFO - Started process (PID=857) to work on /home/airflow/.local/lib/python3.7/site-packages/airflow/example_dags/example_branch_day_of_week_operator.py
[2021-12-19 04:30:00,016] {processor.py:625} INFO - Processing file /home/airflow/.local/lib/python3.7/site-packages/airflow/example_dags/example_branch_day_of_week_operator.py for tasks to queue
[2021-12-19 04:30:00,019] {logging_mixin.py:109} INFO - [2021-12-19 04:30:00,019] {dagbag.py:500} INFO - Filling up the DagBag from /home/airflow/.local/lib/python3.7/site-packages/airflow/example_dags/example_branch_day_of_week_operator.py
[2021-12-19 04:30:00,129] {processor.py:637} INFO - DAG(s) dict_keys(['example_weekday_branch_operator']) retrieved from /home/airflow/.local/lib/python3.7/site-packages/airflow/example_dags/example_branch_day_of_week_operator.py
[2021-12-19 04:30:00,182] {logging_mixin.py:109} INFO - [2021-12-19 04:30:00,181] {dag.py:2396} INFO - Sync 1 DAGs
[2021-12-19 04:30:00,262] {logging_mixin.py:109} INFO - [2021-12-19 04:30:00,262] {dag.py:2928} INFO - Setting next_dagrun for example_weekday_branch_operator to 2021-12-18 00:00:00+00:00
[2021-12-19 04:30:00,565] {processor.py:171} INFO - Processing /home/airflow/.local/lib/python3.7/site-packages/airflow/example_dags/example_branch_day_of_week_operator.py took 0.608 seconds
[2021-12-19 04:30:31,003] {processor.py:163} INFO - Started process (PID=894) to work on /home/airflow/.local/lib/python3.7/site-packages/airflow/example_dags/example_branch_day_of_week_operator.py
[2021-12-19 04:30:31,040] {processor.py:625} INFO - Processing file /home/airflow/.local/lib/python3.7/site-packages/airflow/example_dags/example_branch_day_of_week_operator.py for tasks to queue
[2021-12-19 04:30:31,042] {logging_mixin.py:109} INFO - [2021-12-19 04:30:31,041] {dagbag.py:500} INFO - Filling up the DagBag from /home/airflow/.local/lib/python3.7/site-packages/airflow/example_dags/example_branch_day_of_week_operator.py
[2021-12-19 04:30:31,104] {processor.py:637} INFO - DAG(s) dict_keys(['example_weekday_branch_operator']) retrieved from /home/airflow/.local/lib/python3.7/site-packages/airflow/example_dags/example_branch_day_of_week_operator.py
[2021-12-19 04:30:31,122] {logging_mixin.py:109} INFO - [2021-12-19 04:30:31,122] {dag.py:2396} INFO - Sync 1 DAGs
[2021-12-19 04:30:31,148] {logging_mixin.py:109} INFO - [2021-12-19 04:30:31,148] {dag.py:2928} INFO - Setting next_dagrun for example_weekday_branch_operator to 2021-12-18 00:00:00+00:00
[2021-12-19 04:30:31,994] {processor.py:171} INFO - Processing /home/airflow/.local/lib/python3.7/site-packages/airflow/example_dags/example_branch_day_of_week_operator.py took 0.998 seconds
[2021-12-19 04:31:51,548] {processor.py:163} INFO - Started process (PID=952) to work on /home/airflow/.local/lib/python3.7/site-packages/airflow/example_dags/example_branch_day_of_week_operator.py
[2021-12-19 04:31:51,558] {processor.py:625} INFO - Processing file /home/airflow/.local/lib/python3.7/site-packages/airflow/example_dags/example_branch_day_of_week_operator.py for tasks to queue
[2021-12-19 04:31:51,564] {logging_mixin.py:109} INFO - [2021-12-19 04:31:51,563] {dagbag.py:500} INFO - Filling up the DagBag from /home/airflow/.local/lib/python3.7/site-packages/airflow/example_dags/example_branch_day_of_week_operator.py
[2021-12-19 04:31:51,692] {processor.py:637} INFO - DAG(s) dict_keys(['example_weekday_branch_operator']) retrieved from /home/airflow/.local/lib/python3.7/site-packages/airflow/example_dags/example_branch_day_of_week_operator.py
[2021-12-19 04:31:51,747] {logging_mixin.py:109} INFO - [2021-12-19 04:31:51,747] {dag.py:2396} INFO - Sync 1 DAGs
[2021-12-19 04:31:51,805] {logging_mixin.py:109} INFO - [2021-12-19 04:31:51,805] {dag.py:2928} INFO - Setting next_dagrun for example_weekday_branch_operator to 2021-12-18 00:00:00+00:00
[2021-12-19 04:31:51,979] {processor.py:171} INFO - Processing /home/airflow/.local/lib/python3.7/site-packages/airflow/example_dags/example_branch_day_of_week_operator.py took 0.440 seconds
[2021-12-19 04:32:29,816] {processor.py:163} INFO - Started process (PID=985) to work on /home/airflow/.local/lib/python3.7/site-packages/airflow/example_dags/example_branch_day_of_week_operator.py
[2021-12-19 04:32:29,821] {processor.py:625} INFO - Processing file /home/airflow/.local/lib/python3.7/site-packages/airflow/example_dags/example_branch_day_of_week_operator.py for tasks to queue
[2021-12-19 04:32:29,823] {logging_mixin.py:109} INFO - [2021-12-19 04:32:29,823] {dagbag.py:500} INFO - Filling up the DagBag from /home/airflow/.local/lib/python3.7/site-packages/airflow/example_dags/example_branch_day_of_week_operator.py
[2021-12-19 04:32:29,907] {processor.py:637} INFO - DAG(s) dict_keys(['example_weekday_branch_operator']) retrieved from /home/airflow/.local/lib/python3.7/site-packages/airflow/example_dags/example_branch_day_of_week_operator.py
[2021-12-19 04:32:29,942] {logging_mixin.py:109} INFO - [2021-12-19 04:32:29,942] {dag.py:2396} INFO - Sync 1 DAGs
[2021-12-19 04:32:30,011] {logging_mixin.py:109} INFO - [2021-12-19 04:32:30,010] {dag.py:2928} INFO - Setting next_dagrun for example_weekday_branch_operator to 2021-12-18 00:00:00+00:00
[2021-12-19 04:32:30,052] {processor.py:171} INFO - Processing /home/airflow/.local/lib/python3.7/site-packages/airflow/example_dags/example_branch_day_of_week_operator.py took 0.246 seconds
[2021-12-19 04:33:26,039] {processor.py:163} INFO - Started process (PID=1024) to work on /home/airflow/.local/lib/python3.7/site-packages/airflow/example_dags/example_branch_day_of_week_operator.py
[2021-12-19 04:33:26,085] {processor.py:625} INFO - Processing file /home/airflow/.local/lib/python3.7/site-packages/airflow/example_dags/example_branch_day_of_week_operator.py for tasks to queue
[2021-12-19 04:33:26,104] {logging_mixin.py:109} INFO - [2021-12-19 04:33:26,104] {dagbag.py:500} INFO - Filling up the DagBag from /home/airflow/.local/lib/python3.7/site-packages/airflow/example_dags/example_branch_day_of_week_operator.py
[2021-12-19 04:33:26,285] {processor.py:637} INFO - DAG(s) dict_keys(['example_weekday_branch_operator']) retrieved from /home/airflow/.local/lib/python3.7/site-packages/airflow/example_dags/example_branch_day_of_week_operator.py
[2021-12-19 04:33:26,337] {logging_mixin.py:109} INFO - [2021-12-19 04:33:26,337] {dag.py:2396} INFO - Sync 1 DAGs
[2021-12-19 04:33:26,446] {logging_mixin.py:109} INFO - [2021-12-19 04:33:26,445] {dag.py:2928} INFO - Setting next_dagrun for example_weekday_branch_operator to 2021-12-18 00:00:00+00:00
[2021-12-19 04:33:28,323] {processor.py:171} INFO - Processing /home/airflow/.local/lib/python3.7/site-packages/airflow/example_dags/example_branch_day_of_week_operator.py took 2.299 seconds
[2021-12-19 04:34:07,413] {processor.py:163} INFO - Started process (PID=1067) to work on /home/airflow/.local/lib/python3.7/site-packages/airflow/example_dags/example_branch_day_of_week_operator.py
[2021-12-19 04:34:07,428] {processor.py:625} INFO - Processing file /home/airflow/.local/lib/python3.7/site-packages/airflow/example_dags/example_branch_day_of_week_operator.py for tasks to queue
[2021-12-19 04:34:07,434] {logging_mixin.py:109} INFO - [2021-12-19 04:34:07,434] {dagbag.py:500} INFO - Filling up the DagBag from /home/airflow/.local/lib/python3.7/site-packages/airflow/example_dags/example_branch_day_of_week_operator.py
[2021-12-19 04:34:07,503] {processor.py:637} INFO - DAG(s) dict_keys(['example_weekday_branch_operator']) retrieved from /home/airflow/.local/lib/python3.7/site-packages/airflow/example_dags/example_branch_day_of_week_operator.py
[2021-12-19 04:34:07,529] {logging_mixin.py:109} INFO - [2021-12-19 04:34:07,528] {dag.py:2396} INFO - Sync 1 DAGs
[2021-12-19 04:34:07,570] {logging_mixin.py:109} INFO - [2021-12-19 04:34:07,570] {dag.py:2928} INFO - Setting next_dagrun for example_weekday_branch_operator to 2021-12-18 00:00:00+00:00
[2021-12-19 04:34:07,800] {processor.py:171} INFO - Processing /home/airflow/.local/lib/python3.7/site-packages/airflow/example_dags/example_branch_day_of_week_operator.py took 0.400 seconds
[2021-12-19 04:35:02,577] {processor.py:163} INFO - Started process (PID=1119) to work on /home/airflow/.local/lib/python3.7/site-packages/airflow/example_dags/example_branch_day_of_week_operator.py
[2021-12-19 04:35:02,581] {processor.py:625} INFO - Processing file /home/airflow/.local/lib/python3.7/site-packages/airflow/example_dags/example_branch_day_of_week_operator.py for tasks to queue
[2021-12-19 04:35:02,584] {logging_mixin.py:109} INFO - [2021-12-19 04:35:02,584] {dagbag.py:500} INFO - Filling up the DagBag from /home/airflow/.local/lib/python3.7/site-packages/airflow/example_dags/example_branch_day_of_week_operator.py
[2021-12-19 04:35:02,674] {processor.py:637} INFO - DAG(s) dict_keys(['example_weekday_branch_operator']) retrieved from /home/airflow/.local/lib/python3.7/site-packages/airflow/example_dags/example_branch_day_of_week_operator.py
[2021-12-19 04:35:02,710] {logging_mixin.py:109} INFO - [2021-12-19 04:35:02,709] {dag.py:2396} INFO - Sync 1 DAGs
[2021-12-19 04:35:02,763] {logging_mixin.py:109} INFO - [2021-12-19 04:35:02,763] {dag.py:2928} INFO - Setting next_dagrun for example_weekday_branch_operator to 2021-12-18 00:00:00+00:00
[2021-12-19 04:35:02,798] {processor.py:171} INFO - Processing /home/airflow/.local/lib/python3.7/site-packages/airflow/example_dags/example_branch_day_of_week_operator.py took 0.231 seconds
[2021-12-19 04:35:34,943] {processor.py:163} INFO - Started process (PID=1161) to work on /home/airflow/.local/lib/python3.7/site-packages/airflow/example_dags/example_branch_day_of_week_operator.py
[2021-12-19 04:35:34,947] {processor.py:625} INFO - Processing file /home/airflow/.local/lib/python3.7/site-packages/airflow/example_dags/example_branch_day_of_week_operator.py for tasks to queue
[2021-12-19 04:35:34,949] {logging_mixin.py:109} INFO - [2021-12-19 04:35:34,949] {dagbag.py:500} INFO - Filling up the DagBag from /home/airflow/.local/lib/python3.7/site-packages/airflow/example_dags/example_branch_day_of_week_operator.py
[2021-12-19 04:35:35,034] {processor.py:637} INFO - DAG(s) dict_keys(['example_weekday_branch_operator']) retrieved from /home/airflow/.local/lib/python3.7/site-packages/airflow/example_dags/example_branch_day_of_week_operator.py
[2021-12-19 04:35:35,069] {logging_mixin.py:109} INFO - [2021-12-19 04:35:35,069] {dag.py:2396} INFO - Sync 1 DAGs
[2021-12-19 04:35:35,128] {logging_mixin.py:109} INFO - [2021-12-19 04:35:35,127] {dag.py:2928} INFO - Setting next_dagrun for example_weekday_branch_operator to 2021-12-18 00:00:00+00:00
[2021-12-19 04:35:35,169] {processor.py:171} INFO - Processing /home/airflow/.local/lib/python3.7/site-packages/airflow/example_dags/example_branch_day_of_week_operator.py took 0.236 seconds
[2021-12-19 04:36:31,541] {processor.py:163} INFO - Started process (PID=1219) to work on /home/airflow/.local/lib/python3.7/site-packages/airflow/example_dags/example_branch_day_of_week_operator.py
[2021-12-19 04:36:31,568] {processor.py:625} INFO - Processing file /home/airflow/.local/lib/python3.7/site-packages/airflow/example_dags/example_branch_day_of_week_operator.py for tasks to queue
[2021-12-19 04:36:31,570] {logging_mixin.py:109} INFO - [2021-12-19 04:36:31,570] {dagbag.py:500} INFO - Filling up the DagBag from /home/airflow/.local/lib/python3.7/site-packages/airflow/example_dags/example_branch_day_of_week_operator.py
[2021-12-19 04:36:31,651] {processor.py:637} INFO - DAG(s) dict_keys(['example_weekday_branch_operator']) retrieved from /home/airflow/.local/lib/python3.7/site-packages/airflow/example_dags/example_branch_day_of_week_operator.py
[2021-12-19 04:36:31,685] {logging_mixin.py:109} INFO - [2021-12-19 04:36:31,685] {dag.py:2396} INFO - Sync 1 DAGs
[2021-12-19 04:36:31,743] {logging_mixin.py:109} INFO - [2021-12-19 04:36:31,741] {dag.py:2928} INFO - Setting next_dagrun for example_weekday_branch_operator to 2021-12-18 00:00:00+00:00
[2021-12-19 04:36:33,599] {processor.py:171} INFO - Processing /home/airflow/.local/lib/python3.7/site-packages/airflow/example_dags/example_branch_day_of_week_operator.py took 2.077 seconds
[2021-12-19 04:37:56,789] {processor.py:163} INFO - Started process (PID=1254) to work on /home/airflow/.local/lib/python3.7/site-packages/airflow/example_dags/example_branch_day_of_week_operator.py
[2021-12-19 04:37:56,794] {processor.py:625} INFO - Processing file /home/airflow/.local/lib/python3.7/site-packages/airflow/example_dags/example_branch_day_of_week_operator.py for tasks to queue
[2021-12-19 04:37:56,796] {logging_mixin.py:109} INFO - [2021-12-19 04:37:56,796] {dagbag.py:500} INFO - Filling up the DagBag from /home/airflow/.local/lib/python3.7/site-packages/airflow/example_dags/example_branch_day_of_week_operator.py
[2021-12-19 04:37:56,860] {processor.py:637} INFO - DAG(s) dict_keys(['example_weekday_branch_operator']) retrieved from /home/airflow/.local/lib/python3.7/site-packages/airflow/example_dags/example_branch_day_of_week_operator.py
[2021-12-19 04:37:56,883] {logging_mixin.py:109} INFO - [2021-12-19 04:37:56,883] {dag.py:2396} INFO - Sync 1 DAGs
[2021-12-19 04:37:56,918] {logging_mixin.py:109} INFO - [2021-12-19 04:37:56,918] {dag.py:2928} INFO - Setting next_dagrun for example_weekday_branch_operator to 2021-12-18 00:00:00+00:00
[2021-12-19 04:37:56,948] {processor.py:171} INFO - Processing /home/airflow/.local/lib/python3.7/site-packages/airflow/example_dags/example_branch_day_of_week_operator.py took 0.169 seconds
[2021-12-19 04:39:22,689] {processor.py:163} INFO - Started process (PID=1307) to work on /home/airflow/.local/lib/python3.7/site-packages/airflow/example_dags/example_branch_day_of_week_operator.py
[2021-12-19 04:39:22,694] {processor.py:625} INFO - Processing file /home/airflow/.local/lib/python3.7/site-packages/airflow/example_dags/example_branch_day_of_week_operator.py for tasks to queue
[2021-12-19 04:39:22,703] {logging_mixin.py:109} INFO - [2021-12-19 04:39:22,703] {dagbag.py:500} INFO - Filling up the DagBag from /home/airflow/.local/lib/python3.7/site-packages/airflow/example_dags/example_branch_day_of_week_operator.py
[2021-12-19 04:39:22,809] {processor.py:637} INFO - DAG(s) dict_keys(['example_weekday_branch_operator']) retrieved from /home/airflow/.local/lib/python3.7/site-packages/airflow/example_dags/example_branch_day_of_week_operator.py
[2021-12-19 04:39:22,855] {logging_mixin.py:109} INFO - [2021-12-19 04:39:22,854] {dag.py:2396} INFO - Sync 1 DAGs
[2021-12-19 04:39:22,920] {logging_mixin.py:109} INFO - [2021-12-19 04:39:22,920] {dag.py:2928} INFO - Setting next_dagrun for example_weekday_branch_operator to 2021-12-18 00:00:00+00:00
[2021-12-19 04:39:22,984] {processor.py:171} INFO - Processing /home/airflow/.local/lib/python3.7/site-packages/airflow/example_dags/example_branch_day_of_week_operator.py took 0.309 seconds
[2021-12-19 04:39:53,248] {processor.py:163} INFO - Started process (PID=1349) to work on /home/airflow/.local/lib/python3.7/site-packages/airflow/example_dags/example_branch_day_of_week_operator.py
[2021-12-19 04:39:53,252] {processor.py:625} INFO - Processing file /home/airflow/.local/lib/python3.7/site-packages/airflow/example_dags/example_branch_day_of_week_operator.py for tasks to queue
[2021-12-19 04:39:53,255] {logging_mixin.py:109} INFO - [2021-12-19 04:39:53,254] {dagbag.py:500} INFO - Filling up the DagBag from /home/airflow/.local/lib/python3.7/site-packages/airflow/example_dags/example_branch_day_of_week_operator.py
[2021-12-19 04:39:53,318] {processor.py:637} INFO - DAG(s) dict_keys(['example_weekday_branch_operator']) retrieved from /home/airflow/.local/lib/python3.7/site-packages/airflow/example_dags/example_branch_day_of_week_operator.py
[2021-12-19 04:39:53,342] {logging_mixin.py:109} INFO - [2021-12-19 04:39:53,342] {dag.py:2396} INFO - Sync 1 DAGs
[2021-12-19 04:39:53,375] {logging_mixin.py:109} INFO - [2021-12-19 04:39:53,375] {dag.py:2928} INFO - Setting next_dagrun for example_weekday_branch_operator to 2021-12-18 00:00:00+00:00
[2021-12-19 04:39:53,411] {processor.py:171} INFO - Processing /home/airflow/.local/lib/python3.7/site-packages/airflow/example_dags/example_branch_day_of_week_operator.py took 0.174 seconds
[2021-12-19 04:41:36,572] {processor.py:163} INFO - Started process (PID=1389) to work on /home/airflow/.local/lib/python3.7/site-packages/airflow/example_dags/example_branch_day_of_week_operator.py
[2021-12-19 04:41:36,576] {processor.py:625} INFO - Processing file /home/airflow/.local/lib/python3.7/site-packages/airflow/example_dags/example_branch_day_of_week_operator.py for tasks to queue
[2021-12-19 04:41:36,578] {logging_mixin.py:109} INFO - [2021-12-19 04:41:36,578] {dagbag.py:500} INFO - Filling up the DagBag from /home/airflow/.local/lib/python3.7/site-packages/airflow/example_dags/example_branch_day_of_week_operator.py
[2021-12-19 04:41:36,654] {processor.py:637} INFO - DAG(s) dict_keys(['example_weekday_branch_operator']) retrieved from /home/airflow/.local/lib/python3.7/site-packages/airflow/example_dags/example_branch_day_of_week_operator.py
[2021-12-19 04:41:36,686] {logging_mixin.py:109} INFO - [2021-12-19 04:41:36,686] {dag.py:2396} INFO - Sync 1 DAGs
[2021-12-19 04:41:36,739] {logging_mixin.py:109} INFO - [2021-12-19 04:41:36,738] {dag.py:2928} INFO - Setting next_dagrun for example_weekday_branch_operator to 2021-12-18 00:00:00+00:00
[2021-12-19 04:41:36,777] {processor.py:171} INFO - Processing /home/airflow/.local/lib/python3.7/site-packages/airflow/example_dags/example_branch_day_of_week_operator.py took 0.215 seconds
[2021-12-19 04:42:55,418] {processor.py:163} INFO - Started process (PID=1440) to work on /home/airflow/.local/lib/python3.7/site-packages/airflow/example_dags/example_branch_day_of_week_operator.py
[2021-12-19 04:42:55,434] {processor.py:625} INFO - Processing file /home/airflow/.local/lib/python3.7/site-packages/airflow/example_dags/example_branch_day_of_week_operator.py for tasks to queue
[2021-12-19 04:42:55,439] {logging_mixin.py:109} INFO - [2021-12-19 04:42:55,438] {dagbag.py:500} INFO - Filling up the DagBag from /home/airflow/.local/lib/python3.7/site-packages/airflow/example_dags/example_branch_day_of_week_operator.py
[2021-12-19 04:42:55,689] {processor.py:637} INFO - DAG(s) dict_keys(['example_weekday_branch_operator']) retrieved from /home/airflow/.local/lib/python3.7/site-packages/airflow/example_dags/example_branch_day_of_week_operator.py
[2021-12-19 04:42:55,752] {logging_mixin.py:109} INFO - [2021-12-19 04:42:55,751] {dag.py:2396} INFO - Sync 1 DAGs
[2021-12-19 04:42:55,821] {logging_mixin.py:109} INFO - [2021-12-19 04:42:55,820] {dag.py:2928} INFO - Setting next_dagrun for example_weekday_branch_operator to 2021-12-18 00:00:00+00:00
[2021-12-19 04:42:56,125] {processor.py:171} INFO - Processing /home/airflow/.local/lib/python3.7/site-packages/airflow/example_dags/example_branch_day_of_week_operator.py took 0.745 seconds
[2021-12-19 04:43:29,687] {processor.py:163} INFO - Started process (PID=1491) to work on /home/airflow/.local/lib/python3.7/site-packages/airflow/example_dags/example_branch_day_of_week_operator.py
[2021-12-19 04:43:29,694] {processor.py:625} INFO - Processing file /home/airflow/.local/lib/python3.7/site-packages/airflow/example_dags/example_branch_day_of_week_operator.py for tasks to queue
[2021-12-19 04:43:29,699] {logging_mixin.py:109} INFO - [2021-12-19 04:43:29,698] {dagbag.py:500} INFO - Filling up the DagBag from /home/airflow/.local/lib/python3.7/site-packages/airflow/example_dags/example_branch_day_of_week_operator.py
[2021-12-19 04:43:29,803] {processor.py:637} INFO - DAG(s) dict_keys(['example_weekday_branch_operator']) retrieved from /home/airflow/.local/lib/python3.7/site-packages/airflow/example_dags/example_branch_day_of_week_operator.py
[2021-12-19 04:43:29,845] {logging_mixin.py:109} INFO - [2021-12-19 04:43:29,844] {dag.py:2396} INFO - Sync 1 DAGs
[2021-12-19 04:43:29,914] {logging_mixin.py:109} INFO - [2021-12-19 04:43:29,914] {dag.py:2928} INFO - Setting next_dagrun for example_weekday_branch_operator to 2021-12-18 00:00:00+00:00
[2021-12-19 04:43:29,963] {processor.py:171} INFO - Processing /home/airflow/.local/lib/python3.7/site-packages/airflow/example_dags/example_branch_day_of_week_operator.py took 0.294 seconds
[2021-12-19 04:44:13,199] {processor.py:163} INFO - Started process (PID=1544) to work on /home/airflow/.local/lib/python3.7/site-packages/airflow/example_dags/example_branch_day_of_week_operator.py
[2021-12-19 04:44:13,208] {processor.py:625} INFO - Processing file /home/airflow/.local/lib/python3.7/site-packages/airflow/example_dags/example_branch_day_of_week_operator.py for tasks to queue
[2021-12-19 04:44:13,214] {logging_mixin.py:109} INFO - [2021-12-19 04:44:13,213] {dagbag.py:500} INFO - Filling up the DagBag from /home/airflow/.local/lib/python3.7/site-packages/airflow/example_dags/example_branch_day_of_week_operator.py
[2021-12-19 04:44:13,418] {processor.py:637} INFO - DAG(s) dict_keys(['example_weekday_branch_operator']) retrieved from /home/airflow/.local/lib/python3.7/site-packages/airflow/example_dags/example_branch_day_of_week_operator.py
[2021-12-19 04:44:13,515] {logging_mixin.py:109} INFO - [2021-12-19 04:44:13,514] {dag.py:2396} INFO - Sync 1 DAGs
[2021-12-19 04:44:13,731] {logging_mixin.py:109} INFO - [2021-12-19 04:44:13,730] {dag.py:2928} INFO - Setting next_dagrun for example_weekday_branch_operator to 2021-12-18 00:00:00+00:00
[2021-12-19 04:44:14,748] {processor.py:171} INFO - Processing /home/airflow/.local/lib/python3.7/site-packages/airflow/example_dags/example_branch_day_of_week_operator.py took 1.569 seconds
[2021-12-19 04:45:06,408] {processor.py:163} INFO - Started process (PID=1589) to work on /home/airflow/.local/lib/python3.7/site-packages/airflow/example_dags/example_branch_day_of_week_operator.py
[2021-12-19 04:45:06,414] {processor.py:625} INFO - Processing file /home/airflow/.local/lib/python3.7/site-packages/airflow/example_dags/example_branch_day_of_week_operator.py for tasks to queue
[2021-12-19 04:45:06,418] {logging_mixin.py:109} INFO - [2021-12-19 04:45:06,417] {dagbag.py:500} INFO - Filling up the DagBag from /home/airflow/.local/lib/python3.7/site-packages/airflow/example_dags/example_branch_day_of_week_operator.py
[2021-12-19 04:45:06,545] {processor.py:637} INFO - DAG(s) dict_keys(['example_weekday_branch_operator']) retrieved from /home/airflow/.local/lib/python3.7/site-packages/airflow/example_dags/example_branch_day_of_week_operator.py
[2021-12-19 04:45:06,575] {logging_mixin.py:109} INFO - [2021-12-19 04:45:06,574] {dag.py:2396} INFO - Sync 1 DAGs
[2021-12-19 04:45:06,617] {logging_mixin.py:109} INFO - [2021-12-19 04:45:06,617] {dag.py:2928} INFO - Setting next_dagrun for example_weekday_branch_operator to 2021-12-18 00:00:00+00:00
[2021-12-19 04:45:06,648] {processor.py:171} INFO - Processing /home/airflow/.local/lib/python3.7/site-packages/airflow/example_dags/example_branch_day_of_week_operator.py took 0.252 seconds
[2021-12-19 04:46:54,035] {processor.py:163} INFO - Started process (PID=1638) to work on /home/airflow/.local/lib/python3.7/site-packages/airflow/example_dags/example_branch_day_of_week_operator.py
[2021-12-19 04:46:54,039] {processor.py:625} INFO - Processing file /home/airflow/.local/lib/python3.7/site-packages/airflow/example_dags/example_branch_day_of_week_operator.py for tasks to queue
[2021-12-19 04:46:54,042] {logging_mixin.py:109} INFO - [2021-12-19 04:46:54,041] {dagbag.py:500} INFO - Filling up the DagBag from /home/airflow/.local/lib/python3.7/site-packages/airflow/example_dags/example_branch_day_of_week_operator.py
[2021-12-19 04:46:55,572] {processor.py:637} INFO - DAG(s) dict_keys(['example_weekday_branch_operator']) retrieved from /home/airflow/.local/lib/python3.7/site-packages/airflow/example_dags/example_branch_day_of_week_operator.py
[2021-12-19 04:46:55,602] {logging_mixin.py:109} INFO - [2021-12-19 04:46:55,601] {dag.py:2396} INFO - Sync 1 DAGs
[2021-12-19 04:46:55,655] {logging_mixin.py:109} INFO - [2021-12-19 04:46:55,654] {dag.py:2928} INFO - Setting next_dagrun for example_weekday_branch_operator to 2021-12-18 00:00:00+00:00
[2021-12-19 04:46:55,695] {processor.py:171} INFO - Processing /home/airflow/.local/lib/python3.7/site-packages/airflow/example_dags/example_branch_day_of_week_operator.py took 1.668 seconds
[2021-12-19 04:47:27,023] {processor.py:163} INFO - Started process (PID=1694) to work on /home/airflow/.local/lib/python3.7/site-packages/airflow/example_dags/example_branch_day_of_week_operator.py
[2021-12-19 04:47:27,051] {processor.py:625} INFO - Processing file /home/airflow/.local/lib/python3.7/site-packages/airflow/example_dags/example_branch_day_of_week_operator.py for tasks to queue
[2021-12-19 04:47:27,053] {logging_mixin.py:109} INFO - [2021-12-19 04:47:27,053] {dagbag.py:500} INFO - Filling up the DagBag from /home/airflow/.local/lib/python3.7/site-packages/airflow/example_dags/example_branch_day_of_week_operator.py
[2021-12-19 04:47:27,163] {processor.py:637} INFO - DAG(s) dict_keys(['example_weekday_branch_operator']) retrieved from /home/airflow/.local/lib/python3.7/site-packages/airflow/example_dags/example_branch_day_of_week_operator.py
[2021-12-19 04:47:27,208] {logging_mixin.py:109} INFO - [2021-12-19 04:47:27,208] {dag.py:2396} INFO - Sync 1 DAGs
[2021-12-19 04:47:27,277] {logging_mixin.py:109} INFO - [2021-12-19 04:47:27,277] {dag.py:2928} INFO - Setting next_dagrun for example_weekday_branch_operator to 2021-12-18 00:00:00+00:00
[2021-12-19 04:47:27,328] {processor.py:171} INFO - Processing /home/airflow/.local/lib/python3.7/site-packages/airflow/example_dags/example_branch_day_of_week_operator.py took 0.314 seconds
[2021-12-19 04:47:57,731] {processor.py:163} INFO - Started process (PID=1727) to work on /home/airflow/.local/lib/python3.7/site-packages/airflow/example_dags/example_branch_day_of_week_operator.py
[2021-12-19 04:47:57,737] {processor.py:625} INFO - Processing file /home/airflow/.local/lib/python3.7/site-packages/airflow/example_dags/example_branch_day_of_week_operator.py for tasks to queue
[2021-12-19 04:47:57,739] {logging_mixin.py:109} INFO - [2021-12-19 04:47:57,739] {dagbag.py:500} INFO - Filling up the DagBag from /home/airflow/.local/lib/python3.7/site-packages/airflow/example_dags/example_branch_day_of_week_operator.py
[2021-12-19 04:47:57,803] {processor.py:637} INFO - DAG(s) dict_keys(['example_weekday_branch_operator']) retrieved from /home/airflow/.local/lib/python3.7/site-packages/airflow/example_dags/example_branch_day_of_week_operator.py
[2021-12-19 04:47:57,822] {logging_mixin.py:109} INFO - [2021-12-19 04:47:57,822] {dag.py:2396} INFO - Sync 1 DAGs
[2021-12-19 04:47:57,845] {logging_mixin.py:109} INFO - [2021-12-19 04:47:57,845] {dag.py:2928} INFO - Setting next_dagrun for example_weekday_branch_operator to 2021-12-18 00:00:00+00:00
[2021-12-19 04:47:57,875] {processor.py:171} INFO - Processing /home/airflow/.local/lib/python3.7/site-packages/airflow/example_dags/example_branch_day_of_week_operator.py took 0.151 seconds
[2021-12-19 04:48:28,050] {processor.py:163} INFO - Started process (PID=1780) to work on /home/airflow/.local/lib/python3.7/site-packages/airflow/example_dags/example_branch_day_of_week_operator.py
[2021-12-19 04:48:28,053] {processor.py:625} INFO - Processing file /home/airflow/.local/lib/python3.7/site-packages/airflow/example_dags/example_branch_day_of_week_operator.py for tasks to queue
[2021-12-19 04:48:28,055] {logging_mixin.py:109} INFO - [2021-12-19 04:48:28,055] {dagbag.py:500} INFO - Filling up the DagBag from /home/airflow/.local/lib/python3.7/site-packages/airflow/example_dags/example_branch_day_of_week_operator.py
[2021-12-19 04:48:28,120] {processor.py:637} INFO - DAG(s) dict_keys(['example_weekday_branch_operator']) retrieved from /home/airflow/.local/lib/python3.7/site-packages/airflow/example_dags/example_branch_day_of_week_operator.py
[2021-12-19 04:48:28,143] {logging_mixin.py:109} INFO - [2021-12-19 04:48:28,142] {dag.py:2396} INFO - Sync 1 DAGs
[2021-12-19 04:48:28,178] {logging_mixin.py:109} INFO - [2021-12-19 04:48:28,178] {dag.py:2928} INFO - Setting next_dagrun for example_weekday_branch_operator to 2021-12-18 00:00:00+00:00
[2021-12-19 04:48:28,229] {processor.py:171} INFO - Processing /home/airflow/.local/lib/python3.7/site-packages/airflow/example_dags/example_branch_day_of_week_operator.py took 0.187 seconds
[2021-12-19 04:48:58,596] {processor.py:163} INFO - Started process (PID=1832) to work on /home/airflow/.local/lib/python3.7/site-packages/airflow/example_dags/example_branch_day_of_week_operator.py
[2021-12-19 04:48:58,601] {processor.py:625} INFO - Processing file /home/airflow/.local/lib/python3.7/site-packages/airflow/example_dags/example_branch_day_of_week_operator.py for tasks to queue
[2021-12-19 04:48:58,603] {logging_mixin.py:109} INFO - [2021-12-19 04:48:58,603] {dagbag.py:500} INFO - Filling up the DagBag from /home/airflow/.local/lib/python3.7/site-packages/airflow/example_dags/example_branch_day_of_week_operator.py
[2021-12-19 04:48:58,721] {processor.py:637} INFO - DAG(s) dict_keys(['example_weekday_branch_operator']) retrieved from /home/airflow/.local/lib/python3.7/site-packages/airflow/example_dags/example_branch_day_of_week_operator.py
[2021-12-19 04:48:58,758] {logging_mixin.py:109} INFO - [2021-12-19 04:48:58,757] {dag.py:2396} INFO - Sync 1 DAGs
[2021-12-19 04:48:58,820] {logging_mixin.py:109} INFO - [2021-12-19 04:48:58,819] {dag.py:2928} INFO - Setting next_dagrun for example_weekday_branch_operator to 2021-12-18 00:00:00+00:00
[2021-12-19 04:48:58,856] {processor.py:171} INFO - Processing /home/airflow/.local/lib/python3.7/site-packages/airflow/example_dags/example_branch_day_of_week_operator.py took 0.277 seconds
[2021-12-19 04:49:39,793] {processor.py:163} INFO - Started process (PID=1873) to work on /home/airflow/.local/lib/python3.7/site-packages/airflow/example_dags/example_branch_day_of_week_operator.py
[2021-12-19 04:49:39,807] {processor.py:625} INFO - Processing file /home/airflow/.local/lib/python3.7/site-packages/airflow/example_dags/example_branch_day_of_week_operator.py for tasks to queue
[2021-12-19 04:49:39,811] {logging_mixin.py:109} INFO - [2021-12-19 04:49:39,810] {dagbag.py:500} INFO - Filling up the DagBag from /home/airflow/.local/lib/python3.7/site-packages/airflow/example_dags/example_branch_day_of_week_operator.py
[2021-12-19 04:49:39,926] {processor.py:637} INFO - DAG(s) dict_keys(['example_weekday_branch_operator']) retrieved from /home/airflow/.local/lib/python3.7/site-packages/airflow/example_dags/example_branch_day_of_week_operator.py
[2021-12-19 04:49:39,973] {logging_mixin.py:109} INFO - [2021-12-19 04:49:39,972] {dag.py:2396} INFO - Sync 1 DAGs
[2021-12-19 04:49:40,041] {logging_mixin.py:109} INFO - [2021-12-19 04:49:40,041] {dag.py:2928} INFO - Setting next_dagrun for example_weekday_branch_operator to 2021-12-18 00:00:00+00:00
[2021-12-19 04:49:41,463] {processor.py:171} INFO - Processing /home/airflow/.local/lib/python3.7/site-packages/airflow/example_dags/example_branch_day_of_week_operator.py took 1.688 seconds
[2021-12-19 04:50:12,297] {processor.py:163} INFO - Started process (PID=1924) to work on /home/airflow/.local/lib/python3.7/site-packages/airflow/example_dags/example_branch_day_of_week_operator.py
[2021-12-19 04:50:12,310] {processor.py:625} INFO - Processing file /home/airflow/.local/lib/python3.7/site-packages/airflow/example_dags/example_branch_day_of_week_operator.py for tasks to queue
[2021-12-19 04:50:12,313] {logging_mixin.py:109} INFO - [2021-12-19 04:50:12,313] {dagbag.py:500} INFO - Filling up the DagBag from /home/airflow/.local/lib/python3.7/site-packages/airflow/example_dags/example_branch_day_of_week_operator.py
[2021-12-19 04:50:12,454] {processor.py:637} INFO - DAG(s) dict_keys(['example_weekday_branch_operator']) retrieved from /home/airflow/.local/lib/python3.7/site-packages/airflow/example_dags/example_branch_day_of_week_operator.py
[2021-12-19 04:50:12,520] {logging_mixin.py:109} INFO - [2021-12-19 04:50:12,519] {dag.py:2396} INFO - Sync 1 DAGs
[2021-12-19 04:50:12,632] {logging_mixin.py:109} INFO - [2021-12-19 04:50:12,632] {dag.py:2928} INFO - Setting next_dagrun for example_weekday_branch_operator to 2021-12-18 00:00:00+00:00
[2021-12-19 04:50:17,158] {processor.py:171} INFO - Processing /home/airflow/.local/lib/python3.7/site-packages/airflow/example_dags/example_branch_day_of_week_operator.py took 4.877 seconds
