[2021-12-19 04:15:27,805] {processor.py:163} INFO - Started process (PID=248) to work on /home/airflow/.local/lib/python3.7/site-packages/airflow/example_dags/example_skip_dag.py
[2021-12-19 04:15:27,808] {processor.py:625} INFO - Processing file /home/airflow/.local/lib/python3.7/site-packages/airflow/example_dags/example_skip_dag.py for tasks to queue
[2021-12-19 04:15:27,810] {logging_mixin.py:109} INFO - [2021-12-19 04:15:27,810] {dagbag.py:500} INFO - Filling up the DagBag from /home/airflow/.local/lib/python3.7/site-packages/airflow/example_dags/example_skip_dag.py
[2021-12-19 04:15:27,855] {processor.py:637} INFO - DAG(s) dict_keys(['example_skip_dag']) retrieved from /home/airflow/.local/lib/python3.7/site-packages/airflow/example_dags/example_skip_dag.py
[2021-12-19 04:15:30,643] {logging_mixin.py:109} INFO - [2021-12-19 04:15:30,643] {providers_manager.py:156} WARNING - Exception when importing 'airflow.providers.google.leveldb.hooks.leveldb.LevelDBHook' from 'apache-airflow-providers-google' package: No module named 'plyvel'
[2021-12-19 04:15:32,233] {logging_mixin.py:109} INFO - [2021-12-19 04:15:32,233] {providers_manager.py:156} WARNING - Exception when importing 'airflow.providers.google.leveldb.hooks.leveldb.LevelDBHook' from 'apache-airflow-providers-google' package: No module named 'plyvel'
[2021-12-19 04:15:33,715] {logging_mixin.py:109} INFO - [2021-12-19 04:15:33,715] {manager.py:496} INFO - Created Permission View: can read on DAG:example_skip_dag
[2021-12-19 04:15:33,744] {logging_mixin.py:109} INFO - [2021-12-19 04:15:33,744] {manager.py:496} INFO - Created Permission View: can edit on DAG:example_skip_dag
[2021-12-19 04:15:33,746] {logging_mixin.py:109} INFO - [2021-12-19 04:15:33,746] {dag.py:2396} INFO - Sync 1 DAGs
[2021-12-19 04:15:33,767] {logging_mixin.py:109} INFO - [2021-12-19 04:15:33,766] {dag.py:2415} INFO - Creating ORM DAG for example_skip_dag
[2021-12-19 04:15:33,793] {logging_mixin.py:109} INFO - [2021-12-19 04:15:33,792] {dag.py:2928} INFO - Setting next_dagrun for example_skip_dag to 2021-12-18T04:15:33.792445+00:00
[2021-12-19 04:15:33,838] {processor.py:171} INFO - Processing /home/airflow/.local/lib/python3.7/site-packages/airflow/example_dags/example_skip_dag.py took 6.041 seconds
[2021-12-19 04:18:11,229] {processor.py:163} INFO - Started process (PID=453) to work on /home/airflow/.local/lib/python3.7/site-packages/airflow/example_dags/example_skip_dag.py
[2021-12-19 04:18:11,238] {processor.py:625} INFO - Processing file /home/airflow/.local/lib/python3.7/site-packages/airflow/example_dags/example_skip_dag.py for tasks to queue
[2021-12-19 04:18:11,251] {logging_mixin.py:109} INFO - [2021-12-19 04:18:11,250] {dagbag.py:500} INFO - Filling up the DagBag from /home/airflow/.local/lib/python3.7/site-packages/airflow/example_dags/example_skip_dag.py
[2021-12-19 04:18:11,382] {processor.py:637} INFO - DAG(s) dict_keys(['example_skip_dag']) retrieved from /home/airflow/.local/lib/python3.7/site-packages/airflow/example_dags/example_skip_dag.py
[2021-12-19 04:18:11,459] {logging_mixin.py:109} INFO - [2021-12-19 04:18:11,458] {dag.py:2396} INFO - Sync 1 DAGs
[2021-12-19 04:18:11,562] {logging_mixin.py:109} INFO - [2021-12-19 04:18:11,559] {dag.py:2928} INFO - Setting next_dagrun for example_skip_dag to 2021-12-18T04:18:11.558454+00:00
[2021-12-19 04:18:13,550] {processor.py:171} INFO - Processing /home/airflow/.local/lib/python3.7/site-packages/airflow/example_dags/example_skip_dag.py took 2.331 seconds
[2021-12-19 04:20:02,915] {processor.py:163} INFO - Started process (PID=497) to work on /home/airflow/.local/lib/python3.7/site-packages/airflow/example_dags/example_skip_dag.py
[2021-12-19 04:20:02,919] {processor.py:625} INFO - Processing file /home/airflow/.local/lib/python3.7/site-packages/airflow/example_dags/example_skip_dag.py for tasks to queue
[2021-12-19 04:20:02,922] {logging_mixin.py:109} INFO - [2021-12-19 04:20:02,922] {dagbag.py:500} INFO - Filling up the DagBag from /home/airflow/.local/lib/python3.7/site-packages/airflow/example_dags/example_skip_dag.py
[2021-12-19 04:20:03,004] {processor.py:637} INFO - DAG(s) dict_keys(['example_skip_dag']) retrieved from /home/airflow/.local/lib/python3.7/site-packages/airflow/example_dags/example_skip_dag.py
[2021-12-19 04:20:03,035] {logging_mixin.py:109} INFO - [2021-12-19 04:20:03,035] {dag.py:2396} INFO - Sync 1 DAGs
[2021-12-19 04:20:03,078] {logging_mixin.py:109} INFO - [2021-12-19 04:20:03,078] {dag.py:2928} INFO - Setting next_dagrun for example_skip_dag to 2021-12-18T04:20:03.077746+00:00
[2021-12-19 04:20:03,106] {processor.py:171} INFO - Processing /home/airflow/.local/lib/python3.7/site-packages/airflow/example_dags/example_skip_dag.py took 0.200 seconds
[2021-12-19 04:22:06,814] {processor.py:163} INFO - Started process (PID=551) to work on /home/airflow/.local/lib/python3.7/site-packages/airflow/example_dags/example_skip_dag.py
[2021-12-19 04:22:06,829] {processor.py:625} INFO - Processing file /home/airflow/.local/lib/python3.7/site-packages/airflow/example_dags/example_skip_dag.py for tasks to queue
[2021-12-19 04:22:06,833] {logging_mixin.py:109} INFO - [2021-12-19 04:22:06,833] {dagbag.py:500} INFO - Filling up the DagBag from /home/airflow/.local/lib/python3.7/site-packages/airflow/example_dags/example_skip_dag.py
[2021-12-19 04:22:07,108] {processor.py:637} INFO - DAG(s) dict_keys(['example_skip_dag']) retrieved from /home/airflow/.local/lib/python3.7/site-packages/airflow/example_dags/example_skip_dag.py
[2021-12-19 04:22:07,245] {logging_mixin.py:109} INFO - [2021-12-19 04:22:07,237] {dag.py:2396} INFO - Sync 1 DAGs
[2021-12-19 04:22:07,426] {logging_mixin.py:109} INFO - [2021-12-19 04:22:07,425] {dag.py:2928} INFO - Setting next_dagrun for example_skip_dag to 2021-12-18T04:22:07.424249+00:00
[2021-12-19 04:22:07,869] {processor.py:171} INFO - Processing /home/airflow/.local/lib/python3.7/site-packages/airflow/example_dags/example_skip_dag.py took 1.078 seconds
[2021-12-19 04:24:16,799] {processor.py:163} INFO - Started process (PID=597) to work on /home/airflow/.local/lib/python3.7/site-packages/airflow/example_dags/example_skip_dag.py
[2021-12-19 04:24:16,814] {processor.py:625} INFO - Processing file /home/airflow/.local/lib/python3.7/site-packages/airflow/example_dags/example_skip_dag.py for tasks to queue
[2021-12-19 04:24:16,822] {logging_mixin.py:109} INFO - [2021-12-19 04:24:16,822] {dagbag.py:500} INFO - Filling up the DagBag from /home/airflow/.local/lib/python3.7/site-packages/airflow/example_dags/example_skip_dag.py
[2021-12-19 04:24:16,992] {processor.py:637} INFO - DAG(s) dict_keys(['example_skip_dag']) retrieved from /home/airflow/.local/lib/python3.7/site-packages/airflow/example_dags/example_skip_dag.py
[2021-12-19 04:24:17,097] {logging_mixin.py:109} INFO - [2021-12-19 04:24:17,096] {dag.py:2396} INFO - Sync 1 DAGs
[2021-12-19 04:24:17,308] {logging_mixin.py:109} INFO - [2021-12-19 04:24:17,307] {dag.py:2928} INFO - Setting next_dagrun for example_skip_dag to 2021-12-18T04:24:17.306605+00:00
[2021-12-19 04:24:42,749] {processor.py:171} INFO - Processing /home/airflow/.local/lib/python3.7/site-packages/airflow/example_dags/example_skip_dag.py took 25.971 seconds
[2021-12-19 04:26:14,725] {processor.py:163} INFO - Started process (PID=665) to work on /home/airflow/.local/lib/python3.7/site-packages/airflow/example_dags/example_skip_dag.py
[2021-12-19 04:26:14,738] {processor.py:625} INFO - Processing file /home/airflow/.local/lib/python3.7/site-packages/airflow/example_dags/example_skip_dag.py for tasks to queue
[2021-12-19 04:26:14,744] {logging_mixin.py:109} INFO - [2021-12-19 04:26:14,743] {dagbag.py:500} INFO - Filling up the DagBag from /home/airflow/.local/lib/python3.7/site-packages/airflow/example_dags/example_skip_dag.py
[2021-12-19 04:26:14,877] {processor.py:637} INFO - DAG(s) dict_keys(['example_skip_dag']) retrieved from /home/airflow/.local/lib/python3.7/site-packages/airflow/example_dags/example_skip_dag.py
[2021-12-19 04:26:14,933] {logging_mixin.py:109} INFO - [2021-12-19 04:26:14,933] {dag.py:2396} INFO - Sync 1 DAGs
[2021-12-19 04:26:15,003] {logging_mixin.py:109} INFO - [2021-12-19 04:26:15,003] {dag.py:2928} INFO - Setting next_dagrun for example_skip_dag to 2021-12-18T04:26:15.002077+00:00
[2021-12-19 04:26:15,285] {processor.py:171} INFO - Processing /home/airflow/.local/lib/python3.7/site-packages/airflow/example_dags/example_skip_dag.py took 0.575 seconds
[2021-12-19 04:27:26,347] {processor.py:163} INFO - Started process (PID=691) to work on /home/airflow/.local/lib/python3.7/site-packages/airflow/example_dags/example_skip_dag.py
[2021-12-19 04:27:26,352] {processor.py:625} INFO - Processing file /home/airflow/.local/lib/python3.7/site-packages/airflow/example_dags/example_skip_dag.py for tasks to queue
[2021-12-19 04:27:26,357] {logging_mixin.py:109} INFO - [2021-12-19 04:27:26,356] {dagbag.py:500} INFO - Filling up the DagBag from /home/airflow/.local/lib/python3.7/site-packages/airflow/example_dags/example_skip_dag.py
[2021-12-19 04:27:26,451] {processor.py:637} INFO - DAG(s) dict_keys(['example_skip_dag']) retrieved from /home/airflow/.local/lib/python3.7/site-packages/airflow/example_dags/example_skip_dag.py
[2021-12-19 04:27:26,505] {logging_mixin.py:109} INFO - [2021-12-19 04:27:26,505] {dag.py:2396} INFO - Sync 1 DAGs
[2021-12-19 04:27:26,595] {logging_mixin.py:109} INFO - [2021-12-19 04:27:26,595] {dag.py:2928} INFO - Setting next_dagrun for example_skip_dag to 2021-12-18T04:27:26.593025+00:00
[2021-12-19 04:27:26,646] {processor.py:171} INFO - Processing /home/airflow/.local/lib/python3.7/site-packages/airflow/example_dags/example_skip_dag.py took 0.309 seconds
[2021-12-19 04:28:43,207] {processor.py:163} INFO - Started process (PID=758) to work on /home/airflow/.local/lib/python3.7/site-packages/airflow/example_dags/example_skip_dag.py
[2021-12-19 04:28:43,213] {processor.py:625} INFO - Processing file /home/airflow/.local/lib/python3.7/site-packages/airflow/example_dags/example_skip_dag.py for tasks to queue
[2021-12-19 04:28:43,217] {logging_mixin.py:109} INFO - [2021-12-19 04:28:43,216] {dagbag.py:500} INFO - Filling up the DagBag from /home/airflow/.local/lib/python3.7/site-packages/airflow/example_dags/example_skip_dag.py
[2021-12-19 04:28:43,334] {processor.py:637} INFO - DAG(s) dict_keys(['example_skip_dag']) retrieved from /home/airflow/.local/lib/python3.7/site-packages/airflow/example_dags/example_skip_dag.py
[2021-12-19 04:28:43,385] {logging_mixin.py:109} INFO - [2021-12-19 04:28:43,385] {dag.py:2396} INFO - Sync 1 DAGs
[2021-12-19 04:28:43,435] {logging_mixin.py:109} INFO - [2021-12-19 04:28:43,434] {dag.py:2928} INFO - Setting next_dagrun for example_skip_dag to 2021-12-18T04:28:43.433904+00:00
[2021-12-19 04:28:43,531] {processor.py:171} INFO - Processing /home/airflow/.local/lib/python3.7/site-packages/airflow/example_dags/example_skip_dag.py took 0.337 seconds
[2021-12-19 04:29:14,115] {processor.py:163} INFO - Started process (PID=809) to work on /home/airflow/.local/lib/python3.7/site-packages/airflow/example_dags/example_skip_dag.py
[2021-12-19 04:29:14,166] {processor.py:625} INFO - Processing file /home/airflow/.local/lib/python3.7/site-packages/airflow/example_dags/example_skip_dag.py for tasks to queue
[2021-12-19 04:29:14,169] {logging_mixin.py:109} INFO - [2021-12-19 04:29:14,168] {dagbag.py:500} INFO - Filling up the DagBag from /home/airflow/.local/lib/python3.7/site-packages/airflow/example_dags/example_skip_dag.py
[2021-12-19 04:29:14,228] {processor.py:637} INFO - DAG(s) dict_keys(['example_skip_dag']) retrieved from /home/airflow/.local/lib/python3.7/site-packages/airflow/example_dags/example_skip_dag.py
[2021-12-19 04:29:14,243] {logging_mixin.py:109} INFO - [2021-12-19 04:29:14,243] {dag.py:2396} INFO - Sync 1 DAGs
[2021-12-19 04:29:14,263] {logging_mixin.py:109} INFO - [2021-12-19 04:29:14,263] {dag.py:2928} INFO - Setting next_dagrun for example_skip_dag to 2021-12-18T04:29:14.262717+00:00
[2021-12-19 04:29:14,308] {processor.py:171} INFO - Processing /home/airflow/.local/lib/python3.7/site-packages/airflow/example_dags/example_skip_dag.py took 0.199 seconds
[2021-12-19 04:29:44,624] {processor.py:163} INFO - Started process (PID=852) to work on /home/airflow/.local/lib/python3.7/site-packages/airflow/example_dags/example_skip_dag.py
[2021-12-19 04:29:44,636] {processor.py:625} INFO - Processing file /home/airflow/.local/lib/python3.7/site-packages/airflow/example_dags/example_skip_dag.py for tasks to queue
[2021-12-19 04:29:44,639] {logging_mixin.py:109} INFO - [2021-12-19 04:29:44,639] {dagbag.py:500} INFO - Filling up the DagBag from /home/airflow/.local/lib/python3.7/site-packages/airflow/example_dags/example_skip_dag.py
[2021-12-19 04:29:44,761] {processor.py:637} INFO - DAG(s) dict_keys(['example_skip_dag']) retrieved from /home/airflow/.local/lib/python3.7/site-packages/airflow/example_dags/example_skip_dag.py
[2021-12-19 04:29:44,816] {logging_mixin.py:109} INFO - [2021-12-19 04:29:44,816] {dag.py:2396} INFO - Sync 1 DAGs
[2021-12-19 04:29:44,894] {logging_mixin.py:109} INFO - [2021-12-19 04:29:44,892] {dag.py:2928} INFO - Setting next_dagrun for example_skip_dag to 2021-12-18T04:29:44.888898+00:00
[2021-12-19 04:29:52,252] {processor.py:171} INFO - Processing /home/airflow/.local/lib/python3.7/site-packages/airflow/example_dags/example_skip_dag.py took 7.638 seconds
[2021-12-19 04:30:29,355] {processor.py:163} INFO - Started process (PID=891) to work on /home/airflow/.local/lib/python3.7/site-packages/airflow/example_dags/example_skip_dag.py
[2021-12-19 04:30:29,360] {processor.py:625} INFO - Processing file /home/airflow/.local/lib/python3.7/site-packages/airflow/example_dags/example_skip_dag.py for tasks to queue
[2021-12-19 04:30:29,362] {logging_mixin.py:109} INFO - [2021-12-19 04:30:29,361] {dagbag.py:500} INFO - Filling up the DagBag from /home/airflow/.local/lib/python3.7/site-packages/airflow/example_dags/example_skip_dag.py
[2021-12-19 04:30:29,407] {processor.py:637} INFO - DAG(s) dict_keys(['example_skip_dag']) retrieved from /home/airflow/.local/lib/python3.7/site-packages/airflow/example_dags/example_skip_dag.py
[2021-12-19 04:30:29,427] {logging_mixin.py:109} INFO - [2021-12-19 04:30:29,427] {dag.py:2396} INFO - Sync 1 DAGs
[2021-12-19 04:30:29,450] {logging_mixin.py:109} INFO - [2021-12-19 04:30:29,450] {dag.py:2928} INFO - Setting next_dagrun for example_skip_dag to 2021-12-18T04:30:29.449941+00:00
[2021-12-19 04:30:30,599] {processor.py:171} INFO - Processing /home/airflow/.local/lib/python3.7/site-packages/airflow/example_dags/example_skip_dag.py took 1.249 seconds
[2021-12-19 04:31:33,618] {processor.py:163} INFO - Started process (PID=948) to work on /home/airflow/.local/lib/python3.7/site-packages/airflow/example_dags/example_skip_dag.py
[2021-12-19 04:31:33,627] {processor.py:625} INFO - Processing file /home/airflow/.local/lib/python3.7/site-packages/airflow/example_dags/example_skip_dag.py for tasks to queue
[2021-12-19 04:31:33,630] {logging_mixin.py:109} INFO - [2021-12-19 04:31:33,630] {dagbag.py:500} INFO - Filling up the DagBag from /home/airflow/.local/lib/python3.7/site-packages/airflow/example_dags/example_skip_dag.py
[2021-12-19 04:31:33,759] {processor.py:637} INFO - DAG(s) dict_keys(['example_skip_dag']) retrieved from /home/airflow/.local/lib/python3.7/site-packages/airflow/example_dags/example_skip_dag.py
[2021-12-19 04:31:33,829] {logging_mixin.py:109} INFO - [2021-12-19 04:31:33,828] {dag.py:2396} INFO - Sync 1 DAGs
[2021-12-19 04:31:33,920] {logging_mixin.py:109} INFO - [2021-12-19 04:31:33,920] {dag.py:2928} INFO - Setting next_dagrun for example_skip_dag to 2021-12-18T04:31:33.919456+00:00
[2021-12-19 04:31:33,974] {processor.py:171} INFO - Processing /home/airflow/.local/lib/python3.7/site-packages/airflow/example_dags/example_skip_dag.py took 0.370 seconds
[2021-12-19 04:32:29,126] {processor.py:163} INFO - Started process (PID=981) to work on /home/airflow/.local/lib/python3.7/site-packages/airflow/example_dags/example_skip_dag.py
[2021-12-19 04:32:29,136] {processor.py:625} INFO - Processing file /home/airflow/.local/lib/python3.7/site-packages/airflow/example_dags/example_skip_dag.py for tasks to queue
[2021-12-19 04:32:29,138] {logging_mixin.py:109} INFO - [2021-12-19 04:32:29,138] {dagbag.py:500} INFO - Filling up the DagBag from /home/airflow/.local/lib/python3.7/site-packages/airflow/example_dags/example_skip_dag.py
[2021-12-19 04:32:29,243] {processor.py:637} INFO - DAG(s) dict_keys(['example_skip_dag']) retrieved from /home/airflow/.local/lib/python3.7/site-packages/airflow/example_dags/example_skip_dag.py
[2021-12-19 04:32:29,285] {logging_mixin.py:109} INFO - [2021-12-19 04:32:29,284] {dag.py:2396} INFO - Sync 1 DAGs
[2021-12-19 04:32:29,334] {logging_mixin.py:109} INFO - [2021-12-19 04:32:29,333] {dag.py:2928} INFO - Setting next_dagrun for example_skip_dag to 2021-12-18T04:32:29.332877+00:00
[2021-12-19 04:32:29,377] {processor.py:171} INFO - Processing /home/airflow/.local/lib/python3.7/site-packages/airflow/example_dags/example_skip_dag.py took 0.265 seconds
[2021-12-19 04:33:24,826] {processor.py:163} INFO - Started process (PID=1020) to work on /home/airflow/.local/lib/python3.7/site-packages/airflow/example_dags/example_skip_dag.py
[2021-12-19 04:33:24,831] {processor.py:625} INFO - Processing file /home/airflow/.local/lib/python3.7/site-packages/airflow/example_dags/example_skip_dag.py for tasks to queue
[2021-12-19 04:33:24,841] {logging_mixin.py:109} INFO - [2021-12-19 04:33:24,841] {dagbag.py:500} INFO - Filling up the DagBag from /home/airflow/.local/lib/python3.7/site-packages/airflow/example_dags/example_skip_dag.py
[2021-12-19 04:33:24,944] {processor.py:637} INFO - DAG(s) dict_keys(['example_skip_dag']) retrieved from /home/airflow/.local/lib/python3.7/site-packages/airflow/example_dags/example_skip_dag.py
[2021-12-19 04:33:24,963] {logging_mixin.py:109} INFO - [2021-12-19 04:33:24,963] {dag.py:2396} INFO - Sync 1 DAGs
[2021-12-19 04:33:25,012] {logging_mixin.py:109} INFO - [2021-12-19 04:33:25,012] {dag.py:2928} INFO - Setting next_dagrun for example_skip_dag to 2021-12-18T04:33:25.011435+00:00
[2021-12-19 04:33:25,115] {processor.py:171} INFO - Processing /home/airflow/.local/lib/python3.7/site-packages/airflow/example_dags/example_skip_dag.py took 0.297 seconds
[2021-12-19 04:34:06,300] {processor.py:163} INFO - Started process (PID=1063) to work on /home/airflow/.local/lib/python3.7/site-packages/airflow/example_dags/example_skip_dag.py
[2021-12-19 04:34:06,304] {processor.py:625} INFO - Processing file /home/airflow/.local/lib/python3.7/site-packages/airflow/example_dags/example_skip_dag.py for tasks to queue
[2021-12-19 04:34:06,306] {logging_mixin.py:109} INFO - [2021-12-19 04:34:06,305] {dagbag.py:500} INFO - Filling up the DagBag from /home/airflow/.local/lib/python3.7/site-packages/airflow/example_dags/example_skip_dag.py
[2021-12-19 04:34:06,373] {processor.py:637} INFO - DAG(s) dict_keys(['example_skip_dag']) retrieved from /home/airflow/.local/lib/python3.7/site-packages/airflow/example_dags/example_skip_dag.py
[2021-12-19 04:34:06,402] {logging_mixin.py:109} INFO - [2021-12-19 04:34:06,402] {dag.py:2396} INFO - Sync 1 DAGs
[2021-12-19 04:34:06,454] {logging_mixin.py:109} INFO - [2021-12-19 04:34:06,454] {dag.py:2928} INFO - Setting next_dagrun for example_skip_dag to 2021-12-18T04:34:06.453347+00:00
[2021-12-19 04:34:06,834] {processor.py:171} INFO - Processing /home/airflow/.local/lib/python3.7/site-packages/airflow/example_dags/example_skip_dag.py took 0.543 seconds
[2021-12-19 04:35:00,849] {processor.py:163} INFO - Started process (PID=1115) to work on /home/airflow/.local/lib/python3.7/site-packages/airflow/example_dags/example_skip_dag.py
[2021-12-19 04:35:00,855] {processor.py:625} INFO - Processing file /home/airflow/.local/lib/python3.7/site-packages/airflow/example_dags/example_skip_dag.py for tasks to queue
[2021-12-19 04:35:00,862] {logging_mixin.py:109} INFO - [2021-12-19 04:35:00,860] {dagbag.py:500} INFO - Filling up the DagBag from /home/airflow/.local/lib/python3.7/site-packages/airflow/example_dags/example_skip_dag.py
[2021-12-19 04:35:00,986] {processor.py:637} INFO - DAG(s) dict_keys(['example_skip_dag']) retrieved from /home/airflow/.local/lib/python3.7/site-packages/airflow/example_dags/example_skip_dag.py
[2021-12-19 04:35:01,035] {logging_mixin.py:109} INFO - [2021-12-19 04:35:01,034] {dag.py:2396} INFO - Sync 1 DAGs
[2021-12-19 04:35:01,128] {logging_mixin.py:109} INFO - [2021-12-19 04:35:01,128] {dag.py:2928} INFO - Setting next_dagrun for example_skip_dag to 2021-12-18T04:35:01.127510+00:00
[2021-12-19 04:35:01,196] {processor.py:171} INFO - Processing /home/airflow/.local/lib/python3.7/site-packages/airflow/example_dags/example_skip_dag.py took 0.361 seconds
[2021-12-19 04:35:34,168] {processor.py:163} INFO - Started process (PID=1157) to work on /home/airflow/.local/lib/python3.7/site-packages/airflow/example_dags/example_skip_dag.py
[2021-12-19 04:35:34,178] {processor.py:625} INFO - Processing file /home/airflow/.local/lib/python3.7/site-packages/airflow/example_dags/example_skip_dag.py for tasks to queue
[2021-12-19 04:35:34,180] {logging_mixin.py:109} INFO - [2021-12-19 04:35:34,180] {dagbag.py:500} INFO - Filling up the DagBag from /home/airflow/.local/lib/python3.7/site-packages/airflow/example_dags/example_skip_dag.py
[2021-12-19 04:35:34,247] {processor.py:637} INFO - DAG(s) dict_keys(['example_skip_dag']) retrieved from /home/airflow/.local/lib/python3.7/site-packages/airflow/example_dags/example_skip_dag.py
[2021-12-19 04:35:34,281] {logging_mixin.py:109} INFO - [2021-12-19 04:35:34,280] {dag.py:2396} INFO - Sync 1 DAGs
[2021-12-19 04:35:34,326] {logging_mixin.py:109} INFO - [2021-12-19 04:35:34,326] {dag.py:2928} INFO - Setting next_dagrun for example_skip_dag to 2021-12-18T04:35:34.325987+00:00
[2021-12-19 04:35:34,361] {processor.py:171} INFO - Processing /home/airflow/.local/lib/python3.7/site-packages/airflow/example_dags/example_skip_dag.py took 0.200 seconds
[2021-12-19 04:36:17,197] {processor.py:163} INFO - Started process (PID=1207) to work on /home/airflow/.local/lib/python3.7/site-packages/airflow/example_dags/example_skip_dag.py
[2021-12-19 04:36:17,211] {processor.py:625} INFO - Processing file /home/airflow/.local/lib/python3.7/site-packages/airflow/example_dags/example_skip_dag.py for tasks to queue
[2021-12-19 04:36:17,213] {logging_mixin.py:109} INFO - [2021-12-19 04:36:17,213] {dagbag.py:500} INFO - Filling up the DagBag from /home/airflow/.local/lib/python3.7/site-packages/airflow/example_dags/example_skip_dag.py
[2021-12-19 04:36:17,324] {processor.py:637} INFO - DAG(s) dict_keys(['example_skip_dag']) retrieved from /home/airflow/.local/lib/python3.7/site-packages/airflow/example_dags/example_skip_dag.py
[2021-12-19 04:36:17,367] {logging_mixin.py:109} INFO - [2021-12-19 04:36:17,367] {dag.py:2396} INFO - Sync 1 DAGs
[2021-12-19 04:36:17,417] {logging_mixin.py:109} INFO - [2021-12-19 04:36:17,417] {dag.py:2928} INFO - Setting next_dagrun for example_skip_dag to 2021-12-18T04:36:17.416263+00:00
[2021-12-19 04:36:22,080] {processor.py:171} INFO - Processing /home/airflow/.local/lib/python3.7/site-packages/airflow/example_dags/example_skip_dag.py took 4.894 seconds
[2021-12-19 04:37:22,422] {processor.py:163} INFO - Started process (PID=1250) to work on /home/airflow/.local/lib/python3.7/site-packages/airflow/example_dags/example_skip_dag.py
[2021-12-19 04:37:22,432] {processor.py:625} INFO - Processing file /home/airflow/.local/lib/python3.7/site-packages/airflow/example_dags/example_skip_dag.py for tasks to queue
[2021-12-19 04:37:22,437] {logging_mixin.py:109} INFO - [2021-12-19 04:37:22,437] {dagbag.py:500} INFO - Filling up the DagBag from /home/airflow/.local/lib/python3.7/site-packages/airflow/example_dags/example_skip_dag.py
[2021-12-19 04:37:22,544] {processor.py:637} INFO - DAG(s) dict_keys(['example_skip_dag']) retrieved from /home/airflow/.local/lib/python3.7/site-packages/airflow/example_dags/example_skip_dag.py
[2021-12-19 04:37:22,591] {logging_mixin.py:109} INFO - [2021-12-19 04:37:22,589] {dag.py:2396} INFO - Sync 1 DAGs
[2021-12-19 04:37:22,655] {logging_mixin.py:109} INFO - [2021-12-19 04:37:22,655] {dag.py:2928} INFO - Setting next_dagrun for example_skip_dag to 2021-12-18T04:37:22.654336+00:00
[2021-12-19 04:37:55,137] {processor.py:171} INFO - Processing /home/airflow/.local/lib/python3.7/site-packages/airflow/example_dags/example_skip_dag.py took 32.735 seconds
[2021-12-19 04:38:46,365] {processor.py:163} INFO - Started process (PID=1293) to work on /home/airflow/.local/lib/python3.7/site-packages/airflow/example_dags/example_skip_dag.py
[2021-12-19 04:38:46,380] {processor.py:625} INFO - Processing file /home/airflow/.local/lib/python3.7/site-packages/airflow/example_dags/example_skip_dag.py for tasks to queue
[2021-12-19 04:38:46,388] {logging_mixin.py:109} INFO - [2021-12-19 04:38:46,388] {dagbag.py:500} INFO - Filling up the DagBag from /home/airflow/.local/lib/python3.7/site-packages/airflow/example_dags/example_skip_dag.py
[2021-12-19 04:38:46,557] {processor.py:637} INFO - DAG(s) dict_keys(['example_skip_dag']) retrieved from /home/airflow/.local/lib/python3.7/site-packages/airflow/example_dags/example_skip_dag.py
[2021-12-19 04:38:46,630] {logging_mixin.py:109} INFO - [2021-12-19 04:38:46,629] {dag.py:2396} INFO - Sync 1 DAGs
[2021-12-19 04:38:53,479] {logging_mixin.py:109} INFO - [2021-12-19 04:38:53,479] {dag.py:2928} INFO - Setting next_dagrun for example_skip_dag to 2021-12-18T04:38:53.478823+00:00
[2021-12-19 04:39:03,404] {processor.py:171} INFO - Processing /home/airflow/.local/lib/python3.7/site-packages/airflow/example_dags/example_skip_dag.py took 17.223 seconds
[2021-12-19 04:39:42,374] {processor.py:163} INFO - Started process (PID=1345) to work on /home/airflow/.local/lib/python3.7/site-packages/airflow/example_dags/example_skip_dag.py
[2021-12-19 04:39:42,378] {processor.py:625} INFO - Processing file /home/airflow/.local/lib/python3.7/site-packages/airflow/example_dags/example_skip_dag.py for tasks to queue
[2021-12-19 04:39:42,381] {logging_mixin.py:109} INFO - [2021-12-19 04:39:42,380] {dagbag.py:500} INFO - Filling up the DagBag from /home/airflow/.local/lib/python3.7/site-packages/airflow/example_dags/example_skip_dag.py
[2021-12-19 04:39:42,480] {processor.py:637} INFO - DAG(s) dict_keys(['example_skip_dag']) retrieved from /home/airflow/.local/lib/python3.7/site-packages/airflow/example_dags/example_skip_dag.py
[2021-12-19 04:39:42,517] {logging_mixin.py:109} INFO - [2021-12-19 04:39:42,517] {dag.py:2396} INFO - Sync 1 DAGs
[2021-12-19 04:39:42,571] {logging_mixin.py:109} INFO - [2021-12-19 04:39:42,570] {dag.py:2928} INFO - Setting next_dagrun for example_skip_dag to 2021-12-18T04:39:42.570013+00:00
[2021-12-19 04:39:43,208] {processor.py:171} INFO - Processing /home/airflow/.local/lib/python3.7/site-packages/airflow/example_dags/example_skip_dag.py took 0.843 seconds
[2021-12-19 04:41:33,570] {processor.py:163} INFO - Started process (PID=1385) to work on /home/airflow/.local/lib/python3.7/site-packages/airflow/example_dags/example_skip_dag.py
[2021-12-19 04:41:33,577] {processor.py:625} INFO - Processing file /home/airflow/.local/lib/python3.7/site-packages/airflow/example_dags/example_skip_dag.py for tasks to queue
[2021-12-19 04:41:33,580] {logging_mixin.py:109} INFO - [2021-12-19 04:41:33,580] {dagbag.py:500} INFO - Filling up the DagBag from /home/airflow/.local/lib/python3.7/site-packages/airflow/example_dags/example_skip_dag.py
[2021-12-19 04:41:33,679] {processor.py:637} INFO - DAG(s) dict_keys(['example_skip_dag']) retrieved from /home/airflow/.local/lib/python3.7/site-packages/airflow/example_dags/example_skip_dag.py
[2021-12-19 04:41:33,718] {logging_mixin.py:109} INFO - [2021-12-19 04:41:33,718] {dag.py:2396} INFO - Sync 1 DAGs
[2021-12-19 04:41:33,767] {logging_mixin.py:109} INFO - [2021-12-19 04:41:33,767] {dag.py:2928} INFO - Setting next_dagrun for example_skip_dag to 2021-12-18T04:41:33.766284+00:00
[2021-12-19 04:41:34,179] {processor.py:171} INFO - Processing /home/airflow/.local/lib/python3.7/site-packages/airflow/example_dags/example_skip_dag.py took 0.621 seconds
[2021-12-19 04:42:28,853] {processor.py:163} INFO - Started process (PID=1436) to work on /home/airflow/.local/lib/python3.7/site-packages/airflow/example_dags/example_skip_dag.py
[2021-12-19 04:42:28,876] {processor.py:625} INFO - Processing file /home/airflow/.local/lib/python3.7/site-packages/airflow/example_dags/example_skip_dag.py for tasks to queue
[2021-12-19 04:42:28,878] {logging_mixin.py:109} INFO - [2021-12-19 04:42:28,878] {dagbag.py:500} INFO - Filling up the DagBag from /home/airflow/.local/lib/python3.7/site-packages/airflow/example_dags/example_skip_dag.py
[2021-12-19 04:42:28,956] {processor.py:637} INFO - DAG(s) dict_keys(['example_skip_dag']) retrieved from /home/airflow/.local/lib/python3.7/site-packages/airflow/example_dags/example_skip_dag.py
[2021-12-19 04:42:28,999] {logging_mixin.py:109} INFO - [2021-12-19 04:42:28,999] {dag.py:2396} INFO - Sync 1 DAGs
[2021-12-19 04:42:29,040] {logging_mixin.py:109} INFO - [2021-12-19 04:42:29,040] {dag.py:2928} INFO - Setting next_dagrun for example_skip_dag to 2021-12-18T04:42:29.039706+00:00
[2021-12-19 04:42:29,396] {processor.py:171} INFO - Processing /home/airflow/.local/lib/python3.7/site-packages/airflow/example_dags/example_skip_dag.py took 0.556 seconds
[2021-12-19 04:43:28,908] {processor.py:163} INFO - Started process (PID=1487) to work on /home/airflow/.local/lib/python3.7/site-packages/airflow/example_dags/example_skip_dag.py
[2021-12-19 04:43:28,914] {processor.py:625} INFO - Processing file /home/airflow/.local/lib/python3.7/site-packages/airflow/example_dags/example_skip_dag.py for tasks to queue
[2021-12-19 04:43:28,918] {logging_mixin.py:109} INFO - [2021-12-19 04:43:28,918] {dagbag.py:500} INFO - Filling up the DagBag from /home/airflow/.local/lib/python3.7/site-packages/airflow/example_dags/example_skip_dag.py
[2021-12-19 04:43:29,033] {processor.py:637} INFO - DAG(s) dict_keys(['example_skip_dag']) retrieved from /home/airflow/.local/lib/python3.7/site-packages/airflow/example_dags/example_skip_dag.py
[2021-12-19 04:43:29,093] {logging_mixin.py:109} INFO - [2021-12-19 04:43:29,093] {dag.py:2396} INFO - Sync 1 DAGs
[2021-12-19 04:43:29,158] {logging_mixin.py:109} INFO - [2021-12-19 04:43:29,158] {dag.py:2928} INFO - Setting next_dagrun for example_skip_dag to 2021-12-18T04:43:29.157436+00:00
[2021-12-19 04:43:29,202] {processor.py:171} INFO - Processing /home/airflow/.local/lib/python3.7/site-packages/airflow/example_dags/example_skip_dag.py took 0.316 seconds
[2021-12-19 04:44:10,832] {processor.py:163} INFO - Started process (PID=1529) to work on /home/airflow/.local/lib/python3.7/site-packages/airflow/example_dags/example_skip_dag.py
[2021-12-19 04:44:10,837] {processor.py:625} INFO - Processing file /home/airflow/.local/lib/python3.7/site-packages/airflow/example_dags/example_skip_dag.py for tasks to queue
[2021-12-19 04:44:10,843] {logging_mixin.py:109} INFO - [2021-12-19 04:44:10,842] {dagbag.py:500} INFO - Filling up the DagBag from /home/airflow/.local/lib/python3.7/site-packages/airflow/example_dags/example_skip_dag.py
[2021-12-19 04:44:10,960] {processor.py:637} INFO - DAG(s) dict_keys(['example_skip_dag']) retrieved from /home/airflow/.local/lib/python3.7/site-packages/airflow/example_dags/example_skip_dag.py
[2021-12-19 04:44:11,055] {logging_mixin.py:109} INFO - [2021-12-19 04:44:11,045] {dag.py:2396} INFO - Sync 1 DAGs
[2021-12-19 04:44:11,178] {logging_mixin.py:109} INFO - [2021-12-19 04:44:11,177] {dag.py:2928} INFO - Setting next_dagrun for example_skip_dag to 2021-12-18T04:44:11.176493+00:00
[2021-12-19 04:44:11,466] {processor.py:171} INFO - Processing /home/airflow/.local/lib/python3.7/site-packages/airflow/example_dags/example_skip_dag.py took 0.648 seconds
[2021-12-19 04:45:03,259] {processor.py:163} INFO - Started process (PID=1585) to work on /home/airflow/.local/lib/python3.7/site-packages/airflow/example_dags/example_skip_dag.py
[2021-12-19 04:45:03,264] {processor.py:625} INFO - Processing file /home/airflow/.local/lib/python3.7/site-packages/airflow/example_dags/example_skip_dag.py for tasks to queue
[2021-12-19 04:45:03,267] {logging_mixin.py:109} INFO - [2021-12-19 04:45:03,267] {dagbag.py:500} INFO - Filling up the DagBag from /home/airflow/.local/lib/python3.7/site-packages/airflow/example_dags/example_skip_dag.py
[2021-12-19 04:45:03,369] {processor.py:637} INFO - DAG(s) dict_keys(['example_skip_dag']) retrieved from /home/airflow/.local/lib/python3.7/site-packages/airflow/example_dags/example_skip_dag.py
[2021-12-19 04:45:03,404] {logging_mixin.py:109} INFO - [2021-12-19 04:45:03,404] {dag.py:2396} INFO - Sync 1 DAGs
[2021-12-19 04:45:03,456] {logging_mixin.py:109} INFO - [2021-12-19 04:45:03,455] {dag.py:2928} INFO - Setting next_dagrun for example_skip_dag to 2021-12-18T04:45:03.454918+00:00
[2021-12-19 04:45:04,652] {processor.py:171} INFO - Processing /home/airflow/.local/lib/python3.7/site-packages/airflow/example_dags/example_skip_dag.py took 1.407 seconds
[2021-12-19 04:46:22,751] {processor.py:163} INFO - Started process (PID=1634) to work on /home/airflow/.local/lib/python3.7/site-packages/airflow/example_dags/example_skip_dag.py
[2021-12-19 04:46:22,756] {processor.py:625} INFO - Processing file /home/airflow/.local/lib/python3.7/site-packages/airflow/example_dags/example_skip_dag.py for tasks to queue
[2021-12-19 04:46:22,758] {logging_mixin.py:109} INFO - [2021-12-19 04:46:22,758] {dagbag.py:500} INFO - Filling up the DagBag from /home/airflow/.local/lib/python3.7/site-packages/airflow/example_dags/example_skip_dag.py
[2021-12-19 04:46:22,846] {processor.py:637} INFO - DAG(s) dict_keys(['example_skip_dag']) retrieved from /home/airflow/.local/lib/python3.7/site-packages/airflow/example_dags/example_skip_dag.py
[2021-12-19 04:46:22,889] {logging_mixin.py:109} INFO - [2021-12-19 04:46:22,889] {dag.py:2396} INFO - Sync 1 DAGs
[2021-12-19 04:46:22,939] {logging_mixin.py:109} INFO - [2021-12-19 04:46:22,939] {dag.py:2928} INFO - Setting next_dagrun for example_skip_dag to 2021-12-18T04:46:22.938263+00:00
[2021-12-19 04:46:22,979] {processor.py:171} INFO - Processing /home/airflow/.local/lib/python3.7/site-packages/airflow/example_dags/example_skip_dag.py took 0.238 seconds
[2021-12-19 04:47:01,791] {processor.py:163} INFO - Started process (PID=1667) to work on /home/airflow/.local/lib/python3.7/site-packages/airflow/example_dags/example_skip_dag.py
[2021-12-19 04:47:01,802] {processor.py:625} INFO - Processing file /home/airflow/.local/lib/python3.7/site-packages/airflow/example_dags/example_skip_dag.py for tasks to queue
[2021-12-19 04:47:01,804] {logging_mixin.py:109} INFO - [2021-12-19 04:47:01,804] {dagbag.py:500} INFO - Filling up the DagBag from /home/airflow/.local/lib/python3.7/site-packages/airflow/example_dags/example_skip_dag.py
[2021-12-19 04:47:01,899] {processor.py:637} INFO - DAG(s) dict_keys(['example_skip_dag']) retrieved from /home/airflow/.local/lib/python3.7/site-packages/airflow/example_dags/example_skip_dag.py
[2021-12-19 04:47:01,936] {logging_mixin.py:109} INFO - [2021-12-19 04:47:01,935] {dag.py:2396} INFO - Sync 1 DAGs
[2021-12-19 04:47:01,982] {logging_mixin.py:109} INFO - [2021-12-19 04:47:01,982] {dag.py:2928} INFO - Setting next_dagrun for example_skip_dag to 2021-12-18T04:47:01.981647+00:00
[2021-12-19 04:47:05,611] {processor.py:171} INFO - Processing /home/airflow/.local/lib/python3.7/site-packages/airflow/example_dags/example_skip_dag.py took 3.832 seconds
[2021-12-19 04:47:51,550] {processor.py:163} INFO - Started process (PID=1720) to work on /home/airflow/.local/lib/python3.7/site-packages/airflow/example_dags/example_skip_dag.py
[2021-12-19 04:47:51,556] {processor.py:625} INFO - Processing file /home/airflow/.local/lib/python3.7/site-packages/airflow/example_dags/example_skip_dag.py for tasks to queue
[2021-12-19 04:47:51,558] {logging_mixin.py:109} INFO - [2021-12-19 04:47:51,557] {dagbag.py:500} INFO - Filling up the DagBag from /home/airflow/.local/lib/python3.7/site-packages/airflow/example_dags/example_skip_dag.py
[2021-12-19 04:47:51,623] {processor.py:637} INFO - DAG(s) dict_keys(['example_skip_dag']) retrieved from /home/airflow/.local/lib/python3.7/site-packages/airflow/example_dags/example_skip_dag.py
[2021-12-19 04:47:51,651] {logging_mixin.py:109} INFO - [2021-12-19 04:47:51,651] {dag.py:2396} INFO - Sync 1 DAGs
[2021-12-19 04:47:51,690] {logging_mixin.py:109} INFO - [2021-12-19 04:47:51,690] {dag.py:2928} INFO - Setting next_dagrun for example_skip_dag to 2021-12-18T04:47:51.689439+00:00
[2021-12-19 04:47:52,125] {processor.py:171} INFO - Processing /home/airflow/.local/lib/python3.7/site-packages/airflow/example_dags/example_skip_dag.py took 0.584 seconds
[2021-12-19 04:48:22,443] {processor.py:163} INFO - Started process (PID=1774) to work on /home/airflow/.local/lib/python3.7/site-packages/airflow/example_dags/example_skip_dag.py
[2021-12-19 04:48:22,446] {processor.py:625} INFO - Processing file /home/airflow/.local/lib/python3.7/site-packages/airflow/example_dags/example_skip_dag.py for tasks to queue
[2021-12-19 04:48:22,450] {logging_mixin.py:109} INFO - [2021-12-19 04:48:22,450] {dagbag.py:500} INFO - Filling up the DagBag from /home/airflow/.local/lib/python3.7/site-packages/airflow/example_dags/example_skip_dag.py
[2021-12-19 04:48:22,521] {processor.py:637} INFO - DAG(s) dict_keys(['example_skip_dag']) retrieved from /home/airflow/.local/lib/python3.7/site-packages/airflow/example_dags/example_skip_dag.py
[2021-12-19 04:48:22,551] {logging_mixin.py:109} INFO - [2021-12-19 04:48:22,551] {dag.py:2396} INFO - Sync 1 DAGs
[2021-12-19 04:48:22,589] {logging_mixin.py:109} INFO - [2021-12-19 04:48:22,589] {dag.py:2928} INFO - Setting next_dagrun for example_skip_dag to 2021-12-18T04:48:22.588452+00:00
[2021-12-19 04:48:22,637] {processor.py:171} INFO - Processing /home/airflow/.local/lib/python3.7/site-packages/airflow/example_dags/example_skip_dag.py took 0.202 seconds
[2021-12-19 04:48:52,796] {processor.py:163} INFO - Started process (PID=1826) to work on /home/airflow/.local/lib/python3.7/site-packages/airflow/example_dags/example_skip_dag.py
[2021-12-19 04:48:52,798] {processor.py:625} INFO - Processing file /home/airflow/.local/lib/python3.7/site-packages/airflow/example_dags/example_skip_dag.py for tasks to queue
[2021-12-19 04:48:52,800] {logging_mixin.py:109} INFO - [2021-12-19 04:48:52,800] {dagbag.py:500} INFO - Filling up the DagBag from /home/airflow/.local/lib/python3.7/site-packages/airflow/example_dags/example_skip_dag.py
[2021-12-19 04:48:52,877] {processor.py:637} INFO - DAG(s) dict_keys(['example_skip_dag']) retrieved from /home/airflow/.local/lib/python3.7/site-packages/airflow/example_dags/example_skip_dag.py
[2021-12-19 04:48:52,903] {logging_mixin.py:109} INFO - [2021-12-19 04:48:52,903] {dag.py:2396} INFO - Sync 1 DAGs
[2021-12-19 04:48:52,934] {logging_mixin.py:109} INFO - [2021-12-19 04:48:52,934] {dag.py:2928} INFO - Setting next_dagrun for example_skip_dag to 2021-12-18T04:48:52.933922+00:00
[2021-12-19 04:48:52,956] {processor.py:171} INFO - Processing /home/airflow/.local/lib/python3.7/site-packages/airflow/example_dags/example_skip_dag.py took 0.170 seconds
[2021-12-19 04:49:31,322] {processor.py:163} INFO - Started process (PID=1869) to work on /home/airflow/.local/lib/python3.7/site-packages/airflow/example_dags/example_skip_dag.py
[2021-12-19 04:49:31,328] {processor.py:625} INFO - Processing file /home/airflow/.local/lib/python3.7/site-packages/airflow/example_dags/example_skip_dag.py for tasks to queue
[2021-12-19 04:49:31,331] {logging_mixin.py:109} INFO - [2021-12-19 04:49:31,331] {dagbag.py:500} INFO - Filling up the DagBag from /home/airflow/.local/lib/python3.7/site-packages/airflow/example_dags/example_skip_dag.py
[2021-12-19 04:49:31,483] {processor.py:637} INFO - DAG(s) dict_keys(['example_skip_dag']) retrieved from /home/airflow/.local/lib/python3.7/site-packages/airflow/example_dags/example_skip_dag.py
[2021-12-19 04:49:31,577] {logging_mixin.py:109} INFO - [2021-12-19 04:49:31,577] {dag.py:2396} INFO - Sync 1 DAGs
[2021-12-19 04:49:31,759] {logging_mixin.py:109} INFO - [2021-12-19 04:49:31,758] {dag.py:2928} INFO - Setting next_dagrun for example_skip_dag to 2021-12-18T04:49:31.758015+00:00
[2021-12-19 04:49:36,542] {processor.py:171} INFO - Processing /home/airflow/.local/lib/python3.7/site-packages/airflow/example_dags/example_skip_dag.py took 5.229 seconds
[2021-12-19 04:50:06,995] {processor.py:163} INFO - Started process (PID=1911) to work on /home/airflow/.local/lib/python3.7/site-packages/airflow/example_dags/example_skip_dag.py
[2021-12-19 04:50:07,001] {processor.py:625} INFO - Processing file /home/airflow/.local/lib/python3.7/site-packages/airflow/example_dags/example_skip_dag.py for tasks to queue
[2021-12-19 04:50:07,004] {logging_mixin.py:109} INFO - [2021-12-19 04:50:07,004] {dagbag.py:500} INFO - Filling up the DagBag from /home/airflow/.local/lib/python3.7/site-packages/airflow/example_dags/example_skip_dag.py
[2021-12-19 04:50:07,073] {processor.py:637} INFO - DAG(s) dict_keys(['example_skip_dag']) retrieved from /home/airflow/.local/lib/python3.7/site-packages/airflow/example_dags/example_skip_dag.py
[2021-12-19 04:50:07,119] {logging_mixin.py:109} INFO - [2021-12-19 04:50:07,119] {dag.py:2396} INFO - Sync 1 DAGs
[2021-12-19 04:50:07,169] {logging_mixin.py:109} INFO - [2021-12-19 04:50:07,168] {dag.py:2928} INFO - Setting next_dagrun for example_skip_dag to 2021-12-18T04:50:07.167752+00:00
[2021-12-19 04:50:07,209] {processor.py:171} INFO - Processing /home/airflow/.local/lib/python3.7/site-packages/airflow/example_dags/example_skip_dag.py took 0.222 seconds
