[2021-12-19 04:16:00,286] {processor.py:163} INFO - Started process (PID=341) to work on /home/airflow/.local/lib/python3.7/site-packages/airflow/example_dags/example_nested_branch_dag.py
[2021-12-19 04:16:00,293] {processor.py:625} INFO - Processing file /home/airflow/.local/lib/python3.7/site-packages/airflow/example_dags/example_nested_branch_dag.py for tasks to queue
[2021-12-19 04:16:00,312] {logging_mixin.py:109} INFO - [2021-12-19 04:16:00,311] {dagbag.py:500} INFO - Filling up the DagBag from /home/airflow/.local/lib/python3.7/site-packages/airflow/example_dags/example_nested_branch_dag.py
[2021-12-19 04:16:00,543] {processor.py:637} INFO - DAG(s) dict_keys(['example_nested_branch_dag']) retrieved from /home/airflow/.local/lib/python3.7/site-packages/airflow/example_dags/example_nested_branch_dag.py
[2021-12-19 04:16:06,856] {logging_mixin.py:109} INFO - [2021-12-19 04:16:06,856] {providers_manager.py:156} WARNING - Exception when importing 'airflow.providers.google.leveldb.hooks.leveldb.LevelDBHook' from 'apache-airflow-providers-google' package: No module named 'plyvel'
[2021-12-19 04:16:07,942] {logging_mixin.py:109} INFO - [2021-12-19 04:16:07,942] {providers_manager.py:156} WARNING - Exception when importing 'airflow.providers.google.leveldb.hooks.leveldb.LevelDBHook' from 'apache-airflow-providers-google' package: No module named 'plyvel'
[2021-12-19 04:16:08,755] {logging_mixin.py:109} INFO - [2021-12-19 04:16:08,755] {manager.py:496} INFO - Created Permission View: can read on DAG:example_nested_branch_dag
[2021-12-19 04:16:10,304] {logging_mixin.py:109} INFO - [2021-12-19 04:16:10,304] {manager.py:496} INFO - Created Permission View: can edit on DAG:example_nested_branch_dag
[2021-12-19 04:16:10,307] {logging_mixin.py:109} INFO - [2021-12-19 04:16:10,306] {dag.py:2396} INFO - Sync 1 DAGs
[2021-12-19 04:16:10,325] {logging_mixin.py:109} INFO - [2021-12-19 04:16:10,324] {dag.py:2415} INFO - Creating ORM DAG for example_nested_branch_dag
[2021-12-19 04:16:10,342] {logging_mixin.py:109} INFO - [2021-12-19 04:16:10,342] {dag.py:2928} INFO - Setting next_dagrun for example_nested_branch_dag to 2021-12-18 00:00:00+00:00
[2021-12-19 04:16:10,537] {processor.py:171} INFO - Processing /home/airflow/.local/lib/python3.7/site-packages/airflow/example_dags/example_nested_branch_dag.py took 10.273 seconds
[2021-12-19 04:18:36,688] {processor.py:163} INFO - Started process (PID=462) to work on /home/airflow/.local/lib/python3.7/site-packages/airflow/example_dags/example_nested_branch_dag.py
[2021-12-19 04:18:36,692] {processor.py:625} INFO - Processing file /home/airflow/.local/lib/python3.7/site-packages/airflow/example_dags/example_nested_branch_dag.py for tasks to queue
[2021-12-19 04:18:36,704] {logging_mixin.py:109} INFO - [2021-12-19 04:18:36,703] {dagbag.py:500} INFO - Filling up the DagBag from /home/airflow/.local/lib/python3.7/site-packages/airflow/example_dags/example_nested_branch_dag.py
[2021-12-19 04:18:36,873] {processor.py:637} INFO - DAG(s) dict_keys(['example_nested_branch_dag']) retrieved from /home/airflow/.local/lib/python3.7/site-packages/airflow/example_dags/example_nested_branch_dag.py
[2021-12-19 04:18:36,922] {logging_mixin.py:109} INFO - [2021-12-19 04:18:36,922] {dag.py:2396} INFO - Sync 1 DAGs
[2021-12-19 04:18:37,023] {logging_mixin.py:109} INFO - [2021-12-19 04:18:37,022] {dag.py:2928} INFO - Setting next_dagrun for example_nested_branch_dag to 2021-12-18 00:00:00+00:00
[2021-12-19 04:18:37,796] {processor.py:171} INFO - Processing /home/airflow/.local/lib/python3.7/site-packages/airflow/example_dags/example_nested_branch_dag.py took 1.123 seconds
[2021-12-19 04:20:12,858] {processor.py:163} INFO - Started process (PID=506) to work on /home/airflow/.local/lib/python3.7/site-packages/airflow/example_dags/example_nested_branch_dag.py
[2021-12-19 04:20:12,985] {processor.py:625} INFO - Processing file /home/airflow/.local/lib/python3.7/site-packages/airflow/example_dags/example_nested_branch_dag.py for tasks to queue
[2021-12-19 04:20:12,986] {logging_mixin.py:109} INFO - [2021-12-19 04:20:12,986] {dagbag.py:500} INFO - Filling up the DagBag from /home/airflow/.local/lib/python3.7/site-packages/airflow/example_dags/example_nested_branch_dag.py
[2021-12-19 04:20:13,128] {processor.py:637} INFO - DAG(s) dict_keys(['example_nested_branch_dag']) retrieved from /home/airflow/.local/lib/python3.7/site-packages/airflow/example_dags/example_nested_branch_dag.py
[2021-12-19 04:20:13,148] {logging_mixin.py:109} INFO - [2021-12-19 04:20:13,148] {dag.py:2396} INFO - Sync 1 DAGs
[2021-12-19 04:20:13,178] {logging_mixin.py:109} INFO - [2021-12-19 04:20:13,177] {dag.py:2928} INFO - Setting next_dagrun for example_nested_branch_dag to 2021-12-18 00:00:00+00:00
[2021-12-19 04:20:13,924] {processor.py:171} INFO - Processing /home/airflow/.local/lib/python3.7/site-packages/airflow/example_dags/example_nested_branch_dag.py took 1.074 seconds
[2021-12-19 04:22:28,385] {processor.py:163} INFO - Started process (PID=560) to work on /home/airflow/.local/lib/python3.7/site-packages/airflow/example_dags/example_nested_branch_dag.py
[2021-12-19 04:22:28,395] {processor.py:625} INFO - Processing file /home/airflow/.local/lib/python3.7/site-packages/airflow/example_dags/example_nested_branch_dag.py for tasks to queue
[2021-12-19 04:22:28,398] {logging_mixin.py:109} INFO - [2021-12-19 04:22:28,397] {dagbag.py:500} INFO - Filling up the DagBag from /home/airflow/.local/lib/python3.7/site-packages/airflow/example_dags/example_nested_branch_dag.py
[2021-12-19 04:22:28,512] {processor.py:637} INFO - DAG(s) dict_keys(['example_nested_branch_dag']) retrieved from /home/airflow/.local/lib/python3.7/site-packages/airflow/example_dags/example_nested_branch_dag.py
[2021-12-19 04:22:28,557] {logging_mixin.py:109} INFO - [2021-12-19 04:22:28,556] {dag.py:2396} INFO - Sync 1 DAGs
[2021-12-19 04:22:28,603] {logging_mixin.py:109} INFO - [2021-12-19 04:22:28,602] {dag.py:2928} INFO - Setting next_dagrun for example_nested_branch_dag to 2021-12-18 00:00:00+00:00
[2021-12-19 04:22:28,640] {processor.py:171} INFO - Processing /home/airflow/.local/lib/python3.7/site-packages/airflow/example_dags/example_nested_branch_dag.py took 0.267 seconds
[2021-12-19 04:24:49,889] {processor.py:163} INFO - Started process (PID=612) to work on /home/airflow/.local/lib/python3.7/site-packages/airflow/example_dags/example_nested_branch_dag.py
[2021-12-19 04:24:49,989] {processor.py:625} INFO - Processing file /home/airflow/.local/lib/python3.7/site-packages/airflow/example_dags/example_nested_branch_dag.py for tasks to queue
[2021-12-19 04:24:49,998] {logging_mixin.py:109} INFO - [2021-12-19 04:24:49,998] {dagbag.py:500} INFO - Filling up the DagBag from /home/airflow/.local/lib/python3.7/site-packages/airflow/example_dags/example_nested_branch_dag.py
[2021-12-19 04:24:50,064] {processor.py:637} INFO - DAG(s) dict_keys(['example_nested_branch_dag']) retrieved from /home/airflow/.local/lib/python3.7/site-packages/airflow/example_dags/example_nested_branch_dag.py
[2021-12-19 04:24:50,095] {logging_mixin.py:109} INFO - [2021-12-19 04:24:50,095] {dag.py:2396} INFO - Sync 1 DAGs
[2021-12-19 04:24:50,164] {logging_mixin.py:109} INFO - [2021-12-19 04:24:50,164] {dag.py:2928} INFO - Setting next_dagrun for example_nested_branch_dag to 2021-12-18 00:00:00+00:00
[2021-12-19 04:24:50,739] {processor.py:171} INFO - Processing /home/airflow/.local/lib/python3.7/site-packages/airflow/example_dags/example_nested_branch_dag.py took 0.856 seconds
[2021-12-19 04:26:21,795] {processor.py:163} INFO - Started process (PID=676) to work on /home/airflow/.local/lib/python3.7/site-packages/airflow/example_dags/example_nested_branch_dag.py
[2021-12-19 04:26:21,801] {processor.py:625} INFO - Processing file /home/airflow/.local/lib/python3.7/site-packages/airflow/example_dags/example_nested_branch_dag.py for tasks to queue
[2021-12-19 04:26:21,808] {logging_mixin.py:109} INFO - [2021-12-19 04:26:21,808] {dagbag.py:500} INFO - Filling up the DagBag from /home/airflow/.local/lib/python3.7/site-packages/airflow/example_dags/example_nested_branch_dag.py
[2021-12-19 04:26:21,969] {processor.py:637} INFO - DAG(s) dict_keys(['example_nested_branch_dag']) retrieved from /home/airflow/.local/lib/python3.7/site-packages/airflow/example_dags/example_nested_branch_dag.py
[2021-12-19 04:26:22,034] {logging_mixin.py:109} INFO - [2021-12-19 04:26:22,034] {dag.py:2396} INFO - Sync 1 DAGs
[2021-12-19 04:26:22,121] {logging_mixin.py:109} INFO - [2021-12-19 04:26:22,121] {dag.py:2928} INFO - Setting next_dagrun for example_nested_branch_dag to 2021-12-18 00:00:00+00:00
[2021-12-19 04:26:22,171] {processor.py:171} INFO - Processing /home/airflow/.local/lib/python3.7/site-packages/airflow/example_dags/example_nested_branch_dag.py took 0.388 seconds
[2021-12-19 04:27:30,455] {processor.py:163} INFO - Started process (PID=700) to work on /home/airflow/.local/lib/python3.7/site-packages/airflow/example_dags/example_nested_branch_dag.py
[2021-12-19 04:27:30,461] {processor.py:625} INFO - Processing file /home/airflow/.local/lib/python3.7/site-packages/airflow/example_dags/example_nested_branch_dag.py for tasks to queue
[2021-12-19 04:27:30,480] {logging_mixin.py:109} INFO - [2021-12-19 04:27:30,479] {dagbag.py:500} INFO - Filling up the DagBag from /home/airflow/.local/lib/python3.7/site-packages/airflow/example_dags/example_nested_branch_dag.py
[2021-12-19 04:27:30,693] {processor.py:637} INFO - DAG(s) dict_keys(['example_nested_branch_dag']) retrieved from /home/airflow/.local/lib/python3.7/site-packages/airflow/example_dags/example_nested_branch_dag.py
[2021-12-19 04:27:30,802] {logging_mixin.py:109} INFO - [2021-12-19 04:27:30,794] {dag.py:2396} INFO - Sync 1 DAGs
[2021-12-19 04:27:30,897] {logging_mixin.py:109} INFO - [2021-12-19 04:27:30,897] {dag.py:2928} INFO - Setting next_dagrun for example_nested_branch_dag to 2021-12-18 00:00:00+00:00
[2021-12-19 04:27:30,958] {processor.py:171} INFO - Processing /home/airflow/.local/lib/python3.7/site-packages/airflow/example_dags/example_nested_branch_dag.py took 0.523 seconds
[2021-12-19 04:28:49,164] {processor.py:163} INFO - Started process (PID=775) to work on /home/airflow/.local/lib/python3.7/site-packages/airflow/example_dags/example_nested_branch_dag.py
[2021-12-19 04:28:49,168] {processor.py:625} INFO - Processing file /home/airflow/.local/lib/python3.7/site-packages/airflow/example_dags/example_nested_branch_dag.py for tasks to queue
[2021-12-19 04:28:49,171] {logging_mixin.py:109} INFO - [2021-12-19 04:28:49,171] {dagbag.py:500} INFO - Filling up the DagBag from /home/airflow/.local/lib/python3.7/site-packages/airflow/example_dags/example_nested_branch_dag.py
[2021-12-19 04:28:49,353] {processor.py:637} INFO - DAG(s) dict_keys(['example_nested_branch_dag']) retrieved from /home/airflow/.local/lib/python3.7/site-packages/airflow/example_dags/example_nested_branch_dag.py
[2021-12-19 04:28:49,410] {logging_mixin.py:109} INFO - [2021-12-19 04:28:49,409] {dag.py:2396} INFO - Sync 1 DAGs
[2021-12-19 04:28:49,476] {logging_mixin.py:109} INFO - [2021-12-19 04:28:49,476] {dag.py:2928} INFO - Setting next_dagrun for example_nested_branch_dag to 2021-12-18 00:00:00+00:00
[2021-12-19 04:28:50,083] {processor.py:171} INFO - Processing /home/airflow/.local/lib/python3.7/site-packages/airflow/example_dags/example_nested_branch_dag.py took 0.936 seconds
[2021-12-19 04:29:20,874] {processor.py:163} INFO - Started process (PID=818) to work on /home/airflow/.local/lib/python3.7/site-packages/airflow/example_dags/example_nested_branch_dag.py
[2021-12-19 04:29:20,877] {processor.py:625} INFO - Processing file /home/airflow/.local/lib/python3.7/site-packages/airflow/example_dags/example_nested_branch_dag.py for tasks to queue
[2021-12-19 04:29:20,879] {logging_mixin.py:109} INFO - [2021-12-19 04:29:20,879] {dagbag.py:500} INFO - Filling up the DagBag from /home/airflow/.local/lib/python3.7/site-packages/airflow/example_dags/example_nested_branch_dag.py
[2021-12-19 04:29:20,951] {processor.py:637} INFO - DAG(s) dict_keys(['example_nested_branch_dag']) retrieved from /home/airflow/.local/lib/python3.7/site-packages/airflow/example_dags/example_nested_branch_dag.py
[2021-12-19 04:29:20,982] {logging_mixin.py:109} INFO - [2021-12-19 04:29:20,981] {dag.py:2396} INFO - Sync 1 DAGs
[2021-12-19 04:29:21,037] {logging_mixin.py:109} INFO - [2021-12-19 04:29:21,037] {dag.py:2928} INFO - Setting next_dagrun for example_nested_branch_dag to 2021-12-18 00:00:00+00:00
[2021-12-19 04:29:21,400] {processor.py:171} INFO - Processing /home/airflow/.local/lib/python3.7/site-packages/airflow/example_dags/example_nested_branch_dag.py took 0.533 seconds
[2021-12-19 04:30:06,358] {processor.py:163} INFO - Started process (PID=861) to work on /home/airflow/.local/lib/python3.7/site-packages/airflow/example_dags/example_nested_branch_dag.py
[2021-12-19 04:30:06,362] {processor.py:625} INFO - Processing file /home/airflow/.local/lib/python3.7/site-packages/airflow/example_dags/example_nested_branch_dag.py for tasks to queue
[2021-12-19 04:30:06,363] {logging_mixin.py:109} INFO - [2021-12-19 04:30:06,363] {dagbag.py:500} INFO - Filling up the DagBag from /home/airflow/.local/lib/python3.7/site-packages/airflow/example_dags/example_nested_branch_dag.py
[2021-12-19 04:30:06,448] {processor.py:637} INFO - DAG(s) dict_keys(['example_nested_branch_dag']) retrieved from /home/airflow/.local/lib/python3.7/site-packages/airflow/example_dags/example_nested_branch_dag.py
[2021-12-19 04:30:06,482] {logging_mixin.py:109} INFO - [2021-12-19 04:30:06,482] {dag.py:2396} INFO - Sync 1 DAGs
[2021-12-19 04:30:06,529] {logging_mixin.py:109} INFO - [2021-12-19 04:30:06,529] {dag.py:2928} INFO - Setting next_dagrun for example_nested_branch_dag to 2021-12-18 00:00:00+00:00
[2021-12-19 04:30:07,019] {processor.py:171} INFO - Processing /home/airflow/.local/lib/python3.7/site-packages/airflow/example_dags/example_nested_branch_dag.py took 0.669 seconds
[2021-12-19 04:30:37,209] {processor.py:163} INFO - Started process (PID=900) to work on /home/airflow/.local/lib/python3.7/site-packages/airflow/example_dags/example_nested_branch_dag.py
[2021-12-19 04:30:37,219] {processor.py:625} INFO - Processing file /home/airflow/.local/lib/python3.7/site-packages/airflow/example_dags/example_nested_branch_dag.py for tasks to queue
[2021-12-19 04:30:37,220] {logging_mixin.py:109} INFO - [2021-12-19 04:30:37,220] {dagbag.py:500} INFO - Filling up the DagBag from /home/airflow/.local/lib/python3.7/site-packages/airflow/example_dags/example_nested_branch_dag.py
[2021-12-19 04:30:37,297] {processor.py:637} INFO - DAG(s) dict_keys(['example_nested_branch_dag']) retrieved from /home/airflow/.local/lib/python3.7/site-packages/airflow/example_dags/example_nested_branch_dag.py
[2021-12-19 04:30:37,325] {logging_mixin.py:109} INFO - [2021-12-19 04:30:37,324] {dag.py:2396} INFO - Sync 1 DAGs
[2021-12-19 04:30:37,363] {logging_mixin.py:109} INFO - [2021-12-19 04:30:37,363] {dag.py:2928} INFO - Setting next_dagrun for example_nested_branch_dag to 2021-12-18 00:00:00+00:00
[2021-12-19 04:30:38,178] {processor.py:171} INFO - Processing /home/airflow/.local/lib/python3.7/site-packages/airflow/example_dags/example_nested_branch_dag.py took 0.977 seconds
[2021-12-19 04:31:54,871] {processor.py:163} INFO - Started process (PID=957) to work on /home/airflow/.local/lib/python3.7/site-packages/airflow/example_dags/example_nested_branch_dag.py
[2021-12-19 04:31:54,929] {processor.py:625} INFO - Processing file /home/airflow/.local/lib/python3.7/site-packages/airflow/example_dags/example_nested_branch_dag.py for tasks to queue
[2021-12-19 04:31:54,932] {logging_mixin.py:109} INFO - [2021-12-19 04:31:54,931] {dagbag.py:500} INFO - Filling up the DagBag from /home/airflow/.local/lib/python3.7/site-packages/airflow/example_dags/example_nested_branch_dag.py
[2021-12-19 04:31:55,018] {processor.py:637} INFO - DAG(s) dict_keys(['example_nested_branch_dag']) retrieved from /home/airflow/.local/lib/python3.7/site-packages/airflow/example_dags/example_nested_branch_dag.py
[2021-12-19 04:31:55,059] {logging_mixin.py:109} INFO - [2021-12-19 04:31:55,058] {dag.py:2396} INFO - Sync 1 DAGs
[2021-12-19 04:31:55,110] {logging_mixin.py:109} INFO - [2021-12-19 04:31:55,110] {dag.py:2928} INFO - Setting next_dagrun for example_nested_branch_dag to 2021-12-18 00:00:00+00:00
[2021-12-19 04:31:55,193] {processor.py:171} INFO - Processing /home/airflow/.local/lib/python3.7/site-packages/airflow/example_dags/example_nested_branch_dag.py took 0.332 seconds
[2021-12-19 04:32:30,912] {processor.py:163} INFO - Started process (PID=990) to work on /home/airflow/.local/lib/python3.7/site-packages/airflow/example_dags/example_nested_branch_dag.py
[2021-12-19 04:32:30,917] {processor.py:625} INFO - Processing file /home/airflow/.local/lib/python3.7/site-packages/airflow/example_dags/example_nested_branch_dag.py for tasks to queue
[2021-12-19 04:32:30,919] {logging_mixin.py:109} INFO - [2021-12-19 04:32:30,919] {dagbag.py:500} INFO - Filling up the DagBag from /home/airflow/.local/lib/python3.7/site-packages/airflow/example_dags/example_nested_branch_dag.py
[2021-12-19 04:32:31,013] {processor.py:637} INFO - DAG(s) dict_keys(['example_nested_branch_dag']) retrieved from /home/airflow/.local/lib/python3.7/site-packages/airflow/example_dags/example_nested_branch_dag.py
[2021-12-19 04:32:31,046] {logging_mixin.py:109} INFO - [2021-12-19 04:32:31,046] {dag.py:2396} INFO - Sync 1 DAGs
[2021-12-19 04:32:31,102] {logging_mixin.py:109} INFO - [2021-12-19 04:32:31,101] {dag.py:2928} INFO - Setting next_dagrun for example_nested_branch_dag to 2021-12-18 00:00:00+00:00
[2021-12-19 04:32:31,206] {processor.py:171} INFO - Processing /home/airflow/.local/lib/python3.7/site-packages/airflow/example_dags/example_nested_branch_dag.py took 0.304 seconds
[2021-12-19 04:33:29,679] {processor.py:163} INFO - Started process (PID=1029) to work on /home/airflow/.local/lib/python3.7/site-packages/airflow/example_dags/example_nested_branch_dag.py
[2021-12-19 04:33:29,694] {processor.py:625} INFO - Processing file /home/airflow/.local/lib/python3.7/site-packages/airflow/example_dags/example_nested_branch_dag.py for tasks to queue
[2021-12-19 04:33:29,696] {logging_mixin.py:109} INFO - [2021-12-19 04:33:29,696] {dagbag.py:500} INFO - Filling up the DagBag from /home/airflow/.local/lib/python3.7/site-packages/airflow/example_dags/example_nested_branch_dag.py
[2021-12-19 04:33:29,766] {processor.py:637} INFO - DAG(s) dict_keys(['example_nested_branch_dag']) retrieved from /home/airflow/.local/lib/python3.7/site-packages/airflow/example_dags/example_nested_branch_dag.py
[2021-12-19 04:33:29,795] {logging_mixin.py:109} INFO - [2021-12-19 04:33:29,794] {dag.py:2396} INFO - Sync 1 DAGs
[2021-12-19 04:33:29,851] {logging_mixin.py:109} INFO - [2021-12-19 04:33:29,851] {dag.py:2928} INFO - Setting next_dagrun for example_nested_branch_dag to 2021-12-18 00:00:00+00:00
[2021-12-19 04:33:30,281] {processor.py:171} INFO - Processing /home/airflow/.local/lib/python3.7/site-packages/airflow/example_dags/example_nested_branch_dag.py took 0.611 seconds
[2021-12-19 04:34:10,176] {processor.py:163} INFO - Started process (PID=1072) to work on /home/airflow/.local/lib/python3.7/site-packages/airflow/example_dags/example_nested_branch_dag.py
[2021-12-19 04:34:10,183] {processor.py:625} INFO - Processing file /home/airflow/.local/lib/python3.7/site-packages/airflow/example_dags/example_nested_branch_dag.py for tasks to queue
[2021-12-19 04:34:10,186] {logging_mixin.py:109} INFO - [2021-12-19 04:34:10,185] {dagbag.py:500} INFO - Filling up the DagBag from /home/airflow/.local/lib/python3.7/site-packages/airflow/example_dags/example_nested_branch_dag.py
[2021-12-19 04:34:10,288] {processor.py:637} INFO - DAG(s) dict_keys(['example_nested_branch_dag']) retrieved from /home/airflow/.local/lib/python3.7/site-packages/airflow/example_dags/example_nested_branch_dag.py
[2021-12-19 04:34:10,321] {logging_mixin.py:109} INFO - [2021-12-19 04:34:10,320] {dag.py:2396} INFO - Sync 1 DAGs
[2021-12-19 04:34:10,376] {logging_mixin.py:109} INFO - [2021-12-19 04:34:10,376] {dag.py:2928} INFO - Setting next_dagrun for example_nested_branch_dag to 2021-12-18 00:00:00+00:00
[2021-12-19 04:34:10,408] {processor.py:171} INFO - Processing /home/airflow/.local/lib/python3.7/site-packages/airflow/example_dags/example_nested_branch_dag.py took 0.243 seconds
[2021-12-19 04:35:04,528] {processor.py:163} INFO - Started process (PID=1124) to work on /home/airflow/.local/lib/python3.7/site-packages/airflow/example_dags/example_nested_branch_dag.py
[2021-12-19 04:35:04,540] {processor.py:625} INFO - Processing file /home/airflow/.local/lib/python3.7/site-packages/airflow/example_dags/example_nested_branch_dag.py for tasks to queue
[2021-12-19 04:35:04,542] {logging_mixin.py:109} INFO - [2021-12-19 04:35:04,541] {dagbag.py:500} INFO - Filling up the DagBag from /home/airflow/.local/lib/python3.7/site-packages/airflow/example_dags/example_nested_branch_dag.py
[2021-12-19 04:35:04,608] {processor.py:637} INFO - DAG(s) dict_keys(['example_nested_branch_dag']) retrieved from /home/airflow/.local/lib/python3.7/site-packages/airflow/example_dags/example_nested_branch_dag.py
[2021-12-19 04:35:04,634] {logging_mixin.py:109} INFO - [2021-12-19 04:35:04,634] {dag.py:2396} INFO - Sync 1 DAGs
[2021-12-19 04:35:04,664] {logging_mixin.py:109} INFO - [2021-12-19 04:35:04,664] {dag.py:2928} INFO - Setting next_dagrun for example_nested_branch_dag to 2021-12-18 00:00:00+00:00
[2021-12-19 04:35:04,849] {processor.py:171} INFO - Processing /home/airflow/.local/lib/python3.7/site-packages/airflow/example_dags/example_nested_branch_dag.py took 0.330 seconds
[2021-12-19 04:35:36,391] {processor.py:163} INFO - Started process (PID=1166) to work on /home/airflow/.local/lib/python3.7/site-packages/airflow/example_dags/example_nested_branch_dag.py
[2021-12-19 04:35:36,397] {processor.py:625} INFO - Processing file /home/airflow/.local/lib/python3.7/site-packages/airflow/example_dags/example_nested_branch_dag.py for tasks to queue
[2021-12-19 04:35:36,401] {logging_mixin.py:109} INFO - [2021-12-19 04:35:36,400] {dagbag.py:500} INFO - Filling up the DagBag from /home/airflow/.local/lib/python3.7/site-packages/airflow/example_dags/example_nested_branch_dag.py
[2021-12-19 04:35:36,507] {processor.py:637} INFO - DAG(s) dict_keys(['example_nested_branch_dag']) retrieved from /home/airflow/.local/lib/python3.7/site-packages/airflow/example_dags/example_nested_branch_dag.py
[2021-12-19 04:35:36,553] {logging_mixin.py:109} INFO - [2021-12-19 04:35:36,552] {dag.py:2396} INFO - Sync 1 DAGs
[2021-12-19 04:35:36,630] {logging_mixin.py:109} INFO - [2021-12-19 04:35:36,630] {dag.py:2928} INFO - Setting next_dagrun for example_nested_branch_dag to 2021-12-18 00:00:00+00:00
[2021-12-19 04:35:37,068] {processor.py:171} INFO - Processing /home/airflow/.local/lib/python3.7/site-packages/airflow/example_dags/example_nested_branch_dag.py took 0.692 seconds
[2021-12-19 04:36:35,599] {processor.py:163} INFO - Started process (PID=1226) to work on /home/airflow/.local/lib/python3.7/site-packages/airflow/example_dags/example_nested_branch_dag.py
[2021-12-19 04:36:35,626] {processor.py:625} INFO - Processing file /home/airflow/.local/lib/python3.7/site-packages/airflow/example_dags/example_nested_branch_dag.py for tasks to queue
[2021-12-19 04:36:35,632] {logging_mixin.py:109} INFO - [2021-12-19 04:36:35,631] {dagbag.py:500} INFO - Filling up the DagBag from /home/airflow/.local/lib/python3.7/site-packages/airflow/example_dags/example_nested_branch_dag.py
[2021-12-19 04:36:35,927] {processor.py:637} INFO - DAG(s) dict_keys(['example_nested_branch_dag']) retrieved from /home/airflow/.local/lib/python3.7/site-packages/airflow/example_dags/example_nested_branch_dag.py
[2021-12-19 04:36:36,045] {logging_mixin.py:109} INFO - [2021-12-19 04:36:36,044] {dag.py:2396} INFO - Sync 1 DAGs
[2021-12-19 04:36:36,196] {logging_mixin.py:109} INFO - [2021-12-19 04:36:36,191] {dag.py:2928} INFO - Setting next_dagrun for example_nested_branch_dag to 2021-12-18 00:00:00+00:00
[2021-12-19 04:36:36,258] {processor.py:171} INFO - Processing /home/airflow/.local/lib/python3.7/site-packages/airflow/example_dags/example_nested_branch_dag.py took 0.692 seconds
[2021-12-19 04:37:58,315] {processor.py:163} INFO - Started process (PID=1259) to work on /home/airflow/.local/lib/python3.7/site-packages/airflow/example_dags/example_nested_branch_dag.py
[2021-12-19 04:37:58,338] {processor.py:625} INFO - Processing file /home/airflow/.local/lib/python3.7/site-packages/airflow/example_dags/example_nested_branch_dag.py for tasks to queue
[2021-12-19 04:37:58,340] {logging_mixin.py:109} INFO - [2021-12-19 04:37:58,340] {dagbag.py:500} INFO - Filling up the DagBag from /home/airflow/.local/lib/python3.7/site-packages/airflow/example_dags/example_nested_branch_dag.py
[2021-12-19 04:37:58,431] {processor.py:637} INFO - DAG(s) dict_keys(['example_nested_branch_dag']) retrieved from /home/airflow/.local/lib/python3.7/site-packages/airflow/example_dags/example_nested_branch_dag.py
[2021-12-19 04:37:58,462] {logging_mixin.py:109} INFO - [2021-12-19 04:37:58,461] {dag.py:2396} INFO - Sync 1 DAGs
[2021-12-19 04:37:58,503] {logging_mixin.py:109} INFO - [2021-12-19 04:37:58,502] {dag.py:2928} INFO - Setting next_dagrun for example_nested_branch_dag to 2021-12-18 00:00:00+00:00
[2021-12-19 04:37:58,694] {processor.py:171} INFO - Processing /home/airflow/.local/lib/python3.7/site-packages/airflow/example_dags/example_nested_branch_dag.py took 0.404 seconds
[2021-12-19 04:39:28,374] {processor.py:163} INFO - Started process (PID=1321) to work on /home/airflow/.local/lib/python3.7/site-packages/airflow/example_dags/example_nested_branch_dag.py
[2021-12-19 04:39:28,423] {processor.py:625} INFO - Processing file /home/airflow/.local/lib/python3.7/site-packages/airflow/example_dags/example_nested_branch_dag.py for tasks to queue
[2021-12-19 04:39:28,425] {logging_mixin.py:109} INFO - [2021-12-19 04:39:28,424] {dagbag.py:500} INFO - Filling up the DagBag from /home/airflow/.local/lib/python3.7/site-packages/airflow/example_dags/example_nested_branch_dag.py
[2021-12-19 04:39:28,501] {processor.py:637} INFO - DAG(s) dict_keys(['example_nested_branch_dag']) retrieved from /home/airflow/.local/lib/python3.7/site-packages/airflow/example_dags/example_nested_branch_dag.py
[2021-12-19 04:39:28,531] {logging_mixin.py:109} INFO - [2021-12-19 04:39:28,531] {dag.py:2396} INFO - Sync 1 DAGs
[2021-12-19 04:39:28,576] {logging_mixin.py:109} INFO - [2021-12-19 04:39:28,576] {dag.py:2928} INFO - Setting next_dagrun for example_nested_branch_dag to 2021-12-18 00:00:00+00:00
[2021-12-19 04:39:29,082] {processor.py:171} INFO - Processing /home/airflow/.local/lib/python3.7/site-packages/airflow/example_dags/example_nested_branch_dag.py took 0.720 seconds
[2021-12-19 04:40:49,347] {processor.py:163} INFO - Started process (PID=1373) to work on /home/airflow/.local/lib/python3.7/site-packages/airflow/example_dags/example_nested_branch_dag.py
[2021-12-19 04:40:49,360] {processor.py:625} INFO - Processing file /home/airflow/.local/lib/python3.7/site-packages/airflow/example_dags/example_nested_branch_dag.py for tasks to queue
[2021-12-19 04:40:49,369] {logging_mixin.py:109} INFO - [2021-12-19 04:40:49,369] {dagbag.py:500} INFO - Filling up the DagBag from /home/airflow/.local/lib/python3.7/site-packages/airflow/example_dags/example_nested_branch_dag.py
[2021-12-19 04:41:16,459] {processor.py:637} INFO - DAG(s) dict_keys(['example_nested_branch_dag']) retrieved from /home/airflow/.local/lib/python3.7/site-packages/airflow/example_dags/example_nested_branch_dag.py
[2021-12-19 04:41:16,929] {logging_mixin.py:109} INFO - [2021-12-19 04:41:16,928] {dag.py:2396} INFO - Sync 1 DAGs
[2021-12-19 04:41:18,206] {logging_mixin.py:109} INFO - [2021-12-19 04:41:18,205] {dag.py:2928} INFO - Setting next_dagrun for example_nested_branch_dag to 2021-12-18 00:00:00+00:00
[2021-12-19 04:41:25,857] {processor.py:171} INFO - Processing /home/airflow/.local/lib/python3.7/site-packages/airflow/example_dags/example_nested_branch_dag.py took 36.530 seconds
[2021-12-19 04:41:37,342] {processor.py:163} INFO - Started process (PID=1394) to work on /home/airflow/.local/lib/python3.7/site-packages/airflow/example_dags/example_nested_branch_dag.py
[2021-12-19 04:41:37,346] {processor.py:625} INFO - Processing file /home/airflow/.local/lib/python3.7/site-packages/airflow/example_dags/example_nested_branch_dag.py for tasks to queue
[2021-12-19 04:41:37,350] {logging_mixin.py:109} INFO - [2021-12-19 04:41:37,349] {dagbag.py:500} INFO - Filling up the DagBag from /home/airflow/.local/lib/python3.7/site-packages/airflow/example_dags/example_nested_branch_dag.py
[2021-12-19 04:41:37,422] {processor.py:637} INFO - DAG(s) dict_keys(['example_nested_branch_dag']) retrieved from /home/airflow/.local/lib/python3.7/site-packages/airflow/example_dags/example_nested_branch_dag.py
[2021-12-19 04:41:37,460] {logging_mixin.py:109} INFO - [2021-12-19 04:41:37,460] {dag.py:2396} INFO - Sync 1 DAGs
[2021-12-19 04:41:37,519] {logging_mixin.py:109} INFO - [2021-12-19 04:41:37,519] {dag.py:2928} INFO - Setting next_dagrun for example_nested_branch_dag to 2021-12-18 00:00:00+00:00
[2021-12-19 04:41:37,551] {processor.py:171} INFO - Processing /home/airflow/.local/lib/python3.7/site-packages/airflow/example_dags/example_nested_branch_dag.py took 0.222 seconds
[2021-12-19 04:43:06,527] {processor.py:163} INFO - Started process (PID=1445) to work on /home/airflow/.local/lib/python3.7/site-packages/airflow/example_dags/example_nested_branch_dag.py
[2021-12-19 04:43:06,543] {processor.py:625} INFO - Processing file /home/airflow/.local/lib/python3.7/site-packages/airflow/example_dags/example_nested_branch_dag.py for tasks to queue
[2021-12-19 04:43:06,547] {logging_mixin.py:109} INFO - [2021-12-19 04:43:06,547] {dagbag.py:500} INFO - Filling up the DagBag from /home/airflow/.local/lib/python3.7/site-packages/airflow/example_dags/example_nested_branch_dag.py
[2021-12-19 04:43:08,263] {processor.py:637} INFO - DAG(s) dict_keys(['example_nested_branch_dag']) retrieved from /home/airflow/.local/lib/python3.7/site-packages/airflow/example_dags/example_nested_branch_dag.py
[2021-12-19 04:43:08,380] {logging_mixin.py:109} INFO - [2021-12-19 04:43:08,377] {dag.py:2396} INFO - Sync 1 DAGs
[2021-12-19 04:43:08,621] {logging_mixin.py:109} INFO - [2021-12-19 04:43:08,621] {dag.py:2928} INFO - Setting next_dagrun for example_nested_branch_dag to 2021-12-18 00:00:00+00:00
[2021-12-19 04:43:09,502] {processor.py:171} INFO - Processing /home/airflow/.local/lib/python3.7/site-packages/airflow/example_dags/example_nested_branch_dag.py took 2.989 seconds
[2021-12-19 04:43:39,920] {processor.py:163} INFO - Started process (PID=1496) to work on /home/airflow/.local/lib/python3.7/site-packages/airflow/example_dags/example_nested_branch_dag.py
[2021-12-19 04:43:39,924] {processor.py:625} INFO - Processing file /home/airflow/.local/lib/python3.7/site-packages/airflow/example_dags/example_nested_branch_dag.py for tasks to queue
[2021-12-19 04:43:39,926] {logging_mixin.py:109} INFO - [2021-12-19 04:43:39,925] {dagbag.py:500} INFO - Filling up the DagBag from /home/airflow/.local/lib/python3.7/site-packages/airflow/example_dags/example_nested_branch_dag.py
[2021-12-19 04:43:40,000] {processor.py:637} INFO - DAG(s) dict_keys(['example_nested_branch_dag']) retrieved from /home/airflow/.local/lib/python3.7/site-packages/airflow/example_dags/example_nested_branch_dag.py
[2021-12-19 04:43:40,028] {logging_mixin.py:109} INFO - [2021-12-19 04:43:40,028] {dag.py:2396} INFO - Sync 1 DAGs
[2021-12-19 04:43:40,064] {logging_mixin.py:109} INFO - [2021-12-19 04:43:40,063] {dag.py:2928} INFO - Setting next_dagrun for example_nested_branch_dag to 2021-12-18 00:00:00+00:00
[2021-12-19 04:43:40,292] {processor.py:171} INFO - Processing /home/airflow/.local/lib/python3.7/site-packages/airflow/example_dags/example_nested_branch_dag.py took 0.379 seconds
[2021-12-19 04:44:19,402] {processor.py:163} INFO - Started process (PID=1549) to work on /home/airflow/.local/lib/python3.7/site-packages/airflow/example_dags/example_nested_branch_dag.py
[2021-12-19 04:44:19,414] {processor.py:625} INFO - Processing file /home/airflow/.local/lib/python3.7/site-packages/airflow/example_dags/example_nested_branch_dag.py for tasks to queue
[2021-12-19 04:44:19,417] {logging_mixin.py:109} INFO - [2021-12-19 04:44:19,417] {dagbag.py:500} INFO - Filling up the DagBag from /home/airflow/.local/lib/python3.7/site-packages/airflow/example_dags/example_nested_branch_dag.py
[2021-12-19 04:44:19,597] {processor.py:637} INFO - DAG(s) dict_keys(['example_nested_branch_dag']) retrieved from /home/airflow/.local/lib/python3.7/site-packages/airflow/example_dags/example_nested_branch_dag.py
[2021-12-19 04:44:19,666] {logging_mixin.py:109} INFO - [2021-12-19 04:44:19,666] {dag.py:2396} INFO - Sync 1 DAGs
[2021-12-19 04:44:19,751] {logging_mixin.py:109} INFO - [2021-12-19 04:44:19,751] {dag.py:2928} INFO - Setting next_dagrun for example_nested_branch_dag to 2021-12-18 00:00:00+00:00
[2021-12-19 04:44:20,970] {processor.py:171} INFO - Processing /home/airflow/.local/lib/python3.7/site-packages/airflow/example_dags/example_nested_branch_dag.py took 1.583 seconds
[2021-12-19 04:45:07,272] {processor.py:163} INFO - Started process (PID=1594) to work on /home/airflow/.local/lib/python3.7/site-packages/airflow/example_dags/example_nested_branch_dag.py
[2021-12-19 04:45:07,282] {processor.py:625} INFO - Processing file /home/airflow/.local/lib/python3.7/site-packages/airflow/example_dags/example_nested_branch_dag.py for tasks to queue
[2021-12-19 04:45:07,285] {logging_mixin.py:109} INFO - [2021-12-19 04:45:07,285] {dagbag.py:500} INFO - Filling up the DagBag from /home/airflow/.local/lib/python3.7/site-packages/airflow/example_dags/example_nested_branch_dag.py
[2021-12-19 04:45:07,433] {processor.py:637} INFO - DAG(s) dict_keys(['example_nested_branch_dag']) retrieved from /home/airflow/.local/lib/python3.7/site-packages/airflow/example_dags/example_nested_branch_dag.py
[2021-12-19 04:45:07,466] {logging_mixin.py:109} INFO - [2021-12-19 04:45:07,466] {dag.py:2396} INFO - Sync 1 DAGs
[2021-12-19 04:45:07,519] {logging_mixin.py:109} INFO - [2021-12-19 04:45:07,519] {dag.py:2928} INFO - Setting next_dagrun for example_nested_branch_dag to 2021-12-18 00:00:00+00:00
[2021-12-19 04:45:07,555] {processor.py:171} INFO - Processing /home/airflow/.local/lib/python3.7/site-packages/airflow/example_dags/example_nested_branch_dag.py took 0.297 seconds
[2021-12-19 04:46:56,354] {processor.py:163} INFO - Started process (PID=1643) to work on /home/airflow/.local/lib/python3.7/site-packages/airflow/example_dags/example_nested_branch_dag.py
[2021-12-19 04:46:56,363] {processor.py:625} INFO - Processing file /home/airflow/.local/lib/python3.7/site-packages/airflow/example_dags/example_nested_branch_dag.py for tasks to queue
[2021-12-19 04:46:56,368] {logging_mixin.py:109} INFO - [2021-12-19 04:46:56,367] {dagbag.py:500} INFO - Filling up the DagBag from /home/airflow/.local/lib/python3.7/site-packages/airflow/example_dags/example_nested_branch_dag.py
[2021-12-19 04:46:56,532] {processor.py:637} INFO - DAG(s) dict_keys(['example_nested_branch_dag']) retrieved from /home/airflow/.local/lib/python3.7/site-packages/airflow/example_dags/example_nested_branch_dag.py
[2021-12-19 04:46:56,586] {logging_mixin.py:109} INFO - [2021-12-19 04:46:56,585] {dag.py:2396} INFO - Sync 1 DAGs
[2021-12-19 04:46:56,639] {logging_mixin.py:109} INFO - [2021-12-19 04:46:56,639] {dag.py:2928} INFO - Setting next_dagrun for example_nested_branch_dag to 2021-12-18 00:00:00+00:00
[2021-12-19 04:46:56,742] {processor.py:171} INFO - Processing /home/airflow/.local/lib/python3.7/site-packages/airflow/example_dags/example_nested_branch_dag.py took 0.412 seconds
[2021-12-19 04:47:27,434] {processor.py:163} INFO - Started process (PID=1696) to work on /home/airflow/.local/lib/python3.7/site-packages/airflow/example_dags/example_nested_branch_dag.py
[2021-12-19 04:47:27,439] {processor.py:625} INFO - Processing file /home/airflow/.local/lib/python3.7/site-packages/airflow/example_dags/example_nested_branch_dag.py for tasks to queue
[2021-12-19 04:47:27,441] {logging_mixin.py:109} INFO - [2021-12-19 04:47:27,441] {dagbag.py:500} INFO - Filling up the DagBag from /home/airflow/.local/lib/python3.7/site-packages/airflow/example_dags/example_nested_branch_dag.py
[2021-12-19 04:47:27,539] {processor.py:637} INFO - DAG(s) dict_keys(['example_nested_branch_dag']) retrieved from /home/airflow/.local/lib/python3.7/site-packages/airflow/example_dags/example_nested_branch_dag.py
[2021-12-19 04:47:27,584] {logging_mixin.py:109} INFO - [2021-12-19 04:47:27,583] {dag.py:2396} INFO - Sync 1 DAGs
[2021-12-19 04:47:27,661] {logging_mixin.py:109} INFO - [2021-12-19 04:47:27,661] {dag.py:2928} INFO - Setting next_dagrun for example_nested_branch_dag to 2021-12-18 00:00:00+00:00
[2021-12-19 04:47:27,696] {processor.py:171} INFO - Processing /home/airflow/.local/lib/python3.7/site-packages/airflow/example_dags/example_nested_branch_dag.py took 0.273 seconds
[2021-12-19 04:47:58,077] {processor.py:163} INFO - Started process (PID=1729) to work on /home/airflow/.local/lib/python3.7/site-packages/airflow/example_dags/example_nested_branch_dag.py
[2021-12-19 04:47:58,081] {processor.py:625} INFO - Processing file /home/airflow/.local/lib/python3.7/site-packages/airflow/example_dags/example_nested_branch_dag.py for tasks to queue
[2021-12-19 04:47:58,084] {logging_mixin.py:109} INFO - [2021-12-19 04:47:58,084] {dagbag.py:500} INFO - Filling up the DagBag from /home/airflow/.local/lib/python3.7/site-packages/airflow/example_dags/example_nested_branch_dag.py
[2021-12-19 04:47:58,178] {processor.py:637} INFO - DAG(s) dict_keys(['example_nested_branch_dag']) retrieved from /home/airflow/.local/lib/python3.7/site-packages/airflow/example_dags/example_nested_branch_dag.py
[2021-12-19 04:47:58,215] {logging_mixin.py:109} INFO - [2021-12-19 04:47:58,214] {dag.py:2396} INFO - Sync 1 DAGs
[2021-12-19 04:47:58,264] {logging_mixin.py:109} INFO - [2021-12-19 04:47:58,264] {dag.py:2928} INFO - Setting next_dagrun for example_nested_branch_dag to 2021-12-18 00:00:00+00:00
[2021-12-19 04:47:58,294] {processor.py:171} INFO - Processing /home/airflow/.local/lib/python3.7/site-packages/airflow/example_dags/example_nested_branch_dag.py took 0.231 seconds
[2021-12-19 04:48:28,482] {processor.py:163} INFO - Started process (PID=1783) to work on /home/airflow/.local/lib/python3.7/site-packages/airflow/example_dags/example_nested_branch_dag.py
[2021-12-19 04:48:28,485] {processor.py:625} INFO - Processing file /home/airflow/.local/lib/python3.7/site-packages/airflow/example_dags/example_nested_branch_dag.py for tasks to queue
[2021-12-19 04:48:28,487] {logging_mixin.py:109} INFO - [2021-12-19 04:48:28,486] {dagbag.py:500} INFO - Filling up the DagBag from /home/airflow/.local/lib/python3.7/site-packages/airflow/example_dags/example_nested_branch_dag.py
[2021-12-19 04:48:28,549] {processor.py:637} INFO - DAG(s) dict_keys(['example_nested_branch_dag']) retrieved from /home/airflow/.local/lib/python3.7/site-packages/airflow/example_dags/example_nested_branch_dag.py
[2021-12-19 04:48:28,575] {logging_mixin.py:109} INFO - [2021-12-19 04:48:28,574] {dag.py:2396} INFO - Sync 1 DAGs
[2021-12-19 04:48:28,612] {logging_mixin.py:109} INFO - [2021-12-19 04:48:28,611] {dag.py:2928} INFO - Setting next_dagrun for example_nested_branch_dag to 2021-12-18 00:00:00+00:00
[2021-12-19 04:48:28,649] {processor.py:171} INFO - Processing /home/airflow/.local/lib/python3.7/site-packages/airflow/example_dags/example_nested_branch_dag.py took 0.173 seconds
[2021-12-19 04:48:58,973] {processor.py:163} INFO - Started process (PID=1835) to work on /home/airflow/.local/lib/python3.7/site-packages/airflow/example_dags/example_nested_branch_dag.py
[2021-12-19 04:48:58,977] {processor.py:625} INFO - Processing file /home/airflow/.local/lib/python3.7/site-packages/airflow/example_dags/example_nested_branch_dag.py for tasks to queue
[2021-12-19 04:48:58,988] {logging_mixin.py:109} INFO - [2021-12-19 04:48:58,988] {dagbag.py:500} INFO - Filling up the DagBag from /home/airflow/.local/lib/python3.7/site-packages/airflow/example_dags/example_nested_branch_dag.py
[2021-12-19 04:48:59,158] {processor.py:637} INFO - DAG(s) dict_keys(['example_nested_branch_dag']) retrieved from /home/airflow/.local/lib/python3.7/site-packages/airflow/example_dags/example_nested_branch_dag.py
[2021-12-19 04:48:59,259] {logging_mixin.py:109} INFO - [2021-12-19 04:48:59,258] {dag.py:2396} INFO - Sync 1 DAGs
[2021-12-19 04:48:59,317] {logging_mixin.py:109} INFO - [2021-12-19 04:48:59,317] {dag.py:2928} INFO - Setting next_dagrun for example_nested_branch_dag to 2021-12-18 00:00:00+00:00
[2021-12-19 04:48:59,427] {processor.py:171} INFO - Processing /home/airflow/.local/lib/python3.7/site-packages/airflow/example_dags/example_nested_branch_dag.py took 0.473 seconds
[2021-12-19 04:49:45,776] {processor.py:163} INFO - Started process (PID=1877) to work on /home/airflow/.local/lib/python3.7/site-packages/airflow/example_dags/example_nested_branch_dag.py
[2021-12-19 04:49:45,785] {processor.py:625} INFO - Processing file /home/airflow/.local/lib/python3.7/site-packages/airflow/example_dags/example_nested_branch_dag.py for tasks to queue
[2021-12-19 04:49:45,787] {logging_mixin.py:109} INFO - [2021-12-19 04:49:45,787] {dagbag.py:500} INFO - Filling up the DagBag from /home/airflow/.local/lib/python3.7/site-packages/airflow/example_dags/example_nested_branch_dag.py
[2021-12-19 04:49:45,854] {processor.py:637} INFO - DAG(s) dict_keys(['example_nested_branch_dag']) retrieved from /home/airflow/.local/lib/python3.7/site-packages/airflow/example_dags/example_nested_branch_dag.py
[2021-12-19 04:49:45,882] {logging_mixin.py:109} INFO - [2021-12-19 04:49:45,882] {dag.py:2396} INFO - Sync 1 DAGs
[2021-12-19 04:49:45,919] {logging_mixin.py:109} INFO - [2021-12-19 04:49:45,918] {dag.py:2928} INFO - Setting next_dagrun for example_nested_branch_dag to 2021-12-18 00:00:00+00:00
[2021-12-19 04:49:46,170] {processor.py:171} INFO - Processing /home/airflow/.local/lib/python3.7/site-packages/airflow/example_dags/example_nested_branch_dag.py took 0.402 seconds
