[2021-12-19 04:15:47,651] {processor.py:163} INFO - Started process (PID=322) to work on /home/airflow/.local/lib/python3.7/site-packages/airflow/example_dags/example_python_operator.py
[2021-12-19 04:15:47,654] {processor.py:625} INFO - Processing file /home/airflow/.local/lib/python3.7/site-packages/airflow/example_dags/example_python_operator.py for tasks to queue
[2021-12-19 04:15:47,656] {logging_mixin.py:109} INFO - [2021-12-19 04:15:47,656] {dagbag.py:500} INFO - Filling up the DagBag from /home/airflow/.local/lib/python3.7/site-packages/airflow/example_dags/example_python_operator.py
[2021-12-19 04:15:47,736] {processor.py:637} INFO - DAG(s) dict_keys(['example_python_operator']) retrieved from /home/airflow/.local/lib/python3.7/site-packages/airflow/example_dags/example_python_operator.py
[2021-12-19 04:15:54,904] {logging_mixin.py:109} INFO - [2021-12-19 04:15:54,904] {providers_manager.py:156} WARNING - Exception when importing 'airflow.providers.google.leveldb.hooks.leveldb.LevelDBHook' from 'apache-airflow-providers-google' package: No module named 'plyvel'
[2021-12-19 04:15:58,864] {logging_mixin.py:109} INFO - [2021-12-19 04:15:58,864] {providers_manager.py:156} WARNING - Exception when importing 'airflow.providers.google.leveldb.hooks.leveldb.LevelDBHook' from 'apache-airflow-providers-google' package: No module named 'plyvel'
[2021-12-19 04:15:58,932] {logging_mixin.py:109} INFO - [2021-12-19 04:15:58,931] {manager.py:496} INFO - Created Permission View: can read on DAG:example_python_operator
[2021-12-19 04:15:58,972] {logging_mixin.py:109} INFO - [2021-12-19 04:15:58,971] {manager.py:496} INFO - Created Permission View: can edit on DAG:example_python_operator
[2021-12-19 04:15:58,975] {logging_mixin.py:109} INFO - [2021-12-19 04:15:58,974] {dag.py:2396} INFO - Sync 1 DAGs
[2021-12-19 04:15:59,021] {logging_mixin.py:109} INFO - [2021-12-19 04:15:59,020] {dag.py:2415} INFO - Creating ORM DAG for example_python_operator
[2021-12-19 04:15:59,047] {logging_mixin.py:109} INFO - [2021-12-19 04:15:59,047] {dag.py:2928} INFO - Setting next_dagrun for example_python_operator to None
[2021-12-19 04:15:59,089] {processor.py:171} INFO - Processing /home/airflow/.local/lib/python3.7/site-packages/airflow/example_dags/example_python_operator.py took 11.444 seconds
[2021-12-19 04:18:18,307] {processor.py:163} INFO - Started process (PID=459) to work on /home/airflow/.local/lib/python3.7/site-packages/airflow/example_dags/example_python_operator.py
[2021-12-19 04:18:18,311] {processor.py:625} INFO - Processing file /home/airflow/.local/lib/python3.7/site-packages/airflow/example_dags/example_python_operator.py for tasks to queue
[2021-12-19 04:18:18,315] {logging_mixin.py:109} INFO - [2021-12-19 04:18:18,314] {dagbag.py:500} INFO - Filling up the DagBag from /home/airflow/.local/lib/python3.7/site-packages/airflow/example_dags/example_python_operator.py
[2021-12-19 04:18:19,351] {processor.py:637} INFO - DAG(s) dict_keys(['example_python_operator']) retrieved from /home/airflow/.local/lib/python3.7/site-packages/airflow/example_dags/example_python_operator.py
[2021-12-19 04:18:19,497] {logging_mixin.py:109} INFO - [2021-12-19 04:18:19,497] {dag.py:2396} INFO - Sync 1 DAGs
[2021-12-19 04:18:19,687] {logging_mixin.py:109} INFO - [2021-12-19 04:18:19,687] {dag.py:2928} INFO - Setting next_dagrun for example_python_operator to None
[2021-12-19 04:18:36,084] {processor.py:171} INFO - Processing /home/airflow/.local/lib/python3.7/site-packages/airflow/example_dags/example_python_operator.py took 17.796 seconds
[2021-12-19 04:20:10,474] {processor.py:163} INFO - Started process (PID=503) to work on /home/airflow/.local/lib/python3.7/site-packages/airflow/example_dags/example_python_operator.py
[2021-12-19 04:20:10,824] {processor.py:625} INFO - Processing file /home/airflow/.local/lib/python3.7/site-packages/airflow/example_dags/example_python_operator.py for tasks to queue
[2021-12-19 04:20:10,826] {logging_mixin.py:109} INFO - [2021-12-19 04:20:10,825] {dagbag.py:500} INFO - Filling up the DagBag from /home/airflow/.local/lib/python3.7/site-packages/airflow/example_dags/example_python_operator.py
[2021-12-19 04:20:10,959] {processor.py:637} INFO - DAG(s) dict_keys(['example_python_operator']) retrieved from /home/airflow/.local/lib/python3.7/site-packages/airflow/example_dags/example_python_operator.py
[2021-12-19 04:20:11,049] {logging_mixin.py:109} INFO - [2021-12-19 04:20:11,048] {dag.py:2396} INFO - Sync 1 DAGs
[2021-12-19 04:20:11,072] {logging_mixin.py:109} INFO - [2021-12-19 04:20:11,072] {dag.py:2928} INFO - Setting next_dagrun for example_python_operator to None
[2021-12-19 04:20:11,741] {processor.py:171} INFO - Processing /home/airflow/.local/lib/python3.7/site-packages/airflow/example_dags/example_python_operator.py took 1.273 seconds
[2021-12-19 04:22:26,380] {processor.py:163} INFO - Started process (PID=557) to work on /home/airflow/.local/lib/python3.7/site-packages/airflow/example_dags/example_python_operator.py
[2021-12-19 04:22:26,388] {processor.py:625} INFO - Processing file /home/airflow/.local/lib/python3.7/site-packages/airflow/example_dags/example_python_operator.py for tasks to queue
[2021-12-19 04:22:26,391] {logging_mixin.py:109} INFO - [2021-12-19 04:22:26,390] {dagbag.py:500} INFO - Filling up the DagBag from /home/airflow/.local/lib/python3.7/site-packages/airflow/example_dags/example_python_operator.py
[2021-12-19 04:22:26,536] {processor.py:637} INFO - DAG(s) dict_keys(['example_python_operator']) retrieved from /home/airflow/.local/lib/python3.7/site-packages/airflow/example_dags/example_python_operator.py
[2021-12-19 04:22:26,573] {logging_mixin.py:109} INFO - [2021-12-19 04:22:26,573] {dag.py:2396} INFO - Sync 1 DAGs
[2021-12-19 04:22:26,621] {logging_mixin.py:109} INFO - [2021-12-19 04:22:26,621] {dag.py:2928} INFO - Setting next_dagrun for example_python_operator to None
[2021-12-19 04:22:26,922] {processor.py:171} INFO - Processing /home/airflow/.local/lib/python3.7/site-packages/airflow/example_dags/example_python_operator.py took 0.552 seconds
[2021-12-19 04:24:47,685] {processor.py:163} INFO - Started process (PID=609) to work on /home/airflow/.local/lib/python3.7/site-packages/airflow/example_dags/example_python_operator.py
[2021-12-19 04:24:47,694] {processor.py:625} INFO - Processing file /home/airflow/.local/lib/python3.7/site-packages/airflow/example_dags/example_python_operator.py for tasks to queue
[2021-12-19 04:24:47,697] {logging_mixin.py:109} INFO - [2021-12-19 04:24:47,696] {dagbag.py:500} INFO - Filling up the DagBag from /home/airflow/.local/lib/python3.7/site-packages/airflow/example_dags/example_python_operator.py
[2021-12-19 04:24:47,780] {processor.py:637} INFO - DAG(s) dict_keys(['example_python_operator']) retrieved from /home/airflow/.local/lib/python3.7/site-packages/airflow/example_dags/example_python_operator.py
[2021-12-19 04:24:47,810] {logging_mixin.py:109} INFO - [2021-12-19 04:24:47,809] {dag.py:2396} INFO - Sync 1 DAGs
[2021-12-19 04:24:47,842] {logging_mixin.py:109} INFO - [2021-12-19 04:24:47,842] {dag.py:2928} INFO - Setting next_dagrun for example_python_operator to None
[2021-12-19 04:24:48,321] {processor.py:171} INFO - Processing /home/airflow/.local/lib/python3.7/site-packages/airflow/example_dags/example_python_operator.py took 0.645 seconds
[2021-12-19 04:26:20,704] {processor.py:163} INFO - Started process (PID=673) to work on /home/airflow/.local/lib/python3.7/site-packages/airflow/example_dags/example_python_operator.py
[2021-12-19 04:26:20,816] {processor.py:625} INFO - Processing file /home/airflow/.local/lib/python3.7/site-packages/airflow/example_dags/example_python_operator.py for tasks to queue
[2021-12-19 04:26:20,819] {logging_mixin.py:109} INFO - [2021-12-19 04:26:20,818] {dagbag.py:500} INFO - Filling up the DagBag from /home/airflow/.local/lib/python3.7/site-packages/airflow/example_dags/example_python_operator.py
[2021-12-19 04:26:20,918] {processor.py:637} INFO - DAG(s) dict_keys(['example_python_operator']) retrieved from /home/airflow/.local/lib/python3.7/site-packages/airflow/example_dags/example_python_operator.py
[2021-12-19 04:26:20,978] {logging_mixin.py:109} INFO - [2021-12-19 04:26:20,977] {dag.py:2396} INFO - Sync 1 DAGs
[2021-12-19 04:26:21,066] {logging_mixin.py:109} INFO - [2021-12-19 04:26:21,065] {dag.py:2928} INFO - Setting next_dagrun for example_python_operator to None
[2021-12-19 04:26:21,266] {processor.py:171} INFO - Processing /home/airflow/.local/lib/python3.7/site-packages/airflow/example_dags/example_python_operator.py took 0.572 seconds
[2021-12-19 04:27:29,449] {processor.py:163} INFO - Started process (PID=697) to work on /home/airflow/.local/lib/python3.7/site-packages/airflow/example_dags/example_python_operator.py
[2021-12-19 04:27:29,456] {processor.py:625} INFO - Processing file /home/airflow/.local/lib/python3.7/site-packages/airflow/example_dags/example_python_operator.py for tasks to queue
[2021-12-19 04:27:29,458] {logging_mixin.py:109} INFO - [2021-12-19 04:27:29,458] {dagbag.py:500} INFO - Filling up the DagBag from /home/airflow/.local/lib/python3.7/site-packages/airflow/example_dags/example_python_operator.py
[2021-12-19 04:27:29,603] {processor.py:637} INFO - DAG(s) dict_keys(['example_python_operator']) retrieved from /home/airflow/.local/lib/python3.7/site-packages/airflow/example_dags/example_python_operator.py
[2021-12-19 04:27:29,676] {logging_mixin.py:109} INFO - [2021-12-19 04:27:29,675] {dag.py:2396} INFO - Sync 1 DAGs
[2021-12-19 04:27:29,738] {logging_mixin.py:109} INFO - [2021-12-19 04:27:29,737] {dag.py:2928} INFO - Setting next_dagrun for example_python_operator to None
[2021-12-19 04:27:29,782] {processor.py:171} INFO - Processing /home/airflow/.local/lib/python3.7/site-packages/airflow/example_dags/example_python_operator.py took 0.344 seconds
[2021-12-19 04:28:47,159] {processor.py:163} INFO - Started process (PID=773) to work on /home/airflow/.local/lib/python3.7/site-packages/airflow/example_dags/example_python_operator.py
[2021-12-19 04:28:47,167] {processor.py:625} INFO - Processing file /home/airflow/.local/lib/python3.7/site-packages/airflow/example_dags/example_python_operator.py for tasks to queue
[2021-12-19 04:28:47,178] {logging_mixin.py:109} INFO - [2021-12-19 04:28:47,178] {dagbag.py:500} INFO - Filling up the DagBag from /home/airflow/.local/lib/python3.7/site-packages/airflow/example_dags/example_python_operator.py
[2021-12-19 04:28:47,391] {processor.py:637} INFO - DAG(s) dict_keys(['example_python_operator']) retrieved from /home/airflow/.local/lib/python3.7/site-packages/airflow/example_dags/example_python_operator.py
[2021-12-19 04:28:47,438] {logging_mixin.py:109} INFO - [2021-12-19 04:28:47,437] {dag.py:2396} INFO - Sync 1 DAGs
[2021-12-19 04:28:47,531] {logging_mixin.py:109} INFO - [2021-12-19 04:28:47,530] {dag.py:2928} INFO - Setting next_dagrun for example_python_operator to None
[2021-12-19 04:28:48,271] {processor.py:171} INFO - Processing /home/airflow/.local/lib/python3.7/site-packages/airflow/example_dags/example_python_operator.py took 1.131 seconds
[2021-12-19 04:29:18,599] {processor.py:163} INFO - Started process (PID=816) to work on /home/airflow/.local/lib/python3.7/site-packages/airflow/example_dags/example_python_operator.py
[2021-12-19 04:29:18,603] {processor.py:625} INFO - Processing file /home/airflow/.local/lib/python3.7/site-packages/airflow/example_dags/example_python_operator.py for tasks to queue
[2021-12-19 04:29:18,605] {logging_mixin.py:109} INFO - [2021-12-19 04:29:18,605] {dagbag.py:500} INFO - Filling up the DagBag from /home/airflow/.local/lib/python3.7/site-packages/airflow/example_dags/example_python_operator.py
[2021-12-19 04:29:18,666] {processor.py:637} INFO - DAG(s) dict_keys(['example_python_operator']) retrieved from /home/airflow/.local/lib/python3.7/site-packages/airflow/example_dags/example_python_operator.py
[2021-12-19 04:29:18,696] {logging_mixin.py:109} INFO - [2021-12-19 04:29:18,696] {dag.py:2396} INFO - Sync 1 DAGs
[2021-12-19 04:29:18,729] {logging_mixin.py:109} INFO - [2021-12-19 04:29:18,729] {dag.py:2928} INFO - Setting next_dagrun for example_python_operator to None
[2021-12-19 04:29:18,804] {processor.py:171} INFO - Processing /home/airflow/.local/lib/python3.7/site-packages/airflow/example_dags/example_python_operator.py took 0.210 seconds
[2021-12-19 04:30:04,819] {processor.py:163} INFO - Started process (PID=859) to work on /home/airflow/.local/lib/python3.7/site-packages/airflow/example_dags/example_python_operator.py
[2021-12-19 04:30:04,833] {processor.py:625} INFO - Processing file /home/airflow/.local/lib/python3.7/site-packages/airflow/example_dags/example_python_operator.py for tasks to queue
[2021-12-19 04:30:04,836] {logging_mixin.py:109} INFO - [2021-12-19 04:30:04,836] {dagbag.py:500} INFO - Filling up the DagBag from /home/airflow/.local/lib/python3.7/site-packages/airflow/example_dags/example_python_operator.py
[2021-12-19 04:30:05,018] {processor.py:637} INFO - DAG(s) dict_keys(['example_python_operator']) retrieved from /home/airflow/.local/lib/python3.7/site-packages/airflow/example_dags/example_python_operator.py
[2021-12-19 04:30:05,778] {logging_mixin.py:109} INFO - [2021-12-19 04:30:05,777] {dag.py:2396} INFO - Sync 1 DAGs
[2021-12-19 04:30:05,827] {logging_mixin.py:109} INFO - [2021-12-19 04:30:05,827] {dag.py:2928} INFO - Setting next_dagrun for example_python_operator to None
[2021-12-19 04:30:06,296] {processor.py:171} INFO - Processing /home/airflow/.local/lib/python3.7/site-packages/airflow/example_dags/example_python_operator.py took 1.501 seconds
[2021-12-19 04:30:36,710] {processor.py:163} INFO - Started process (PID=898) to work on /home/airflow/.local/lib/python3.7/site-packages/airflow/example_dags/example_python_operator.py
[2021-12-19 04:30:36,728] {processor.py:625} INFO - Processing file /home/airflow/.local/lib/python3.7/site-packages/airflow/example_dags/example_python_operator.py for tasks to queue
[2021-12-19 04:30:36,731] {logging_mixin.py:109} INFO - [2021-12-19 04:30:36,730] {dagbag.py:500} INFO - Filling up the DagBag from /home/airflow/.local/lib/python3.7/site-packages/airflow/example_dags/example_python_operator.py
[2021-12-19 04:30:36,783] {processor.py:637} INFO - DAG(s) dict_keys(['example_python_operator']) retrieved from /home/airflow/.local/lib/python3.7/site-packages/airflow/example_dags/example_python_operator.py
[2021-12-19 04:30:36,807] {logging_mixin.py:109} INFO - [2021-12-19 04:30:36,807] {dag.py:2396} INFO - Sync 1 DAGs
[2021-12-19 04:30:36,847] {logging_mixin.py:109} INFO - [2021-12-19 04:30:36,847] {dag.py:2928} INFO - Setting next_dagrun for example_python_operator to None
[2021-12-19 04:30:37,166] {processor.py:171} INFO - Processing /home/airflow/.local/lib/python3.7/site-packages/airflow/example_dags/example_python_operator.py took 0.460 seconds
[2021-12-19 04:31:53,414] {processor.py:163} INFO - Started process (PID=954) to work on /home/airflow/.local/lib/python3.7/site-packages/airflow/example_dags/example_python_operator.py
[2021-12-19 04:31:53,441] {processor.py:625} INFO - Processing file /home/airflow/.local/lib/python3.7/site-packages/airflow/example_dags/example_python_operator.py for tasks to queue
[2021-12-19 04:31:53,445] {logging_mixin.py:109} INFO - [2021-12-19 04:31:53,445] {dagbag.py:500} INFO - Filling up the DagBag from /home/airflow/.local/lib/python3.7/site-packages/airflow/example_dags/example_python_operator.py
[2021-12-19 04:31:53,536] {processor.py:637} INFO - DAG(s) dict_keys(['example_python_operator']) retrieved from /home/airflow/.local/lib/python3.7/site-packages/airflow/example_dags/example_python_operator.py
[2021-12-19 04:31:53,619] {logging_mixin.py:109} INFO - [2021-12-19 04:31:53,619] {dag.py:2396} INFO - Sync 1 DAGs
[2021-12-19 04:31:53,728] {logging_mixin.py:109} INFO - [2021-12-19 04:31:53,728] {dag.py:2928} INFO - Setting next_dagrun for example_python_operator to None
[2021-12-19 04:31:54,088] {processor.py:171} INFO - Processing /home/airflow/.local/lib/python3.7/site-packages/airflow/example_dags/example_python_operator.py took 0.683 seconds
[2021-12-19 04:32:30,372] {processor.py:163} INFO - Started process (PID=987) to work on /home/airflow/.local/lib/python3.7/site-packages/airflow/example_dags/example_python_operator.py
[2021-12-19 04:32:30,377] {processor.py:625} INFO - Processing file /home/airflow/.local/lib/python3.7/site-packages/airflow/example_dags/example_python_operator.py for tasks to queue
[2021-12-19 04:32:30,381] {logging_mixin.py:109} INFO - [2021-12-19 04:32:30,381] {dagbag.py:500} INFO - Filling up the DagBag from /home/airflow/.local/lib/python3.7/site-packages/airflow/example_dags/example_python_operator.py
[2021-12-19 04:32:30,464] {processor.py:637} INFO - DAG(s) dict_keys(['example_python_operator']) retrieved from /home/airflow/.local/lib/python3.7/site-packages/airflow/example_dags/example_python_operator.py
[2021-12-19 04:32:30,501] {logging_mixin.py:109} INFO - [2021-12-19 04:32:30,501] {dag.py:2396} INFO - Sync 1 DAGs
[2021-12-19 04:32:30,549] {logging_mixin.py:109} INFO - [2021-12-19 04:32:30,549] {dag.py:2928} INFO - Setting next_dagrun for example_python_operator to None
[2021-12-19 04:32:30,586] {processor.py:171} INFO - Processing /home/airflow/.local/lib/python3.7/site-packages/airflow/example_dags/example_python_operator.py took 0.225 seconds
[2021-12-19 04:33:28,834] {processor.py:163} INFO - Started process (PID=1026) to work on /home/airflow/.local/lib/python3.7/site-packages/airflow/example_dags/example_python_operator.py
[2021-12-19 04:33:28,848] {processor.py:625} INFO - Processing file /home/airflow/.local/lib/python3.7/site-packages/airflow/example_dags/example_python_operator.py for tasks to queue
[2021-12-19 04:33:28,850] {logging_mixin.py:109} INFO - [2021-12-19 04:33:28,850] {dagbag.py:500} INFO - Filling up the DagBag from /home/airflow/.local/lib/python3.7/site-packages/airflow/example_dags/example_python_operator.py
[2021-12-19 04:33:28,948] {processor.py:637} INFO - DAG(s) dict_keys(['example_python_operator']) retrieved from /home/airflow/.local/lib/python3.7/site-packages/airflow/example_dags/example_python_operator.py
[2021-12-19 04:33:29,004] {logging_mixin.py:109} INFO - [2021-12-19 04:33:29,004] {dag.py:2396} INFO - Sync 1 DAGs
[2021-12-19 04:33:29,073] {logging_mixin.py:109} INFO - [2021-12-19 04:33:29,073] {dag.py:2928} INFO - Setting next_dagrun for example_python_operator to None
[2021-12-19 04:33:29,126] {processor.py:171} INFO - Processing /home/airflow/.local/lib/python3.7/site-packages/airflow/example_dags/example_python_operator.py took 0.305 seconds
[2021-12-19 04:34:07,998] {processor.py:163} INFO - Started process (PID=1069) to work on /home/airflow/.local/lib/python3.7/site-packages/airflow/example_dags/example_python_operator.py
[2021-12-19 04:34:08,002] {processor.py:625} INFO - Processing file /home/airflow/.local/lib/python3.7/site-packages/airflow/example_dags/example_python_operator.py for tasks to queue
[2021-12-19 04:34:08,005] {logging_mixin.py:109} INFO - [2021-12-19 04:34:08,004] {dagbag.py:500} INFO - Filling up the DagBag from /home/airflow/.local/lib/python3.7/site-packages/airflow/example_dags/example_python_operator.py
[2021-12-19 04:34:08,075] {processor.py:637} INFO - DAG(s) dict_keys(['example_python_operator']) retrieved from /home/airflow/.local/lib/python3.7/site-packages/airflow/example_dags/example_python_operator.py
[2021-12-19 04:34:08,105] {logging_mixin.py:109} INFO - [2021-12-19 04:34:08,105] {dag.py:2396} INFO - Sync 1 DAGs
[2021-12-19 04:34:08,138] {logging_mixin.py:109} INFO - [2021-12-19 04:34:08,138] {dag.py:2928} INFO - Setting next_dagrun for example_python_operator to None
[2021-12-19 04:34:08,162] {processor.py:171} INFO - Processing /home/airflow/.local/lib/python3.7/site-packages/airflow/example_dags/example_python_operator.py took 0.175 seconds
[2021-12-19 04:35:02,884] {processor.py:163} INFO - Started process (PID=1121) to work on /home/airflow/.local/lib/python3.7/site-packages/airflow/example_dags/example_python_operator.py
[2021-12-19 04:35:02,889] {processor.py:625} INFO - Processing file /home/airflow/.local/lib/python3.7/site-packages/airflow/example_dags/example_python_operator.py for tasks to queue
[2021-12-19 04:35:02,892] {logging_mixin.py:109} INFO - [2021-12-19 04:35:02,891] {dagbag.py:500} INFO - Filling up the DagBag from /home/airflow/.local/lib/python3.7/site-packages/airflow/example_dags/example_python_operator.py
[2021-12-19 04:35:02,980] {processor.py:637} INFO - DAG(s) dict_keys(['example_python_operator']) retrieved from /home/airflow/.local/lib/python3.7/site-packages/airflow/example_dags/example_python_operator.py
[2021-12-19 04:35:03,022] {logging_mixin.py:109} INFO - [2021-12-19 04:35:03,022] {dag.py:2396} INFO - Sync 1 DAGs
[2021-12-19 04:35:03,081] {logging_mixin.py:109} INFO - [2021-12-19 04:35:03,080] {dag.py:2928} INFO - Setting next_dagrun for example_python_operator to None
[2021-12-19 04:35:03,124] {processor.py:171} INFO - Processing /home/airflow/.local/lib/python3.7/site-packages/airflow/example_dags/example_python_operator.py took 0.255 seconds
[2021-12-19 04:35:35,609] {processor.py:163} INFO - Started process (PID=1163) to work on /home/airflow/.local/lib/python3.7/site-packages/airflow/example_dags/example_python_operator.py
[2021-12-19 04:35:35,614] {processor.py:625} INFO - Processing file /home/airflow/.local/lib/python3.7/site-packages/airflow/example_dags/example_python_operator.py for tasks to queue
[2021-12-19 04:35:35,617] {logging_mixin.py:109} INFO - [2021-12-19 04:35:35,617] {dagbag.py:500} INFO - Filling up the DagBag from /home/airflow/.local/lib/python3.7/site-packages/airflow/example_dags/example_python_operator.py
[2021-12-19 04:35:35,721] {processor.py:637} INFO - DAG(s) dict_keys(['example_python_operator']) retrieved from /home/airflow/.local/lib/python3.7/site-packages/airflow/example_dags/example_python_operator.py
[2021-12-19 04:35:35,772] {logging_mixin.py:109} INFO - [2021-12-19 04:35:35,772] {dag.py:2396} INFO - Sync 1 DAGs
[2021-12-19 04:35:35,856] {logging_mixin.py:109} INFO - [2021-12-19 04:35:35,856] {dag.py:2928} INFO - Setting next_dagrun for example_python_operator to None
[2021-12-19 04:35:35,893] {processor.py:171} INFO - Processing /home/airflow/.local/lib/python3.7/site-packages/airflow/example_dags/example_python_operator.py took 0.300 seconds
[2021-12-19 04:36:33,844] {processor.py:163} INFO - Started process (PID=1223) to work on /home/airflow/.local/lib/python3.7/site-packages/airflow/example_dags/example_python_operator.py
[2021-12-19 04:36:33,879] {processor.py:625} INFO - Processing file /home/airflow/.local/lib/python3.7/site-packages/airflow/example_dags/example_python_operator.py for tasks to queue
[2021-12-19 04:36:33,882] {logging_mixin.py:109} INFO - [2021-12-19 04:36:33,881] {dagbag.py:500} INFO - Filling up the DagBag from /home/airflow/.local/lib/python3.7/site-packages/airflow/example_dags/example_python_operator.py
[2021-12-19 04:36:33,985] {processor.py:637} INFO - DAG(s) dict_keys(['example_python_operator']) retrieved from /home/airflow/.local/lib/python3.7/site-packages/airflow/example_dags/example_python_operator.py
[2021-12-19 04:36:34,026] {logging_mixin.py:109} INFO - [2021-12-19 04:36:34,026] {dag.py:2396} INFO - Sync 1 DAGs
[2021-12-19 04:36:34,079] {logging_mixin.py:109} INFO - [2021-12-19 04:36:34,079] {dag.py:2928} INFO - Setting next_dagrun for example_python_operator to None
[2021-12-19 04:36:34,635] {processor.py:171} INFO - Processing /home/airflow/.local/lib/python3.7/site-packages/airflow/example_dags/example_python_operator.py took 0.802 seconds
[2021-12-19 04:37:57,281] {processor.py:163} INFO - Started process (PID=1256) to work on /home/airflow/.local/lib/python3.7/site-packages/airflow/example_dags/example_python_operator.py
[2021-12-19 04:37:57,288] {processor.py:625} INFO - Processing file /home/airflow/.local/lib/python3.7/site-packages/airflow/example_dags/example_python_operator.py for tasks to queue
[2021-12-19 04:37:57,293] {logging_mixin.py:109} INFO - [2021-12-19 04:37:57,293] {dagbag.py:500} INFO - Filling up the DagBag from /home/airflow/.local/lib/python3.7/site-packages/airflow/example_dags/example_python_operator.py
[2021-12-19 04:37:57,504] {processor.py:637} INFO - DAG(s) dict_keys(['example_python_operator']) retrieved from /home/airflow/.local/lib/python3.7/site-packages/airflow/example_dags/example_python_operator.py
[2021-12-19 04:37:57,566] {logging_mixin.py:109} INFO - [2021-12-19 04:37:57,565] {dag.py:2396} INFO - Sync 1 DAGs
[2021-12-19 04:37:57,626] {logging_mixin.py:109} INFO - [2021-12-19 04:37:57,625] {dag.py:2928} INFO - Setting next_dagrun for example_python_operator to None
[2021-12-19 04:37:57,834] {processor.py:171} INFO - Processing /home/airflow/.local/lib/python3.7/site-packages/airflow/example_dags/example_python_operator.py took 0.566 seconds
[2021-12-19 04:39:27,162] {processor.py:163} INFO - Started process (PID=1318) to work on /home/airflow/.local/lib/python3.7/site-packages/airflow/example_dags/example_python_operator.py
[2021-12-19 04:39:27,171] {processor.py:625} INFO - Processing file /home/airflow/.local/lib/python3.7/site-packages/airflow/example_dags/example_python_operator.py for tasks to queue
[2021-12-19 04:39:27,174] {logging_mixin.py:109} INFO - [2021-12-19 04:39:27,174] {dagbag.py:500} INFO - Filling up the DagBag from /home/airflow/.local/lib/python3.7/site-packages/airflow/example_dags/example_python_operator.py
[2021-12-19 04:39:27,279] {processor.py:637} INFO - DAG(s) dict_keys(['example_python_operator']) retrieved from /home/airflow/.local/lib/python3.7/site-packages/airflow/example_dags/example_python_operator.py
[2021-12-19 04:39:27,317] {logging_mixin.py:109} INFO - [2021-12-19 04:39:27,317] {dag.py:2396} INFO - Sync 1 DAGs
[2021-12-19 04:39:27,360] {logging_mixin.py:109} INFO - [2021-12-19 04:39:27,360] {dag.py:2928} INFO - Setting next_dagrun for example_python_operator to None
[2021-12-19 04:39:27,676] {processor.py:171} INFO - Processing /home/airflow/.local/lib/python3.7/site-packages/airflow/example_dags/example_python_operator.py took 0.527 seconds
[2021-12-19 04:40:10,970] {processor.py:163} INFO - Started process (PID=1370) to work on /home/airflow/.local/lib/python3.7/site-packages/airflow/example_dags/example_python_operator.py
[2021-12-19 04:40:11,030] {processor.py:625} INFO - Processing file /home/airflow/.local/lib/python3.7/site-packages/airflow/example_dags/example_python_operator.py for tasks to queue
[2021-12-19 04:40:11,033] {logging_mixin.py:109} INFO - [2021-12-19 04:40:11,032] {dagbag.py:500} INFO - Filling up the DagBag from /home/airflow/.local/lib/python3.7/site-packages/airflow/example_dags/example_python_operator.py
[2021-12-19 04:40:11,140] {processor.py:637} INFO - DAG(s) dict_keys(['example_python_operator']) retrieved from /home/airflow/.local/lib/python3.7/site-packages/airflow/example_dags/example_python_operator.py
[2021-12-19 04:40:11,176] {logging_mixin.py:109} INFO - [2021-12-19 04:40:11,175] {dag.py:2396} INFO - Sync 1 DAGs
[2021-12-19 04:40:11,225] {logging_mixin.py:109} INFO - [2021-12-19 04:40:11,225] {dag.py:2928} INFO - Setting next_dagrun for example_python_operator to None
[2021-12-19 04:40:11,733] {processor.py:171} INFO - Processing /home/airflow/.local/lib/python3.7/site-packages/airflow/example_dags/example_python_operator.py took 0.774 seconds
[2021-12-19 04:41:36,837] {processor.py:163} INFO - Started process (PID=1391) to work on /home/airflow/.local/lib/python3.7/site-packages/airflow/example_dags/example_python_operator.py
[2021-12-19 04:41:36,842] {processor.py:625} INFO - Processing file /home/airflow/.local/lib/python3.7/site-packages/airflow/example_dags/example_python_operator.py for tasks to queue
[2021-12-19 04:41:36,845] {logging_mixin.py:109} INFO - [2021-12-19 04:41:36,845] {dagbag.py:500} INFO - Filling up the DagBag from /home/airflow/.local/lib/python3.7/site-packages/airflow/example_dags/example_python_operator.py
[2021-12-19 04:41:36,936] {processor.py:637} INFO - DAG(s) dict_keys(['example_python_operator']) retrieved from /home/airflow/.local/lib/python3.7/site-packages/airflow/example_dags/example_python_operator.py
[2021-12-19 04:41:36,966] {logging_mixin.py:109} INFO - [2021-12-19 04:41:36,965] {dag.py:2396} INFO - Sync 1 DAGs
[2021-12-19 04:41:37,011] {logging_mixin.py:109} INFO - [2021-12-19 04:41:37,011] {dag.py:2928} INFO - Setting next_dagrun for example_python_operator to None
[2021-12-19 04:41:37,040] {processor.py:171} INFO - Processing /home/airflow/.local/lib/python3.7/site-packages/airflow/example_dags/example_python_operator.py took 0.214 seconds
[2021-12-19 04:42:56,229] {processor.py:163} INFO - Started process (PID=1442) to work on /home/airflow/.local/lib/python3.7/site-packages/airflow/example_dags/example_python_operator.py
[2021-12-19 04:42:56,235] {processor.py:625} INFO - Processing file /home/airflow/.local/lib/python3.7/site-packages/airflow/example_dags/example_python_operator.py for tasks to queue
[2021-12-19 04:42:56,238] {logging_mixin.py:109} INFO - [2021-12-19 04:42:56,237] {dagbag.py:500} INFO - Filling up the DagBag from /home/airflow/.local/lib/python3.7/site-packages/airflow/example_dags/example_python_operator.py
[2021-12-19 04:42:56,363] {processor.py:637} INFO - DAG(s) dict_keys(['example_python_operator']) retrieved from /home/airflow/.local/lib/python3.7/site-packages/airflow/example_dags/example_python_operator.py
[2021-12-19 04:42:56,450] {logging_mixin.py:109} INFO - [2021-12-19 04:42:56,450] {dag.py:2396} INFO - Sync 1 DAGs
[2021-12-19 04:42:56,544] {logging_mixin.py:109} INFO - [2021-12-19 04:42:56,543] {dag.py:2928} INFO - Setting next_dagrun for example_python_operator to None
[2021-12-19 04:42:59,805] {processor.py:171} INFO - Processing /home/airflow/.local/lib/python3.7/site-packages/airflow/example_dags/example_python_operator.py took 3.587 seconds
[2021-12-19 04:43:35,878] {processor.py:163} INFO - Started process (PID=1493) to work on /home/airflow/.local/lib/python3.7/site-packages/airflow/example_dags/example_python_operator.py
[2021-12-19 04:43:35,882] {processor.py:625} INFO - Processing file /home/airflow/.local/lib/python3.7/site-packages/airflow/example_dags/example_python_operator.py for tasks to queue
[2021-12-19 04:43:35,884] {logging_mixin.py:109} INFO - [2021-12-19 04:43:35,883] {dagbag.py:500} INFO - Filling up the DagBag from /home/airflow/.local/lib/python3.7/site-packages/airflow/example_dags/example_python_operator.py
[2021-12-19 04:43:35,975] {processor.py:637} INFO - DAG(s) dict_keys(['example_python_operator']) retrieved from /home/airflow/.local/lib/python3.7/site-packages/airflow/example_dags/example_python_operator.py
[2021-12-19 04:43:36,018] {logging_mixin.py:109} INFO - [2021-12-19 04:43:36,017] {dag.py:2396} INFO - Sync 1 DAGs
[2021-12-19 04:43:36,079] {logging_mixin.py:109} INFO - [2021-12-19 04:43:36,078] {dag.py:2928} INFO - Setting next_dagrun for example_python_operator to None
[2021-12-19 04:43:36,816] {processor.py:171} INFO - Processing /home/airflow/.local/lib/python3.7/site-packages/airflow/example_dags/example_python_operator.py took 0.948 seconds
[2021-12-19 04:44:15,029] {processor.py:163} INFO - Started process (PID=1546) to work on /home/airflow/.local/lib/python3.7/site-packages/airflow/example_dags/example_python_operator.py
[2021-12-19 04:44:15,068] {processor.py:625} INFO - Processing file /home/airflow/.local/lib/python3.7/site-packages/airflow/example_dags/example_python_operator.py for tasks to queue
[2021-12-19 04:44:15,117] {logging_mixin.py:109} INFO - [2021-12-19 04:44:15,116] {dagbag.py:500} INFO - Filling up the DagBag from /home/airflow/.local/lib/python3.7/site-packages/airflow/example_dags/example_python_operator.py
[2021-12-19 04:44:15,369] {processor.py:637} INFO - DAG(s) dict_keys(['example_python_operator']) retrieved from /home/airflow/.local/lib/python3.7/site-packages/airflow/example_dags/example_python_operator.py
[2021-12-19 04:44:15,458] {logging_mixin.py:109} INFO - [2021-12-19 04:44:15,458] {dag.py:2396} INFO - Sync 1 DAGs
[2021-12-19 04:44:15,587] {logging_mixin.py:109} INFO - [2021-12-19 04:44:15,586] {dag.py:2928} INFO - Setting next_dagrun for example_python_operator to None
[2021-12-19 04:44:18,165] {processor.py:171} INFO - Processing /home/airflow/.local/lib/python3.7/site-packages/airflow/example_dags/example_python_operator.py took 3.157 seconds
[2021-12-19 04:45:06,720] {processor.py:163} INFO - Started process (PID=1591) to work on /home/airflow/.local/lib/python3.7/site-packages/airflow/example_dags/example_python_operator.py
[2021-12-19 04:45:06,726] {processor.py:625} INFO - Processing file /home/airflow/.local/lib/python3.7/site-packages/airflow/example_dags/example_python_operator.py for tasks to queue
[2021-12-19 04:45:06,728] {logging_mixin.py:109} INFO - [2021-12-19 04:45:06,728] {dagbag.py:500} INFO - Filling up the DagBag from /home/airflow/.local/lib/python3.7/site-packages/airflow/example_dags/example_python_operator.py
[2021-12-19 04:45:06,811] {processor.py:637} INFO - DAG(s) dict_keys(['example_python_operator']) retrieved from /home/airflow/.local/lib/python3.7/site-packages/airflow/example_dags/example_python_operator.py
[2021-12-19 04:45:06,842] {logging_mixin.py:109} INFO - [2021-12-19 04:45:06,841] {dag.py:2396} INFO - Sync 1 DAGs
[2021-12-19 04:45:06,884] {logging_mixin.py:109} INFO - [2021-12-19 04:45:06,883] {dag.py:2928} INFO - Setting next_dagrun for example_python_operator to None
[2021-12-19 04:45:06,912] {processor.py:171} INFO - Processing /home/airflow/.local/lib/python3.7/site-packages/airflow/example_dags/example_python_operator.py took 0.200 seconds
[2021-12-19 04:46:54,472] {processor.py:163} INFO - Started process (PID=1640) to work on /home/airflow/.local/lib/python3.7/site-packages/airflow/example_dags/example_python_operator.py
[2021-12-19 04:46:54,478] {processor.py:625} INFO - Processing file /home/airflow/.local/lib/python3.7/site-packages/airflow/example_dags/example_python_operator.py for tasks to queue
[2021-12-19 04:46:54,481] {logging_mixin.py:109} INFO - [2021-12-19 04:46:54,480] {dagbag.py:500} INFO - Filling up the DagBag from /home/airflow/.local/lib/python3.7/site-packages/airflow/example_dags/example_python_operator.py
[2021-12-19 04:46:54,566] {processor.py:637} INFO - DAG(s) dict_keys(['example_python_operator']) retrieved from /home/airflow/.local/lib/python3.7/site-packages/airflow/example_dags/example_python_operator.py
[2021-12-19 04:46:54,593] {logging_mixin.py:109} INFO - [2021-12-19 04:46:54,593] {dag.py:2396} INFO - Sync 1 DAGs
[2021-12-19 04:46:54,640] {logging_mixin.py:109} INFO - [2021-12-19 04:46:54,640] {dag.py:2928} INFO - Setting next_dagrun for example_python_operator to None
[2021-12-19 04:46:54,673] {processor.py:171} INFO - Processing /home/airflow/.local/lib/python3.7/site-packages/airflow/example_dags/example_python_operator.py took 0.211 seconds
[2021-12-19 04:47:24,730] {processor.py:163} INFO - Started process (PID=1681) to work on /home/airflow/.local/lib/python3.7/site-packages/airflow/example_dags/example_python_operator.py
[2021-12-19 04:47:24,740] {processor.py:625} INFO - Processing file /home/airflow/.local/lib/python3.7/site-packages/airflow/example_dags/example_python_operator.py for tasks to queue
[2021-12-19 04:47:24,742] {logging_mixin.py:109} INFO - [2021-12-19 04:47:24,742] {dagbag.py:500} INFO - Filling up the DagBag from /home/airflow/.local/lib/python3.7/site-packages/airflow/example_dags/example_python_operator.py
[2021-12-19 04:47:24,804] {processor.py:637} INFO - DAG(s) dict_keys(['example_python_operator']) retrieved from /home/airflow/.local/lib/python3.7/site-packages/airflow/example_dags/example_python_operator.py
[2021-12-19 04:47:24,830] {logging_mixin.py:109} INFO - [2021-12-19 04:47:24,829] {dag.py:2396} INFO - Sync 1 DAGs
[2021-12-19 04:47:24,862] {logging_mixin.py:109} INFO - [2021-12-19 04:47:24,862] {dag.py:2928} INFO - Setting next_dagrun for example_python_operator to None
[2021-12-19 04:47:24,893] {processor.py:171} INFO - Processing /home/airflow/.local/lib/python3.7/site-packages/airflow/example_dags/example_python_operator.py took 0.169 seconds
[2021-12-19 04:47:55,154] {processor.py:163} INFO - Started process (PID=1725) to work on /home/airflow/.local/lib/python3.7/site-packages/airflow/example_dags/example_python_operator.py
[2021-12-19 04:47:55,158] {processor.py:625} INFO - Processing file /home/airflow/.local/lib/python3.7/site-packages/airflow/example_dags/example_python_operator.py for tasks to queue
[2021-12-19 04:47:55,160] {logging_mixin.py:109} INFO - [2021-12-19 04:47:55,160] {dagbag.py:500} INFO - Filling up the DagBag from /home/airflow/.local/lib/python3.7/site-packages/airflow/example_dags/example_python_operator.py
[2021-12-19 04:47:55,216] {processor.py:637} INFO - DAG(s) dict_keys(['example_python_operator']) retrieved from /home/airflow/.local/lib/python3.7/site-packages/airflow/example_dags/example_python_operator.py
[2021-12-19 04:47:55,240] {logging_mixin.py:109} INFO - [2021-12-19 04:47:55,240] {dag.py:2396} INFO - Sync 1 DAGs
[2021-12-19 04:47:55,272] {logging_mixin.py:109} INFO - [2021-12-19 04:47:55,272] {dag.py:2928} INFO - Setting next_dagrun for example_python_operator to None
[2021-12-19 04:47:55,299] {processor.py:171} INFO - Processing /home/airflow/.local/lib/python3.7/site-packages/airflow/example_dags/example_python_operator.py took 0.153 seconds
[2021-12-19 04:48:26,231] {processor.py:163} INFO - Started process (PID=1778) to work on /home/airflow/.local/lib/python3.7/site-packages/airflow/example_dags/example_python_operator.py
[2021-12-19 04:48:26,234] {processor.py:625} INFO - Processing file /home/airflow/.local/lib/python3.7/site-packages/airflow/example_dags/example_python_operator.py for tasks to queue
[2021-12-19 04:48:26,238] {logging_mixin.py:109} INFO - [2021-12-19 04:48:26,238] {dagbag.py:500} INFO - Filling up the DagBag from /home/airflow/.local/lib/python3.7/site-packages/airflow/example_dags/example_python_operator.py
[2021-12-19 04:48:26,298] {processor.py:637} INFO - DAG(s) dict_keys(['example_python_operator']) retrieved from /home/airflow/.local/lib/python3.7/site-packages/airflow/example_dags/example_python_operator.py
[2021-12-19 04:48:26,325] {logging_mixin.py:109} INFO - [2021-12-19 04:48:26,324] {dag.py:2396} INFO - Sync 1 DAGs
[2021-12-19 04:48:26,360] {logging_mixin.py:109} INFO - [2021-12-19 04:48:26,360] {dag.py:2928} INFO - Setting next_dagrun for example_python_operator to None
[2021-12-19 04:48:26,487] {processor.py:171} INFO - Processing /home/airflow/.local/lib/python3.7/site-packages/airflow/example_dags/example_python_operator.py took 0.263 seconds
[2021-12-19 04:48:56,756] {processor.py:163} INFO - Started process (PID=1830) to work on /home/airflow/.local/lib/python3.7/site-packages/airflow/example_dags/example_python_operator.py
[2021-12-19 04:48:56,759] {processor.py:625} INFO - Processing file /home/airflow/.local/lib/python3.7/site-packages/airflow/example_dags/example_python_operator.py for tasks to queue
[2021-12-19 04:48:56,761] {logging_mixin.py:109} INFO - [2021-12-19 04:48:56,761] {dagbag.py:500} INFO - Filling up the DagBag from /home/airflow/.local/lib/python3.7/site-packages/airflow/example_dags/example_python_operator.py
[2021-12-19 04:48:56,838] {processor.py:637} INFO - DAG(s) dict_keys(['example_python_operator']) retrieved from /home/airflow/.local/lib/python3.7/site-packages/airflow/example_dags/example_python_operator.py
[2021-12-19 04:48:56,893] {logging_mixin.py:109} INFO - [2021-12-19 04:48:56,892] {dag.py:2396} INFO - Sync 1 DAGs
[2021-12-19 04:48:56,957] {logging_mixin.py:109} INFO - [2021-12-19 04:48:56,957] {dag.py:2928} INFO - Setting next_dagrun for example_python_operator to None
[2021-12-19 04:48:56,991] {processor.py:171} INFO - Processing /home/airflow/.local/lib/python3.7/site-packages/airflow/example_dags/example_python_operator.py took 0.242 seconds
[2021-12-19 04:49:43,957] {processor.py:163} INFO - Started process (PID=1875) to work on /home/airflow/.local/lib/python3.7/site-packages/airflow/example_dags/example_python_operator.py
[2021-12-19 04:49:43,966] {processor.py:625} INFO - Processing file /home/airflow/.local/lib/python3.7/site-packages/airflow/example_dags/example_python_operator.py for tasks to queue
[2021-12-19 04:49:43,968] {logging_mixin.py:109} INFO - [2021-12-19 04:49:43,968] {dagbag.py:500} INFO - Filling up the DagBag from /home/airflow/.local/lib/python3.7/site-packages/airflow/example_dags/example_python_operator.py
[2021-12-19 04:49:44,695] {processor.py:637} INFO - DAG(s) dict_keys(['example_python_operator']) retrieved from /home/airflow/.local/lib/python3.7/site-packages/airflow/example_dags/example_python_operator.py
[2021-12-19 04:49:44,785] {logging_mixin.py:109} INFO - [2021-12-19 04:49:44,784] {dag.py:2396} INFO - Sync 1 DAGs
[2021-12-19 04:49:44,848] {logging_mixin.py:109} INFO - [2021-12-19 04:49:44,848] {dag.py:2928} INFO - Setting next_dagrun for example_python_operator to None
[2021-12-19 04:49:45,721] {processor.py:171} INFO - Processing /home/airflow/.local/lib/python3.7/site-packages/airflow/example_dags/example_python_operator.py took 1.772 seconds
[2021-12-19 04:50:27,737] {processor.py:163} INFO - Started process (PID=1931) to work on /home/airflow/.local/lib/python3.7/site-packages/airflow/example_dags/example_python_operator.py
[2021-12-19 04:50:27,741] {processor.py:625} INFO - Processing file /home/airflow/.local/lib/python3.7/site-packages/airflow/example_dags/example_python_operator.py for tasks to queue
[2021-12-19 04:50:27,747] {logging_mixin.py:109} INFO - [2021-12-19 04:50:27,747] {dagbag.py:500} INFO - Filling up the DagBag from /home/airflow/.local/lib/python3.7/site-packages/airflow/example_dags/example_python_operator.py
[2021-12-19 04:50:27,868] {processor.py:637} INFO - DAG(s) dict_keys(['example_python_operator']) retrieved from /home/airflow/.local/lib/python3.7/site-packages/airflow/example_dags/example_python_operator.py
[2021-12-19 04:50:27,914] {logging_mixin.py:109} INFO - [2021-12-19 04:50:27,914] {dag.py:2396} INFO - Sync 1 DAGs
[2021-12-19 04:50:27,951] {logging_mixin.py:109} INFO - [2021-12-19 04:50:27,951] {dag.py:2928} INFO - Setting next_dagrun for example_python_operator to None
[2021-12-19 04:50:28,592] {processor.py:171} INFO - Processing /home/airflow/.local/lib/python3.7/site-packages/airflow/example_dags/example_python_operator.py took 0.864 seconds
