[2021-12-19 04:14:55,281] {processor.py:163} INFO - Started process (PID=212) to work on /home/airflow/.local/lib/python3.7/site-packages/airflow/example_dags/example_task_group.py
[2021-12-19 04:14:55,284] {processor.py:625} INFO - Processing file /home/airflow/.local/lib/python3.7/site-packages/airflow/example_dags/example_task_group.py for tasks to queue
[2021-12-19 04:14:55,286] {logging_mixin.py:109} INFO - [2021-12-19 04:14:55,286] {dagbag.py:500} INFO - Filling up the DagBag from /home/airflow/.local/lib/python3.7/site-packages/airflow/example_dags/example_task_group.py
[2021-12-19 04:14:55,371] {processor.py:637} INFO - DAG(s) dict_keys(['example_task_group']) retrieved from /home/airflow/.local/lib/python3.7/site-packages/airflow/example_dags/example_task_group.py
[2021-12-19 04:15:19,875] {logging_mixin.py:109} INFO - [2021-12-19 04:15:19,874] {providers_manager.py:156} WARNING - Exception when importing 'airflow.providers.google.leveldb.hooks.leveldb.LevelDBHook' from 'apache-airflow-providers-google' package: No module named 'plyvel'
[2021-12-19 04:15:20,761] {logging_mixin.py:109} INFO - [2021-12-19 04:15:20,761] {providers_manager.py:156} WARNING - Exception when importing 'airflow.providers.google.leveldb.hooks.leveldb.LevelDBHook' from 'apache-airflow-providers-google' package: No module named 'plyvel'
[2021-12-19 04:15:22,739] {logging_mixin.py:109} INFO - [2021-12-19 04:15:22,739] {manager.py:496} INFO - Created Permission View: can read on DAG:example_task_group
[2021-12-19 04:15:23,401] {logging_mixin.py:109} INFO - [2021-12-19 04:15:23,401] {manager.py:496} INFO - Created Permission View: can edit on DAG:example_task_group
[2021-12-19 04:15:23,541] {logging_mixin.py:109} INFO - [2021-12-19 04:15:23,539] {dag.py:2396} INFO - Sync 1 DAGs
[2021-12-19 04:15:23,560] {logging_mixin.py:109} INFO - [2021-12-19 04:15:23,560] {dag.py:2415} INFO - Creating ORM DAG for example_task_group
[2021-12-19 04:15:23,591] {logging_mixin.py:109} INFO - [2021-12-19 04:15:23,590] {dag.py:2928} INFO - Setting next_dagrun for example_task_group to 2021-12-18T04:15:23.589840+00:00
[2021-12-19 04:15:24,301] {processor.py:171} INFO - Processing /home/airflow/.local/lib/python3.7/site-packages/airflow/example_dags/example_task_group.py took 29.029 seconds
[2021-12-19 04:18:03,842] {processor.py:163} INFO - Started process (PID=449) to work on /home/airflow/.local/lib/python3.7/site-packages/airflow/example_dags/example_task_group.py
[2021-12-19 04:18:03,851] {processor.py:625} INFO - Processing file /home/airflow/.local/lib/python3.7/site-packages/airflow/example_dags/example_task_group.py for tasks to queue
[2021-12-19 04:18:03,874] {logging_mixin.py:109} INFO - [2021-12-19 04:18:03,873] {dagbag.py:500} INFO - Filling up the DagBag from /home/airflow/.local/lib/python3.7/site-packages/airflow/example_dags/example_task_group.py
[2021-12-19 04:18:04,043] {processor.py:637} INFO - DAG(s) dict_keys(['example_task_group']) retrieved from /home/airflow/.local/lib/python3.7/site-packages/airflow/example_dags/example_task_group.py
[2021-12-19 04:18:04,112] {logging_mixin.py:109} INFO - [2021-12-19 04:18:04,111] {dag.py:2396} INFO - Sync 1 DAGs
[2021-12-19 04:18:04,240] {logging_mixin.py:109} INFO - [2021-12-19 04:18:04,239] {dag.py:2928} INFO - Setting next_dagrun for example_task_group to 2021-12-18T04:18:04.238809+00:00
[2021-12-19 04:18:04,319] {processor.py:171} INFO - Processing /home/airflow/.local/lib/python3.7/site-packages/airflow/example_dags/example_task_group.py took 0.496 seconds
[2021-12-19 04:19:38,357] {processor.py:163} INFO - Started process (PID=493) to work on /home/airflow/.local/lib/python3.7/site-packages/airflow/example_dags/example_task_group.py
[2021-12-19 04:19:38,363] {processor.py:625} INFO - Processing file /home/airflow/.local/lib/python3.7/site-packages/airflow/example_dags/example_task_group.py for tasks to queue
[2021-12-19 04:19:38,366] {logging_mixin.py:109} INFO - [2021-12-19 04:19:38,365] {dagbag.py:500} INFO - Filling up the DagBag from /home/airflow/.local/lib/python3.7/site-packages/airflow/example_dags/example_task_group.py
[2021-12-19 04:19:38,514] {processor.py:637} INFO - DAG(s) dict_keys(['example_task_group']) retrieved from /home/airflow/.local/lib/python3.7/site-packages/airflow/example_dags/example_task_group.py
[2021-12-19 04:19:38,667] {logging_mixin.py:109} INFO - [2021-12-19 04:19:38,667] {dag.py:2396} INFO - Sync 1 DAGs
[2021-12-19 04:19:38,797] {logging_mixin.py:109} INFO - [2021-12-19 04:19:38,797] {dag.py:2928} INFO - Setting next_dagrun for example_task_group to 2021-12-18T04:19:38.795789+00:00
[2021-12-19 04:19:38,872] {processor.py:171} INFO - Processing /home/airflow/.local/lib/python3.7/site-packages/airflow/example_dags/example_task_group.py took 0.535 seconds
[2021-12-19 04:22:00,886] {processor.py:163} INFO - Started process (PID=547) to work on /home/airflow/.local/lib/python3.7/site-packages/airflow/example_dags/example_task_group.py
[2021-12-19 04:22:01,009] {processor.py:625} INFO - Processing file /home/airflow/.local/lib/python3.7/site-packages/airflow/example_dags/example_task_group.py for tasks to queue
[2021-12-19 04:22:01,012] {logging_mixin.py:109} INFO - [2021-12-19 04:22:01,011] {dagbag.py:500} INFO - Filling up the DagBag from /home/airflow/.local/lib/python3.7/site-packages/airflow/example_dags/example_task_group.py
[2021-12-19 04:22:01,290] {processor.py:637} INFO - DAG(s) dict_keys(['example_task_group']) retrieved from /home/airflow/.local/lib/python3.7/site-packages/airflow/example_dags/example_task_group.py
[2021-12-19 04:22:02,308] {logging_mixin.py:109} INFO - [2021-12-19 04:22:02,308] {dag.py:2396} INFO - Sync 1 DAGs
[2021-12-19 04:22:02,401] {logging_mixin.py:109} INFO - [2021-12-19 04:22:02,400] {dag.py:2928} INFO - Setting next_dagrun for example_task_group to 2021-12-18T04:22:02.400242+00:00
[2021-12-19 04:22:02,827] {processor.py:171} INFO - Processing /home/airflow/.local/lib/python3.7/site-packages/airflow/example_dags/example_task_group.py took 1.952 seconds
[2021-12-19 04:24:11,066] {processor.py:163} INFO - Started process (PID=593) to work on /home/airflow/.local/lib/python3.7/site-packages/airflow/example_dags/example_task_group.py
[2021-12-19 04:24:11,207] {processor.py:625} INFO - Processing file /home/airflow/.local/lib/python3.7/site-packages/airflow/example_dags/example_task_group.py for tasks to queue
[2021-12-19 04:24:11,211] {logging_mixin.py:109} INFO - [2021-12-19 04:24:11,211] {dagbag.py:500} INFO - Filling up the DagBag from /home/airflow/.local/lib/python3.7/site-packages/airflow/example_dags/example_task_group.py
[2021-12-19 04:24:11,272] {processor.py:637} INFO - DAG(s) dict_keys(['example_task_group']) retrieved from /home/airflow/.local/lib/python3.7/site-packages/airflow/example_dags/example_task_group.py
[2021-12-19 04:24:11,299] {logging_mixin.py:109} INFO - [2021-12-19 04:24:11,299] {dag.py:2396} INFO - Sync 1 DAGs
[2021-12-19 04:24:11,325] {logging_mixin.py:109} INFO - [2021-12-19 04:24:11,325] {dag.py:2928} INFO - Setting next_dagrun for example_task_group to 2021-12-18T04:24:11.324941+00:00
[2021-12-19 04:24:11,777] {processor.py:171} INFO - Processing /home/airflow/.local/lib/python3.7/site-packages/airflow/example_dags/example_task_group.py took 0.718 seconds
[2021-12-19 04:26:08,213] {processor.py:163} INFO - Started process (PID=654) to work on /home/airflow/.local/lib/python3.7/site-packages/airflow/example_dags/example_task_group.py
[2021-12-19 04:26:08,225] {processor.py:625} INFO - Processing file /home/airflow/.local/lib/python3.7/site-packages/airflow/example_dags/example_task_group.py for tasks to queue
[2021-12-19 04:26:08,227] {logging_mixin.py:109} INFO - [2021-12-19 04:26:08,227] {dagbag.py:500} INFO - Filling up the DagBag from /home/airflow/.local/lib/python3.7/site-packages/airflow/example_dags/example_task_group.py
[2021-12-19 04:26:08,307] {processor.py:637} INFO - DAG(s) dict_keys(['example_task_group']) retrieved from /home/airflow/.local/lib/python3.7/site-packages/airflow/example_dags/example_task_group.py
[2021-12-19 04:26:08,339] {logging_mixin.py:109} INFO - [2021-12-19 04:26:08,338] {dag.py:2396} INFO - Sync 1 DAGs
[2021-12-19 04:26:08,427] {logging_mixin.py:109} INFO - [2021-12-19 04:26:08,426] {dag.py:2928} INFO - Setting next_dagrun for example_task_group to 2021-12-18T04:26:08.426204+00:00
[2021-12-19 04:26:11,992] {processor.py:171} INFO - Processing /home/airflow/.local/lib/python3.7/site-packages/airflow/example_dags/example_task_group.py took 3.793 seconds
[2021-12-19 04:27:25,380] {processor.py:163} INFO - Started process (PID=687) to work on /home/airflow/.local/lib/python3.7/site-packages/airflow/example_dags/example_task_group.py
[2021-12-19 04:27:25,396] {processor.py:625} INFO - Processing file /home/airflow/.local/lib/python3.7/site-packages/airflow/example_dags/example_task_group.py for tasks to queue
[2021-12-19 04:27:25,399] {logging_mixin.py:109} INFO - [2021-12-19 04:27:25,399] {dagbag.py:500} INFO - Filling up the DagBag from /home/airflow/.local/lib/python3.7/site-packages/airflow/example_dags/example_task_group.py
[2021-12-19 04:27:25,492] {processor.py:637} INFO - DAG(s) dict_keys(['example_task_group']) retrieved from /home/airflow/.local/lib/python3.7/site-packages/airflow/example_dags/example_task_group.py
[2021-12-19 04:27:25,566] {logging_mixin.py:109} INFO - [2021-12-19 04:27:25,566] {dag.py:2396} INFO - Sync 1 DAGs
[2021-12-19 04:27:25,617] {logging_mixin.py:109} INFO - [2021-12-19 04:27:25,616] {dag.py:2928} INFO - Setting next_dagrun for example_task_group to 2021-12-18T04:27:25.615908+00:00
[2021-12-19 04:27:25,698] {processor.py:171} INFO - Processing /home/airflow/.local/lib/python3.7/site-packages/airflow/example_dags/example_task_group.py took 0.330 seconds
[2021-12-19 04:28:39,587] {processor.py:163} INFO - Started process (PID=754) to work on /home/airflow/.local/lib/python3.7/site-packages/airflow/example_dags/example_task_group.py
[2021-12-19 04:28:39,603] {processor.py:625} INFO - Processing file /home/airflow/.local/lib/python3.7/site-packages/airflow/example_dags/example_task_group.py for tasks to queue
[2021-12-19 04:28:39,609] {logging_mixin.py:109} INFO - [2021-12-19 04:28:39,606] {dagbag.py:500} INFO - Filling up the DagBag from /home/airflow/.local/lib/python3.7/site-packages/airflow/example_dags/example_task_group.py
[2021-12-19 04:28:39,810] {processor.py:637} INFO - DAG(s) dict_keys(['example_task_group']) retrieved from /home/airflow/.local/lib/python3.7/site-packages/airflow/example_dags/example_task_group.py
[2021-12-19 04:28:39,873] {logging_mixin.py:109} INFO - [2021-12-19 04:28:39,873] {dag.py:2396} INFO - Sync 1 DAGs
[2021-12-19 04:28:39,976] {logging_mixin.py:109} INFO - [2021-12-19 04:28:39,975] {dag.py:2928} INFO - Setting next_dagrun for example_task_group to 2021-12-18T04:28:39.972690+00:00
[2021-12-19 04:28:40,082] {processor.py:171} INFO - Processing /home/airflow/.local/lib/python3.7/site-packages/airflow/example_dags/example_task_group.py took 0.515 seconds
[2021-12-19 04:29:10,289] {processor.py:163} INFO - Started process (PID=805) to work on /home/airflow/.local/lib/python3.7/site-packages/airflow/example_dags/example_task_group.py
[2021-12-19 04:29:10,321] {processor.py:625} INFO - Processing file /home/airflow/.local/lib/python3.7/site-packages/airflow/example_dags/example_task_group.py for tasks to queue
[2021-12-19 04:29:10,359] {logging_mixin.py:109} INFO - [2021-12-19 04:29:10,359] {dagbag.py:500} INFO - Filling up the DagBag from /home/airflow/.local/lib/python3.7/site-packages/airflow/example_dags/example_task_group.py
[2021-12-19 04:29:10,449] {processor.py:637} INFO - DAG(s) dict_keys(['example_task_group']) retrieved from /home/airflow/.local/lib/python3.7/site-packages/airflow/example_dags/example_task_group.py
[2021-12-19 04:29:10,472] {logging_mixin.py:109} INFO - [2021-12-19 04:29:10,472] {dag.py:2396} INFO - Sync 1 DAGs
[2021-12-19 04:29:10,517] {logging_mixin.py:109} INFO - [2021-12-19 04:29:10,517] {dag.py:2928} INFO - Setting next_dagrun for example_task_group to 2021-12-18T04:29:10.516964+00:00
[2021-12-19 04:29:11,744] {processor.py:171} INFO - Processing /home/airflow/.local/lib/python3.7/site-packages/airflow/example_dags/example_task_group.py took 1.461 seconds
[2021-12-19 04:29:43,379] {processor.py:163} INFO - Started process (PID=848) to work on /home/airflow/.local/lib/python3.7/site-packages/airflow/example_dags/example_task_group.py
[2021-12-19 04:29:43,384] {processor.py:625} INFO - Processing file /home/airflow/.local/lib/python3.7/site-packages/airflow/example_dags/example_task_group.py for tasks to queue
[2021-12-19 04:29:43,391] {logging_mixin.py:109} INFO - [2021-12-19 04:29:43,390] {dagbag.py:500} INFO - Filling up the DagBag from /home/airflow/.local/lib/python3.7/site-packages/airflow/example_dags/example_task_group.py
[2021-12-19 04:29:43,523] {processor.py:637} INFO - DAG(s) dict_keys(['example_task_group']) retrieved from /home/airflow/.local/lib/python3.7/site-packages/airflow/example_dags/example_task_group.py
[2021-12-19 04:29:43,595] {logging_mixin.py:109} INFO - [2021-12-19 04:29:43,595] {dag.py:2396} INFO - Sync 1 DAGs
[2021-12-19 04:29:43,682] {logging_mixin.py:109} INFO - [2021-12-19 04:29:43,681] {dag.py:2928} INFO - Setting next_dagrun for example_task_group to 2021-12-18T04:29:43.680957+00:00
[2021-12-19 04:29:43,744] {processor.py:171} INFO - Processing /home/airflow/.local/lib/python3.7/site-packages/airflow/example_dags/example_task_group.py took 0.386 seconds
[2021-12-19 04:30:14,109] {processor.py:163} INFO - Started process (PID=880) to work on /home/airflow/.local/lib/python3.7/site-packages/airflow/example_dags/example_task_group.py
[2021-12-19 04:30:14,117] {processor.py:625} INFO - Processing file /home/airflow/.local/lib/python3.7/site-packages/airflow/example_dags/example_task_group.py for tasks to queue
[2021-12-19 04:30:14,120] {logging_mixin.py:109} INFO - [2021-12-19 04:30:14,120] {dagbag.py:500} INFO - Filling up the DagBag from /home/airflow/.local/lib/python3.7/site-packages/airflow/example_dags/example_task_group.py
[2021-12-19 04:30:14,209] {processor.py:637} INFO - DAG(s) dict_keys(['example_task_group']) retrieved from /home/airflow/.local/lib/python3.7/site-packages/airflow/example_dags/example_task_group.py
[2021-12-19 04:30:14,248] {logging_mixin.py:109} INFO - [2021-12-19 04:30:14,247] {dag.py:2396} INFO - Sync 1 DAGs
[2021-12-19 04:30:14,298] {logging_mixin.py:109} INFO - [2021-12-19 04:30:14,297] {dag.py:2928} INFO - Setting next_dagrun for example_task_group to 2021-12-18T04:30:14.293462+00:00
[2021-12-19 04:30:14,333] {processor.py:171} INFO - Processing /home/airflow/.local/lib/python3.7/site-packages/airflow/example_dags/example_task_group.py took 0.233 seconds
[2021-12-19 04:30:49,483] {processor.py:163} INFO - Started process (PID=929) to work on /home/airflow/.local/lib/python3.7/site-packages/airflow/example_dags/example_task_group.py
[2021-12-19 04:30:49,534] {processor.py:625} INFO - Processing file /home/airflow/.local/lib/python3.7/site-packages/airflow/example_dags/example_task_group.py for tasks to queue
[2021-12-19 04:30:49,547] {logging_mixin.py:109} INFO - [2021-12-19 04:30:49,546] {dagbag.py:500} INFO - Filling up the DagBag from /home/airflow/.local/lib/python3.7/site-packages/airflow/example_dags/example_task_group.py
[2021-12-19 04:30:49,768] {processor.py:637} INFO - DAG(s) dict_keys(['example_task_group']) retrieved from /home/airflow/.local/lib/python3.7/site-packages/airflow/example_dags/example_task_group.py
[2021-12-19 04:30:49,857] {logging_mixin.py:109} INFO - [2021-12-19 04:30:49,854] {dag.py:2396} INFO - Sync 1 DAGs
[2021-12-19 04:30:49,971] {logging_mixin.py:109} INFO - [2021-12-19 04:30:49,970] {dag.py:2928} INFO - Setting next_dagrun for example_task_group to 2021-12-18T04:30:49.969304+00:00
[2021-12-19 04:30:50,020] {processor.py:171} INFO - Processing /home/airflow/.local/lib/python3.7/site-packages/airflow/example_dags/example_task_group.py took 0.550 seconds
[2021-12-19 04:32:28,190] {processor.py:163} INFO - Started process (PID=977) to work on /home/airflow/.local/lib/python3.7/site-packages/airflow/example_dags/example_task_group.py
[2021-12-19 04:32:28,193] {processor.py:625} INFO - Processing file /home/airflow/.local/lib/python3.7/site-packages/airflow/example_dags/example_task_group.py for tasks to queue
[2021-12-19 04:32:28,195] {logging_mixin.py:109} INFO - [2021-12-19 04:32:28,195] {dagbag.py:500} INFO - Filling up the DagBag from /home/airflow/.local/lib/python3.7/site-packages/airflow/example_dags/example_task_group.py
[2021-12-19 04:32:28,255] {processor.py:637} INFO - DAG(s) dict_keys(['example_task_group']) retrieved from /home/airflow/.local/lib/python3.7/site-packages/airflow/example_dags/example_task_group.py
[2021-12-19 04:32:28,285] {logging_mixin.py:109} INFO - [2021-12-19 04:32:28,285] {dag.py:2396} INFO - Sync 1 DAGs
[2021-12-19 04:32:28,319] {logging_mixin.py:109} INFO - [2021-12-19 04:32:28,318] {dag.py:2928} INFO - Setting next_dagrun for example_task_group to 2021-12-18T04:32:28.318231+00:00
[2021-12-19 04:32:28,354] {processor.py:171} INFO - Processing /home/airflow/.local/lib/python3.7/site-packages/airflow/example_dags/example_task_group.py took 0.171 seconds
[2021-12-19 04:33:22,960] {processor.py:163} INFO - Started process (PID=1016) to work on /home/airflow/.local/lib/python3.7/site-packages/airflow/example_dags/example_task_group.py
[2021-12-19 04:33:22,973] {processor.py:625} INFO - Processing file /home/airflow/.local/lib/python3.7/site-packages/airflow/example_dags/example_task_group.py for tasks to queue
[2021-12-19 04:33:22,979] {logging_mixin.py:109} INFO - [2021-12-19 04:33:22,978] {dagbag.py:500} INFO - Filling up the DagBag from /home/airflow/.local/lib/python3.7/site-packages/airflow/example_dags/example_task_group.py
[2021-12-19 04:33:23,128] {processor.py:637} INFO - DAG(s) dict_keys(['example_task_group']) retrieved from /home/airflow/.local/lib/python3.7/site-packages/airflow/example_dags/example_task_group.py
[2021-12-19 04:33:23,193] {logging_mixin.py:109} INFO - [2021-12-19 04:33:23,193] {dag.py:2396} INFO - Sync 1 DAGs
[2021-12-19 04:33:23,251] {logging_mixin.py:109} INFO - [2021-12-19 04:33:23,251] {dag.py:2928} INFO - Setting next_dagrun for example_task_group to 2021-12-18T04:33:23.250499+00:00
[2021-12-19 04:33:23,575] {processor.py:171} INFO - Processing /home/airflow/.local/lib/python3.7/site-packages/airflow/example_dags/example_task_group.py took 0.633 seconds
[2021-12-19 04:34:04,763] {processor.py:163} INFO - Started process (PID=1059) to work on /home/airflow/.local/lib/python3.7/site-packages/airflow/example_dags/example_task_group.py
[2021-12-19 04:34:04,769] {processor.py:625} INFO - Processing file /home/airflow/.local/lib/python3.7/site-packages/airflow/example_dags/example_task_group.py for tasks to queue
[2021-12-19 04:34:04,771] {logging_mixin.py:109} INFO - [2021-12-19 04:34:04,771] {dagbag.py:500} INFO - Filling up the DagBag from /home/airflow/.local/lib/python3.7/site-packages/airflow/example_dags/example_task_group.py
[2021-12-19 04:34:04,856] {processor.py:637} INFO - DAG(s) dict_keys(['example_task_group']) retrieved from /home/airflow/.local/lib/python3.7/site-packages/airflow/example_dags/example_task_group.py
[2021-12-19 04:34:04,900] {logging_mixin.py:109} INFO - [2021-12-19 04:34:04,899] {dag.py:2396} INFO - Sync 1 DAGs
[2021-12-19 04:34:04,943] {logging_mixin.py:109} INFO - [2021-12-19 04:34:04,942] {dag.py:2928} INFO - Setting next_dagrun for example_task_group to 2021-12-18T04:34:04.942377+00:00
[2021-12-19 04:34:05,372] {processor.py:171} INFO - Processing /home/airflow/.local/lib/python3.7/site-packages/airflow/example_dags/example_task_group.py took 0.619 seconds
[2021-12-19 04:34:36,012] {processor.py:163} INFO - Started process (PID=1111) to work on /home/airflow/.local/lib/python3.7/site-packages/airflow/example_dags/example_task_group.py
[2021-12-19 04:34:36,015] {processor.py:625} INFO - Processing file /home/airflow/.local/lib/python3.7/site-packages/airflow/example_dags/example_task_group.py for tasks to queue
[2021-12-19 04:34:36,017] {logging_mixin.py:109} INFO - [2021-12-19 04:34:36,017] {dagbag.py:500} INFO - Filling up the DagBag from /home/airflow/.local/lib/python3.7/site-packages/airflow/example_dags/example_task_group.py
[2021-12-19 04:34:36,123] {processor.py:637} INFO - DAG(s) dict_keys(['example_task_group']) retrieved from /home/airflow/.local/lib/python3.7/site-packages/airflow/example_dags/example_task_group.py
[2021-12-19 04:34:36,183] {logging_mixin.py:109} INFO - [2021-12-19 04:34:36,182] {dag.py:2396} INFO - Sync 1 DAGs
[2021-12-19 04:34:36,233] {logging_mixin.py:109} INFO - [2021-12-19 04:34:36,233] {dag.py:2928} INFO - Setting next_dagrun for example_task_group to 2021-12-18T04:34:36.232552+00:00
[2021-12-19 04:34:36,689] {processor.py:171} INFO - Processing /home/airflow/.local/lib/python3.7/site-packages/airflow/example_dags/example_task_group.py took 0.685 seconds
[2021-12-19 04:35:26,829] {processor.py:163} INFO - Started process (PID=1151) to work on /home/airflow/.local/lib/python3.7/site-packages/airflow/example_dags/example_task_group.py
[2021-12-19 04:35:26,854] {processor.py:625} INFO - Processing file /home/airflow/.local/lib/python3.7/site-packages/airflow/example_dags/example_task_group.py for tasks to queue
[2021-12-19 04:35:26,858] {logging_mixin.py:109} INFO - [2021-12-19 04:35:26,857] {dagbag.py:500} INFO - Filling up the DagBag from /home/airflow/.local/lib/python3.7/site-packages/airflow/example_dags/example_task_group.py
[2021-12-19 04:35:26,959] {processor.py:637} INFO - DAG(s) dict_keys(['example_task_group']) retrieved from /home/airflow/.local/lib/python3.7/site-packages/airflow/example_dags/example_task_group.py
[2021-12-19 04:35:27,043] {logging_mixin.py:109} INFO - [2021-12-19 04:35:27,043] {dag.py:2396} INFO - Sync 1 DAGs
[2021-12-19 04:35:27,188] {logging_mixin.py:109} INFO - [2021-12-19 04:35:27,188] {dag.py:2928} INFO - Setting next_dagrun for example_task_group to 2021-12-18T04:35:27.187791+00:00
[2021-12-19 04:35:32,012] {processor.py:171} INFO - Processing /home/airflow/.local/lib/python3.7/site-packages/airflow/example_dags/example_task_group.py took 5.195 seconds
[2021-12-19 04:36:02,528] {processor.py:163} INFO - Started process (PID=1193) to work on /home/airflow/.local/lib/python3.7/site-packages/airflow/example_dags/example_task_group.py
[2021-12-19 04:36:02,536] {processor.py:625} INFO - Processing file /home/airflow/.local/lib/python3.7/site-packages/airflow/example_dags/example_task_group.py for tasks to queue
[2021-12-19 04:36:02,540] {logging_mixin.py:109} INFO - [2021-12-19 04:36:02,539] {dagbag.py:500} INFO - Filling up the DagBag from /home/airflow/.local/lib/python3.7/site-packages/airflow/example_dags/example_task_group.py
[2021-12-19 04:36:02,644] {processor.py:637} INFO - DAG(s) dict_keys(['example_task_group']) retrieved from /home/airflow/.local/lib/python3.7/site-packages/airflow/example_dags/example_task_group.py
[2021-12-19 04:36:02,683] {logging_mixin.py:109} INFO - [2021-12-19 04:36:02,682] {dag.py:2396} INFO - Sync 1 DAGs
[2021-12-19 04:36:02,734] {logging_mixin.py:109} INFO - [2021-12-19 04:36:02,734] {dag.py:2928} INFO - Setting next_dagrun for example_task_group to 2021-12-18T04:36:02.733362+00:00
[2021-12-19 04:36:02,769] {processor.py:171} INFO - Processing /home/airflow/.local/lib/python3.7/site-packages/airflow/example_dags/example_task_group.py took 0.255 seconds
[2021-12-19 04:37:17,076] {processor.py:163} INFO - Started process (PID=1235) to work on /home/airflow/.local/lib/python3.7/site-packages/airflow/example_dags/example_task_group.py
[2021-12-19 04:37:17,083] {processor.py:625} INFO - Processing file /home/airflow/.local/lib/python3.7/site-packages/airflow/example_dags/example_task_group.py for tasks to queue
[2021-12-19 04:37:17,085] {logging_mixin.py:109} INFO - [2021-12-19 04:37:17,085] {dagbag.py:500} INFO - Filling up the DagBag from /home/airflow/.local/lib/python3.7/site-packages/airflow/example_dags/example_task_group.py
[2021-12-19 04:37:17,239] {processor.py:637} INFO - DAG(s) dict_keys(['example_task_group']) retrieved from /home/airflow/.local/lib/python3.7/site-packages/airflow/example_dags/example_task_group.py
[2021-12-19 04:37:17,323] {logging_mixin.py:109} INFO - [2021-12-19 04:37:17,323] {dag.py:2396} INFO - Sync 1 DAGs
[2021-12-19 04:37:17,400] {logging_mixin.py:109} INFO - [2021-12-19 04:37:17,400] {dag.py:2928} INFO - Setting next_dagrun for example_task_group to 2021-12-18T04:37:17.399584+00:00
[2021-12-19 04:37:17,439] {processor.py:171} INFO - Processing /home/airflow/.local/lib/python3.7/site-packages/airflow/example_dags/example_task_group.py took 0.377 seconds
[2021-12-19 04:38:00,641] {processor.py:163} INFO - Started process (PID=1269) to work on /home/airflow/.local/lib/python3.7/site-packages/airflow/example_dags/example_task_group.py
[2021-12-19 04:38:00,649] {processor.py:625} INFO - Processing file /home/airflow/.local/lib/python3.7/site-packages/airflow/example_dags/example_task_group.py for tasks to queue
[2021-12-19 04:38:00,651] {logging_mixin.py:109} INFO - [2021-12-19 04:38:00,651] {dagbag.py:500} INFO - Filling up the DagBag from /home/airflow/.local/lib/python3.7/site-packages/airflow/example_dags/example_task_group.py
[2021-12-19 04:38:00,712] {processor.py:637} INFO - DAG(s) dict_keys(['example_task_group']) retrieved from /home/airflow/.local/lib/python3.7/site-packages/airflow/example_dags/example_task_group.py
[2021-12-19 04:38:00,735] {logging_mixin.py:109} INFO - [2021-12-19 04:38:00,735] {dag.py:2396} INFO - Sync 1 DAGs
[2021-12-19 04:38:00,763] {logging_mixin.py:109} INFO - [2021-12-19 04:38:00,763] {dag.py:2928} INFO - Setting next_dagrun for example_task_group to 2021-12-18T04:38:00.762993+00:00
[2021-12-19 04:38:01,102] {processor.py:171} INFO - Processing /home/airflow/.local/lib/python3.7/site-packages/airflow/example_dags/example_task_group.py took 0.469 seconds
[2021-12-19 04:39:26,248] {processor.py:163} INFO - Started process (PID=1315) to work on /home/airflow/.local/lib/python3.7/site-packages/airflow/example_dags/example_task_group.py
[2021-12-19 04:39:26,262] {processor.py:625} INFO - Processing file /home/airflow/.local/lib/python3.7/site-packages/airflow/example_dags/example_task_group.py for tasks to queue
[2021-12-19 04:39:26,266] {logging_mixin.py:109} INFO - [2021-12-19 04:39:26,266] {dagbag.py:500} INFO - Filling up the DagBag from /home/airflow/.local/lib/python3.7/site-packages/airflow/example_dags/example_task_group.py
[2021-12-19 04:39:26,469] {processor.py:637} INFO - DAG(s) dict_keys(['example_task_group']) retrieved from /home/airflow/.local/lib/python3.7/site-packages/airflow/example_dags/example_task_group.py
[2021-12-19 04:39:26,539] {logging_mixin.py:109} INFO - [2021-12-19 04:39:26,538] {dag.py:2396} INFO - Sync 1 DAGs
[2021-12-19 04:39:26,615] {logging_mixin.py:109} INFO - [2021-12-19 04:39:26,615] {dag.py:2928} INFO - Setting next_dagrun for example_task_group to 2021-12-18T04:39:26.614009+00:00
[2021-12-19 04:39:26,662] {processor.py:171} INFO - Processing /home/airflow/.local/lib/python3.7/site-packages/airflow/example_dags/example_task_group.py took 0.436 seconds
[2021-12-19 04:40:09,824] {processor.py:163} INFO - Started process (PID=1367) to work on /home/airflow/.local/lib/python3.7/site-packages/airflow/example_dags/example_task_group.py
[2021-12-19 04:40:09,836] {processor.py:625} INFO - Processing file /home/airflow/.local/lib/python3.7/site-packages/airflow/example_dags/example_task_group.py for tasks to queue
[2021-12-19 04:40:09,838] {logging_mixin.py:109} INFO - [2021-12-19 04:40:09,838] {dagbag.py:500} INFO - Filling up the DagBag from /home/airflow/.local/lib/python3.7/site-packages/airflow/example_dags/example_task_group.py
[2021-12-19 04:40:09,938] {processor.py:637} INFO - DAG(s) dict_keys(['example_task_group']) retrieved from /home/airflow/.local/lib/python3.7/site-packages/airflow/example_dags/example_task_group.py
[2021-12-19 04:40:09,974] {logging_mixin.py:109} INFO - [2021-12-19 04:40:09,974] {dag.py:2396} INFO - Sync 1 DAGs
[2021-12-19 04:40:10,027] {logging_mixin.py:109} INFO - [2021-12-19 04:40:10,026] {dag.py:2928} INFO - Setting next_dagrun for example_task_group to 2021-12-18T04:40:10.025988+00:00
[2021-12-19 04:40:10,162] {processor.py:171} INFO - Processing /home/airflow/.local/lib/python3.7/site-packages/airflow/example_dags/example_task_group.py took 0.349 seconds
[2021-12-19 04:41:32,392] {processor.py:163} INFO - Started process (PID=1381) to work on /home/airflow/.local/lib/python3.7/site-packages/airflow/example_dags/example_task_group.py
[2021-12-19 04:41:32,397] {processor.py:625} INFO - Processing file /home/airflow/.local/lib/python3.7/site-packages/airflow/example_dags/example_task_group.py for tasks to queue
[2021-12-19 04:41:32,399] {logging_mixin.py:109} INFO - [2021-12-19 04:41:32,398] {dagbag.py:500} INFO - Filling up the DagBag from /home/airflow/.local/lib/python3.7/site-packages/airflow/example_dags/example_task_group.py
[2021-12-19 04:41:32,523] {processor.py:637} INFO - DAG(s) dict_keys(['example_task_group']) retrieved from /home/airflow/.local/lib/python3.7/site-packages/airflow/example_dags/example_task_group.py
[2021-12-19 04:41:32,563] {logging_mixin.py:109} INFO - [2021-12-19 04:41:32,563] {dag.py:2396} INFO - Sync 1 DAGs
[2021-12-19 04:41:32,614] {logging_mixin.py:109} INFO - [2021-12-19 04:41:32,613] {dag.py:2928} INFO - Setting next_dagrun for example_task_group to 2021-12-18T04:41:32.612771+00:00
[2021-12-19 04:41:32,766] {processor.py:171} INFO - Processing /home/airflow/.local/lib/python3.7/site-packages/airflow/example_dags/example_task_group.py took 0.385 seconds
[2021-12-19 04:42:17,436] {processor.py:163} INFO - Started process (PID=1432) to work on /home/airflow/.local/lib/python3.7/site-packages/airflow/example_dags/example_task_group.py
[2021-12-19 04:42:17,515] {processor.py:625} INFO - Processing file /home/airflow/.local/lib/python3.7/site-packages/airflow/example_dags/example_task_group.py for tasks to queue
[2021-12-19 04:42:17,524] {logging_mixin.py:109} INFO - [2021-12-19 04:42:17,519] {dagbag.py:500} INFO - Filling up the DagBag from /home/airflow/.local/lib/python3.7/site-packages/airflow/example_dags/example_task_group.py
[2021-12-19 04:42:19,432] {processor.py:637} INFO - DAG(s) dict_keys(['example_task_group']) retrieved from /home/airflow/.local/lib/python3.7/site-packages/airflow/example_dags/example_task_group.py
[2021-12-19 04:42:23,209] {logging_mixin.py:109} INFO - [2021-12-19 04:42:23,208] {dag.py:2396} INFO - Sync 1 DAGs
[2021-12-19 04:42:25,371] {logging_mixin.py:109} INFO - [2021-12-19 04:42:25,371] {dag.py:2928} INFO - Setting next_dagrun for example_task_group to 2021-12-18T04:42:25.369796+00:00
[2021-12-19 04:42:26,285] {processor.py:171} INFO - Processing /home/airflow/.local/lib/python3.7/site-packages/airflow/example_dags/example_task_group.py took 8.857 seconds
[2021-12-19 04:43:27,963] {processor.py:163} INFO - Started process (PID=1483) to work on /home/airflow/.local/lib/python3.7/site-packages/airflow/example_dags/example_task_group.py
[2021-12-19 04:43:27,972] {processor.py:625} INFO - Processing file /home/airflow/.local/lib/python3.7/site-packages/airflow/example_dags/example_task_group.py for tasks to queue
[2021-12-19 04:43:27,984] {logging_mixin.py:109} INFO - [2021-12-19 04:43:27,983] {dagbag.py:500} INFO - Filling up the DagBag from /home/airflow/.local/lib/python3.7/site-packages/airflow/example_dags/example_task_group.py
[2021-12-19 04:43:28,180] {processor.py:637} INFO - DAG(s) dict_keys(['example_task_group']) retrieved from /home/airflow/.local/lib/python3.7/site-packages/airflow/example_dags/example_task_group.py
[2021-12-19 04:43:28,239] {logging_mixin.py:109} INFO - [2021-12-19 04:43:28,238] {dag.py:2396} INFO - Sync 1 DAGs
[2021-12-19 04:43:28,303] {logging_mixin.py:109} INFO - [2021-12-19 04:43:28,303] {dag.py:2928} INFO - Setting next_dagrun for example_task_group to 2021-12-18T04:43:28.302171+00:00
[2021-12-19 04:43:28,356] {processor.py:171} INFO - Processing /home/airflow/.local/lib/python3.7/site-packages/airflow/example_dags/example_task_group.py took 0.416 seconds
[2021-12-19 04:44:03,094] {processor.py:163} INFO - Started process (PID=1525) to work on /home/airflow/.local/lib/python3.7/site-packages/airflow/example_dags/example_task_group.py
[2021-12-19 04:44:03,114] {processor.py:625} INFO - Processing file /home/airflow/.local/lib/python3.7/site-packages/airflow/example_dags/example_task_group.py for tasks to queue
[2021-12-19 04:44:03,143] {logging_mixin.py:109} INFO - [2021-12-19 04:44:03,142] {dagbag.py:500} INFO - Filling up the DagBag from /home/airflow/.local/lib/python3.7/site-packages/airflow/example_dags/example_task_group.py
[2021-12-19 04:44:03,216] {processor.py:637} INFO - DAG(s) dict_keys(['example_task_group']) retrieved from /home/airflow/.local/lib/python3.7/site-packages/airflow/example_dags/example_task_group.py
[2021-12-19 04:44:03,248] {logging_mixin.py:109} INFO - [2021-12-19 04:44:03,247] {dag.py:2396} INFO - Sync 1 DAGs
[2021-12-19 04:44:03,287] {logging_mixin.py:109} INFO - [2021-12-19 04:44:03,287] {dag.py:2928} INFO - Setting next_dagrun for example_task_group to 2021-12-18T04:44:03.286644+00:00
[2021-12-19 04:44:03,873] {processor.py:171} INFO - Processing /home/airflow/.local/lib/python3.7/site-packages/airflow/example_dags/example_task_group.py took 0.787 seconds
[2021-12-19 04:44:35,682] {processor.py:163} INFO - Started process (PID=1579) to work on /home/airflow/.local/lib/python3.7/site-packages/airflow/example_dags/example_task_group.py
[2021-12-19 04:44:35,691] {processor.py:625} INFO - Processing file /home/airflow/.local/lib/python3.7/site-packages/airflow/example_dags/example_task_group.py for tasks to queue
[2021-12-19 04:44:35,694] {logging_mixin.py:109} INFO - [2021-12-19 04:44:35,693] {dagbag.py:500} INFO - Filling up the DagBag from /home/airflow/.local/lib/python3.7/site-packages/airflow/example_dags/example_task_group.py
[2021-12-19 04:44:35,797] {processor.py:637} INFO - DAG(s) dict_keys(['example_task_group']) retrieved from /home/airflow/.local/lib/python3.7/site-packages/airflow/example_dags/example_task_group.py
[2021-12-19 04:44:35,841] {logging_mixin.py:109} INFO - [2021-12-19 04:44:35,841] {dag.py:2396} INFO - Sync 1 DAGs
[2021-12-19 04:44:35,926] {logging_mixin.py:109} INFO - [2021-12-19 04:44:35,926] {dag.py:2928} INFO - Setting next_dagrun for example_task_group to 2021-12-18T04:44:35.925153+00:00
[2021-12-19 04:44:36,408] {processor.py:171} INFO - Processing /home/airflow/.local/lib/python3.7/site-packages/airflow/example_dags/example_task_group.py took 0.737 seconds
[2021-12-19 04:45:10,678] {processor.py:163} INFO - Started process (PID=1611) to work on /home/airflow/.local/lib/python3.7/site-packages/airflow/example_dags/example_task_group.py
[2021-12-19 04:45:10,681] {processor.py:625} INFO - Processing file /home/airflow/.local/lib/python3.7/site-packages/airflow/example_dags/example_task_group.py for tasks to queue
[2021-12-19 04:45:10,683] {logging_mixin.py:109} INFO - [2021-12-19 04:45:10,683] {dagbag.py:500} INFO - Filling up the DagBag from /home/airflow/.local/lib/python3.7/site-packages/airflow/example_dags/example_task_group.py
[2021-12-19 04:45:10,756] {processor.py:637} INFO - DAG(s) dict_keys(['example_task_group']) retrieved from /home/airflow/.local/lib/python3.7/site-packages/airflow/example_dags/example_task_group.py
[2021-12-19 04:45:10,785] {logging_mixin.py:109} INFO - [2021-12-19 04:45:10,785] {dag.py:2396} INFO - Sync 1 DAGs
[2021-12-19 04:45:10,822] {logging_mixin.py:109} INFO - [2021-12-19 04:45:10,822] {dag.py:2928} INFO - Setting next_dagrun for example_task_group to 2021-12-18T04:45:10.821379+00:00
[2021-12-19 04:45:10,854] {processor.py:171} INFO - Processing /home/airflow/.local/lib/python3.7/site-packages/airflow/example_dags/example_task_group.py took 0.184 seconds
[2021-12-19 04:46:21,699] {processor.py:163} INFO - Started process (PID=1630) to work on /home/airflow/.local/lib/python3.7/site-packages/airflow/example_dags/example_task_group.py
[2021-12-19 04:46:21,704] {processor.py:625} INFO - Processing file /home/airflow/.local/lib/python3.7/site-packages/airflow/example_dags/example_task_group.py for tasks to queue
[2021-12-19 04:46:21,708] {logging_mixin.py:109} INFO - [2021-12-19 04:46:21,707] {dagbag.py:500} INFO - Filling up the DagBag from /home/airflow/.local/lib/python3.7/site-packages/airflow/example_dags/example_task_group.py
[2021-12-19 04:46:21,843] {processor.py:637} INFO - DAG(s) dict_keys(['example_task_group']) retrieved from /home/airflow/.local/lib/python3.7/site-packages/airflow/example_dags/example_task_group.py
[2021-12-19 04:46:21,890] {logging_mixin.py:109} INFO - [2021-12-19 04:46:21,889] {dag.py:2396} INFO - Sync 1 DAGs
[2021-12-19 04:46:21,942] {logging_mixin.py:109} INFO - [2021-12-19 04:46:21,941] {dag.py:2928} INFO - Setting next_dagrun for example_task_group to 2021-12-18T04:46:21.941009+00:00
[2021-12-19 04:46:21,980] {processor.py:171} INFO - Processing /home/airflow/.local/lib/python3.7/site-packages/airflow/example_dags/example_task_group.py took 0.303 seconds
[2021-12-19 04:47:00,306] {processor.py:163} INFO - Started process (PID=1663) to work on /home/airflow/.local/lib/python3.7/site-packages/airflow/example_dags/example_task_group.py
[2021-12-19 04:47:00,312] {processor.py:625} INFO - Processing file /home/airflow/.local/lib/python3.7/site-packages/airflow/example_dags/example_task_group.py for tasks to queue
[2021-12-19 04:47:00,316] {logging_mixin.py:109} INFO - [2021-12-19 04:47:00,315] {dagbag.py:500} INFO - Filling up the DagBag from /home/airflow/.local/lib/python3.7/site-packages/airflow/example_dags/example_task_group.py
[2021-12-19 04:47:00,398] {processor.py:637} INFO - DAG(s) dict_keys(['example_task_group']) retrieved from /home/airflow/.local/lib/python3.7/site-packages/airflow/example_dags/example_task_group.py
[2021-12-19 04:47:00,429] {logging_mixin.py:109} INFO - [2021-12-19 04:47:00,429] {dag.py:2396} INFO - Sync 1 DAGs
[2021-12-19 04:47:00,467] {logging_mixin.py:109} INFO - [2021-12-19 04:47:00,467] {dag.py:2928} INFO - Setting next_dagrun for example_task_group to 2021-12-18T04:47:00.466922+00:00
[2021-12-19 04:47:00,504] {processor.py:171} INFO - Processing /home/airflow/.local/lib/python3.7/site-packages/airflow/example_dags/example_task_group.py took 0.207 seconds
[2021-12-19 04:47:50,063] {processor.py:163} INFO - Started process (PID=1716) to work on /home/airflow/.local/lib/python3.7/site-packages/airflow/example_dags/example_task_group.py
[2021-12-19 04:47:50,073] {processor.py:625} INFO - Processing file /home/airflow/.local/lib/python3.7/site-packages/airflow/example_dags/example_task_group.py for tasks to queue
[2021-12-19 04:47:50,077] {logging_mixin.py:109} INFO - [2021-12-19 04:47:50,076] {dagbag.py:500} INFO - Filling up the DagBag from /home/airflow/.local/lib/python3.7/site-packages/airflow/example_dags/example_task_group.py
[2021-12-19 04:47:50,208] {processor.py:637} INFO - DAG(s) dict_keys(['example_task_group']) retrieved from /home/airflow/.local/lib/python3.7/site-packages/airflow/example_dags/example_task_group.py
[2021-12-19 04:47:50,258] {logging_mixin.py:109} INFO - [2021-12-19 04:47:50,258] {dag.py:2396} INFO - Sync 1 DAGs
[2021-12-19 04:47:50,317] {logging_mixin.py:109} INFO - [2021-12-19 04:47:50,317] {dag.py:2928} INFO - Setting next_dagrun for example_task_group to 2021-12-18T04:47:50.316078+00:00
[2021-12-19 04:47:50,955] {processor.py:171} INFO - Processing /home/airflow/.local/lib/python3.7/site-packages/airflow/example_dags/example_task_group.py took 0.910 seconds
[2021-12-19 04:48:21,167] {processor.py:163} INFO - Started process (PID=1770) to work on /home/airflow/.local/lib/python3.7/site-packages/airflow/example_dags/example_task_group.py
[2021-12-19 04:48:21,171] {processor.py:625} INFO - Processing file /home/airflow/.local/lib/python3.7/site-packages/airflow/example_dags/example_task_group.py for tasks to queue
[2021-12-19 04:48:21,173] {logging_mixin.py:109} INFO - [2021-12-19 04:48:21,173] {dagbag.py:500} INFO - Filling up the DagBag from /home/airflow/.local/lib/python3.7/site-packages/airflow/example_dags/example_task_group.py
[2021-12-19 04:48:21,260] {processor.py:637} INFO - DAG(s) dict_keys(['example_task_group']) retrieved from /home/airflow/.local/lib/python3.7/site-packages/airflow/example_dags/example_task_group.py
[2021-12-19 04:48:21,314] {logging_mixin.py:109} INFO - [2021-12-19 04:48:21,314] {dag.py:2396} INFO - Sync 1 DAGs
[2021-12-19 04:48:21,364] {logging_mixin.py:109} INFO - [2021-12-19 04:48:21,364] {dag.py:2928} INFO - Setting next_dagrun for example_task_group to 2021-12-18T04:48:21.363467+00:00
[2021-12-19 04:48:21,399] {processor.py:171} INFO - Processing /home/airflow/.local/lib/python3.7/site-packages/airflow/example_dags/example_task_group.py took 0.238 seconds
[2021-12-19 04:48:52,073] {processor.py:163} INFO - Started process (PID=1822) to work on /home/airflow/.local/lib/python3.7/site-packages/airflow/example_dags/example_task_group.py
[2021-12-19 04:48:52,076] {processor.py:625} INFO - Processing file /home/airflow/.local/lib/python3.7/site-packages/airflow/example_dags/example_task_group.py for tasks to queue
[2021-12-19 04:48:52,079] {logging_mixin.py:109} INFO - [2021-12-19 04:48:52,079] {dagbag.py:500} INFO - Filling up the DagBag from /home/airflow/.local/lib/python3.7/site-packages/airflow/example_dags/example_task_group.py
[2021-12-19 04:48:52,142] {processor.py:637} INFO - DAG(s) dict_keys(['example_task_group']) retrieved from /home/airflow/.local/lib/python3.7/site-packages/airflow/example_dags/example_task_group.py
[2021-12-19 04:48:52,167] {logging_mixin.py:109} INFO - [2021-12-19 04:48:52,167] {dag.py:2396} INFO - Sync 1 DAGs
[2021-12-19 04:48:52,202] {logging_mixin.py:109} INFO - [2021-12-19 04:48:52,202] {dag.py:2928} INFO - Setting next_dagrun for example_task_group to 2021-12-18T04:48:52.202044+00:00
[2021-12-19 04:48:52,237] {processor.py:171} INFO - Processing /home/airflow/.local/lib/python3.7/site-packages/airflow/example_dags/example_task_group.py took 0.170 seconds
[2021-12-19 04:49:25,197] {processor.py:163} INFO - Started process (PID=1865) to work on /home/airflow/.local/lib/python3.7/site-packages/airflow/example_dags/example_task_group.py
[2021-12-19 04:49:25,202] {processor.py:625} INFO - Processing file /home/airflow/.local/lib/python3.7/site-packages/airflow/example_dags/example_task_group.py for tasks to queue
[2021-12-19 04:49:25,207] {logging_mixin.py:109} INFO - [2021-12-19 04:49:25,206] {dagbag.py:500} INFO - Filling up the DagBag from /home/airflow/.local/lib/python3.7/site-packages/airflow/example_dags/example_task_group.py
[2021-12-19 04:49:25,325] {processor.py:637} INFO - DAG(s) dict_keys(['example_task_group']) retrieved from /home/airflow/.local/lib/python3.7/site-packages/airflow/example_dags/example_task_group.py
[2021-12-19 04:49:25,373] {logging_mixin.py:109} INFO - [2021-12-19 04:49:25,371] {dag.py:2396} INFO - Sync 1 DAGs
[2021-12-19 04:49:25,417] {logging_mixin.py:109} INFO - [2021-12-19 04:49:25,417] {dag.py:2928} INFO - Setting next_dagrun for example_task_group to 2021-12-18T04:49:25.416259+00:00
[2021-12-19 04:49:26,569] {processor.py:171} INFO - Processing /home/airflow/.local/lib/python3.7/site-packages/airflow/example_dags/example_task_group.py took 1.382 seconds
[2021-12-19 04:49:57,010] {processor.py:163} INFO - Started process (PID=1907) to work on /home/airflow/.local/lib/python3.7/site-packages/airflow/example_dags/example_task_group.py
[2021-12-19 04:49:57,014] {processor.py:625} INFO - Processing file /home/airflow/.local/lib/python3.7/site-packages/airflow/example_dags/example_task_group.py for tasks to queue
[2021-12-19 04:49:57,017] {logging_mixin.py:109} INFO - [2021-12-19 04:49:57,017] {dagbag.py:500} INFO - Filling up the DagBag from /home/airflow/.local/lib/python3.7/site-packages/airflow/example_dags/example_task_group.py
[2021-12-19 04:49:57,094] {processor.py:637} INFO - DAG(s) dict_keys(['example_task_group']) retrieved from /home/airflow/.local/lib/python3.7/site-packages/airflow/example_dags/example_task_group.py
[2021-12-19 04:49:57,118] {logging_mixin.py:109} INFO - [2021-12-19 04:49:57,117] {dag.py:2396} INFO - Sync 1 DAGs
[2021-12-19 04:49:57,149] {logging_mixin.py:109} INFO - [2021-12-19 04:49:57,149] {dag.py:2928} INFO - Setting next_dagrun for example_task_group to 2021-12-18T04:49:57.148468+00:00
[2021-12-19 04:49:57,180] {processor.py:171} INFO - Processing /home/airflow/.local/lib/python3.7/site-packages/airflow/example_dags/example_task_group.py took 0.181 seconds
