[2021-12-19 04:18:44,791] {processor.py:163} INFO - Started process (PID=469) to work on /home/airflow/.local/lib/python3.7/site-packages/airflow/example_dags/example_latest_only_with_trigger.py
[2021-12-19 04:18:44,797] {processor.py:625} INFO - Processing file /home/airflow/.local/lib/python3.7/site-packages/airflow/example_dags/example_latest_only_with_trigger.py for tasks to queue
[2021-12-19 04:18:44,807] {logging_mixin.py:109} INFO - [2021-12-19 04:18:44,807] {dagbag.py:500} INFO - Filling up the DagBag from /home/airflow/.local/lib/python3.7/site-packages/airflow/example_dags/example_latest_only_with_trigger.py
[2021-12-19 04:18:44,960] {processor.py:637} INFO - DAG(s) dict_keys(['latest_only_with_trigger']) retrieved from /home/airflow/.local/lib/python3.7/site-packages/airflow/example_dags/example_latest_only_with_trigger.py
[2021-12-19 04:19:32,958] {logging_mixin.py:109} INFO - [2021-12-19 04:19:32,957] {providers_manager.py:156} WARNING - Exception when importing 'airflow.providers.google.leveldb.hooks.leveldb.LevelDBHook' from 'apache-airflow-providers-google' package: No module named 'plyvel'
[2021-12-19 04:19:33,642] {logging_mixin.py:109} INFO - [2021-12-19 04:19:33,642] {providers_manager.py:156} WARNING - Exception when importing 'airflow.providers.google.leveldb.hooks.leveldb.LevelDBHook' from 'apache-airflow-providers-google' package: No module named 'plyvel'
[2021-12-19 04:19:34,911] {logging_mixin.py:109} INFO - [2021-12-19 04:19:34,910] {manager.py:496} INFO - Created Permission View: can read on DAG:latest_only_with_trigger
[2021-12-19 04:19:34,961] {logging_mixin.py:109} INFO - [2021-12-19 04:19:34,961] {manager.py:496} INFO - Created Permission View: can edit on DAG:latest_only_with_trigger
[2021-12-19 04:19:34,964] {logging_mixin.py:109} INFO - [2021-12-19 04:19:34,963] {dag.py:2396} INFO - Sync 1 DAGs
[2021-12-19 04:19:34,989] {logging_mixin.py:109} INFO - [2021-12-19 04:19:34,989] {dag.py:2415} INFO - Creating ORM DAG for latest_only_with_trigger
[2021-12-19 04:19:35,007] {logging_mixin.py:109} INFO - [2021-12-19 04:19:35,006] {dag.py:2928} INFO - Setting next_dagrun for latest_only_with_trigger to 2021-12-19T00:19:35.006235+00:00
[2021-12-19 04:19:35,046] {processor.py:171} INFO - Processing /home/airflow/.local/lib/python3.7/site-packages/airflow/example_dags/example_latest_only_with_trigger.py took 50.269 seconds
[2021-12-19 04:20:18,317] {processor.py:163} INFO - Started process (PID=523) to work on /home/airflow/.local/lib/python3.7/site-packages/airflow/example_dags/example_latest_only_with_trigger.py
[2021-12-19 04:20:18,333] {processor.py:625} INFO - Processing file /home/airflow/.local/lib/python3.7/site-packages/airflow/example_dags/example_latest_only_with_trigger.py for tasks to queue
[2021-12-19 04:20:18,336] {logging_mixin.py:109} INFO - [2021-12-19 04:20:18,335] {dagbag.py:500} INFO - Filling up the DagBag from /home/airflow/.local/lib/python3.7/site-packages/airflow/example_dags/example_latest_only_with_trigger.py
[2021-12-19 04:20:19,727] {processor.py:637} INFO - DAG(s) dict_keys(['latest_only_with_trigger']) retrieved from /home/airflow/.local/lib/python3.7/site-packages/airflow/example_dags/example_latest_only_with_trigger.py
[2021-12-19 04:20:19,846] {logging_mixin.py:109} INFO - [2021-12-19 04:20:19,846] {dag.py:2396} INFO - Sync 1 DAGs
[2021-12-19 04:20:22,100] {logging_mixin.py:109} INFO - [2021-12-19 04:20:22,100] {dag.py:2928} INFO - Setting next_dagrun for latest_only_with_trigger to 2021-12-19T00:20:22.099307+00:00
[2021-12-19 04:20:31,673] {processor.py:171} INFO - Processing /home/airflow/.local/lib/python3.7/site-packages/airflow/example_dags/example_latest_only_with_trigger.py took 13.376 seconds
[2021-12-19 04:22:34,788] {processor.py:163} INFO - Started process (PID=567) to work on /home/airflow/.local/lib/python3.7/site-packages/airflow/example_dags/example_latest_only_with_trigger.py
[2021-12-19 04:22:34,836] {processor.py:625} INFO - Processing file /home/airflow/.local/lib/python3.7/site-packages/airflow/example_dags/example_latest_only_with_trigger.py for tasks to queue
[2021-12-19 04:22:35,022] {logging_mixin.py:109} INFO - [2021-12-19 04:22:35,022] {dagbag.py:500} INFO - Filling up the DagBag from /home/airflow/.local/lib/python3.7/site-packages/airflow/example_dags/example_latest_only_with_trigger.py
[2021-12-19 04:22:35,107] {processor.py:637} INFO - DAG(s) dict_keys(['latest_only_with_trigger']) retrieved from /home/airflow/.local/lib/python3.7/site-packages/airflow/example_dags/example_latest_only_with_trigger.py
[2021-12-19 04:22:35,155] {logging_mixin.py:109} INFO - [2021-12-19 04:22:35,155] {dag.py:2396} INFO - Sync 1 DAGs
[2021-12-19 04:22:35,246] {logging_mixin.py:109} INFO - [2021-12-19 04:22:35,246] {dag.py:2928} INFO - Setting next_dagrun for latest_only_with_trigger to 2021-12-19T00:22:35.245305+00:00
[2021-12-19 04:23:04,602] {processor.py:171} INFO - Processing /home/airflow/.local/lib/python3.7/site-packages/airflow/example_dags/example_latest_only_with_trigger.py took 29.822 seconds
[2021-12-19 04:25:09,734] {processor.py:163} INFO - Started process (PID=619) to work on /home/airflow/.local/lib/python3.7/site-packages/airflow/example_dags/example_latest_only_with_trigger.py
[2021-12-19 04:25:09,743] {processor.py:625} INFO - Processing file /home/airflow/.local/lib/python3.7/site-packages/airflow/example_dags/example_latest_only_with_trigger.py for tasks to queue
[2021-12-19 04:25:09,746] {logging_mixin.py:109} INFO - [2021-12-19 04:25:09,745] {dagbag.py:500} INFO - Filling up the DagBag from /home/airflow/.local/lib/python3.7/site-packages/airflow/example_dags/example_latest_only_with_trigger.py
[2021-12-19 04:25:09,831] {processor.py:637} INFO - DAG(s) dict_keys(['latest_only_with_trigger']) retrieved from /home/airflow/.local/lib/python3.7/site-packages/airflow/example_dags/example_latest_only_with_trigger.py
[2021-12-19 04:25:09,868] {logging_mixin.py:109} INFO - [2021-12-19 04:25:09,868] {dag.py:2396} INFO - Sync 1 DAGs
[2021-12-19 04:25:09,921] {logging_mixin.py:109} INFO - [2021-12-19 04:25:09,920] {dag.py:2928} INFO - Setting next_dagrun for latest_only_with_trigger to 2021-12-19T00:25:09.920195+00:00
[2021-12-19 04:25:10,740] {processor.py:171} INFO - Processing /home/airflow/.local/lib/python3.7/site-packages/airflow/example_dags/example_latest_only_with_trigger.py took 1.018 seconds
[2021-12-19 04:28:10,456] {processor.py:163} INFO - Started process (PID=707) to work on /home/airflow/.local/lib/python3.7/site-packages/airflow/example_dags/example_latest_only_with_trigger.py
[2021-12-19 04:28:10,460] {processor.py:625} INFO - Processing file /home/airflow/.local/lib/python3.7/site-packages/airflow/example_dags/example_latest_only_with_trigger.py for tasks to queue
[2021-12-19 04:28:10,463] {logging_mixin.py:109} INFO - [2021-12-19 04:28:10,462] {dagbag.py:500} INFO - Filling up the DagBag from /home/airflow/.local/lib/python3.7/site-packages/airflow/example_dags/example_latest_only_with_trigger.py
[2021-12-19 04:28:10,529] {processor.py:637} INFO - DAG(s) dict_keys(['latest_only_with_trigger']) retrieved from /home/airflow/.local/lib/python3.7/site-packages/airflow/example_dags/example_latest_only_with_trigger.py
[2021-12-19 04:28:10,558] {logging_mixin.py:109} INFO - [2021-12-19 04:28:10,558] {dag.py:2396} INFO - Sync 1 DAGs
[2021-12-19 04:28:10,603] {logging_mixin.py:109} INFO - [2021-12-19 04:28:10,603] {dag.py:2928} INFO - Setting next_dagrun for latest_only_with_trigger to 2021-12-19T00:28:10.602152+00:00
[2021-12-19 04:28:11,002] {processor.py:171} INFO - Processing /home/airflow/.local/lib/python3.7/site-packages/airflow/example_dags/example_latest_only_with_trigger.py took 0.553 seconds
[2021-12-19 04:29:00,972] {processor.py:163} INFO - Started process (PID=783) to work on /home/airflow/.local/lib/python3.7/site-packages/airflow/example_dags/example_latest_only_with_trigger.py
[2021-12-19 04:29:01,067] {processor.py:625} INFO - Processing file /home/airflow/.local/lib/python3.7/site-packages/airflow/example_dags/example_latest_only_with_trigger.py for tasks to queue
[2021-12-19 04:29:01,069] {logging_mixin.py:109} INFO - [2021-12-19 04:29:01,069] {dagbag.py:500} INFO - Filling up the DagBag from /home/airflow/.local/lib/python3.7/site-packages/airflow/example_dags/example_latest_only_with_trigger.py
[2021-12-19 04:29:01,109] {processor.py:637} INFO - DAG(s) dict_keys(['latest_only_with_trigger']) retrieved from /home/airflow/.local/lib/python3.7/site-packages/airflow/example_dags/example_latest_only_with_trigger.py
[2021-12-19 04:29:01,128] {logging_mixin.py:109} INFO - [2021-12-19 04:29:01,128] {dag.py:2396} INFO - Sync 1 DAGs
[2021-12-19 04:29:01,148] {logging_mixin.py:109} INFO - [2021-12-19 04:29:01,148] {dag.py:2928} INFO - Setting next_dagrun for latest_only_with_trigger to 2021-12-19T00:29:01.147671+00:00
[2021-12-19 04:29:02,518] {processor.py:171} INFO - Processing /home/airflow/.local/lib/python3.7/site-packages/airflow/example_dags/example_latest_only_with_trigger.py took 1.552 seconds
[2021-12-19 04:29:33,888] {processor.py:163} INFO - Started process (PID=836) to work on /home/airflow/.local/lib/python3.7/site-packages/airflow/example_dags/example_latest_only_with_trigger.py
[2021-12-19 04:29:33,893] {processor.py:625} INFO - Processing file /home/airflow/.local/lib/python3.7/site-packages/airflow/example_dags/example_latest_only_with_trigger.py for tasks to queue
[2021-12-19 04:29:33,896] {logging_mixin.py:109} INFO - [2021-12-19 04:29:33,896] {dagbag.py:500} INFO - Filling up the DagBag from /home/airflow/.local/lib/python3.7/site-packages/airflow/example_dags/example_latest_only_with_trigger.py
[2021-12-19 04:29:34,016] {processor.py:637} INFO - DAG(s) dict_keys(['latest_only_with_trigger']) retrieved from /home/airflow/.local/lib/python3.7/site-packages/airflow/example_dags/example_latest_only_with_trigger.py
[2021-12-19 04:29:34,067] {logging_mixin.py:109} INFO - [2021-12-19 04:29:34,067] {dag.py:2396} INFO - Sync 1 DAGs
[2021-12-19 04:29:34,125] {logging_mixin.py:109} INFO - [2021-12-19 04:29:34,125] {dag.py:2928} INFO - Setting next_dagrun for latest_only_with_trigger to 2021-12-19T00:29:34.122201+00:00
[2021-12-19 04:29:34,757] {processor.py:171} INFO - Processing /home/airflow/.local/lib/python3.7/site-packages/airflow/example_dags/example_latest_only_with_trigger.py took 0.883 seconds
[2021-12-19 04:30:09,383] {processor.py:163} INFO - Started process (PID=869) to work on /home/airflow/.local/lib/python3.7/site-packages/airflow/example_dags/example_latest_only_with_trigger.py
[2021-12-19 04:30:09,391] {processor.py:625} INFO - Processing file /home/airflow/.local/lib/python3.7/site-packages/airflow/example_dags/example_latest_only_with_trigger.py for tasks to queue
[2021-12-19 04:30:09,394] {logging_mixin.py:109} INFO - [2021-12-19 04:30:09,393] {dagbag.py:500} INFO - Filling up the DagBag from /home/airflow/.local/lib/python3.7/site-packages/airflow/example_dags/example_latest_only_with_trigger.py
[2021-12-19 04:30:09,494] {processor.py:637} INFO - DAG(s) dict_keys(['latest_only_with_trigger']) retrieved from /home/airflow/.local/lib/python3.7/site-packages/airflow/example_dags/example_latest_only_with_trigger.py
[2021-12-19 04:30:09,574] {logging_mixin.py:109} INFO - [2021-12-19 04:30:09,574] {dag.py:2396} INFO - Sync 1 DAGs
[2021-12-19 04:30:09,686] {logging_mixin.py:109} INFO - [2021-12-19 04:30:09,685] {dag.py:2928} INFO - Setting next_dagrun for latest_only_with_trigger to 2021-12-19T00:30:09.684928+00:00
[2021-12-19 04:30:10,177] {processor.py:171} INFO - Processing /home/airflow/.local/lib/python3.7/site-packages/airflow/example_dags/example_latest_only_with_trigger.py took 0.809 seconds
[2021-12-19 04:30:41,802] {processor.py:163} INFO - Started process (PID=918) to work on /home/airflow/.local/lib/python3.7/site-packages/airflow/example_dags/example_latest_only_with_trigger.py
[2021-12-19 04:30:41,846] {processor.py:625} INFO - Processing file /home/airflow/.local/lib/python3.7/site-packages/airflow/example_dags/example_latest_only_with_trigger.py for tasks to queue
[2021-12-19 04:30:41,848] {logging_mixin.py:109} INFO - [2021-12-19 04:30:41,848] {dagbag.py:500} INFO - Filling up the DagBag from /home/airflow/.local/lib/python3.7/site-packages/airflow/example_dags/example_latest_only_with_trigger.py
[2021-12-19 04:30:41,908] {processor.py:637} INFO - DAG(s) dict_keys(['latest_only_with_trigger']) retrieved from /home/airflow/.local/lib/python3.7/site-packages/airflow/example_dags/example_latest_only_with_trigger.py
[2021-12-19 04:30:41,940] {logging_mixin.py:109} INFO - [2021-12-19 04:30:41,940] {dag.py:2396} INFO - Sync 1 DAGs
[2021-12-19 04:30:41,970] {logging_mixin.py:109} INFO - [2021-12-19 04:30:41,970] {dag.py:2928} INFO - Setting next_dagrun for latest_only_with_trigger to 2021-12-19T00:30:41.969702+00:00
[2021-12-19 04:30:42,489] {processor.py:171} INFO - Processing /home/airflow/.local/lib/python3.7/site-packages/airflow/example_dags/example_latest_only_with_trigger.py took 0.694 seconds
[2021-12-19 04:32:22,203] {processor.py:163} INFO - Started process (PID=964) to work on /home/airflow/.local/lib/python3.7/site-packages/airflow/example_dags/example_latest_only_with_trigger.py
[2021-12-19 04:32:22,208] {processor.py:625} INFO - Processing file /home/airflow/.local/lib/python3.7/site-packages/airflow/example_dags/example_latest_only_with_trigger.py for tasks to queue
[2021-12-19 04:32:22,211] {logging_mixin.py:109} INFO - [2021-12-19 04:32:22,211] {dagbag.py:500} INFO - Filling up the DagBag from /home/airflow/.local/lib/python3.7/site-packages/airflow/example_dags/example_latest_only_with_trigger.py
[2021-12-19 04:32:22,300] {processor.py:637} INFO - DAG(s) dict_keys(['latest_only_with_trigger']) retrieved from /home/airflow/.local/lib/python3.7/site-packages/airflow/example_dags/example_latest_only_with_trigger.py
[2021-12-19 04:32:22,340] {logging_mixin.py:109} INFO - [2021-12-19 04:32:22,339] {dag.py:2396} INFO - Sync 1 DAGs
[2021-12-19 04:32:22,395] {logging_mixin.py:109} INFO - [2021-12-19 04:32:22,394] {dag.py:2928} INFO - Setting next_dagrun for latest_only_with_trigger to 2021-12-19T00:32:22.393616+00:00
[2021-12-19 04:32:23,453] {processor.py:171} INFO - Processing /home/airflow/.local/lib/python3.7/site-packages/airflow/example_dags/example_latest_only_with_trigger.py took 1.270 seconds
[2021-12-19 04:32:54,637] {processor.py:163} INFO - Started process (PID=1003) to work on /home/airflow/.local/lib/python3.7/site-packages/airflow/example_dags/example_latest_only_with_trigger.py
[2021-12-19 04:32:54,642] {processor.py:625} INFO - Processing file /home/airflow/.local/lib/python3.7/site-packages/airflow/example_dags/example_latest_only_with_trigger.py for tasks to queue
[2021-12-19 04:32:54,646] {logging_mixin.py:109} INFO - [2021-12-19 04:32:54,645] {dagbag.py:500} INFO - Filling up the DagBag from /home/airflow/.local/lib/python3.7/site-packages/airflow/example_dags/example_latest_only_with_trigger.py
[2021-12-19 04:32:54,776] {processor.py:637} INFO - DAG(s) dict_keys(['latest_only_with_trigger']) retrieved from /home/airflow/.local/lib/python3.7/site-packages/airflow/example_dags/example_latest_only_with_trigger.py
[2021-12-19 04:32:54,830] {logging_mixin.py:109} INFO - [2021-12-19 04:32:54,830] {dag.py:2396} INFO - Sync 1 DAGs
[2021-12-19 04:32:54,892] {logging_mixin.py:109} INFO - [2021-12-19 04:32:54,892] {dag.py:2928} INFO - Setting next_dagrun for latest_only_with_trigger to 2021-12-19T00:32:54.891339+00:00
[2021-12-19 04:32:54,928] {processor.py:171} INFO - Processing /home/airflow/.local/lib/python3.7/site-packages/airflow/example_dags/example_latest_only_with_trigger.py took 0.306 seconds
[2021-12-19 04:33:31,916] {processor.py:163} INFO - Started process (PID=1044) to work on /home/airflow/.local/lib/python3.7/site-packages/airflow/example_dags/example_latest_only_with_trigger.py
[2021-12-19 04:33:31,926] {processor.py:625} INFO - Processing file /home/airflow/.local/lib/python3.7/site-packages/airflow/example_dags/example_latest_only_with_trigger.py for tasks to queue
[2021-12-19 04:33:31,930] {logging_mixin.py:109} INFO - [2021-12-19 04:33:31,929] {dagbag.py:500} INFO - Filling up the DagBag from /home/airflow/.local/lib/python3.7/site-packages/airflow/example_dags/example_latest_only_with_trigger.py
[2021-12-19 04:33:32,100] {processor.py:637} INFO - DAG(s) dict_keys(['latest_only_with_trigger']) retrieved from /home/airflow/.local/lib/python3.7/site-packages/airflow/example_dags/example_latest_only_with_trigger.py
[2021-12-19 04:33:32,211] {logging_mixin.py:109} INFO - [2021-12-19 04:33:32,211] {dag.py:2396} INFO - Sync 1 DAGs
[2021-12-19 04:33:32,303] {logging_mixin.py:109} INFO - [2021-12-19 04:33:32,303] {dag.py:2928} INFO - Setting next_dagrun for latest_only_with_trigger to 2021-12-19T00:33:32.302395+00:00
[2021-12-19 04:33:32,369] {processor.py:171} INFO - Processing /home/airflow/.local/lib/python3.7/site-packages/airflow/example_dags/example_latest_only_with_trigger.py took 0.476 seconds
[2021-12-19 04:34:20,171] {processor.py:163} INFO - Started process (PID=1086) to work on /home/airflow/.local/lib/python3.7/site-packages/airflow/example_dags/example_latest_only_with_trigger.py
[2021-12-19 04:34:20,190] {processor.py:625} INFO - Processing file /home/airflow/.local/lib/python3.7/site-packages/airflow/example_dags/example_latest_only_with_trigger.py for tasks to queue
[2021-12-19 04:34:20,192] {logging_mixin.py:109} INFO - [2021-12-19 04:34:20,192] {dagbag.py:500} INFO - Filling up the DagBag from /home/airflow/.local/lib/python3.7/site-packages/airflow/example_dags/example_latest_only_with_trigger.py
[2021-12-19 04:34:20,279] {processor.py:637} INFO - DAG(s) dict_keys(['latest_only_with_trigger']) retrieved from /home/airflow/.local/lib/python3.7/site-packages/airflow/example_dags/example_latest_only_with_trigger.py
[2021-12-19 04:34:20,387] {logging_mixin.py:109} INFO - [2021-12-19 04:34:20,387] {dag.py:2396} INFO - Sync 1 DAGs
[2021-12-19 04:34:20,471] {logging_mixin.py:109} INFO - [2021-12-19 04:34:20,470] {dag.py:2928} INFO - Setting next_dagrun for latest_only_with_trigger to 2021-12-19T00:34:20.470033+00:00
[2021-12-19 04:34:20,814] {processor.py:171} INFO - Processing /home/airflow/.local/lib/python3.7/site-packages/airflow/example_dags/example_latest_only_with_trigger.py took 0.655 seconds
[2021-12-19 04:35:16,291] {processor.py:163} INFO - Started process (PID=1131) to work on /home/airflow/.local/lib/python3.7/site-packages/airflow/example_dags/example_latest_only_with_trigger.py
[2021-12-19 04:35:16,320] {processor.py:625} INFO - Processing file /home/airflow/.local/lib/python3.7/site-packages/airflow/example_dags/example_latest_only_with_trigger.py for tasks to queue
[2021-12-19 04:35:16,322] {logging_mixin.py:109} INFO - [2021-12-19 04:35:16,322] {dagbag.py:500} INFO - Filling up the DagBag from /home/airflow/.local/lib/python3.7/site-packages/airflow/example_dags/example_latest_only_with_trigger.py
[2021-12-19 04:35:16,482] {processor.py:637} INFO - DAG(s) dict_keys(['latest_only_with_trigger']) retrieved from /home/airflow/.local/lib/python3.7/site-packages/airflow/example_dags/example_latest_only_with_trigger.py
[2021-12-19 04:35:16,525] {logging_mixin.py:109} INFO - [2021-12-19 04:35:16,525] {dag.py:2396} INFO - Sync 1 DAGs
[2021-12-19 04:35:16,575] {logging_mixin.py:109} INFO - [2021-12-19 04:35:16,575] {dag.py:2928} INFO - Setting next_dagrun for latest_only_with_trigger to 2021-12-19T00:35:16.574691+00:00
[2021-12-19 04:35:17,078] {processor.py:171} INFO - Processing /home/airflow/.local/lib/python3.7/site-packages/airflow/example_dags/example_latest_only_with_trigger.py took 0.811 seconds
[2021-12-19 04:35:51,943] {processor.py:163} INFO - Started process (PID=1182) to work on /home/airflow/.local/lib/python3.7/site-packages/airflow/example_dags/example_latest_only_with_trigger.py
[2021-12-19 04:35:51,960] {processor.py:625} INFO - Processing file /home/airflow/.local/lib/python3.7/site-packages/airflow/example_dags/example_latest_only_with_trigger.py for tasks to queue
[2021-12-19 04:35:51,963] {logging_mixin.py:109} INFO - [2021-12-19 04:35:51,962] {dagbag.py:500} INFO - Filling up the DagBag from /home/airflow/.local/lib/python3.7/site-packages/airflow/example_dags/example_latest_only_with_trigger.py
[2021-12-19 04:35:52,100] {processor.py:637} INFO - DAG(s) dict_keys(['latest_only_with_trigger']) retrieved from /home/airflow/.local/lib/python3.7/site-packages/airflow/example_dags/example_latest_only_with_trigger.py
[2021-12-19 04:35:52,143] {logging_mixin.py:109} INFO - [2021-12-19 04:35:52,143] {dag.py:2396} INFO - Sync 1 DAGs
[2021-12-19 04:35:52,197] {logging_mixin.py:109} INFO - [2021-12-19 04:35:52,197] {dag.py:2928} INFO - Setting next_dagrun for latest_only_with_trigger to 2021-12-19T00:35:52.196722+00:00
[2021-12-19 04:35:53,634] {processor.py:171} INFO - Processing /home/airflow/.local/lib/python3.7/site-packages/airflow/example_dags/example_latest_only_with_trigger.py took 1.716 seconds
[2021-12-19 04:37:18,734] {processor.py:163} INFO - Started process (PID=1239) to work on /home/airflow/.local/lib/python3.7/site-packages/airflow/example_dags/example_latest_only_with_trigger.py
[2021-12-19 04:37:18,744] {processor.py:625} INFO - Processing file /home/airflow/.local/lib/python3.7/site-packages/airflow/example_dags/example_latest_only_with_trigger.py for tasks to queue
[2021-12-19 04:37:18,751] {logging_mixin.py:109} INFO - [2021-12-19 04:37:18,750] {dagbag.py:500} INFO - Filling up the DagBag from /home/airflow/.local/lib/python3.7/site-packages/airflow/example_dags/example_latest_only_with_trigger.py
[2021-12-19 04:37:18,837] {processor.py:637} INFO - DAG(s) dict_keys(['latest_only_with_trigger']) retrieved from /home/airflow/.local/lib/python3.7/site-packages/airflow/example_dags/example_latest_only_with_trigger.py
[2021-12-19 04:37:18,868] {logging_mixin.py:109} INFO - [2021-12-19 04:37:18,868] {dag.py:2396} INFO - Sync 1 DAGs
[2021-12-19 04:37:18,914] {logging_mixin.py:109} INFO - [2021-12-19 04:37:18,913] {dag.py:2928} INFO - Setting next_dagrun for latest_only_with_trigger to 2021-12-19T00:37:18.912886+00:00
[2021-12-19 04:37:19,448] {processor.py:171} INFO - Processing /home/airflow/.local/lib/python3.7/site-packages/airflow/example_dags/example_latest_only_with_trigger.py took 0.738 seconds
[2021-12-19 04:38:02,404] {processor.py:163} INFO - Started process (PID=1275) to work on /home/airflow/.local/lib/python3.7/site-packages/airflow/example_dags/example_latest_only_with_trigger.py
[2021-12-19 04:38:02,411] {processor.py:625} INFO - Processing file /home/airflow/.local/lib/python3.7/site-packages/airflow/example_dags/example_latest_only_with_trigger.py for tasks to queue
[2021-12-19 04:38:02,414] {logging_mixin.py:109} INFO - [2021-12-19 04:38:02,413] {dagbag.py:500} INFO - Filling up the DagBag from /home/airflow/.local/lib/python3.7/site-packages/airflow/example_dags/example_latest_only_with_trigger.py
[2021-12-19 04:38:02,556] {processor.py:637} INFO - DAG(s) dict_keys(['latest_only_with_trigger']) retrieved from /home/airflow/.local/lib/python3.7/site-packages/airflow/example_dags/example_latest_only_with_trigger.py
[2021-12-19 04:38:02,591] {logging_mixin.py:109} INFO - [2021-12-19 04:38:02,591] {dag.py:2396} INFO - Sync 1 DAGs
[2021-12-19 04:38:02,630] {logging_mixin.py:109} INFO - [2021-12-19 04:38:02,630] {dag.py:2928} INFO - Setting next_dagrun for latest_only_with_trigger to 2021-12-19T00:38:02.629827+00:00
[2021-12-19 04:38:03,020] {processor.py:171} INFO - Processing /home/airflow/.local/lib/python3.7/site-packages/airflow/example_dags/example_latest_only_with_trigger.py took 0.629 seconds
[2021-12-19 04:39:31,940] {processor.py:163} INFO - Started process (PID=1328) to work on /home/airflow/.local/lib/python3.7/site-packages/airflow/example_dags/example_latest_only_with_trigger.py
[2021-12-19 04:39:31,944] {processor.py:625} INFO - Processing file /home/airflow/.local/lib/python3.7/site-packages/airflow/example_dags/example_latest_only_with_trigger.py for tasks to queue
[2021-12-19 04:39:31,946] {logging_mixin.py:109} INFO - [2021-12-19 04:39:31,945] {dagbag.py:500} INFO - Filling up the DagBag from /home/airflow/.local/lib/python3.7/site-packages/airflow/example_dags/example_latest_only_with_trigger.py
[2021-12-19 04:39:32,050] {processor.py:637} INFO - DAG(s) dict_keys(['latest_only_with_trigger']) retrieved from /home/airflow/.local/lib/python3.7/site-packages/airflow/example_dags/example_latest_only_with_trigger.py
[2021-12-19 04:39:32,109] {logging_mixin.py:109} INFO - [2021-12-19 04:39:32,109] {dag.py:2396} INFO - Sync 1 DAGs
[2021-12-19 04:39:32,204] {logging_mixin.py:109} INFO - [2021-12-19 04:39:32,201] {dag.py:2928} INFO - Setting next_dagrun for latest_only_with_trigger to 2021-12-19T00:39:32.198642+00:00
[2021-12-19 04:39:32,813] {processor.py:171} INFO - Processing /home/airflow/.local/lib/python3.7/site-packages/airflow/example_dags/example_latest_only_with_trigger.py took 0.881 seconds
[2021-12-19 04:41:44,388] {processor.py:163} INFO - Started process (PID=1407) to work on /home/airflow/.local/lib/python3.7/site-packages/airflow/example_dags/example_latest_only_with_trigger.py
[2021-12-19 04:41:44,407] {processor.py:625} INFO - Processing file /home/airflow/.local/lib/python3.7/site-packages/airflow/example_dags/example_latest_only_with_trigger.py for tasks to queue
[2021-12-19 04:41:44,422] {logging_mixin.py:109} INFO - [2021-12-19 04:41:44,421] {dagbag.py:500} INFO - Filling up the DagBag from /home/airflow/.local/lib/python3.7/site-packages/airflow/example_dags/example_latest_only_with_trigger.py
[2021-12-19 04:41:44,535] {processor.py:637} INFO - DAG(s) dict_keys(['latest_only_with_trigger']) retrieved from /home/airflow/.local/lib/python3.7/site-packages/airflow/example_dags/example_latest_only_with_trigger.py
[2021-12-19 04:41:44,577] {logging_mixin.py:109} INFO - [2021-12-19 04:41:44,576] {dag.py:2396} INFO - Sync 1 DAGs
[2021-12-19 04:41:44,658] {logging_mixin.py:109} INFO - [2021-12-19 04:41:44,657] {dag.py:2928} INFO - Setting next_dagrun for latest_only_with_trigger to 2021-12-19T00:41:44.656115+00:00
[2021-12-19 04:41:45,767] {processor.py:171} INFO - Processing /home/airflow/.local/lib/python3.7/site-packages/airflow/example_dags/example_latest_only_with_trigger.py took 1.409 seconds
[2021-12-19 04:43:14,718] {processor.py:163} INFO - Started process (PID=1461) to work on /home/airflow/.local/lib/python3.7/site-packages/airflow/example_dags/example_latest_only_with_trigger.py
[2021-12-19 04:43:14,723] {processor.py:625} INFO - Processing file /home/airflow/.local/lib/python3.7/site-packages/airflow/example_dags/example_latest_only_with_trigger.py for tasks to queue
[2021-12-19 04:43:14,729] {logging_mixin.py:109} INFO - [2021-12-19 04:43:14,728] {dagbag.py:500} INFO - Filling up the DagBag from /home/airflow/.local/lib/python3.7/site-packages/airflow/example_dags/example_latest_only_with_trigger.py
[2021-12-19 04:43:14,887] {processor.py:637} INFO - DAG(s) dict_keys(['latest_only_with_trigger']) retrieved from /home/airflow/.local/lib/python3.7/site-packages/airflow/example_dags/example_latest_only_with_trigger.py
[2021-12-19 04:43:14,982] {logging_mixin.py:109} INFO - [2021-12-19 04:43:14,982] {dag.py:2396} INFO - Sync 1 DAGs
[2021-12-19 04:43:15,124] {logging_mixin.py:109} INFO - [2021-12-19 04:43:15,124] {dag.py:2928} INFO - Setting next_dagrun for latest_only_with_trigger to 2021-12-19T00:43:15.122971+00:00
[2021-12-19 04:43:15,612] {processor.py:171} INFO - Processing /home/airflow/.local/lib/python3.7/site-packages/airflow/example_dags/example_latest_only_with_trigger.py took 0.921 seconds
[2021-12-19 04:43:45,805] {processor.py:163} INFO - Started process (PID=1503) to work on /home/airflow/.local/lib/python3.7/site-packages/airflow/example_dags/example_latest_only_with_trigger.py
[2021-12-19 04:43:45,810] {processor.py:625} INFO - Processing file /home/airflow/.local/lib/python3.7/site-packages/airflow/example_dags/example_latest_only_with_trigger.py for tasks to queue
[2021-12-19 04:43:45,811] {logging_mixin.py:109} INFO - [2021-12-19 04:43:45,811] {dagbag.py:500} INFO - Filling up the DagBag from /home/airflow/.local/lib/python3.7/site-packages/airflow/example_dags/example_latest_only_with_trigger.py
[2021-12-19 04:43:45,869] {processor.py:637} INFO - DAG(s) dict_keys(['latest_only_with_trigger']) retrieved from /home/airflow/.local/lib/python3.7/site-packages/airflow/example_dags/example_latest_only_with_trigger.py
[2021-12-19 04:43:45,892] {logging_mixin.py:109} INFO - [2021-12-19 04:43:45,892] {dag.py:2396} INFO - Sync 1 DAGs
[2021-12-19 04:43:45,927] {logging_mixin.py:109} INFO - [2021-12-19 04:43:45,927] {dag.py:2928} INFO - Setting next_dagrun for latest_only_with_trigger to 2021-12-19T00:43:45.926090+00:00
[2021-12-19 04:43:45,959] {processor.py:171} INFO - Processing /home/airflow/.local/lib/python3.7/site-packages/airflow/example_dags/example_latest_only_with_trigger.py took 0.160 seconds
[2021-12-19 04:44:22,888] {processor.py:163} INFO - Started process (PID=1556) to work on /home/airflow/.local/lib/python3.7/site-packages/airflow/example_dags/example_latest_only_with_trigger.py
[2021-12-19 04:44:22,894] {processor.py:625} INFO - Processing file /home/airflow/.local/lib/python3.7/site-packages/airflow/example_dags/example_latest_only_with_trigger.py for tasks to queue
[2021-12-19 04:44:22,897] {logging_mixin.py:109} INFO - [2021-12-19 04:44:22,897] {dagbag.py:500} INFO - Filling up the DagBag from /home/airflow/.local/lib/python3.7/site-packages/airflow/example_dags/example_latest_only_with_trigger.py
[2021-12-19 04:44:22,997] {processor.py:637} INFO - DAG(s) dict_keys(['latest_only_with_trigger']) retrieved from /home/airflow/.local/lib/python3.7/site-packages/airflow/example_dags/example_latest_only_with_trigger.py
[2021-12-19 04:44:23,032] {logging_mixin.py:109} INFO - [2021-12-19 04:44:23,031] {dag.py:2396} INFO - Sync 1 DAGs
[2021-12-19 04:44:23,091] {logging_mixin.py:109} INFO - [2021-12-19 04:44:23,091] {dag.py:2928} INFO - Setting next_dagrun for latest_only_with_trigger to 2021-12-19T00:44:23.090686+00:00
[2021-12-19 04:44:23,126] {processor.py:171} INFO - Processing /home/airflow/.local/lib/python3.7/site-packages/airflow/example_dags/example_latest_only_with_trigger.py took 0.253 seconds
[2021-12-19 04:45:08,868] {processor.py:163} INFO - Started process (PID=1601) to work on /home/airflow/.local/lib/python3.7/site-packages/airflow/example_dags/example_latest_only_with_trigger.py
[2021-12-19 04:45:08,876] {processor.py:625} INFO - Processing file /home/airflow/.local/lib/python3.7/site-packages/airflow/example_dags/example_latest_only_with_trigger.py for tasks to queue
[2021-12-19 04:45:08,879] {logging_mixin.py:109} INFO - [2021-12-19 04:45:08,879] {dagbag.py:500} INFO - Filling up the DagBag from /home/airflow/.local/lib/python3.7/site-packages/airflow/example_dags/example_latest_only_with_trigger.py
[2021-12-19 04:45:09,012] {processor.py:637} INFO - DAG(s) dict_keys(['latest_only_with_trigger']) retrieved from /home/airflow/.local/lib/python3.7/site-packages/airflow/example_dags/example_latest_only_with_trigger.py
[2021-12-19 04:45:09,044] {logging_mixin.py:109} INFO - [2021-12-19 04:45:09,044] {dag.py:2396} INFO - Sync 1 DAGs
[2021-12-19 04:45:09,088] {logging_mixin.py:109} INFO - [2021-12-19 04:45:09,088] {dag.py:2928} INFO - Setting next_dagrun for latest_only_with_trigger to 2021-12-19T00:45:09.087887+00:00
[2021-12-19 04:45:09,342] {processor.py:171} INFO - Processing /home/airflow/.local/lib/python3.7/site-packages/airflow/example_dags/example_latest_only_with_trigger.py took 0.487 seconds
[2021-12-19 04:46:57,801] {processor.py:163} INFO - Started process (PID=1650) to work on /home/airflow/.local/lib/python3.7/site-packages/airflow/example_dags/example_latest_only_with_trigger.py
[2021-12-19 04:46:57,805] {processor.py:625} INFO - Processing file /home/airflow/.local/lib/python3.7/site-packages/airflow/example_dags/example_latest_only_with_trigger.py for tasks to queue
[2021-12-19 04:46:57,807] {logging_mixin.py:109} INFO - [2021-12-19 04:46:57,807] {dagbag.py:500} INFO - Filling up the DagBag from /home/airflow/.local/lib/python3.7/site-packages/airflow/example_dags/example_latest_only_with_trigger.py
[2021-12-19 04:46:57,878] {processor.py:637} INFO - DAG(s) dict_keys(['latest_only_with_trigger']) retrieved from /home/airflow/.local/lib/python3.7/site-packages/airflow/example_dags/example_latest_only_with_trigger.py
[2021-12-19 04:46:57,907] {logging_mixin.py:109} INFO - [2021-12-19 04:46:57,907] {dag.py:2396} INFO - Sync 1 DAGs
[2021-12-19 04:46:57,945] {logging_mixin.py:109} INFO - [2021-12-19 04:46:57,945] {dag.py:2928} INFO - Setting next_dagrun for latest_only_with_trigger to 2021-12-19T00:46:57.944189+00:00
[2021-12-19 04:46:57,978] {processor.py:171} INFO - Processing /home/airflow/.local/lib/python3.7/site-packages/airflow/example_dags/example_latest_only_with_trigger.py took 0.186 seconds
[2021-12-19 04:47:29,812] {processor.py:163} INFO - Started process (PID=1703) to work on /home/airflow/.local/lib/python3.7/site-packages/airflow/example_dags/example_latest_only_with_trigger.py
[2021-12-19 04:47:29,819] {processor.py:625} INFO - Processing file /home/airflow/.local/lib/python3.7/site-packages/airflow/example_dags/example_latest_only_with_trigger.py for tasks to queue
[2021-12-19 04:47:29,821] {logging_mixin.py:109} INFO - [2021-12-19 04:47:29,820] {dagbag.py:500} INFO - Filling up the DagBag from /home/airflow/.local/lib/python3.7/site-packages/airflow/example_dags/example_latest_only_with_trigger.py
[2021-12-19 04:47:29,911] {processor.py:637} INFO - DAG(s) dict_keys(['latest_only_with_trigger']) retrieved from /home/airflow/.local/lib/python3.7/site-packages/airflow/example_dags/example_latest_only_with_trigger.py
[2021-12-19 04:47:29,947] {logging_mixin.py:109} INFO - [2021-12-19 04:47:29,947] {dag.py:2396} INFO - Sync 1 DAGs
[2021-12-19 04:47:29,998] {logging_mixin.py:109} INFO - [2021-12-19 04:47:29,998] {dag.py:2928} INFO - Setting next_dagrun for latest_only_with_trigger to 2021-12-19T00:47:29.997341+00:00
[2021-12-19 04:47:30,039] {processor.py:171} INFO - Processing /home/airflow/.local/lib/python3.7/site-packages/airflow/example_dags/example_latest_only_with_trigger.py took 0.242 seconds
[2021-12-19 04:48:00,804] {processor.py:163} INFO - Started process (PID=1736) to work on /home/airflow/.local/lib/python3.7/site-packages/airflow/example_dags/example_latest_only_with_trigger.py
[2021-12-19 04:48:00,809] {processor.py:625} INFO - Processing file /home/airflow/.local/lib/python3.7/site-packages/airflow/example_dags/example_latest_only_with_trigger.py for tasks to queue
[2021-12-19 04:48:00,811] {logging_mixin.py:109} INFO - [2021-12-19 04:48:00,810] {dagbag.py:500} INFO - Filling up the DagBag from /home/airflow/.local/lib/python3.7/site-packages/airflow/example_dags/example_latest_only_with_trigger.py
[2021-12-19 04:48:00,878] {processor.py:637} INFO - DAG(s) dict_keys(['latest_only_with_trigger']) retrieved from /home/airflow/.local/lib/python3.7/site-packages/airflow/example_dags/example_latest_only_with_trigger.py
[2021-12-19 04:48:00,907] {logging_mixin.py:109} INFO - [2021-12-19 04:48:00,906] {dag.py:2396} INFO - Sync 1 DAGs
[2021-12-19 04:48:00,948] {logging_mixin.py:109} INFO - [2021-12-19 04:48:00,948] {dag.py:2928} INFO - Setting next_dagrun for latest_only_with_trigger to 2021-12-19T00:48:00.947748+00:00
[2021-12-19 04:48:00,982] {processor.py:171} INFO - Processing /home/airflow/.local/lib/python3.7/site-packages/airflow/example_dags/example_latest_only_with_trigger.py took 0.187 seconds
[2021-12-19 04:48:31,298] {processor.py:163} INFO - Started process (PID=1789) to work on /home/airflow/.local/lib/python3.7/site-packages/airflow/example_dags/example_latest_only_with_trigger.py
[2021-12-19 04:48:31,302] {processor.py:625} INFO - Processing file /home/airflow/.local/lib/python3.7/site-packages/airflow/example_dags/example_latest_only_with_trigger.py for tasks to queue
[2021-12-19 04:48:31,304] {logging_mixin.py:109} INFO - [2021-12-19 04:48:31,304] {dagbag.py:500} INFO - Filling up the DagBag from /home/airflow/.local/lib/python3.7/site-packages/airflow/example_dags/example_latest_only_with_trigger.py
[2021-12-19 04:48:31,392] {processor.py:637} INFO - DAG(s) dict_keys(['latest_only_with_trigger']) retrieved from /home/airflow/.local/lib/python3.7/site-packages/airflow/example_dags/example_latest_only_with_trigger.py
[2021-12-19 04:48:31,440] {logging_mixin.py:109} INFO - [2021-12-19 04:48:31,440] {dag.py:2396} INFO - Sync 1 DAGs
[2021-12-19 04:48:31,496] {logging_mixin.py:109} INFO - [2021-12-19 04:48:31,496] {dag.py:2928} INFO - Setting next_dagrun for latest_only_with_trigger to 2021-12-19T00:48:31.495253+00:00
[2021-12-19 04:48:31,531] {processor.py:171} INFO - Processing /home/airflow/.local/lib/python3.7/site-packages/airflow/example_dags/example_latest_only_with_trigger.py took 0.243 seconds
[2021-12-19 04:49:08,860] {processor.py:163} INFO - Started process (PID=1856) to work on /home/airflow/.local/lib/python3.7/site-packages/airflow/example_dags/example_latest_only_with_trigger.py
[2021-12-19 04:49:08,868] {processor.py:625} INFO - Processing file /home/airflow/.local/lib/python3.7/site-packages/airflow/example_dags/example_latest_only_with_trigger.py for tasks to queue
[2021-12-19 04:49:08,898] {logging_mixin.py:109} INFO - [2021-12-19 04:49:08,897] {dagbag.py:500} INFO - Filling up the DagBag from /home/airflow/.local/lib/python3.7/site-packages/airflow/example_dags/example_latest_only_with_trigger.py
[2021-12-19 04:49:09,251] {processor.py:637} INFO - DAG(s) dict_keys(['latest_only_with_trigger']) retrieved from /home/airflow/.local/lib/python3.7/site-packages/airflow/example_dags/example_latest_only_with_trigger.py
[2021-12-19 04:49:09,399] {logging_mixin.py:109} INFO - [2021-12-19 04:49:09,399] {dag.py:2396} INFO - Sync 1 DAGs
[2021-12-19 04:49:09,597] {logging_mixin.py:109} INFO - [2021-12-19 04:49:09,596] {dag.py:2928} INFO - Setting next_dagrun for latest_only_with_trigger to 2021-12-19T00:49:09.594048+00:00
[2021-12-19 04:49:10,219] {processor.py:171} INFO - Processing /home/airflow/.local/lib/python3.7/site-packages/airflow/example_dags/example_latest_only_with_trigger.py took 1.381 seconds
[2021-12-19 04:49:49,536] {processor.py:163} INFO - Started process (PID=1890) to work on /home/airflow/.local/lib/python3.7/site-packages/airflow/example_dags/example_latest_only_with_trigger.py
[2021-12-19 04:49:49,540] {processor.py:625} INFO - Processing file /home/airflow/.local/lib/python3.7/site-packages/airflow/example_dags/example_latest_only_with_trigger.py for tasks to queue
[2021-12-19 04:49:49,542] {logging_mixin.py:109} INFO - [2021-12-19 04:49:49,542] {dagbag.py:500} INFO - Filling up the DagBag from /home/airflow/.local/lib/python3.7/site-packages/airflow/example_dags/example_latest_only_with_trigger.py
[2021-12-19 04:49:49,626] {processor.py:637} INFO - DAG(s) dict_keys(['latest_only_with_trigger']) retrieved from /home/airflow/.local/lib/python3.7/site-packages/airflow/example_dags/example_latest_only_with_trigger.py
[2021-12-19 04:49:49,655] {logging_mixin.py:109} INFO - [2021-12-19 04:49:49,655] {dag.py:2396} INFO - Sync 1 DAGs
[2021-12-19 04:49:49,697] {logging_mixin.py:109} INFO - [2021-12-19 04:49:49,697] {dag.py:2928} INFO - Setting next_dagrun for latest_only_with_trigger to 2021-12-19T00:49:49.696567+00:00
[2021-12-19 04:49:49,724] {processor.py:171} INFO - Processing /home/airflow/.local/lib/python3.7/site-packages/airflow/example_dags/example_latest_only_with_trigger.py took 0.199 seconds
