[2021-12-19 04:15:43,138] {processor.py:163} INFO - Started process (PID=295) to work on /home/airflow/.local/lib/python3.7/site-packages/airflow/example_dags/example_latest_only.py
[2021-12-19 04:15:43,147] {processor.py:625} INFO - Processing file /home/airflow/.local/lib/python3.7/site-packages/airflow/example_dags/example_latest_only.py for tasks to queue
[2021-12-19 04:15:43,149] {logging_mixin.py:109} INFO - [2021-12-19 04:15:43,148] {dagbag.py:500} INFO - Filling up the DagBag from /home/airflow/.local/lib/python3.7/site-packages/airflow/example_dags/example_latest_only.py
[2021-12-19 04:15:43,218] {processor.py:637} INFO - DAG(s) dict_keys(['latest_only']) retrieved from /home/airflow/.local/lib/python3.7/site-packages/airflow/example_dags/example_latest_only.py
[2021-12-19 04:15:46,312] {logging_mixin.py:109} INFO - [2021-12-19 04:15:46,312] {providers_manager.py:156} WARNING - Exception when importing 'airflow.providers.google.leveldb.hooks.leveldb.LevelDBHook' from 'apache-airflow-providers-google' package: No module named 'plyvel'
[2021-12-19 04:15:47,189] {logging_mixin.py:109} INFO - [2021-12-19 04:15:47,188] {providers_manager.py:156} WARNING - Exception when importing 'airflow.providers.google.leveldb.hooks.leveldb.LevelDBHook' from 'apache-airflow-providers-google' package: No module named 'plyvel'
[2021-12-19 04:15:47,258] {logging_mixin.py:109} INFO - [2021-12-19 04:15:47,258] {manager.py:496} INFO - Created Permission View: can read on DAG:latest_only
[2021-12-19 04:15:47,299] {logging_mixin.py:109} INFO - [2021-12-19 04:15:47,298] {manager.py:496} INFO - Created Permission View: can edit on DAG:latest_only
[2021-12-19 04:15:47,300] {logging_mixin.py:109} INFO - [2021-12-19 04:15:47,300] {dag.py:2396} INFO - Sync 1 DAGs
[2021-12-19 04:15:47,335] {logging_mixin.py:109} INFO - [2021-12-19 04:15:47,334] {dag.py:2415} INFO - Creating ORM DAG for latest_only
[2021-12-19 04:15:47,359] {logging_mixin.py:109} INFO - [2021-12-19 04:15:47,359] {dag.py:2928} INFO - Setting next_dagrun for latest_only to 2021-12-19T00:15:47.358792+00:00
[2021-12-19 04:15:47,558] {processor.py:171} INFO - Processing /home/airflow/.local/lib/python3.7/site-packages/airflow/example_dags/example_latest_only.py took 4.429 seconds
[2021-12-19 04:18:17,763] {processor.py:163} INFO - Started process (PID=458) to work on /home/airflow/.local/lib/python3.7/site-packages/airflow/example_dags/example_latest_only.py
[2021-12-19 04:18:17,816] {processor.py:625} INFO - Processing file /home/airflow/.local/lib/python3.7/site-packages/airflow/example_dags/example_latest_only.py for tasks to queue
[2021-12-19 04:18:17,820] {logging_mixin.py:109} INFO - [2021-12-19 04:18:17,819] {dagbag.py:500} INFO - Filling up the DagBag from /home/airflow/.local/lib/python3.7/site-packages/airflow/example_dags/example_latest_only.py
[2021-12-19 04:18:17,996] {processor.py:637} INFO - DAG(s) dict_keys(['latest_only']) retrieved from /home/airflow/.local/lib/python3.7/site-packages/airflow/example_dags/example_latest_only.py
[2021-12-19 04:18:18,036] {logging_mixin.py:109} INFO - [2021-12-19 04:18:18,036] {dag.py:2396} INFO - Sync 1 DAGs
[2021-12-19 04:18:18,081] {logging_mixin.py:109} INFO - [2021-12-19 04:18:18,080] {dag.py:2928} INFO - Setting next_dagrun for latest_only to 2021-12-19T00:18:18.079849+00:00
[2021-12-19 04:18:18,166] {processor.py:171} INFO - Processing /home/airflow/.local/lib/python3.7/site-packages/airflow/example_dags/example_latest_only.py took 0.423 seconds
[2021-12-19 04:20:06,994] {processor.py:163} INFO - Started process (PID=502) to work on /home/airflow/.local/lib/python3.7/site-packages/airflow/example_dags/example_latest_only.py
[2021-12-19 04:20:07,149] {processor.py:625} INFO - Processing file /home/airflow/.local/lib/python3.7/site-packages/airflow/example_dags/example_latest_only.py for tasks to queue
[2021-12-19 04:20:07,151] {logging_mixin.py:109} INFO - [2021-12-19 04:20:07,151] {dagbag.py:500} INFO - Filling up the DagBag from /home/airflow/.local/lib/python3.7/site-packages/airflow/example_dags/example_latest_only.py
[2021-12-19 04:20:07,209] {processor.py:637} INFO - DAG(s) dict_keys(['latest_only']) retrieved from /home/airflow/.local/lib/python3.7/site-packages/airflow/example_dags/example_latest_only.py
[2021-12-19 04:20:07,230] {logging_mixin.py:109} INFO - [2021-12-19 04:20:07,230] {dag.py:2396} INFO - Sync 1 DAGs
[2021-12-19 04:20:07,266] {logging_mixin.py:109} INFO - [2021-12-19 04:20:07,266] {dag.py:2928} INFO - Setting next_dagrun for latest_only to 2021-12-19T00:20:07.265186+00:00
[2021-12-19 04:20:08,128] {processor.py:171} INFO - Processing /home/airflow/.local/lib/python3.7/site-packages/airflow/example_dags/example_latest_only.py took 1.152 seconds
[2021-12-19 04:22:26,041] {processor.py:163} INFO - Started process (PID=556) to work on /home/airflow/.local/lib/python3.7/site-packages/airflow/example_dags/example_latest_only.py
[2021-12-19 04:22:26,100] {processor.py:625} INFO - Processing file /home/airflow/.local/lib/python3.7/site-packages/airflow/example_dags/example_latest_only.py for tasks to queue
[2021-12-19 04:22:26,103] {logging_mixin.py:109} INFO - [2021-12-19 04:22:26,102] {dagbag.py:500} INFO - Filling up the DagBag from /home/airflow/.local/lib/python3.7/site-packages/airflow/example_dags/example_latest_only.py
[2021-12-19 04:22:26,178] {processor.py:637} INFO - DAG(s) dict_keys(['latest_only']) retrieved from /home/airflow/.local/lib/python3.7/site-packages/airflow/example_dags/example_latest_only.py
[2021-12-19 04:22:26,206] {logging_mixin.py:109} INFO - [2021-12-19 04:22:26,206] {dag.py:2396} INFO - Sync 1 DAGs
[2021-12-19 04:22:26,267] {logging_mixin.py:109} INFO - [2021-12-19 04:22:26,266] {dag.py:2928} INFO - Setting next_dagrun for latest_only to 2021-12-19T00:22:26.266214+00:00
[2021-12-19 04:22:26,326] {processor.py:171} INFO - Processing /home/airflow/.local/lib/python3.7/site-packages/airflow/example_dags/example_latest_only.py took 0.292 seconds
[2021-12-19 04:24:47,633] {processor.py:163} INFO - Started process (PID=608) to work on /home/airflow/.local/lib/python3.7/site-packages/airflow/example_dags/example_latest_only.py
[2021-12-19 04:24:47,653] {processor.py:625} INFO - Processing file /home/airflow/.local/lib/python3.7/site-packages/airflow/example_dags/example_latest_only.py for tasks to queue
[2021-12-19 04:24:47,656] {logging_mixin.py:109} INFO - [2021-12-19 04:24:47,655] {dagbag.py:500} INFO - Filling up the DagBag from /home/airflow/.local/lib/python3.7/site-packages/airflow/example_dags/example_latest_only.py
[2021-12-19 04:24:47,729] {processor.py:637} INFO - DAG(s) dict_keys(['latest_only']) retrieved from /home/airflow/.local/lib/python3.7/site-packages/airflow/example_dags/example_latest_only.py
[2021-12-19 04:24:47,760] {logging_mixin.py:109} INFO - [2021-12-19 04:24:47,760] {dag.py:2396} INFO - Sync 1 DAGs
[2021-12-19 04:24:47,801] {logging_mixin.py:109} INFO - [2021-12-19 04:24:47,801] {dag.py:2928} INFO - Setting next_dagrun for latest_only to 2021-12-19T00:24:47.800121+00:00
[2021-12-19 04:24:48,017] {processor.py:171} INFO - Processing /home/airflow/.local/lib/python3.7/site-packages/airflow/example_dags/example_latest_only.py took 0.391 seconds
[2021-12-19 04:26:17,490] {processor.py:163} INFO - Started process (PID=672) to work on /home/airflow/.local/lib/python3.7/site-packages/airflow/example_dags/example_latest_only.py
[2021-12-19 04:26:17,505] {processor.py:625} INFO - Processing file /home/airflow/.local/lib/python3.7/site-packages/airflow/example_dags/example_latest_only.py for tasks to queue
[2021-12-19 04:26:17,546] {logging_mixin.py:109} INFO - [2021-12-19 04:26:17,546] {dagbag.py:500} INFO - Filling up the DagBag from /home/airflow/.local/lib/python3.7/site-packages/airflow/example_dags/example_latest_only.py
[2021-12-19 04:26:20,363] {processor.py:637} INFO - DAG(s) dict_keys(['latest_only']) retrieved from /home/airflow/.local/lib/python3.7/site-packages/airflow/example_dags/example_latest_only.py
[2021-12-19 04:26:20,422] {logging_mixin.py:109} INFO - [2021-12-19 04:26:20,422] {dag.py:2396} INFO - Sync 1 DAGs
[2021-12-19 04:26:20,487] {logging_mixin.py:109} INFO - [2021-12-19 04:26:20,487] {dag.py:2928} INFO - Setting next_dagrun for latest_only to 2021-12-19T00:26:20.486513+00:00
[2021-12-19 04:26:20,822] {processor.py:171} INFO - Processing /home/airflow/.local/lib/python3.7/site-packages/airflow/example_dags/example_latest_only.py took 3.352 seconds
[2021-12-19 04:27:29,000] {processor.py:163} INFO - Started process (PID=696) to work on /home/airflow/.local/lib/python3.7/site-packages/airflow/example_dags/example_latest_only.py
[2021-12-19 04:27:29,006] {processor.py:625} INFO - Processing file /home/airflow/.local/lib/python3.7/site-packages/airflow/example_dags/example_latest_only.py for tasks to queue
[2021-12-19 04:27:29,009] {logging_mixin.py:109} INFO - [2021-12-19 04:27:29,008] {dagbag.py:500} INFO - Filling up the DagBag from /home/airflow/.local/lib/python3.7/site-packages/airflow/example_dags/example_latest_only.py
[2021-12-19 04:27:29,137] {processor.py:637} INFO - DAG(s) dict_keys(['latest_only']) retrieved from /home/airflow/.local/lib/python3.7/site-packages/airflow/example_dags/example_latest_only.py
[2021-12-19 04:27:29,200] {logging_mixin.py:109} INFO - [2021-12-19 04:27:29,200] {dag.py:2396} INFO - Sync 1 DAGs
[2021-12-19 04:27:29,295] {logging_mixin.py:109} INFO - [2021-12-19 04:27:29,294] {dag.py:2928} INFO - Setting next_dagrun for latest_only to 2021-12-19T00:27:29.293223+00:00
[2021-12-19 04:27:29,339] {processor.py:171} INFO - Processing /home/airflow/.local/lib/python3.7/site-packages/airflow/example_dags/example_latest_only.py took 0.347 seconds
[2021-12-19 04:28:47,159] {processor.py:163} INFO - Started process (PID=772) to work on /home/airflow/.local/lib/python3.7/site-packages/airflow/example_dags/example_latest_only.py
[2021-12-19 04:28:47,164] {processor.py:625} INFO - Processing file /home/airflow/.local/lib/python3.7/site-packages/airflow/example_dags/example_latest_only.py for tasks to queue
[2021-12-19 04:28:47,167] {logging_mixin.py:109} INFO - [2021-12-19 04:28:47,167] {dagbag.py:500} INFO - Filling up the DagBag from /home/airflow/.local/lib/python3.7/site-packages/airflow/example_dags/example_latest_only.py
[2021-12-19 04:28:47,324] {processor.py:637} INFO - DAG(s) dict_keys(['latest_only']) retrieved from /home/airflow/.local/lib/python3.7/site-packages/airflow/example_dags/example_latest_only.py
[2021-12-19 04:28:47,406] {logging_mixin.py:109} INFO - [2021-12-19 04:28:47,405] {dag.py:2396} INFO - Sync 1 DAGs
[2021-12-19 04:28:47,477] {logging_mixin.py:109} INFO - [2021-12-19 04:28:47,476] {dag.py:2928} INFO - Setting next_dagrun for latest_only to 2021-12-19T00:28:47.475936+00:00
[2021-12-19 04:28:48,258] {processor.py:171} INFO - Processing /home/airflow/.local/lib/python3.7/site-packages/airflow/example_dags/example_latest_only.py took 1.120 seconds
[2021-12-19 04:29:18,600] {processor.py:163} INFO - Started process (PID=815) to work on /home/airflow/.local/lib/python3.7/site-packages/airflow/example_dags/example_latest_only.py
[2021-12-19 04:29:18,603] {processor.py:625} INFO - Processing file /home/airflow/.local/lib/python3.7/site-packages/airflow/example_dags/example_latest_only.py for tasks to queue
[2021-12-19 04:29:18,605] {logging_mixin.py:109} INFO - [2021-12-19 04:29:18,605] {dagbag.py:500} INFO - Filling up the DagBag from /home/airflow/.local/lib/python3.7/site-packages/airflow/example_dags/example_latest_only.py
[2021-12-19 04:29:18,665] {processor.py:637} INFO - DAG(s) dict_keys(['latest_only']) retrieved from /home/airflow/.local/lib/python3.7/site-packages/airflow/example_dags/example_latest_only.py
[2021-12-19 04:29:18,701] {logging_mixin.py:109} INFO - [2021-12-19 04:29:18,701] {dag.py:2396} INFO - Sync 1 DAGs
[2021-12-19 04:29:18,739] {logging_mixin.py:109} INFO - [2021-12-19 04:29:18,738] {dag.py:2928} INFO - Setting next_dagrun for latest_only to 2021-12-19T00:29:18.737786+00:00
[2021-12-19 04:29:18,816] {processor.py:171} INFO - Processing /home/airflow/.local/lib/python3.7/site-packages/airflow/example_dags/example_latest_only.py took 0.221 seconds
[2021-12-19 04:30:00,728] {processor.py:163} INFO - Started process (PID=858) to work on /home/airflow/.local/lib/python3.7/site-packages/airflow/example_dags/example_latest_only.py
[2021-12-19 04:30:00,733] {processor.py:625} INFO - Processing file /home/airflow/.local/lib/python3.7/site-packages/airflow/example_dags/example_latest_only.py for tasks to queue
[2021-12-19 04:30:00,735] {logging_mixin.py:109} INFO - [2021-12-19 04:30:00,735] {dagbag.py:500} INFO - Filling up the DagBag from /home/airflow/.local/lib/python3.7/site-packages/airflow/example_dags/example_latest_only.py
[2021-12-19 04:30:00,819] {processor.py:637} INFO - DAG(s) dict_keys(['latest_only']) retrieved from /home/airflow/.local/lib/python3.7/site-packages/airflow/example_dags/example_latest_only.py
[2021-12-19 04:30:00,851] {logging_mixin.py:109} INFO - [2021-12-19 04:30:00,850] {dag.py:2396} INFO - Sync 1 DAGs
[2021-12-19 04:30:00,892] {logging_mixin.py:109} INFO - [2021-12-19 04:30:00,892] {dag.py:2928} INFO - Setting next_dagrun for latest_only to 2021-12-19T00:30:00.891274+00:00
[2021-12-19 04:30:05,176] {processor.py:171} INFO - Processing /home/airflow/.local/lib/python3.7/site-packages/airflow/example_dags/example_latest_only.py took 4.458 seconds
[2021-12-19 04:30:35,960] {processor.py:163} INFO - Started process (PID=897) to work on /home/airflow/.local/lib/python3.7/site-packages/airflow/example_dags/example_latest_only.py
[2021-12-19 04:30:36,014] {processor.py:625} INFO - Processing file /home/airflow/.local/lib/python3.7/site-packages/airflow/example_dags/example_latest_only.py for tasks to queue
[2021-12-19 04:30:36,017] {logging_mixin.py:109} INFO - [2021-12-19 04:30:36,016] {dagbag.py:500} INFO - Filling up the DagBag from /home/airflow/.local/lib/python3.7/site-packages/airflow/example_dags/example_latest_only.py
[2021-12-19 04:30:36,072] {processor.py:637} INFO - DAG(s) dict_keys(['latest_only']) retrieved from /home/airflow/.local/lib/python3.7/site-packages/airflow/example_dags/example_latest_only.py
[2021-12-19 04:30:36,096] {logging_mixin.py:109} INFO - [2021-12-19 04:30:36,096] {dag.py:2396} INFO - Sync 1 DAGs
[2021-12-19 04:30:36,122] {logging_mixin.py:109} INFO - [2021-12-19 04:30:36,122] {dag.py:2928} INFO - Setting next_dagrun for latest_only to 2021-12-19T00:30:36.121616+00:00
[2021-12-19 04:30:36,659] {processor.py:171} INFO - Processing /home/airflow/.local/lib/python3.7/site-packages/airflow/example_dags/example_latest_only.py took 0.704 seconds
[2021-12-19 04:31:52,127] {processor.py:163} INFO - Started process (PID=953) to work on /home/airflow/.local/lib/python3.7/site-packages/airflow/example_dags/example_latest_only.py
[2021-12-19 04:31:52,142] {processor.py:625} INFO - Processing file /home/airflow/.local/lib/python3.7/site-packages/airflow/example_dags/example_latest_only.py for tasks to queue
[2021-12-19 04:31:52,151] {logging_mixin.py:109} INFO - [2021-12-19 04:31:52,151] {dagbag.py:500} INFO - Filling up the DagBag from /home/airflow/.local/lib/python3.7/site-packages/airflow/example_dags/example_latest_only.py
[2021-12-19 04:31:52,351] {processor.py:637} INFO - DAG(s) dict_keys(['latest_only']) retrieved from /home/airflow/.local/lib/python3.7/site-packages/airflow/example_dags/example_latest_only.py
[2021-12-19 04:31:52,413] {logging_mixin.py:109} INFO - [2021-12-19 04:31:52,412] {dag.py:2396} INFO - Sync 1 DAGs
[2021-12-19 04:31:52,488] {logging_mixin.py:109} INFO - [2021-12-19 04:31:52,488] {dag.py:2928} INFO - Setting next_dagrun for latest_only to 2021-12-19T00:31:52.487224+00:00
[2021-12-19 04:31:53,221] {processor.py:171} INFO - Processing /home/airflow/.local/lib/python3.7/site-packages/airflow/example_dags/example_latest_only.py took 1.126 seconds
[2021-12-19 04:32:30,111] {processor.py:163} INFO - Started process (PID=986) to work on /home/airflow/.local/lib/python3.7/site-packages/airflow/example_dags/example_latest_only.py
[2021-12-19 04:32:30,116] {processor.py:625} INFO - Processing file /home/airflow/.local/lib/python3.7/site-packages/airflow/example_dags/example_latest_only.py for tasks to queue
[2021-12-19 04:32:30,119] {logging_mixin.py:109} INFO - [2021-12-19 04:32:30,119] {dagbag.py:500} INFO - Filling up the DagBag from /home/airflow/.local/lib/python3.7/site-packages/airflow/example_dags/example_latest_only.py
[2021-12-19 04:32:30,204] {processor.py:637} INFO - DAG(s) dict_keys(['latest_only']) retrieved from /home/airflow/.local/lib/python3.7/site-packages/airflow/example_dags/example_latest_only.py
[2021-12-19 04:32:30,238] {logging_mixin.py:109} INFO - [2021-12-19 04:32:30,237] {dag.py:2396} INFO - Sync 1 DAGs
[2021-12-19 04:32:30,286] {logging_mixin.py:109} INFO - [2021-12-19 04:32:30,286] {dag.py:2928} INFO - Setting next_dagrun for latest_only to 2021-12-19T00:32:30.285582+00:00
[2021-12-19 04:32:30,317] {processor.py:171} INFO - Processing /home/airflow/.local/lib/python3.7/site-packages/airflow/example_dags/example_latest_only.py took 0.217 seconds
[2021-12-19 04:33:28,498] {processor.py:163} INFO - Started process (PID=1025) to work on /home/airflow/.local/lib/python3.7/site-packages/airflow/example_dags/example_latest_only.py
[2021-12-19 04:33:28,509] {processor.py:625} INFO - Processing file /home/airflow/.local/lib/python3.7/site-packages/airflow/example_dags/example_latest_only.py for tasks to queue
[2021-12-19 04:33:28,512] {logging_mixin.py:109} INFO - [2021-12-19 04:33:28,512] {dagbag.py:500} INFO - Filling up the DagBag from /home/airflow/.local/lib/python3.7/site-packages/airflow/example_dags/example_latest_only.py
[2021-12-19 04:33:28,594] {processor.py:637} INFO - DAG(s) dict_keys(['latest_only']) retrieved from /home/airflow/.local/lib/python3.7/site-packages/airflow/example_dags/example_latest_only.py
[2021-12-19 04:33:28,621] {logging_mixin.py:109} INFO - [2021-12-19 04:33:28,621] {dag.py:2396} INFO - Sync 1 DAGs
[2021-12-19 04:33:28,656] {logging_mixin.py:109} INFO - [2021-12-19 04:33:28,656] {dag.py:2928} INFO - Setting next_dagrun for latest_only to 2021-12-19T00:33:28.656017+00:00
[2021-12-19 04:33:28,749] {processor.py:171} INFO - Processing /home/airflow/.local/lib/python3.7/site-packages/airflow/example_dags/example_latest_only.py took 0.269 seconds
[2021-12-19 04:34:07,839] {processor.py:163} INFO - Started process (PID=1068) to work on /home/airflow/.local/lib/python3.7/site-packages/airflow/example_dags/example_latest_only.py
[2021-12-19 04:34:07,845] {processor.py:625} INFO - Processing file /home/airflow/.local/lib/python3.7/site-packages/airflow/example_dags/example_latest_only.py for tasks to queue
[2021-12-19 04:34:07,847] {logging_mixin.py:109} INFO - [2021-12-19 04:34:07,846] {dagbag.py:500} INFO - Filling up the DagBag from /home/airflow/.local/lib/python3.7/site-packages/airflow/example_dags/example_latest_only.py
[2021-12-19 04:34:07,897] {processor.py:637} INFO - DAG(s) dict_keys(['latest_only']) retrieved from /home/airflow/.local/lib/python3.7/site-packages/airflow/example_dags/example_latest_only.py
[2021-12-19 04:34:07,921] {logging_mixin.py:109} INFO - [2021-12-19 04:34:07,921] {dag.py:2396} INFO - Sync 1 DAGs
[2021-12-19 04:34:07,954] {logging_mixin.py:109} INFO - [2021-12-19 04:34:07,954] {dag.py:2928} INFO - Setting next_dagrun for latest_only to 2021-12-19T00:34:07.953672+00:00
[2021-12-19 04:34:07,981] {processor.py:171} INFO - Processing /home/airflow/.local/lib/python3.7/site-packages/airflow/example_dags/example_latest_only.py took 0.148 seconds
[2021-12-19 04:35:02,881] {processor.py:163} INFO - Started process (PID=1120) to work on /home/airflow/.local/lib/python3.7/site-packages/airflow/example_dags/example_latest_only.py
[2021-12-19 04:35:02,886] {processor.py:625} INFO - Processing file /home/airflow/.local/lib/python3.7/site-packages/airflow/example_dags/example_latest_only.py for tasks to queue
[2021-12-19 04:35:02,889] {logging_mixin.py:109} INFO - [2021-12-19 04:35:02,888] {dagbag.py:500} INFO - Filling up the DagBag from /home/airflow/.local/lib/python3.7/site-packages/airflow/example_dags/example_latest_only.py
[2021-12-19 04:35:02,973] {processor.py:637} INFO - DAG(s) dict_keys(['latest_only']) retrieved from /home/airflow/.local/lib/python3.7/site-packages/airflow/example_dags/example_latest_only.py
[2021-12-19 04:35:03,018] {logging_mixin.py:109} INFO - [2021-12-19 04:35:03,016] {dag.py:2396} INFO - Sync 1 DAGs
[2021-12-19 04:35:03,081] {logging_mixin.py:109} INFO - [2021-12-19 04:35:03,080] {dag.py:2928} INFO - Setting next_dagrun for latest_only to 2021-12-19T00:35:03.079566+00:00
[2021-12-19 04:35:03,115] {processor.py:171} INFO - Processing /home/airflow/.local/lib/python3.7/site-packages/airflow/example_dags/example_latest_only.py took 0.246 seconds
[2021-12-19 04:35:35,286] {processor.py:163} INFO - Started process (PID=1162) to work on /home/airflow/.local/lib/python3.7/site-packages/airflow/example_dags/example_latest_only.py
[2021-12-19 04:35:35,291] {processor.py:625} INFO - Processing file /home/airflow/.local/lib/python3.7/site-packages/airflow/example_dags/example_latest_only.py for tasks to queue
[2021-12-19 04:35:35,296] {logging_mixin.py:109} INFO - [2021-12-19 04:35:35,296] {dagbag.py:500} INFO - Filling up the DagBag from /home/airflow/.local/lib/python3.7/site-packages/airflow/example_dags/example_latest_only.py
[2021-12-19 04:35:35,411] {processor.py:637} INFO - DAG(s) dict_keys(['latest_only']) retrieved from /home/airflow/.local/lib/python3.7/site-packages/airflow/example_dags/example_latest_only.py
[2021-12-19 04:35:35,453] {logging_mixin.py:109} INFO - [2021-12-19 04:35:35,452] {dag.py:2396} INFO - Sync 1 DAGs
[2021-12-19 04:35:35,510] {logging_mixin.py:109} INFO - [2021-12-19 04:35:35,510] {dag.py:2928} INFO - Setting next_dagrun for latest_only to 2021-12-19T00:35:35.509626+00:00
[2021-12-19 04:35:35,546] {processor.py:171} INFO - Processing /home/airflow/.local/lib/python3.7/site-packages/airflow/example_dags/example_latest_only.py took 0.277 seconds
[2021-12-19 04:36:31,769] {processor.py:163} INFO - Started process (PID=1222) to work on /home/airflow/.local/lib/python3.7/site-packages/airflow/example_dags/example_latest_only.py
[2021-12-19 04:36:31,843] {processor.py:625} INFO - Processing file /home/airflow/.local/lib/python3.7/site-packages/airflow/example_dags/example_latest_only.py for tasks to queue
[2021-12-19 04:36:31,846] {logging_mixin.py:109} INFO - [2021-12-19 04:36:31,845] {dagbag.py:500} INFO - Filling up the DagBag from /home/airflow/.local/lib/python3.7/site-packages/airflow/example_dags/example_latest_only.py
[2021-12-19 04:36:31,947] {processor.py:637} INFO - DAG(s) dict_keys(['latest_only']) retrieved from /home/airflow/.local/lib/python3.7/site-packages/airflow/example_dags/example_latest_only.py
[2021-12-19 04:36:32,024] {logging_mixin.py:109} INFO - [2021-12-19 04:36:32,024] {dag.py:2396} INFO - Sync 1 DAGs
[2021-12-19 04:36:32,072] {logging_mixin.py:109} INFO - [2021-12-19 04:36:32,072] {dag.py:2928} INFO - Setting next_dagrun for latest_only to 2021-12-19T00:36:32.071844+00:00
[2021-12-19 04:36:34,336] {processor.py:171} INFO - Processing /home/airflow/.local/lib/python3.7/site-packages/airflow/example_dags/example_latest_only.py took 2.582 seconds
[2021-12-19 04:37:56,993] {processor.py:163} INFO - Started process (PID=1255) to work on /home/airflow/.local/lib/python3.7/site-packages/airflow/example_dags/example_latest_only.py
[2021-12-19 04:37:56,998] {processor.py:625} INFO - Processing file /home/airflow/.local/lib/python3.7/site-packages/airflow/example_dags/example_latest_only.py for tasks to queue
[2021-12-19 04:37:56,999] {logging_mixin.py:109} INFO - [2021-12-19 04:37:56,999] {dagbag.py:500} INFO - Filling up the DagBag from /home/airflow/.local/lib/python3.7/site-packages/airflow/example_dags/example_latest_only.py
[2021-12-19 04:37:57,073] {processor.py:637} INFO - DAG(s) dict_keys(['latest_only']) retrieved from /home/airflow/.local/lib/python3.7/site-packages/airflow/example_dags/example_latest_only.py
[2021-12-19 04:37:57,112] {logging_mixin.py:109} INFO - [2021-12-19 04:37:57,112] {dag.py:2396} INFO - Sync 1 DAGs
[2021-12-19 04:37:57,165] {logging_mixin.py:109} INFO - [2021-12-19 04:37:57,165] {dag.py:2928} INFO - Setting next_dagrun for latest_only to 2021-12-19T00:37:57.163247+00:00
[2021-12-19 04:37:57,209] {processor.py:171} INFO - Processing /home/airflow/.local/lib/python3.7/site-packages/airflow/example_dags/example_latest_only.py took 0.223 seconds
[2021-12-19 04:39:23,190] {processor.py:163} INFO - Started process (PID=1308) to work on /home/airflow/.local/lib/python3.7/site-packages/airflow/example_dags/example_latest_only.py
[2021-12-19 04:39:23,208] {processor.py:625} INFO - Processing file /home/airflow/.local/lib/python3.7/site-packages/airflow/example_dags/example_latest_only.py for tasks to queue
[2021-12-19 04:39:23,212] {logging_mixin.py:109} INFO - [2021-12-19 04:39:23,211] {dagbag.py:500} INFO - Filling up the DagBag from /home/airflow/.local/lib/python3.7/site-packages/airflow/example_dags/example_latest_only.py
[2021-12-19 04:39:23,369] {processor.py:637} INFO - DAG(s) dict_keys(['latest_only']) retrieved from /home/airflow/.local/lib/python3.7/site-packages/airflow/example_dags/example_latest_only.py
[2021-12-19 04:39:23,445] {logging_mixin.py:109} INFO - [2021-12-19 04:39:23,445] {dag.py:2396} INFO - Sync 1 DAGs
[2021-12-19 04:39:23,544] {logging_mixin.py:109} INFO - [2021-12-19 04:39:23,543] {dag.py:2928} INFO - Setting next_dagrun for latest_only to 2021-12-19T00:39:23.542824+00:00
[2021-12-19 04:39:23,828] {processor.py:171} INFO - Processing /home/airflow/.local/lib/python3.7/site-packages/airflow/example_dags/example_latest_only.py took 0.659 seconds
[2021-12-19 04:39:55,117] {processor.py:163} INFO - Started process (PID=1358) to work on /home/airflow/.local/lib/python3.7/site-packages/airflow/example_dags/example_latest_only.py
[2021-12-19 04:39:55,121] {processor.py:625} INFO - Processing file /home/airflow/.local/lib/python3.7/site-packages/airflow/example_dags/example_latest_only.py for tasks to queue
[2021-12-19 04:39:55,124] {logging_mixin.py:109} INFO - [2021-12-19 04:39:55,123] {dagbag.py:500} INFO - Filling up the DagBag from /home/airflow/.local/lib/python3.7/site-packages/airflow/example_dags/example_latest_only.py
[2021-12-19 04:39:56,720] {processor.py:637} INFO - DAG(s) dict_keys(['latest_only']) retrieved from /home/airflow/.local/lib/python3.7/site-packages/airflow/example_dags/example_latest_only.py
[2021-12-19 04:40:05,930] {logging_mixin.py:109} INFO - [2021-12-19 04:40:05,930] {dag.py:2396} INFO - Sync 1 DAGs
[2021-12-19 04:40:06,016] {logging_mixin.py:109} INFO - [2021-12-19 04:40:06,015] {dag.py:2928} INFO - Setting next_dagrun for latest_only to 2021-12-19T00:40:06.013709+00:00
[2021-12-19 04:40:06,709] {processor.py:171} INFO - Processing /home/airflow/.local/lib/python3.7/site-packages/airflow/example_dags/example_latest_only.py took 11.610 seconds
[2021-12-19 04:41:36,764] {processor.py:163} INFO - Started process (PID=1390) to work on /home/airflow/.local/lib/python3.7/site-packages/airflow/example_dags/example_latest_only.py
[2021-12-19 04:41:36,770] {processor.py:625} INFO - Processing file /home/airflow/.local/lib/python3.7/site-packages/airflow/example_dags/example_latest_only.py for tasks to queue
[2021-12-19 04:41:36,773] {logging_mixin.py:109} INFO - [2021-12-19 04:41:36,772] {dagbag.py:500} INFO - Filling up the DagBag from /home/airflow/.local/lib/python3.7/site-packages/airflow/example_dags/example_latest_only.py
[2021-12-19 04:41:36,858] {processor.py:637} INFO - DAG(s) dict_keys(['latest_only']) retrieved from /home/airflow/.local/lib/python3.7/site-packages/airflow/example_dags/example_latest_only.py
[2021-12-19 04:41:36,892] {logging_mixin.py:109} INFO - [2021-12-19 04:41:36,892] {dag.py:2396} INFO - Sync 1 DAGs
[2021-12-19 04:41:36,934] {logging_mixin.py:109} INFO - [2021-12-19 04:41:36,934] {dag.py:2928} INFO - Setting next_dagrun for latest_only to 2021-12-19T00:41:36.933789+00:00
[2021-12-19 04:41:36,969] {processor.py:171} INFO - Processing /home/airflow/.local/lib/python3.7/site-packages/airflow/example_dags/example_latest_only.py took 0.217 seconds
[2021-12-19 04:42:55,759] {processor.py:163} INFO - Started process (PID=1441) to work on /home/airflow/.local/lib/python3.7/site-packages/airflow/example_dags/example_latest_only.py
[2021-12-19 04:42:55,817] {processor.py:625} INFO - Processing file /home/airflow/.local/lib/python3.7/site-packages/airflow/example_dags/example_latest_only.py for tasks to queue
[2021-12-19 04:42:55,862] {logging_mixin.py:109} INFO - [2021-12-19 04:42:55,861] {dagbag.py:500} INFO - Filling up the DagBag from /home/airflow/.local/lib/python3.7/site-packages/airflow/example_dags/example_latest_only.py
[2021-12-19 04:42:55,961] {processor.py:637} INFO - DAG(s) dict_keys(['latest_only']) retrieved from /home/airflow/.local/lib/python3.7/site-packages/airflow/example_dags/example_latest_only.py
[2021-12-19 04:42:55,994] {logging_mixin.py:109} INFO - [2021-12-19 04:42:55,994] {dag.py:2396} INFO - Sync 1 DAGs
[2021-12-19 04:42:56,031] {logging_mixin.py:109} INFO - [2021-12-19 04:42:56,031] {dag.py:2928} INFO - Setting next_dagrun for latest_only to 2021-12-19T00:42:56.030846+00:00
[2021-12-19 04:42:57,460] {processor.py:171} INFO - Processing /home/airflow/.local/lib/python3.7/site-packages/airflow/example_dags/example_latest_only.py took 1.714 seconds
[2021-12-19 04:43:30,033] {processor.py:163} INFO - Started process (PID=1492) to work on /home/airflow/.local/lib/python3.7/site-packages/airflow/example_dags/example_latest_only.py
[2021-12-19 04:43:30,039] {processor.py:625} INFO - Processing file /home/airflow/.local/lib/python3.7/site-packages/airflow/example_dags/example_latest_only.py for tasks to queue
[2021-12-19 04:43:30,042] {logging_mixin.py:109} INFO - [2021-12-19 04:43:30,041] {dagbag.py:500} INFO - Filling up the DagBag from /home/airflow/.local/lib/python3.7/site-packages/airflow/example_dags/example_latest_only.py
[2021-12-19 04:43:30,147] {processor.py:637} INFO - DAG(s) dict_keys(['latest_only']) retrieved from /home/airflow/.local/lib/python3.7/site-packages/airflow/example_dags/example_latest_only.py
[2021-12-19 04:43:30,183] {logging_mixin.py:109} INFO - [2021-12-19 04:43:30,183] {dag.py:2396} INFO - Sync 1 DAGs
[2021-12-19 04:43:30,232] {logging_mixin.py:109} INFO - [2021-12-19 04:43:30,231] {dag.py:2928} INFO - Setting next_dagrun for latest_only to 2021-12-19T00:43:30.230757+00:00
[2021-12-19 04:43:30,267] {processor.py:171} INFO - Processing /home/airflow/.local/lib/python3.7/site-packages/airflow/example_dags/example_latest_only.py took 0.248 seconds
[2021-12-19 04:44:15,038] {processor.py:163} INFO - Started process (PID=1545) to work on /home/airflow/.local/lib/python3.7/site-packages/airflow/example_dags/example_latest_only.py
[2021-12-19 04:44:15,043] {processor.py:625} INFO - Processing file /home/airflow/.local/lib/python3.7/site-packages/airflow/example_dags/example_latest_only.py for tasks to queue
[2021-12-19 04:44:15,066] {logging_mixin.py:109} INFO - [2021-12-19 04:44:15,066] {dagbag.py:500} INFO - Filling up the DagBag from /home/airflow/.local/lib/python3.7/site-packages/airflow/example_dags/example_latest_only.py
[2021-12-19 04:44:15,328] {processor.py:637} INFO - DAG(s) dict_keys(['latest_only']) retrieved from /home/airflow/.local/lib/python3.7/site-packages/airflow/example_dags/example_latest_only.py
[2021-12-19 04:44:15,418] {logging_mixin.py:109} INFO - [2021-12-19 04:44:15,418] {dag.py:2396} INFO - Sync 1 DAGs
[2021-12-19 04:44:15,544] {logging_mixin.py:109} INFO - [2021-12-19 04:44:15,544] {dag.py:2928} INFO - Setting next_dagrun for latest_only to 2021-12-19T00:44:15.542346+00:00
[2021-12-19 04:44:18,175] {processor.py:171} INFO - Processing /home/airflow/.local/lib/python3.7/site-packages/airflow/example_dags/example_latest_only.py took 3.160 seconds
[2021-12-19 04:45:06,409] {processor.py:163} INFO - Started process (PID=1590) to work on /home/airflow/.local/lib/python3.7/site-packages/airflow/example_dags/example_latest_only.py
[2021-12-19 04:45:06,416] {processor.py:625} INFO - Processing file /home/airflow/.local/lib/python3.7/site-packages/airflow/example_dags/example_latest_only.py for tasks to queue
[2021-12-19 04:45:06,418] {logging_mixin.py:109} INFO - [2021-12-19 04:45:06,418] {dagbag.py:500} INFO - Filling up the DagBag from /home/airflow/.local/lib/python3.7/site-packages/airflow/example_dags/example_latest_only.py
[2021-12-19 04:45:06,534] {processor.py:637} INFO - DAG(s) dict_keys(['latest_only']) retrieved from /home/airflow/.local/lib/python3.7/site-packages/airflow/example_dags/example_latest_only.py
[2021-12-19 04:45:06,561] {logging_mixin.py:109} INFO - [2021-12-19 04:45:06,560] {dag.py:2396} INFO - Sync 1 DAGs
[2021-12-19 04:45:06,606] {logging_mixin.py:109} INFO - [2021-12-19 04:45:06,606] {dag.py:2928} INFO - Setting next_dagrun for latest_only to 2021-12-19T00:45:06.605718+00:00
[2021-12-19 04:45:06,643] {processor.py:171} INFO - Processing /home/airflow/.local/lib/python3.7/site-packages/airflow/example_dags/example_latest_only.py took 0.247 seconds
[2021-12-19 04:46:54,034] {processor.py:163} INFO - Started process (PID=1639) to work on /home/airflow/.local/lib/python3.7/site-packages/airflow/example_dags/example_latest_only.py
[2021-12-19 04:46:54,040] {processor.py:625} INFO - Processing file /home/airflow/.local/lib/python3.7/site-packages/airflow/example_dags/example_latest_only.py for tasks to queue
[2021-12-19 04:46:54,042] {logging_mixin.py:109} INFO - [2021-12-19 04:46:54,041] {dagbag.py:500} INFO - Filling up the DagBag from /home/airflow/.local/lib/python3.7/site-packages/airflow/example_dags/example_latest_only.py
[2021-12-19 04:46:54,123] {processor.py:637} INFO - DAG(s) dict_keys(['latest_only']) retrieved from /home/airflow/.local/lib/python3.7/site-packages/airflow/example_dags/example_latest_only.py
[2021-12-19 04:46:54,156] {logging_mixin.py:109} INFO - [2021-12-19 04:46:54,156] {dag.py:2396} INFO - Sync 1 DAGs
[2021-12-19 04:46:54,208] {logging_mixin.py:109} INFO - [2021-12-19 04:46:54,208] {dag.py:2928} INFO - Setting next_dagrun for latest_only to 2021-12-19T00:46:54.207401+00:00
[2021-12-19 04:46:54,405] {processor.py:171} INFO - Processing /home/airflow/.local/lib/python3.7/site-packages/airflow/example_dags/example_latest_only.py took 0.378 seconds
[2021-12-19 04:47:24,511] {processor.py:163} INFO - Started process (PID=1680) to work on /home/airflow/.local/lib/python3.7/site-packages/airflow/example_dags/example_latest_only.py
[2021-12-19 04:47:24,521] {processor.py:625} INFO - Processing file /home/airflow/.local/lib/python3.7/site-packages/airflow/example_dags/example_latest_only.py for tasks to queue
[2021-12-19 04:47:24,523] {logging_mixin.py:109} INFO - [2021-12-19 04:47:24,523] {dagbag.py:500} INFO - Filling up the DagBag from /home/airflow/.local/lib/python3.7/site-packages/airflow/example_dags/example_latest_only.py
[2021-12-19 04:47:24,589] {processor.py:637} INFO - DAG(s) dict_keys(['latest_only']) retrieved from /home/airflow/.local/lib/python3.7/site-packages/airflow/example_dags/example_latest_only.py
[2021-12-19 04:47:24,614] {logging_mixin.py:109} INFO - [2021-12-19 04:47:24,614] {dag.py:2396} INFO - Sync 1 DAGs
[2021-12-19 04:47:24,652] {logging_mixin.py:109} INFO - [2021-12-19 04:47:24,651] {dag.py:2928} INFO - Setting next_dagrun for latest_only to 2021-12-19T00:47:24.651000+00:00
[2021-12-19 04:47:24,686] {processor.py:171} INFO - Processing /home/airflow/.local/lib/python3.7/site-packages/airflow/example_dags/example_latest_only.py took 0.181 seconds
[2021-12-19 04:47:54,943] {processor.py:163} INFO - Started process (PID=1723) to work on /home/airflow/.local/lib/python3.7/site-packages/airflow/example_dags/example_latest_only.py
[2021-12-19 04:47:54,947] {processor.py:625} INFO - Processing file /home/airflow/.local/lib/python3.7/site-packages/airflow/example_dags/example_latest_only.py for tasks to queue
[2021-12-19 04:47:54,949] {logging_mixin.py:109} INFO - [2021-12-19 04:47:54,949] {dagbag.py:500} INFO - Filling up the DagBag from /home/airflow/.local/lib/python3.7/site-packages/airflow/example_dags/example_latest_only.py
[2021-12-19 04:47:55,004] {processor.py:637} INFO - DAG(s) dict_keys(['latest_only']) retrieved from /home/airflow/.local/lib/python3.7/site-packages/airflow/example_dags/example_latest_only.py
[2021-12-19 04:47:55,025] {logging_mixin.py:109} INFO - [2021-12-19 04:47:55,025] {dag.py:2396} INFO - Sync 1 DAGs
[2021-12-19 04:47:55,058] {logging_mixin.py:109} INFO - [2021-12-19 04:47:55,058] {dag.py:2928} INFO - Setting next_dagrun for latest_only to 2021-12-19T00:47:55.057725+00:00
[2021-12-19 04:47:55,090] {processor.py:171} INFO - Processing /home/airflow/.local/lib/python3.7/site-packages/airflow/example_dags/example_latest_only.py took 0.158 seconds
[2021-12-19 04:48:25,730] {processor.py:163} INFO - Started process (PID=1777) to work on /home/airflow/.local/lib/python3.7/site-packages/airflow/example_dags/example_latest_only.py
[2021-12-19 04:48:25,733] {processor.py:625} INFO - Processing file /home/airflow/.local/lib/python3.7/site-packages/airflow/example_dags/example_latest_only.py for tasks to queue
[2021-12-19 04:48:25,735] {logging_mixin.py:109} INFO - [2021-12-19 04:48:25,734] {dagbag.py:500} INFO - Filling up the DagBag from /home/airflow/.local/lib/python3.7/site-packages/airflow/example_dags/example_latest_only.py
[2021-12-19 04:48:25,791] {processor.py:637} INFO - DAG(s) dict_keys(['latest_only']) retrieved from /home/airflow/.local/lib/python3.7/site-packages/airflow/example_dags/example_latest_only.py
[2021-12-19 04:48:25,815] {logging_mixin.py:109} INFO - [2021-12-19 04:48:25,815] {dag.py:2396} INFO - Sync 1 DAGs
[2021-12-19 04:48:25,844] {logging_mixin.py:109} INFO - [2021-12-19 04:48:25,844] {dag.py:2928} INFO - Setting next_dagrun for latest_only to 2021-12-19T00:48:25.843743+00:00
[2021-12-19 04:48:26,190] {processor.py:171} INFO - Processing /home/airflow/.local/lib/python3.7/site-packages/airflow/example_dags/example_latest_only.py took 0.467 seconds
[2021-12-19 04:48:56,320] {processor.py:163} INFO - Started process (PID=1828) to work on /home/airflow/.local/lib/python3.7/site-packages/airflow/example_dags/example_latest_only.py
[2021-12-19 04:48:56,323] {processor.py:625} INFO - Processing file /home/airflow/.local/lib/python3.7/site-packages/airflow/example_dags/example_latest_only.py for tasks to queue
[2021-12-19 04:48:56,325] {logging_mixin.py:109} INFO - [2021-12-19 04:48:56,325] {dagbag.py:500} INFO - Filling up the DagBag from /home/airflow/.local/lib/python3.7/site-packages/airflow/example_dags/example_latest_only.py
[2021-12-19 04:48:56,380] {processor.py:637} INFO - DAG(s) dict_keys(['latest_only']) retrieved from /home/airflow/.local/lib/python3.7/site-packages/airflow/example_dags/example_latest_only.py
[2021-12-19 04:48:56,404] {logging_mixin.py:109} INFO - [2021-12-19 04:48:56,404] {dag.py:2396} INFO - Sync 1 DAGs
[2021-12-19 04:48:56,446] {logging_mixin.py:109} INFO - [2021-12-19 04:48:56,446] {dag.py:2928} INFO - Setting next_dagrun for latest_only to 2021-12-19T00:48:56.445841+00:00
[2021-12-19 04:48:56,476] {processor.py:171} INFO - Processing /home/airflow/.local/lib/python3.7/site-packages/airflow/example_dags/example_latest_only.py took 0.163 seconds
[2021-12-19 04:49:40,236] {processor.py:163} INFO - Started process (PID=1874) to work on /home/airflow/.local/lib/python3.7/site-packages/airflow/example_dags/example_latest_only.py
[2021-12-19 04:49:40,249] {processor.py:625} INFO - Processing file /home/airflow/.local/lib/python3.7/site-packages/airflow/example_dags/example_latest_only.py for tasks to queue
[2021-12-19 04:49:40,251] {logging_mixin.py:109} INFO - [2021-12-19 04:49:40,251] {dagbag.py:500} INFO - Filling up the DagBag from /home/airflow/.local/lib/python3.7/site-packages/airflow/example_dags/example_latest_only.py
[2021-12-19 04:49:41,614] {processor.py:637} INFO - DAG(s) dict_keys(['latest_only']) retrieved from /home/airflow/.local/lib/python3.7/site-packages/airflow/example_dags/example_latest_only.py
[2021-12-19 04:49:41,650] {logging_mixin.py:109} INFO - [2021-12-19 04:49:41,650] {dag.py:2396} INFO - Sync 1 DAGs
[2021-12-19 04:49:41,688] {logging_mixin.py:109} INFO - [2021-12-19 04:49:41,688] {dag.py:2928} INFO - Setting next_dagrun for latest_only to 2021-12-19T00:49:41.687789+00:00
[2021-12-19 04:49:41,720] {processor.py:171} INFO - Processing /home/airflow/.local/lib/python3.7/site-packages/airflow/example_dags/example_latest_only.py took 1.500 seconds
[2021-12-19 04:50:24,127] {processor.py:163} INFO - Started process (PID=1925) to work on /home/airflow/.local/lib/python3.7/site-packages/airflow/example_dags/example_latest_only.py
[2021-12-19 04:50:24,134] {processor.py:625} INFO - Processing file /home/airflow/.local/lib/python3.7/site-packages/airflow/example_dags/example_latest_only.py for tasks to queue
[2021-12-19 04:50:24,137] {logging_mixin.py:109} INFO - [2021-12-19 04:50:24,137] {dagbag.py:500} INFO - Filling up the DagBag from /home/airflow/.local/lib/python3.7/site-packages/airflow/example_dags/example_latest_only.py
[2021-12-19 04:50:24,242] {processor.py:637} INFO - DAG(s) dict_keys(['latest_only']) retrieved from /home/airflow/.local/lib/python3.7/site-packages/airflow/example_dags/example_latest_only.py
[2021-12-19 04:50:24,288] {logging_mixin.py:109} INFO - [2021-12-19 04:50:24,287] {dag.py:2396} INFO - Sync 1 DAGs
[2021-12-19 04:50:24,341] {logging_mixin.py:109} INFO - [2021-12-19 04:50:24,341] {dag.py:2928} INFO - Setting next_dagrun for latest_only to 2021-12-19T00:50:24.340135+00:00
[2021-12-19 04:50:26,434] {processor.py:171} INFO - Processing /home/airflow/.local/lib/python3.7/site-packages/airflow/example_dags/example_latest_only.py took 2.319 seconds
