[2021-12-19 04:16:27,481] {processor.py:163} INFO - Started process (PID=385) to work on /home/airflow/.local/lib/python3.7/site-packages/airflow/example_dags/example_branch_datetime_operator.py
[2021-12-19 04:16:27,486] {processor.py:625} INFO - Processing file /home/airflow/.local/lib/python3.7/site-packages/airflow/example_dags/example_branch_datetime_operator.py for tasks to queue
[2021-12-19 04:16:27,490] {logging_mixin.py:109} INFO - [2021-12-19 04:16:27,490] {dagbag.py:500} INFO - Filling up the DagBag from /home/airflow/.local/lib/python3.7/site-packages/airflow/example_dags/example_branch_datetime_operator.py
[2021-12-19 04:16:29,769] {processor.py:637} INFO - DAG(s) dict_keys(['example_branch_datetime_operator_2']) retrieved from /home/airflow/.local/lib/python3.7/site-packages/airflow/example_dags/example_branch_datetime_operator.py
[2021-12-19 04:16:33,225] {logging_mixin.py:109} INFO - [2021-12-19 04:16:33,225] {providers_manager.py:156} WARNING - Exception when importing 'airflow.providers.google.leveldb.hooks.leveldb.LevelDBHook' from 'apache-airflow-providers-google' package: No module named 'plyvel'
[2021-12-19 04:16:33,660] {logging_mixin.py:109} INFO - [2021-12-19 04:16:33,660] {providers_manager.py:156} WARNING - Exception when importing 'airflow.providers.google.leveldb.hooks.leveldb.LevelDBHook' from 'apache-airflow-providers-google' package: No module named 'plyvel'
[2021-12-19 04:16:36,075] {logging_mixin.py:109} INFO - [2021-12-19 04:16:36,075] {manager.py:496} INFO - Created Permission View: can read on DAG:example_branch_datetime_operator_2
[2021-12-19 04:16:36,147] {logging_mixin.py:109} INFO - [2021-12-19 04:16:36,146] {manager.py:496} INFO - Created Permission View: can edit on DAG:example_branch_datetime_operator_2
[2021-12-19 04:16:36,150] {logging_mixin.py:109} INFO - [2021-12-19 04:16:36,149] {dag.py:2396} INFO - Sync 1 DAGs
[2021-12-19 04:16:36,192] {logging_mixin.py:109} INFO - [2021-12-19 04:16:36,191] {dag.py:2415} INFO - Creating ORM DAG for example_branch_datetime_operator_2
[2021-12-19 04:16:36,215] {logging_mixin.py:109} INFO - [2021-12-19 04:16:36,215] {dag.py:2928} INFO - Setting next_dagrun for example_branch_datetime_operator_2 to 2021-12-18 00:00:00+00:00
[2021-12-19 04:16:36,311] {processor.py:171} INFO - Processing /home/airflow/.local/lib/python3.7/site-packages/airflow/example_dags/example_branch_datetime_operator.py took 8.844 seconds
[2021-12-19 04:18:42,361] {processor.py:163} INFO - Started process (PID=465) to work on /home/airflow/.local/lib/python3.7/site-packages/airflow/example_dags/example_branch_datetime_operator.py
[2021-12-19 04:18:42,374] {processor.py:625} INFO - Processing file /home/airflow/.local/lib/python3.7/site-packages/airflow/example_dags/example_branch_datetime_operator.py for tasks to queue
[2021-12-19 04:18:42,377] {logging_mixin.py:109} INFO - [2021-12-19 04:18:42,377] {dagbag.py:500} INFO - Filling up the DagBag from /home/airflow/.local/lib/python3.7/site-packages/airflow/example_dags/example_branch_datetime_operator.py
[2021-12-19 04:18:42,615] {processor.py:637} INFO - DAG(s) dict_keys(['example_branch_datetime_operator_2']) retrieved from /home/airflow/.local/lib/python3.7/site-packages/airflow/example_dags/example_branch_datetime_operator.py
[2021-12-19 04:18:42,710] {logging_mixin.py:109} INFO - [2021-12-19 04:18:42,709] {dag.py:2396} INFO - Sync 1 DAGs
[2021-12-19 04:18:42,899] {logging_mixin.py:109} INFO - [2021-12-19 04:18:42,898] {dag.py:2928} INFO - Setting next_dagrun for example_branch_datetime_operator_2 to 2021-12-18 00:00:00+00:00
[2021-12-19 04:18:43,609] {processor.py:171} INFO - Processing /home/airflow/.local/lib/python3.7/site-packages/airflow/example_dags/example_branch_datetime_operator.py took 1.256 seconds
[2021-12-19 04:20:14,979] {processor.py:163} INFO - Started process (PID=519) to work on /home/airflow/.local/lib/python3.7/site-packages/airflow/example_dags/example_branch_datetime_operator.py
[2021-12-19 04:20:14,986] {processor.py:625} INFO - Processing file /home/airflow/.local/lib/python3.7/site-packages/airflow/example_dags/example_branch_datetime_operator.py for tasks to queue
[2021-12-19 04:20:14,994] {logging_mixin.py:109} INFO - [2021-12-19 04:20:14,990] {dagbag.py:500} INFO - Filling up the DagBag from /home/airflow/.local/lib/python3.7/site-packages/airflow/example_dags/example_branch_datetime_operator.py
[2021-12-19 04:20:15,230] {processor.py:637} INFO - DAG(s) dict_keys(['example_branch_datetime_operator_2']) retrieved from /home/airflow/.local/lib/python3.7/site-packages/airflow/example_dags/example_branch_datetime_operator.py
[2021-12-19 04:20:15,317] {logging_mixin.py:109} INFO - [2021-12-19 04:20:15,307] {dag.py:2396} INFO - Sync 1 DAGs
[2021-12-19 04:20:15,417] {logging_mixin.py:109} INFO - [2021-12-19 04:20:15,417] {dag.py:2928} INFO - Setting next_dagrun for example_branch_datetime_operator_2 to 2021-12-18 00:00:00+00:00
[2021-12-19 04:20:15,498] {processor.py:171} INFO - Processing /home/airflow/.local/lib/python3.7/site-packages/airflow/example_dags/example_branch_datetime_operator.py took 0.542 seconds
[2021-12-19 04:22:29,261] {processor.py:163} INFO - Started process (PID=563) to work on /home/airflow/.local/lib/python3.7/site-packages/airflow/example_dags/example_branch_datetime_operator.py
[2021-12-19 04:22:29,268] {processor.py:625} INFO - Processing file /home/airflow/.local/lib/python3.7/site-packages/airflow/example_dags/example_branch_datetime_operator.py for tasks to queue
[2021-12-19 04:22:29,278] {logging_mixin.py:109} INFO - [2021-12-19 04:22:29,277] {dagbag.py:500} INFO - Filling up the DagBag from /home/airflow/.local/lib/python3.7/site-packages/airflow/example_dags/example_branch_datetime_operator.py
[2021-12-19 04:22:29,455] {processor.py:637} INFO - DAG(s) dict_keys(['example_branch_datetime_operator_2']) retrieved from /home/airflow/.local/lib/python3.7/site-packages/airflow/example_dags/example_branch_datetime_operator.py
[2021-12-19 04:22:29,522] {logging_mixin.py:109} INFO - [2021-12-19 04:22:29,519] {dag.py:2396} INFO - Sync 1 DAGs
[2021-12-19 04:22:29,624] {logging_mixin.py:109} INFO - [2021-12-19 04:22:29,623] {dag.py:2928} INFO - Setting next_dagrun for example_branch_datetime_operator_2 to 2021-12-18 00:00:00+00:00
[2021-12-19 04:22:29,689] {processor.py:171} INFO - Processing /home/airflow/.local/lib/python3.7/site-packages/airflow/example_dags/example_branch_datetime_operator.py took 0.450 seconds
[2021-12-19 04:24:51,812] {processor.py:163} INFO - Started process (PID=615) to work on /home/airflow/.local/lib/python3.7/site-packages/airflow/example_dags/example_branch_datetime_operator.py
[2021-12-19 04:24:51,817] {processor.py:625} INFO - Processing file /home/airflow/.local/lib/python3.7/site-packages/airflow/example_dags/example_branch_datetime_operator.py for tasks to queue
[2021-12-19 04:24:51,827] {logging_mixin.py:109} INFO - [2021-12-19 04:24:51,824] {dagbag.py:500} INFO - Filling up the DagBag from /home/airflow/.local/lib/python3.7/site-packages/airflow/example_dags/example_branch_datetime_operator.py
[2021-12-19 04:24:51,963] {processor.py:637} INFO - DAG(s) dict_keys(['example_branch_datetime_operator_2']) retrieved from /home/airflow/.local/lib/python3.7/site-packages/airflow/example_dags/example_branch_datetime_operator.py
[2021-12-19 04:24:52,006] {logging_mixin.py:109} INFO - [2021-12-19 04:24:52,005] {dag.py:2396} INFO - Sync 1 DAGs
[2021-12-19 04:24:52,064] {logging_mixin.py:109} INFO - [2021-12-19 04:24:52,063] {dag.py:2928} INFO - Setting next_dagrun for example_branch_datetime_operator_2 to 2021-12-18 00:00:00+00:00
[2021-12-19 04:24:53,962] {processor.py:171} INFO - Processing /home/airflow/.local/lib/python3.7/site-packages/airflow/example_dags/example_branch_datetime_operator.py took 2.166 seconds
[2021-12-19 04:26:28,498] {processor.py:163} INFO - Started process (PID=679) to work on /home/airflow/.local/lib/python3.7/site-packages/airflow/example_dags/example_branch_datetime_operator.py
[2021-12-19 04:26:28,514] {processor.py:625} INFO - Processing file /home/airflow/.local/lib/python3.7/site-packages/airflow/example_dags/example_branch_datetime_operator.py for tasks to queue
[2021-12-19 04:26:28,546] {logging_mixin.py:109} INFO - [2021-12-19 04:26:28,546] {dagbag.py:500} INFO - Filling up the DagBag from /home/airflow/.local/lib/python3.7/site-packages/airflow/example_dags/example_branch_datetime_operator.py
[2021-12-19 04:26:28,908] {processor.py:637} INFO - DAG(s) dict_keys(['example_branch_datetime_operator_2']) retrieved from /home/airflow/.local/lib/python3.7/site-packages/airflow/example_dags/example_branch_datetime_operator.py
[2021-12-19 04:26:49,685] {logging_mixin.py:109} INFO - [2021-12-19 04:26:49,685] {dag.py:2396} INFO - Sync 1 DAGs
[2021-12-19 04:26:57,074] {logging_mixin.py:109} INFO - [2021-12-19 04:26:57,063] {dag.py:2928} INFO - Setting next_dagrun for example_branch_datetime_operator_2 to 2021-12-18 00:00:00+00:00
[2021-12-19 04:28:09,617] {processor.py:163} INFO - Started process (PID=703) to work on /home/airflow/.local/lib/python3.7/site-packages/airflow/example_dags/example_branch_datetime_operator.py
[2021-12-19 04:28:09,643] {processor.py:625} INFO - Processing file /home/airflow/.local/lib/python3.7/site-packages/airflow/example_dags/example_branch_datetime_operator.py for tasks to queue
[2021-12-19 04:28:09,646] {logging_mixin.py:109} INFO - [2021-12-19 04:28:09,646] {dagbag.py:500} INFO - Filling up the DagBag from /home/airflow/.local/lib/python3.7/site-packages/airflow/example_dags/example_branch_datetime_operator.py
[2021-12-19 04:28:09,726] {processor.py:637} INFO - DAG(s) dict_keys(['example_branch_datetime_operator_2']) retrieved from /home/airflow/.local/lib/python3.7/site-packages/airflow/example_dags/example_branch_datetime_operator.py
[2021-12-19 04:28:09,754] {logging_mixin.py:109} INFO - [2021-12-19 04:28:09,754] {dag.py:2396} INFO - Sync 1 DAGs
[2021-12-19 04:28:09,785] {logging_mixin.py:109} INFO - [2021-12-19 04:28:09,785] {dag.py:2928} INFO - Setting next_dagrun for example_branch_datetime_operator_2 to 2021-12-18 00:00:00+00:00
[2021-12-19 04:28:09,868] {processor.py:171} INFO - Processing /home/airflow/.local/lib/python3.7/site-packages/airflow/example_dags/example_branch_datetime_operator.py took 0.261 seconds
[2021-12-19 04:28:57,186] {processor.py:163} INFO - Started process (PID=779) to work on /home/airflow/.local/lib/python3.7/site-packages/airflow/example_dags/example_branch_datetime_operator.py
[2021-12-19 04:28:57,195] {processor.py:625} INFO - Processing file /home/airflow/.local/lib/python3.7/site-packages/airflow/example_dags/example_branch_datetime_operator.py for tasks to queue
[2021-12-19 04:28:57,203] {logging_mixin.py:109} INFO - [2021-12-19 04:28:57,203] {dagbag.py:500} INFO - Filling up the DagBag from /home/airflow/.local/lib/python3.7/site-packages/airflow/example_dags/example_branch_datetime_operator.py
[2021-12-19 04:28:57,372] {processor.py:637} INFO - DAG(s) dict_keys(['example_branch_datetime_operator_2']) retrieved from /home/airflow/.local/lib/python3.7/site-packages/airflow/example_dags/example_branch_datetime_operator.py
[2021-12-19 04:28:57,543] {logging_mixin.py:109} INFO - [2021-12-19 04:28:57,543] {dag.py:2396} INFO - Sync 1 DAGs
[2021-12-19 04:28:57,611] {logging_mixin.py:109} INFO - [2021-12-19 04:28:57,611] {dag.py:2928} INFO - Setting next_dagrun for example_branch_datetime_operator_2 to 2021-12-18 00:00:00+00:00
[2021-12-19 04:28:57,715] {processor.py:171} INFO - Processing /home/airflow/.local/lib/python3.7/site-packages/airflow/example_dags/example_branch_datetime_operator.py took 0.551 seconds
[2021-12-19 04:29:29,872] {processor.py:163} INFO - Started process (PID=832) to work on /home/airflow/.local/lib/python3.7/site-packages/airflow/example_dags/example_branch_datetime_operator.py
[2021-12-19 04:29:29,877] {processor.py:625} INFO - Processing file /home/airflow/.local/lib/python3.7/site-packages/airflow/example_dags/example_branch_datetime_operator.py for tasks to queue
[2021-12-19 04:29:29,879] {logging_mixin.py:109} INFO - [2021-12-19 04:29:29,879] {dagbag.py:500} INFO - Filling up the DagBag from /home/airflow/.local/lib/python3.7/site-packages/airflow/example_dags/example_branch_datetime_operator.py
[2021-12-19 04:29:29,997] {processor.py:637} INFO - DAG(s) dict_keys(['example_branch_datetime_operator_2']) retrieved from /home/airflow/.local/lib/python3.7/site-packages/airflow/example_dags/example_branch_datetime_operator.py
[2021-12-19 04:29:30,045] {logging_mixin.py:109} INFO - [2021-12-19 04:29:30,045] {dag.py:2396} INFO - Sync 1 DAGs
[2021-12-19 04:29:30,108] {logging_mixin.py:109} INFO - [2021-12-19 04:29:30,107] {dag.py:2928} INFO - Setting next_dagrun for example_branch_datetime_operator_2 to 2021-12-18 00:00:00+00:00
[2021-12-19 04:29:31,370] {processor.py:171} INFO - Processing /home/airflow/.local/lib/python3.7/site-packages/airflow/example_dags/example_branch_datetime_operator.py took 1.512 seconds
[2021-12-19 04:30:08,061] {processor.py:163} INFO - Started process (PID=865) to work on /home/airflow/.local/lib/python3.7/site-packages/airflow/example_dags/example_branch_datetime_operator.py
[2021-12-19 04:30:08,066] {processor.py:625} INFO - Processing file /home/airflow/.local/lib/python3.7/site-packages/airflow/example_dags/example_branch_datetime_operator.py for tasks to queue
[2021-12-19 04:30:08,070] {logging_mixin.py:109} INFO - [2021-12-19 04:30:08,070] {dagbag.py:500} INFO - Filling up the DagBag from /home/airflow/.local/lib/python3.7/site-packages/airflow/example_dags/example_branch_datetime_operator.py
[2021-12-19 04:30:08,209] {processor.py:637} INFO - DAG(s) dict_keys(['example_branch_datetime_operator_2']) retrieved from /home/airflow/.local/lib/python3.7/site-packages/airflow/example_dags/example_branch_datetime_operator.py
[2021-12-19 04:30:08,263] {logging_mixin.py:109} INFO - [2021-12-19 04:30:08,263] {dag.py:2396} INFO - Sync 1 DAGs
[2021-12-19 04:30:08,347] {logging_mixin.py:109} INFO - [2021-12-19 04:30:08,347] {dag.py:2928} INFO - Setting next_dagrun for example_branch_datetime_operator_2 to 2021-12-18 00:00:00+00:00
[2021-12-19 04:30:08,405] {processor.py:171} INFO - Processing /home/airflow/.local/lib/python3.7/site-packages/airflow/example_dags/example_branch_datetime_operator.py took 0.363 seconds
[2021-12-19 04:30:39,690] {processor.py:163} INFO - Started process (PID=914) to work on /home/airflow/.local/lib/python3.7/site-packages/airflow/example_dags/example_branch_datetime_operator.py
[2021-12-19 04:30:39,728] {processor.py:625} INFO - Processing file /home/airflow/.local/lib/python3.7/site-packages/airflow/example_dags/example_branch_datetime_operator.py for tasks to queue
[2021-12-19 04:30:39,730] {logging_mixin.py:109} INFO - [2021-12-19 04:30:39,730] {dagbag.py:500} INFO - Filling up the DagBag from /home/airflow/.local/lib/python3.7/site-packages/airflow/example_dags/example_branch_datetime_operator.py
[2021-12-19 04:30:39,784] {processor.py:637} INFO - DAG(s) dict_keys(['example_branch_datetime_operator_2']) retrieved from /home/airflow/.local/lib/python3.7/site-packages/airflow/example_dags/example_branch_datetime_operator.py
[2021-12-19 04:30:39,805] {logging_mixin.py:109} INFO - [2021-12-19 04:30:39,805] {dag.py:2396} INFO - Sync 1 DAGs
[2021-12-19 04:30:39,832] {logging_mixin.py:109} INFO - [2021-12-19 04:30:39,832] {dag.py:2928} INFO - Setting next_dagrun for example_branch_datetime_operator_2 to 2021-12-18 00:00:00+00:00
[2021-12-19 04:30:40,244] {processor.py:171} INFO - Processing /home/airflow/.local/lib/python3.7/site-packages/airflow/example_dags/example_branch_datetime_operator.py took 0.560 seconds
[2021-12-19 04:31:55,326] {processor.py:163} INFO - Started process (PID=960) to work on /home/airflow/.local/lib/python3.7/site-packages/airflow/example_dags/example_branch_datetime_operator.py
[2021-12-19 04:31:55,332] {processor.py:625} INFO - Processing file /home/airflow/.local/lib/python3.7/site-packages/airflow/example_dags/example_branch_datetime_operator.py for tasks to queue
[2021-12-19 04:31:55,337] {logging_mixin.py:109} INFO - [2021-12-19 04:31:55,336] {dagbag.py:500} INFO - Filling up the DagBag from /home/airflow/.local/lib/python3.7/site-packages/airflow/example_dags/example_branch_datetime_operator.py
[2021-12-19 04:31:55,533] {processor.py:637} INFO - DAG(s) dict_keys(['example_branch_datetime_operator_2']) retrieved from /home/airflow/.local/lib/python3.7/site-packages/airflow/example_dags/example_branch_datetime_operator.py
[2021-12-19 04:31:55,595] {logging_mixin.py:109} INFO - [2021-12-19 04:31:55,594] {dag.py:2396} INFO - Sync 1 DAGs
[2021-12-19 04:31:55,675] {logging_mixin.py:109} INFO - [2021-12-19 04:31:55,675] {dag.py:2928} INFO - Setting next_dagrun for example_branch_datetime_operator_2 to 2021-12-18 00:00:00+00:00
[2021-12-19 04:31:56,378] {processor.py:171} INFO - Processing /home/airflow/.local/lib/python3.7/site-packages/airflow/example_dags/example_branch_datetime_operator.py took 1.074 seconds
[2021-12-19 04:32:31,549] {processor.py:163} INFO - Started process (PID=993) to work on /home/airflow/.local/lib/python3.7/site-packages/airflow/example_dags/example_branch_datetime_operator.py
[2021-12-19 04:32:31,553] {processor.py:625} INFO - Processing file /home/airflow/.local/lib/python3.7/site-packages/airflow/example_dags/example_branch_datetime_operator.py for tasks to queue
[2021-12-19 04:32:31,558] {logging_mixin.py:109} INFO - [2021-12-19 04:32:31,556] {dagbag.py:500} INFO - Filling up the DagBag from /home/airflow/.local/lib/python3.7/site-packages/airflow/example_dags/example_branch_datetime_operator.py
[2021-12-19 04:32:31,639] {processor.py:637} INFO - DAG(s) dict_keys(['example_branch_datetime_operator_2']) retrieved from /home/airflow/.local/lib/python3.7/site-packages/airflow/example_dags/example_branch_datetime_operator.py
[2021-12-19 04:32:31,671] {logging_mixin.py:109} INFO - [2021-12-19 04:32:31,671] {dag.py:2396} INFO - Sync 1 DAGs
[2021-12-19 04:32:31,726] {logging_mixin.py:109} INFO - [2021-12-19 04:32:31,725] {dag.py:2928} INFO - Setting next_dagrun for example_branch_datetime_operator_2 to 2021-12-18 00:00:00+00:00
[2021-12-19 04:32:31,762] {processor.py:171} INFO - Processing /home/airflow/.local/lib/python3.7/site-packages/airflow/example_dags/example_branch_datetime_operator.py took 0.223 seconds
[2021-12-19 04:33:30,501] {processor.py:163} INFO - Started process (PID=1032) to work on /home/airflow/.local/lib/python3.7/site-packages/airflow/example_dags/example_branch_datetime_operator.py
[2021-12-19 04:33:30,522] {processor.py:625} INFO - Processing file /home/airflow/.local/lib/python3.7/site-packages/airflow/example_dags/example_branch_datetime_operator.py for tasks to queue
[2021-12-19 04:33:30,525] {logging_mixin.py:109} INFO - [2021-12-19 04:33:30,524] {dagbag.py:500} INFO - Filling up the DagBag from /home/airflow/.local/lib/python3.7/site-packages/airflow/example_dags/example_branch_datetime_operator.py
[2021-12-19 04:33:30,603] {processor.py:637} INFO - DAG(s) dict_keys(['example_branch_datetime_operator_2']) retrieved from /home/airflow/.local/lib/python3.7/site-packages/airflow/example_dags/example_branch_datetime_operator.py
[2021-12-19 04:33:30,628] {logging_mixin.py:109} INFO - [2021-12-19 04:33:30,628] {dag.py:2396} INFO - Sync 1 DAGs
[2021-12-19 04:33:30,667] {logging_mixin.py:109} INFO - [2021-12-19 04:33:30,667] {dag.py:2928} INFO - Setting next_dagrun for example_branch_datetime_operator_2 to 2021-12-18 00:00:00+00:00
[2021-12-19 04:33:30,734] {processor.py:171} INFO - Processing /home/airflow/.local/lib/python3.7/site-packages/airflow/example_dags/example_branch_datetime_operator.py took 0.242 seconds
[2021-12-19 04:34:10,845] {processor.py:163} INFO - Started process (PID=1075) to work on /home/airflow/.local/lib/python3.7/site-packages/airflow/example_dags/example_branch_datetime_operator.py
[2021-12-19 04:34:10,849] {processor.py:625} INFO - Processing file /home/airflow/.local/lib/python3.7/site-packages/airflow/example_dags/example_branch_datetime_operator.py for tasks to queue
[2021-12-19 04:34:10,852] {logging_mixin.py:109} INFO - [2021-12-19 04:34:10,851] {dagbag.py:500} INFO - Filling up the DagBag from /home/airflow/.local/lib/python3.7/site-packages/airflow/example_dags/example_branch_datetime_operator.py
[2021-12-19 04:34:10,944] {processor.py:637} INFO - DAG(s) dict_keys(['example_branch_datetime_operator_2']) retrieved from /home/airflow/.local/lib/python3.7/site-packages/airflow/example_dags/example_branch_datetime_operator.py
[2021-12-19 04:34:10,993] {logging_mixin.py:109} INFO - [2021-12-19 04:34:10,993] {dag.py:2396} INFO - Sync 1 DAGs
[2021-12-19 04:34:11,065] {logging_mixin.py:109} INFO - [2021-12-19 04:34:11,065] {dag.py:2928} INFO - Setting next_dagrun for example_branch_datetime_operator_2 to 2021-12-18 00:00:00+00:00
[2021-12-19 04:34:11,103] {processor.py:171} INFO - Processing /home/airflow/.local/lib/python3.7/site-packages/airflow/example_dags/example_branch_datetime_operator.py took 0.272 seconds
[2021-12-19 04:35:05,210] {processor.py:163} INFO - Started process (PID=1127) to work on /home/airflow/.local/lib/python3.7/site-packages/airflow/example_dags/example_branch_datetime_operator.py
[2021-12-19 04:35:05,224] {processor.py:625} INFO - Processing file /home/airflow/.local/lib/python3.7/site-packages/airflow/example_dags/example_branch_datetime_operator.py for tasks to queue
[2021-12-19 04:35:05,227] {logging_mixin.py:109} INFO - [2021-12-19 04:35:05,226] {dagbag.py:500} INFO - Filling up the DagBag from /home/airflow/.local/lib/python3.7/site-packages/airflow/example_dags/example_branch_datetime_operator.py
[2021-12-19 04:35:05,284] {processor.py:637} INFO - DAG(s) dict_keys(['example_branch_datetime_operator_2']) retrieved from /home/airflow/.local/lib/python3.7/site-packages/airflow/example_dags/example_branch_datetime_operator.py
[2021-12-19 04:35:05,305] {logging_mixin.py:109} INFO - [2021-12-19 04:35:05,305] {dag.py:2396} INFO - Sync 1 DAGs
[2021-12-19 04:35:05,341] {logging_mixin.py:109} INFO - [2021-12-19 04:35:05,341] {dag.py:2928} INFO - Setting next_dagrun for example_branch_datetime_operator_2 to 2021-12-18 00:00:00+00:00
[2021-12-19 04:35:05,528] {processor.py:171} INFO - Processing /home/airflow/.local/lib/python3.7/site-packages/airflow/example_dags/example_branch_datetime_operator.py took 0.327 seconds
[2021-12-19 04:35:37,353] {processor.py:163} INFO - Started process (PID=1169) to work on /home/airflow/.local/lib/python3.7/site-packages/airflow/example_dags/example_branch_datetime_operator.py
[2021-12-19 04:35:37,358] {processor.py:625} INFO - Processing file /home/airflow/.local/lib/python3.7/site-packages/airflow/example_dags/example_branch_datetime_operator.py for tasks to queue
[2021-12-19 04:35:37,361] {logging_mixin.py:109} INFO - [2021-12-19 04:35:37,361] {dagbag.py:500} INFO - Filling up the DagBag from /home/airflow/.local/lib/python3.7/site-packages/airflow/example_dags/example_branch_datetime_operator.py
[2021-12-19 04:35:37,462] {processor.py:637} INFO - DAG(s) dict_keys(['example_branch_datetime_operator_2']) retrieved from /home/airflow/.local/lib/python3.7/site-packages/airflow/example_dags/example_branch_datetime_operator.py
[2021-12-19 04:35:37,494] {logging_mixin.py:109} INFO - [2021-12-19 04:35:37,489] {dag.py:2396} INFO - Sync 1 DAGs
[2021-12-19 04:35:37,564] {logging_mixin.py:109} INFO - [2021-12-19 04:35:37,563] {dag.py:2928} INFO - Setting next_dagrun for example_branch_datetime_operator_2 to 2021-12-18 00:00:00+00:00
[2021-12-19 04:35:37,616] {processor.py:171} INFO - Processing /home/airflow/.local/lib/python3.7/site-packages/airflow/example_dags/example_branch_datetime_operator.py took 0.282 seconds
[2021-12-19 04:36:40,296] {processor.py:163} INFO - Started process (PID=1229) to work on /home/airflow/.local/lib/python3.7/site-packages/airflow/example_dags/example_branch_datetime_operator.py
[2021-12-19 04:36:40,334] {processor.py:625} INFO - Processing file /home/airflow/.local/lib/python3.7/site-packages/airflow/example_dags/example_branch_datetime_operator.py for tasks to queue
[2021-12-19 04:36:40,348] {logging_mixin.py:109} INFO - [2021-12-19 04:36:40,347] {dagbag.py:500} INFO - Filling up the DagBag from /home/airflow/.local/lib/python3.7/site-packages/airflow/example_dags/example_branch_datetime_operator.py
[2021-12-19 04:36:40,640] {processor.py:637} INFO - DAG(s) dict_keys(['example_branch_datetime_operator_2']) retrieved from /home/airflow/.local/lib/python3.7/site-packages/airflow/example_dags/example_branch_datetime_operator.py
[2021-12-19 04:36:40,695] {logging_mixin.py:109} INFO - [2021-12-19 04:36:40,695] {dag.py:2396} INFO - Sync 1 DAGs
[2021-12-19 04:36:40,777] {logging_mixin.py:109} INFO - [2021-12-19 04:36:40,776] {dag.py:2928} INFO - Setting next_dagrun for example_branch_datetime_operator_2 to 2021-12-18 00:00:00+00:00
[2021-12-19 04:36:40,888] {processor.py:171} INFO - Processing /home/airflow/.local/lib/python3.7/site-packages/airflow/example_dags/example_branch_datetime_operator.py took 0.619 seconds
[2021-12-19 04:37:59,177] {processor.py:163} INFO - Started process (PID=1262) to work on /home/airflow/.local/lib/python3.7/site-packages/airflow/example_dags/example_branch_datetime_operator.py
[2021-12-19 04:37:59,185] {processor.py:625} INFO - Processing file /home/airflow/.local/lib/python3.7/site-packages/airflow/example_dags/example_branch_datetime_operator.py for tasks to queue
[2021-12-19 04:37:59,186] {logging_mixin.py:109} INFO - [2021-12-19 04:37:59,186] {dagbag.py:500} INFO - Filling up the DagBag from /home/airflow/.local/lib/python3.7/site-packages/airflow/example_dags/example_branch_datetime_operator.py
[2021-12-19 04:37:59,235] {processor.py:637} INFO - DAG(s) dict_keys(['example_branch_datetime_operator_2']) retrieved from /home/airflow/.local/lib/python3.7/site-packages/airflow/example_dags/example_branch_datetime_operator.py
[2021-12-19 04:37:59,251] {logging_mixin.py:109} INFO - [2021-12-19 04:37:59,251] {dag.py:2396} INFO - Sync 1 DAGs
[2021-12-19 04:37:59,277] {logging_mixin.py:109} INFO - [2021-12-19 04:37:59,277] {dag.py:2928} INFO - Setting next_dagrun for example_branch_datetime_operator_2 to 2021-12-18 00:00:00+00:00
[2021-12-19 04:37:59,622] {processor.py:171} INFO - Processing /home/airflow/.local/lib/python3.7/site-packages/airflow/example_dags/example_branch_datetime_operator.py took 0.453 seconds
[2021-12-19 04:39:29,442] {processor.py:163} INFO - Started process (PID=1324) to work on /home/airflow/.local/lib/python3.7/site-packages/airflow/example_dags/example_branch_datetime_operator.py
[2021-12-19 04:39:29,462] {processor.py:625} INFO - Processing file /home/airflow/.local/lib/python3.7/site-packages/airflow/example_dags/example_branch_datetime_operator.py for tasks to queue
[2021-12-19 04:39:29,464] {logging_mixin.py:109} INFO - [2021-12-19 04:39:29,464] {dagbag.py:500} INFO - Filling up the DagBag from /home/airflow/.local/lib/python3.7/site-packages/airflow/example_dags/example_branch_datetime_operator.py
[2021-12-19 04:39:29,542] {processor.py:637} INFO - DAG(s) dict_keys(['example_branch_datetime_operator_2']) retrieved from /home/airflow/.local/lib/python3.7/site-packages/airflow/example_dags/example_branch_datetime_operator.py
[2021-12-19 04:39:29,570] {logging_mixin.py:109} INFO - [2021-12-19 04:39:29,569] {dag.py:2396} INFO - Sync 1 DAGs
[2021-12-19 04:39:29,615] {logging_mixin.py:109} INFO - [2021-12-19 04:39:29,615] {dag.py:2928} INFO - Setting next_dagrun for example_branch_datetime_operator_2 to 2021-12-18 00:00:00+00:00
[2021-12-19 04:39:29,993] {processor.py:171} INFO - Processing /home/airflow/.local/lib/python3.7/site-packages/airflow/example_dags/example_branch_datetime_operator.py took 0.561 seconds
[2021-12-19 04:41:37,882] {processor.py:163} INFO - Started process (PID=1397) to work on /home/airflow/.local/lib/python3.7/site-packages/airflow/example_dags/example_branch_datetime_operator.py
[2021-12-19 04:41:37,887] {processor.py:625} INFO - Processing file /home/airflow/.local/lib/python3.7/site-packages/airflow/example_dags/example_branch_datetime_operator.py for tasks to queue
[2021-12-19 04:41:37,895] {logging_mixin.py:109} INFO - [2021-12-19 04:41:37,894] {dagbag.py:500} INFO - Filling up the DagBag from /home/airflow/.local/lib/python3.7/site-packages/airflow/example_dags/example_branch_datetime_operator.py
[2021-12-19 04:41:37,978] {processor.py:637} INFO - DAG(s) dict_keys(['example_branch_datetime_operator_2']) retrieved from /home/airflow/.local/lib/python3.7/site-packages/airflow/example_dags/example_branch_datetime_operator.py
[2021-12-19 04:41:38,007] {logging_mixin.py:109} INFO - [2021-12-19 04:41:38,007] {dag.py:2396} INFO - Sync 1 DAGs
[2021-12-19 04:41:38,050] {logging_mixin.py:109} INFO - [2021-12-19 04:41:38,050] {dag.py:2928} INFO - Setting next_dagrun for example_branch_datetime_operator_2 to 2021-12-18 00:00:00+00:00
[2021-12-19 04:41:38,097] {processor.py:171} INFO - Processing /home/airflow/.local/lib/python3.7/site-packages/airflow/example_dags/example_branch_datetime_operator.py took 0.229 seconds
[2021-12-19 04:43:10,391] {processor.py:163} INFO - Started process (PID=1457) to work on /home/airflow/.local/lib/python3.7/site-packages/airflow/example_dags/example_branch_datetime_operator.py
[2021-12-19 04:43:10,398] {processor.py:625} INFO - Processing file /home/airflow/.local/lib/python3.7/site-packages/airflow/example_dags/example_branch_datetime_operator.py for tasks to queue
[2021-12-19 04:43:10,401] {logging_mixin.py:109} INFO - [2021-12-19 04:43:10,401] {dagbag.py:500} INFO - Filling up the DagBag from /home/airflow/.local/lib/python3.7/site-packages/airflow/example_dags/example_branch_datetime_operator.py
[2021-12-19 04:43:10,580] {processor.py:637} INFO - DAG(s) dict_keys(['example_branch_datetime_operator_2']) retrieved from /home/airflow/.local/lib/python3.7/site-packages/airflow/example_dags/example_branch_datetime_operator.py
[2021-12-19 04:43:10,652] {logging_mixin.py:109} INFO - [2021-12-19 04:43:10,651] {dag.py:2396} INFO - Sync 1 DAGs
[2021-12-19 04:43:10,757] {logging_mixin.py:109} INFO - [2021-12-19 04:43:10,756] {dag.py:2928} INFO - Setting next_dagrun for example_branch_datetime_operator_2 to 2021-12-18 00:00:00+00:00
[2021-12-19 04:43:11,207] {processor.py:171} INFO - Processing /home/airflow/.local/lib/python3.7/site-packages/airflow/example_dags/example_branch_datetime_operator.py took 0.840 seconds
[2021-12-19 04:43:41,357] {processor.py:163} INFO - Started process (PID=1499) to work on /home/airflow/.local/lib/python3.7/site-packages/airflow/example_dags/example_branch_datetime_operator.py
[2021-12-19 04:43:41,360] {processor.py:625} INFO - Processing file /home/airflow/.local/lib/python3.7/site-packages/airflow/example_dags/example_branch_datetime_operator.py for tasks to queue
[2021-12-19 04:43:41,363] {logging_mixin.py:109} INFO - [2021-12-19 04:43:41,363] {dagbag.py:500} INFO - Filling up the DagBag from /home/airflow/.local/lib/python3.7/site-packages/airflow/example_dags/example_branch_datetime_operator.py
[2021-12-19 04:43:41,441] {processor.py:637} INFO - DAG(s) dict_keys(['example_branch_datetime_operator_2']) retrieved from /home/airflow/.local/lib/python3.7/site-packages/airflow/example_dags/example_branch_datetime_operator.py
[2021-12-19 04:43:41,468] {logging_mixin.py:109} INFO - [2021-12-19 04:43:41,468] {dag.py:2396} INFO - Sync 1 DAGs
[2021-12-19 04:43:41,517] {logging_mixin.py:109} INFO - [2021-12-19 04:43:41,516] {dag.py:2928} INFO - Setting next_dagrun for example_branch_datetime_operator_2 to 2021-12-18 00:00:00+00:00
[2021-12-19 04:43:41,792] {processor.py:171} INFO - Processing /home/airflow/.local/lib/python3.7/site-packages/airflow/example_dags/example_branch_datetime_operator.py took 0.443 seconds
[2021-12-19 04:44:21,494] {processor.py:163} INFO - Started process (PID=1552) to work on /home/airflow/.local/lib/python3.7/site-packages/airflow/example_dags/example_branch_datetime_operator.py
[2021-12-19 04:44:21,500] {processor.py:625} INFO - Processing file /home/airflow/.local/lib/python3.7/site-packages/airflow/example_dags/example_branch_datetime_operator.py for tasks to queue
[2021-12-19 04:44:21,505] {logging_mixin.py:109} INFO - [2021-12-19 04:44:21,504] {dagbag.py:500} INFO - Filling up the DagBag from /home/airflow/.local/lib/python3.7/site-packages/airflow/example_dags/example_branch_datetime_operator.py
[2021-12-19 04:44:21,610] {processor.py:637} INFO - DAG(s) dict_keys(['example_branch_datetime_operator_2']) retrieved from /home/airflow/.local/lib/python3.7/site-packages/airflow/example_dags/example_branch_datetime_operator.py
[2021-12-19 04:44:21,643] {logging_mixin.py:109} INFO - [2021-12-19 04:44:21,642] {dag.py:2396} INFO - Sync 1 DAGs
[2021-12-19 04:44:21,700] {logging_mixin.py:109} INFO - [2021-12-19 04:44:21,700] {dag.py:2928} INFO - Setting next_dagrun for example_branch_datetime_operator_2 to 2021-12-18 00:00:00+00:00
[2021-12-19 04:44:21,743] {processor.py:171} INFO - Processing /home/airflow/.local/lib/python3.7/site-packages/airflow/example_dags/example_branch_datetime_operator.py took 0.265 seconds
[2021-12-19 04:45:07,991] {processor.py:163} INFO - Started process (PID=1597) to work on /home/airflow/.local/lib/python3.7/site-packages/airflow/example_dags/example_branch_datetime_operator.py
[2021-12-19 04:45:07,999] {processor.py:625} INFO - Processing file /home/airflow/.local/lib/python3.7/site-packages/airflow/example_dags/example_branch_datetime_operator.py for tasks to queue
[2021-12-19 04:45:08,002] {logging_mixin.py:109} INFO - [2021-12-19 04:45:08,002] {dagbag.py:500} INFO - Filling up the DagBag from /home/airflow/.local/lib/python3.7/site-packages/airflow/example_dags/example_branch_datetime_operator.py
[2021-12-19 04:45:08,110] {processor.py:637} INFO - DAG(s) dict_keys(['example_branch_datetime_operator_2']) retrieved from /home/airflow/.local/lib/python3.7/site-packages/airflow/example_dags/example_branch_datetime_operator.py
[2021-12-19 04:45:08,144] {logging_mixin.py:109} INFO - [2021-12-19 04:45:08,144] {dag.py:2396} INFO - Sync 1 DAGs
[2021-12-19 04:45:08,205] {logging_mixin.py:109} INFO - [2021-12-19 04:45:08,204] {dag.py:2928} INFO - Setting next_dagrun for example_branch_datetime_operator_2 to 2021-12-18 00:00:00+00:00
[2021-12-19 04:45:08,233] {processor.py:171} INFO - Processing /home/airflow/.local/lib/python3.7/site-packages/airflow/example_dags/example_branch_datetime_operator.py took 0.255 seconds
[2021-12-19 04:46:56,931] {processor.py:163} INFO - Started process (PID=1646) to work on /home/airflow/.local/lib/python3.7/site-packages/airflow/example_dags/example_branch_datetime_operator.py
[2021-12-19 04:46:56,935] {processor.py:625} INFO - Processing file /home/airflow/.local/lib/python3.7/site-packages/airflow/example_dags/example_branch_datetime_operator.py for tasks to queue
[2021-12-19 04:46:56,938] {logging_mixin.py:109} INFO - [2021-12-19 04:46:56,938] {dagbag.py:500} INFO - Filling up the DagBag from /home/airflow/.local/lib/python3.7/site-packages/airflow/example_dags/example_branch_datetime_operator.py
[2021-12-19 04:46:57,032] {processor.py:637} INFO - DAG(s) dict_keys(['example_branch_datetime_operator_2']) retrieved from /home/airflow/.local/lib/python3.7/site-packages/airflow/example_dags/example_branch_datetime_operator.py
[2021-12-19 04:46:57,058] {logging_mixin.py:109} INFO - [2021-12-19 04:46:57,058] {dag.py:2396} INFO - Sync 1 DAGs
[2021-12-19 04:46:57,103] {logging_mixin.py:109} INFO - [2021-12-19 04:46:57,103] {dag.py:2928} INFO - Setting next_dagrun for example_branch_datetime_operator_2 to 2021-12-18 00:00:00+00:00
[2021-12-19 04:46:57,133] {processor.py:171} INFO - Processing /home/airflow/.local/lib/python3.7/site-packages/airflow/example_dags/example_branch_datetime_operator.py took 0.211 seconds
[2021-12-19 04:47:28,393] {processor.py:163} INFO - Started process (PID=1699) to work on /home/airflow/.local/lib/python3.7/site-packages/airflow/example_dags/example_branch_datetime_operator.py
[2021-12-19 04:47:28,400] {processor.py:625} INFO - Processing file /home/airflow/.local/lib/python3.7/site-packages/airflow/example_dags/example_branch_datetime_operator.py for tasks to queue
[2021-12-19 04:47:28,408] {logging_mixin.py:109} INFO - [2021-12-19 04:47:28,403] {dagbag.py:500} INFO - Filling up the DagBag from /home/airflow/.local/lib/python3.7/site-packages/airflow/example_dags/example_branch_datetime_operator.py
[2021-12-19 04:47:28,511] {processor.py:637} INFO - DAG(s) dict_keys(['example_branch_datetime_operator_2']) retrieved from /home/airflow/.local/lib/python3.7/site-packages/airflow/example_dags/example_branch_datetime_operator.py
[2021-12-19 04:47:28,548] {logging_mixin.py:109} INFO - [2021-12-19 04:47:28,547] {dag.py:2396} INFO - Sync 1 DAGs
[2021-12-19 04:47:28,608] {logging_mixin.py:109} INFO - [2021-12-19 04:47:28,608] {dag.py:2928} INFO - Setting next_dagrun for example_branch_datetime_operator_2 to 2021-12-18 00:00:00+00:00
[2021-12-19 04:47:28,654] {processor.py:171} INFO - Processing /home/airflow/.local/lib/python3.7/site-packages/airflow/example_dags/example_branch_datetime_operator.py took 0.274 seconds
[2021-12-19 04:47:59,476] {processor.py:163} INFO - Started process (PID=1732) to work on /home/airflow/.local/lib/python3.7/site-packages/airflow/example_dags/example_branch_datetime_operator.py
[2021-12-19 04:47:59,481] {processor.py:625} INFO - Processing file /home/airflow/.local/lib/python3.7/site-packages/airflow/example_dags/example_branch_datetime_operator.py for tasks to queue
[2021-12-19 04:47:59,483] {logging_mixin.py:109} INFO - [2021-12-19 04:47:59,482] {dagbag.py:500} INFO - Filling up the DagBag from /home/airflow/.local/lib/python3.7/site-packages/airflow/example_dags/example_branch_datetime_operator.py
[2021-12-19 04:47:59,545] {processor.py:637} INFO - DAG(s) dict_keys(['example_branch_datetime_operator_2']) retrieved from /home/airflow/.local/lib/python3.7/site-packages/airflow/example_dags/example_branch_datetime_operator.py
[2021-12-19 04:47:59,570] {logging_mixin.py:109} INFO - [2021-12-19 04:47:59,569] {dag.py:2396} INFO - Sync 1 DAGs
[2021-12-19 04:47:59,602] {logging_mixin.py:109} INFO - [2021-12-19 04:47:59,601] {dag.py:2928} INFO - Setting next_dagrun for example_branch_datetime_operator_2 to 2021-12-18 00:00:00+00:00
[2021-12-19 04:47:59,633] {processor.py:171} INFO - Processing /home/airflow/.local/lib/python3.7/site-packages/airflow/example_dags/example_branch_datetime_operator.py took 0.163 seconds
[2021-12-19 04:48:29,942] {processor.py:163} INFO - Started process (PID=1786) to work on /home/airflow/.local/lib/python3.7/site-packages/airflow/example_dags/example_branch_datetime_operator.py
[2021-12-19 04:48:29,946] {processor.py:625} INFO - Processing file /home/airflow/.local/lib/python3.7/site-packages/airflow/example_dags/example_branch_datetime_operator.py for tasks to queue
[2021-12-19 04:48:29,956] {logging_mixin.py:109} INFO - [2021-12-19 04:48:29,955] {dagbag.py:500} INFO - Filling up the DagBag from /home/airflow/.local/lib/python3.7/site-packages/airflow/example_dags/example_branch_datetime_operator.py
[2021-12-19 04:48:30,031] {processor.py:637} INFO - DAG(s) dict_keys(['example_branch_datetime_operator_2']) retrieved from /home/airflow/.local/lib/python3.7/site-packages/airflow/example_dags/example_branch_datetime_operator.py
[2021-12-19 04:48:30,059] {logging_mixin.py:109} INFO - [2021-12-19 04:48:30,058] {dag.py:2396} INFO - Sync 1 DAGs
[2021-12-19 04:48:30,098] {logging_mixin.py:109} INFO - [2021-12-19 04:48:30,098] {dag.py:2928} INFO - Setting next_dagrun for example_branch_datetime_operator_2 to 2021-12-18 00:00:00+00:00
[2021-12-19 04:48:30,131] {processor.py:171} INFO - Processing /home/airflow/.local/lib/python3.7/site-packages/airflow/example_dags/example_branch_datetime_operator.py took 0.194 seconds
[2021-12-19 04:49:03,720] {processor.py:163} INFO - Started process (PID=1838) to work on /home/airflow/.local/lib/python3.7/site-packages/airflow/example_dags/example_branch_datetime_operator.py
[2021-12-19 04:49:03,735] {processor.py:625} INFO - Processing file /home/airflow/.local/lib/python3.7/site-packages/airflow/example_dags/example_branch_datetime_operator.py for tasks to queue
[2021-12-19 04:49:03,740] {logging_mixin.py:109} INFO - [2021-12-19 04:49:03,739] {dagbag.py:500} INFO - Filling up the DagBag from /home/airflow/.local/lib/python3.7/site-packages/airflow/example_dags/example_branch_datetime_operator.py
[2021-12-19 04:49:03,862] {processor.py:637} INFO - DAG(s) dict_keys(['example_branch_datetime_operator_2']) retrieved from /home/airflow/.local/lib/python3.7/site-packages/airflow/example_dags/example_branch_datetime_operator.py
[2021-12-19 04:49:03,898] {logging_mixin.py:109} INFO - [2021-12-19 04:49:03,894] {dag.py:2396} INFO - Sync 1 DAGs
[2021-12-19 04:49:03,969] {logging_mixin.py:109} INFO - [2021-12-19 04:49:03,969] {dag.py:2928} INFO - Setting next_dagrun for example_branch_datetime_operator_2 to 2021-12-18 00:00:00+00:00
[2021-12-19 04:49:04,731] {processor.py:171} INFO - Processing /home/airflow/.local/lib/python3.7/site-packages/airflow/example_dags/example_branch_datetime_operator.py took 1.036 seconds
[2021-12-19 04:49:48,374] {processor.py:163} INFO - Started process (PID=1886) to work on /home/airflow/.local/lib/python3.7/site-packages/airflow/example_dags/example_branch_datetime_operator.py
[2021-12-19 04:49:48,380] {processor.py:625} INFO - Processing file /home/airflow/.local/lib/python3.7/site-packages/airflow/example_dags/example_branch_datetime_operator.py for tasks to queue
[2021-12-19 04:49:48,383] {logging_mixin.py:109} INFO - [2021-12-19 04:49:48,383] {dagbag.py:500} INFO - Filling up the DagBag from /home/airflow/.local/lib/python3.7/site-packages/airflow/example_dags/example_branch_datetime_operator.py
[2021-12-19 04:49:48,478] {processor.py:637} INFO - DAG(s) dict_keys(['example_branch_datetime_operator_2']) retrieved from /home/airflow/.local/lib/python3.7/site-packages/airflow/example_dags/example_branch_datetime_operator.py
[2021-12-19 04:49:48,515] {logging_mixin.py:109} INFO - [2021-12-19 04:49:48,515] {dag.py:2396} INFO - Sync 1 DAGs
[2021-12-19 04:49:48,570] {logging_mixin.py:109} INFO - [2021-12-19 04:49:48,570] {dag.py:2928} INFO - Setting next_dagrun for example_branch_datetime_operator_2 to 2021-12-18 00:00:00+00:00
[2021-12-19 04:49:48,740] {processor.py:171} INFO - Processing /home/airflow/.local/lib/python3.7/site-packages/airflow/example_dags/example_branch_datetime_operator.py took 0.378 seconds
