[2021-12-19 04:15:59,184] {processor.py:163} INFO - Started process (PID=340) to work on /home/airflow/.local/lib/python3.7/site-packages/airflow/example_dags/example_branch_operator.py
[2021-12-19 04:15:59,189] {processor.py:625} INFO - Processing file /home/airflow/.local/lib/python3.7/site-packages/airflow/example_dags/example_branch_operator.py for tasks to queue
[2021-12-19 04:15:59,192] {logging_mixin.py:109} INFO - [2021-12-19 04:15:59,192] {dagbag.py:500} INFO - Filling up the DagBag from /home/airflow/.local/lib/python3.7/site-packages/airflow/example_dags/example_branch_operator.py
[2021-12-19 04:15:59,277] {processor.py:637} INFO - DAG(s) dict_keys(['example_branch_operator']) retrieved from /home/airflow/.local/lib/python3.7/site-packages/airflow/example_dags/example_branch_operator.py
[2021-12-19 04:16:05,833] {logging_mixin.py:109} INFO - [2021-12-19 04:16:05,832] {providers_manager.py:156} WARNING - Exception when importing 'airflow.providers.google.leveldb.hooks.leveldb.LevelDBHook' from 'apache-airflow-providers-google' package: No module named 'plyvel'
[2021-12-19 04:16:06,925] {logging_mixin.py:109} INFO - [2021-12-19 04:16:06,925] {providers_manager.py:156} WARNING - Exception when importing 'airflow.providers.google.leveldb.hooks.leveldb.LevelDBHook' from 'apache-airflow-providers-google' package: No module named 'plyvel'
[2021-12-19 04:16:07,104] {logging_mixin.py:109} INFO - [2021-12-19 04:16:07,104] {manager.py:496} INFO - Created Permission View: can read on DAG:example_branch_operator
[2021-12-19 04:16:07,136] {logging_mixin.py:109} INFO - [2021-12-19 04:16:07,135] {manager.py:496} INFO - Created Permission View: can edit on DAG:example_branch_operator
[2021-12-19 04:16:07,138] {logging_mixin.py:109} INFO - [2021-12-19 04:16:07,137] {dag.py:2396} INFO - Sync 1 DAGs
[2021-12-19 04:16:07,164] {logging_mixin.py:109} INFO - [2021-12-19 04:16:07,163] {dag.py:2415} INFO - Creating ORM DAG for example_branch_operator
[2021-12-19 04:16:07,198] {logging_mixin.py:109} INFO - [2021-12-19 04:16:07,198] {dag.py:2928} INFO - Setting next_dagrun for example_branch_operator to 2021-12-18 00:00:00+00:00
[2021-12-19 04:16:07,235] {processor.py:171} INFO - Processing /home/airflow/.local/lib/python3.7/site-packages/airflow/example_dags/example_branch_operator.py took 8.060 seconds
[2021-12-19 04:18:36,595] {processor.py:163} INFO - Started process (PID=461) to work on /home/airflow/.local/lib/python3.7/site-packages/airflow/example_dags/example_branch_operator.py
[2021-12-19 04:18:36,598] {processor.py:625} INFO - Processing file /home/airflow/.local/lib/python3.7/site-packages/airflow/example_dags/example_branch_operator.py for tasks to queue
[2021-12-19 04:18:36,600] {logging_mixin.py:109} INFO - [2021-12-19 04:18:36,600] {dagbag.py:500} INFO - Filling up the DagBag from /home/airflow/.local/lib/python3.7/site-packages/airflow/example_dags/example_branch_operator.py
[2021-12-19 04:18:36,797] {processor.py:637} INFO - DAG(s) dict_keys(['example_branch_operator']) retrieved from /home/airflow/.local/lib/python3.7/site-packages/airflow/example_dags/example_branch_operator.py
[2021-12-19 04:18:36,884] {logging_mixin.py:109} INFO - [2021-12-19 04:18:36,884] {dag.py:2396} INFO - Sync 1 DAGs
[2021-12-19 04:18:37,001] {logging_mixin.py:109} INFO - [2021-12-19 04:18:37,001] {dag.py:2928} INFO - Setting next_dagrun for example_branch_operator to 2021-12-18 00:00:00+00:00
[2021-12-19 04:18:37,796] {processor.py:171} INFO - Processing /home/airflow/.local/lib/python3.7/site-packages/airflow/example_dags/example_branch_operator.py took 1.211 seconds
[2021-12-19 04:20:12,326] {processor.py:163} INFO - Started process (PID=505) to work on /home/airflow/.local/lib/python3.7/site-packages/airflow/example_dags/example_branch_operator.py
[2021-12-19 04:20:12,496] {processor.py:625} INFO - Processing file /home/airflow/.local/lib/python3.7/site-packages/airflow/example_dags/example_branch_operator.py for tasks to queue
[2021-12-19 04:20:12,499] {logging_mixin.py:109} INFO - [2021-12-19 04:20:12,498] {dagbag.py:500} INFO - Filling up the DagBag from /home/airflow/.local/lib/python3.7/site-packages/airflow/example_dags/example_branch_operator.py
[2021-12-19 04:20:12,628] {processor.py:637} INFO - DAG(s) dict_keys(['example_branch_operator']) retrieved from /home/airflow/.local/lib/python3.7/site-packages/airflow/example_dags/example_branch_operator.py
[2021-12-19 04:20:12,664] {logging_mixin.py:109} INFO - [2021-12-19 04:20:12,664] {dag.py:2396} INFO - Sync 1 DAGs
[2021-12-19 04:20:12,700] {logging_mixin.py:109} INFO - [2021-12-19 04:20:12,700] {dag.py:2928} INFO - Setting next_dagrun for example_branch_operator to 2021-12-18 00:00:00+00:00
[2021-12-19 04:20:13,449] {processor.py:171} INFO - Processing /home/airflow/.local/lib/python3.7/site-packages/airflow/example_dags/example_branch_operator.py took 1.128 seconds
[2021-12-19 04:22:27,025] {processor.py:163} INFO - Started process (PID=559) to work on /home/airflow/.local/lib/python3.7/site-packages/airflow/example_dags/example_branch_operator.py
[2021-12-19 04:22:27,031] {processor.py:625} INFO - Processing file /home/airflow/.local/lib/python3.7/site-packages/airflow/example_dags/example_branch_operator.py for tasks to queue
[2021-12-19 04:22:27,040] {logging_mixin.py:109} INFO - [2021-12-19 04:22:27,039] {dagbag.py:500} INFO - Filling up the DagBag from /home/airflow/.local/lib/python3.7/site-packages/airflow/example_dags/example_branch_operator.py
[2021-12-19 04:22:27,227] {processor.py:637} INFO - DAG(s) dict_keys(['example_branch_operator']) retrieved from /home/airflow/.local/lib/python3.7/site-packages/airflow/example_dags/example_branch_operator.py
[2021-12-19 04:22:27,277] {logging_mixin.py:109} INFO - [2021-12-19 04:22:27,276] {dag.py:2396} INFO - Sync 1 DAGs
[2021-12-19 04:22:27,328] {logging_mixin.py:109} INFO - [2021-12-19 04:22:27,328] {dag.py:2928} INFO - Setting next_dagrun for example_branch_operator to 2021-12-18 00:00:00+00:00
[2021-12-19 04:22:28,183] {processor.py:171} INFO - Processing /home/airflow/.local/lib/python3.7/site-packages/airflow/example_dags/example_branch_operator.py took 1.176 seconds
[2021-12-19 04:24:48,584] {processor.py:163} INFO - Started process (PID=611) to work on /home/airflow/.local/lib/python3.7/site-packages/airflow/example_dags/example_branch_operator.py
[2021-12-19 04:24:48,673] {processor.py:625} INFO - Processing file /home/airflow/.local/lib/python3.7/site-packages/airflow/example_dags/example_branch_operator.py for tasks to queue
[2021-12-19 04:24:48,675] {logging_mixin.py:109} INFO - [2021-12-19 04:24:48,675] {dagbag.py:500} INFO - Filling up the DagBag from /home/airflow/.local/lib/python3.7/site-packages/airflow/example_dags/example_branch_operator.py
[2021-12-19 04:24:48,737] {processor.py:637} INFO - DAG(s) dict_keys(['example_branch_operator']) retrieved from /home/airflow/.local/lib/python3.7/site-packages/airflow/example_dags/example_branch_operator.py
[2021-12-19 04:24:48,759] {logging_mixin.py:109} INFO - [2021-12-19 04:24:48,758] {dag.py:2396} INFO - Sync 1 DAGs
[2021-12-19 04:24:48,791] {logging_mixin.py:109} INFO - [2021-12-19 04:24:48,791] {dag.py:2928} INFO - Setting next_dagrun for example_branch_operator to 2021-12-18 00:00:00+00:00
[2021-12-19 04:24:49,722] {processor.py:171} INFO - Processing /home/airflow/.local/lib/python3.7/site-packages/airflow/example_dags/example_branch_operator.py took 1.144 seconds
[2021-12-19 04:26:21,364] {processor.py:163} INFO - Started process (PID=675) to work on /home/airflow/.local/lib/python3.7/site-packages/airflow/example_dags/example_branch_operator.py
[2021-12-19 04:26:21,377] {processor.py:625} INFO - Processing file /home/airflow/.local/lib/python3.7/site-packages/airflow/example_dags/example_branch_operator.py for tasks to queue
[2021-12-19 04:26:21,384] {logging_mixin.py:109} INFO - [2021-12-19 04:26:21,384] {dagbag.py:500} INFO - Filling up the DagBag from /home/airflow/.local/lib/python3.7/site-packages/airflow/example_dags/example_branch_operator.py
[2021-12-19 04:26:21,532] {processor.py:637} INFO - DAG(s) dict_keys(['example_branch_operator']) retrieved from /home/airflow/.local/lib/python3.7/site-packages/airflow/example_dags/example_branch_operator.py
[2021-12-19 04:26:21,567] {logging_mixin.py:109} INFO - [2021-12-19 04:26:21,567] {dag.py:2396} INFO - Sync 1 DAGs
[2021-12-19 04:26:21,646] {logging_mixin.py:109} INFO - [2021-12-19 04:26:21,645] {dag.py:2928} INFO - Setting next_dagrun for example_branch_operator to 2021-12-18 00:00:00+00:00
[2021-12-19 04:26:21,683] {processor.py:171} INFO - Processing /home/airflow/.local/lib/python3.7/site-packages/airflow/example_dags/example_branch_operator.py took 0.337 seconds
[2021-12-19 04:27:29,897] {processor.py:163} INFO - Started process (PID=699) to work on /home/airflow/.local/lib/python3.7/site-packages/airflow/example_dags/example_branch_operator.py
[2021-12-19 04:27:29,902] {processor.py:625} INFO - Processing file /home/airflow/.local/lib/python3.7/site-packages/airflow/example_dags/example_branch_operator.py for tasks to queue
[2021-12-19 04:27:29,906] {logging_mixin.py:109} INFO - [2021-12-19 04:27:29,905] {dagbag.py:500} INFO - Filling up the DagBag from /home/airflow/.local/lib/python3.7/site-packages/airflow/example_dags/example_branch_operator.py
[2021-12-19 04:27:30,070] {processor.py:637} INFO - DAG(s) dict_keys(['example_branch_operator']) retrieved from /home/airflow/.local/lib/python3.7/site-packages/airflow/example_dags/example_branch_operator.py
[2021-12-19 04:27:30,142] {logging_mixin.py:109} INFO - [2021-12-19 04:27:30,141] {dag.py:2396} INFO - Sync 1 DAGs
[2021-12-19 04:27:30,263] {logging_mixin.py:109} INFO - [2021-12-19 04:27:30,263] {dag.py:2928} INFO - Setting next_dagrun for example_branch_operator to 2021-12-18 00:00:00+00:00
[2021-12-19 04:27:30,334] {processor.py:171} INFO - Processing /home/airflow/.local/lib/python3.7/site-packages/airflow/example_dags/example_branch_operator.py took 0.464 seconds
[2021-12-19 04:28:48,367] {processor.py:163} INFO - Started process (PID=774) to work on /home/airflow/.local/lib/python3.7/site-packages/airflow/example_dags/example_branch_operator.py
[2021-12-19 04:28:48,376] {processor.py:625} INFO - Processing file /home/airflow/.local/lib/python3.7/site-packages/airflow/example_dags/example_branch_operator.py for tasks to queue
[2021-12-19 04:28:48,380] {logging_mixin.py:109} INFO - [2021-12-19 04:28:48,379] {dagbag.py:500} INFO - Filling up the DagBag from /home/airflow/.local/lib/python3.7/site-packages/airflow/example_dags/example_branch_operator.py
[2021-12-19 04:28:48,547] {processor.py:637} INFO - DAG(s) dict_keys(['example_branch_operator']) retrieved from /home/airflow/.local/lib/python3.7/site-packages/airflow/example_dags/example_branch_operator.py
[2021-12-19 04:28:48,610] {logging_mixin.py:109} INFO - [2021-12-19 04:28:48,609] {dag.py:2396} INFO - Sync 1 DAGs
[2021-12-19 04:28:48,695] {logging_mixin.py:109} INFO - [2021-12-19 04:28:48,695] {dag.py:2928} INFO - Setting next_dagrun for example_branch_operator to 2021-12-18 00:00:00+00:00
[2021-12-19 04:28:50,073] {processor.py:171} INFO - Processing /home/airflow/.local/lib/python3.7/site-packages/airflow/example_dags/example_branch_operator.py took 1.717 seconds
[2021-12-19 04:29:20,875] {processor.py:163} INFO - Started process (PID=817) to work on /home/airflow/.local/lib/python3.7/site-packages/airflow/example_dags/example_branch_operator.py
[2021-12-19 04:29:20,878] {processor.py:625} INFO - Processing file /home/airflow/.local/lib/python3.7/site-packages/airflow/example_dags/example_branch_operator.py for tasks to queue
[2021-12-19 04:29:20,879] {logging_mixin.py:109} INFO - [2021-12-19 04:29:20,879] {dagbag.py:500} INFO - Filling up the DagBag from /home/airflow/.local/lib/python3.7/site-packages/airflow/example_dags/example_branch_operator.py
[2021-12-19 04:29:20,954] {processor.py:637} INFO - DAG(s) dict_keys(['example_branch_operator']) retrieved from /home/airflow/.local/lib/python3.7/site-packages/airflow/example_dags/example_branch_operator.py
[2021-12-19 04:29:20,989] {logging_mixin.py:109} INFO - [2021-12-19 04:29:20,989] {dag.py:2396} INFO - Sync 1 DAGs
[2021-12-19 04:29:21,043] {logging_mixin.py:109} INFO - [2021-12-19 04:29:21,042] {dag.py:2928} INFO - Setting next_dagrun for example_branch_operator to 2021-12-18 00:00:00+00:00
[2021-12-19 04:29:21,412] {processor.py:171} INFO - Processing /home/airflow/.local/lib/python3.7/site-packages/airflow/example_dags/example_branch_operator.py took 0.545 seconds
[2021-12-19 04:30:05,795] {processor.py:163} INFO - Started process (PID=860) to work on /home/airflow/.local/lib/python3.7/site-packages/airflow/example_dags/example_branch_operator.py
[2021-12-19 04:30:05,801] {processor.py:625} INFO - Processing file /home/airflow/.local/lib/python3.7/site-packages/airflow/example_dags/example_branch_operator.py for tasks to queue
[2021-12-19 04:30:05,803] {logging_mixin.py:109} INFO - [2021-12-19 04:30:05,803] {dagbag.py:500} INFO - Filling up the DagBag from /home/airflow/.local/lib/python3.7/site-packages/airflow/example_dags/example_branch_operator.py
[2021-12-19 04:30:05,909] {processor.py:637} INFO - DAG(s) dict_keys(['example_branch_operator']) retrieved from /home/airflow/.local/lib/python3.7/site-packages/airflow/example_dags/example_branch_operator.py
[2021-12-19 04:30:05,939] {logging_mixin.py:109} INFO - [2021-12-19 04:30:05,938] {dag.py:2396} INFO - Sync 1 DAGs
[2021-12-19 04:30:05,988] {logging_mixin.py:109} INFO - [2021-12-19 04:30:05,987] {dag.py:2928} INFO - Setting next_dagrun for example_branch_operator to 2021-12-18 00:00:00+00:00
[2021-12-19 04:30:06,293] {processor.py:171} INFO - Processing /home/airflow/.local/lib/python3.7/site-packages/airflow/example_dags/example_branch_operator.py took 0.508 seconds
[2021-12-19 04:30:36,711] {processor.py:163} INFO - Started process (PID=899) to work on /home/airflow/.local/lib/python3.7/site-packages/airflow/example_dags/example_branch_operator.py
[2021-12-19 04:30:36,729] {processor.py:625} INFO - Processing file /home/airflow/.local/lib/python3.7/site-packages/airflow/example_dags/example_branch_operator.py for tasks to queue
[2021-12-19 04:30:36,731] {logging_mixin.py:109} INFO - [2021-12-19 04:30:36,730] {dagbag.py:500} INFO - Filling up the DagBag from /home/airflow/.local/lib/python3.7/site-packages/airflow/example_dags/example_branch_operator.py
[2021-12-19 04:30:36,783] {processor.py:637} INFO - DAG(s) dict_keys(['example_branch_operator']) retrieved from /home/airflow/.local/lib/python3.7/site-packages/airflow/example_dags/example_branch_operator.py
[2021-12-19 04:30:36,809] {logging_mixin.py:109} INFO - [2021-12-19 04:30:36,809] {dag.py:2396} INFO - Sync 1 DAGs
[2021-12-19 04:30:36,851] {logging_mixin.py:109} INFO - [2021-12-19 04:30:36,851] {dag.py:2928} INFO - Setting next_dagrun for example_branch_operator to 2021-12-18 00:00:00+00:00
[2021-12-19 04:30:37,628] {processor.py:171} INFO - Processing /home/airflow/.local/lib/python3.7/site-packages/airflow/example_dags/example_branch_operator.py took 0.922 seconds
[2021-12-19 04:31:54,181] {processor.py:163} INFO - Started process (PID=956) to work on /home/airflow/.local/lib/python3.7/site-packages/airflow/example_dags/example_branch_operator.py
[2021-12-19 04:31:54,238] {processor.py:625} INFO - Processing file /home/airflow/.local/lib/python3.7/site-packages/airflow/example_dags/example_branch_operator.py for tasks to queue
[2021-12-19 04:31:54,240] {logging_mixin.py:109} INFO - [2021-12-19 04:31:54,240] {dagbag.py:500} INFO - Filling up the DagBag from /home/airflow/.local/lib/python3.7/site-packages/airflow/example_dags/example_branch_operator.py
[2021-12-19 04:31:54,332] {processor.py:637} INFO - DAG(s) dict_keys(['example_branch_operator']) retrieved from /home/airflow/.local/lib/python3.7/site-packages/airflow/example_dags/example_branch_operator.py
[2021-12-19 04:31:54,370] {logging_mixin.py:109} INFO - [2021-12-19 04:31:54,369] {dag.py:2396} INFO - Sync 1 DAGs
[2021-12-19 04:31:54,420] {logging_mixin.py:109} INFO - [2021-12-19 04:31:54,419] {dag.py:2928} INFO - Setting next_dagrun for example_branch_operator to 2021-12-18 00:00:00+00:00
[2021-12-19 04:31:54,809] {processor.py:171} INFO - Processing /home/airflow/.local/lib/python3.7/site-packages/airflow/example_dags/example_branch_operator.py took 0.636 seconds
[2021-12-19 04:32:30,640] {processor.py:163} INFO - Started process (PID=989) to work on /home/airflow/.local/lib/python3.7/site-packages/airflow/example_dags/example_branch_operator.py
[2021-12-19 04:32:30,644] {processor.py:625} INFO - Processing file /home/airflow/.local/lib/python3.7/site-packages/airflow/example_dags/example_branch_operator.py for tasks to queue
[2021-12-19 04:32:30,647] {logging_mixin.py:109} INFO - [2021-12-19 04:32:30,646] {dagbag.py:500} INFO - Filling up the DagBag from /home/airflow/.local/lib/python3.7/site-packages/airflow/example_dags/example_branch_operator.py
[2021-12-19 04:32:30,735] {processor.py:637} INFO - DAG(s) dict_keys(['example_branch_operator']) retrieved from /home/airflow/.local/lib/python3.7/site-packages/airflow/example_dags/example_branch_operator.py
[2021-12-19 04:32:30,771] {logging_mixin.py:109} INFO - [2021-12-19 04:32:30,771] {dag.py:2396} INFO - Sync 1 DAGs
[2021-12-19 04:32:30,826] {logging_mixin.py:109} INFO - [2021-12-19 04:32:30,826] {dag.py:2928} INFO - Setting next_dagrun for example_branch_operator to 2021-12-18 00:00:00+00:00
[2021-12-19 04:32:30,856] {processor.py:171} INFO - Processing /home/airflow/.local/lib/python3.7/site-packages/airflow/example_dags/example_branch_operator.py took 0.227 seconds
[2021-12-19 04:33:29,192] {processor.py:163} INFO - Started process (PID=1028) to work on /home/airflow/.local/lib/python3.7/site-packages/airflow/example_dags/example_branch_operator.py
[2021-12-19 04:33:29,203] {processor.py:625} INFO - Processing file /home/airflow/.local/lib/python3.7/site-packages/airflow/example_dags/example_branch_operator.py for tasks to queue
[2021-12-19 04:33:29,206] {logging_mixin.py:109} INFO - [2021-12-19 04:33:29,205] {dagbag.py:500} INFO - Filling up the DagBag from /home/airflow/.local/lib/python3.7/site-packages/airflow/example_dags/example_branch_operator.py
[2021-12-19 04:33:29,301] {processor.py:637} INFO - DAG(s) dict_keys(['example_branch_operator']) retrieved from /home/airflow/.local/lib/python3.7/site-packages/airflow/example_dags/example_branch_operator.py
[2021-12-19 04:33:29,353] {logging_mixin.py:109} INFO - [2021-12-19 04:33:29,352] {dag.py:2396} INFO - Sync 1 DAGs
[2021-12-19 04:33:29,407] {logging_mixin.py:109} INFO - [2021-12-19 04:33:29,407] {dag.py:2928} INFO - Setting next_dagrun for example_branch_operator to 2021-12-18 00:00:00+00:00
[2021-12-19 04:33:29,567] {processor.py:171} INFO - Processing /home/airflow/.local/lib/python3.7/site-packages/airflow/example_dags/example_branch_operator.py took 0.383 seconds
[2021-12-19 04:34:08,208] {processor.py:163} INFO - Started process (PID=1071) to work on /home/airflow/.local/lib/python3.7/site-packages/airflow/example_dags/example_branch_operator.py
[2021-12-19 04:34:08,211] {processor.py:625} INFO - Processing file /home/airflow/.local/lib/python3.7/site-packages/airflow/example_dags/example_branch_operator.py for tasks to queue
[2021-12-19 04:34:08,213] {logging_mixin.py:109} INFO - [2021-12-19 04:34:08,213] {dagbag.py:500} INFO - Filling up the DagBag from /home/airflow/.local/lib/python3.7/site-packages/airflow/example_dags/example_branch_operator.py
[2021-12-19 04:34:08,325] {processor.py:637} INFO - DAG(s) dict_keys(['example_branch_operator']) retrieved from /home/airflow/.local/lib/python3.7/site-packages/airflow/example_dags/example_branch_operator.py
[2021-12-19 04:34:08,364] {logging_mixin.py:109} INFO - [2021-12-19 04:34:08,364] {dag.py:2396} INFO - Sync 1 DAGs
[2021-12-19 04:34:08,421] {logging_mixin.py:109} INFO - [2021-12-19 04:34:08,420] {dag.py:2928} INFO - Setting next_dagrun for example_branch_operator to 2021-12-18 00:00:00+00:00
[2021-12-19 04:34:10,070] {processor.py:171} INFO - Processing /home/airflow/.local/lib/python3.7/site-packages/airflow/example_dags/example_branch_operator.py took 1.871 seconds
[2021-12-19 04:35:03,911] {processor.py:163} INFO - Started process (PID=1123) to work on /home/airflow/.local/lib/python3.7/site-packages/airflow/example_dags/example_branch_operator.py
[2021-12-19 04:35:03,916] {processor.py:625} INFO - Processing file /home/airflow/.local/lib/python3.7/site-packages/airflow/example_dags/example_branch_operator.py for tasks to queue
[2021-12-19 04:35:03,921] {logging_mixin.py:109} INFO - [2021-12-19 04:35:03,920] {dagbag.py:500} INFO - Filling up the DagBag from /home/airflow/.local/lib/python3.7/site-packages/airflow/example_dags/example_branch_operator.py
[2021-12-19 04:35:04,037] {processor.py:637} INFO - DAG(s) dict_keys(['example_branch_operator']) retrieved from /home/airflow/.local/lib/python3.7/site-packages/airflow/example_dags/example_branch_operator.py
[2021-12-19 04:35:04,105] {logging_mixin.py:109} INFO - [2021-12-19 04:35:04,104] {dag.py:2396} INFO - Sync 1 DAGs
[2021-12-19 04:35:04,214] {logging_mixin.py:109} INFO - [2021-12-19 04:35:04,213] {dag.py:2928} INFO - Setting next_dagrun for example_branch_operator to 2021-12-18 00:00:00+00:00
[2021-12-19 04:35:04,683] {processor.py:171} INFO - Processing /home/airflow/.local/lib/python3.7/site-packages/airflow/example_dags/example_branch_operator.py took 0.789 seconds
[2021-12-19 04:35:35,976] {processor.py:163} INFO - Started process (PID=1165) to work on /home/airflow/.local/lib/python3.7/site-packages/airflow/example_dags/example_branch_operator.py
[2021-12-19 04:35:35,981] {processor.py:625} INFO - Processing file /home/airflow/.local/lib/python3.7/site-packages/airflow/example_dags/example_branch_operator.py for tasks to queue
[2021-12-19 04:35:35,984] {logging_mixin.py:109} INFO - [2021-12-19 04:35:35,984] {dagbag.py:500} INFO - Filling up the DagBag from /home/airflow/.local/lib/python3.7/site-packages/airflow/example_dags/example_branch_operator.py
[2021-12-19 04:35:36,117] {processor.py:637} INFO - DAG(s) dict_keys(['example_branch_operator']) retrieved from /home/airflow/.local/lib/python3.7/site-packages/airflow/example_dags/example_branch_operator.py
[2021-12-19 04:35:36,167] {logging_mixin.py:109} INFO - [2021-12-19 04:35:36,166] {dag.py:2396} INFO - Sync 1 DAGs
[2021-12-19 04:35:36,253] {logging_mixin.py:109} INFO - [2021-12-19 04:35:36,252] {dag.py:2928} INFO - Setting next_dagrun for example_branch_operator to 2021-12-18 00:00:00+00:00
[2021-12-19 04:35:36,302] {processor.py:171} INFO - Processing /home/airflow/.local/lib/python3.7/site-packages/airflow/example_dags/example_branch_operator.py took 0.340 seconds
[2021-12-19 04:36:34,747] {processor.py:163} INFO - Started process (PID=1225) to work on /home/airflow/.local/lib/python3.7/site-packages/airflow/example_dags/example_branch_operator.py
[2021-12-19 04:36:34,800] {processor.py:625} INFO - Processing file /home/airflow/.local/lib/python3.7/site-packages/airflow/example_dags/example_branch_operator.py for tasks to queue
[2021-12-19 04:36:34,811] {logging_mixin.py:109} INFO - [2021-12-19 04:36:34,810] {dagbag.py:500} INFO - Filling up the DagBag from /home/airflow/.local/lib/python3.7/site-packages/airflow/example_dags/example_branch_operator.py
[2021-12-19 04:36:34,956] {processor.py:637} INFO - DAG(s) dict_keys(['example_branch_operator']) retrieved from /home/airflow/.local/lib/python3.7/site-packages/airflow/example_dags/example_branch_operator.py
[2021-12-19 04:36:35,060] {logging_mixin.py:109} INFO - [2021-12-19 04:36:35,060] {dag.py:2396} INFO - Sync 1 DAGs
[2021-12-19 04:36:35,219] {logging_mixin.py:109} INFO - [2021-12-19 04:36:35,212] {dag.py:2928} INFO - Setting next_dagrun for example_branch_operator to 2021-12-18 00:00:00+00:00
[2021-12-19 04:36:35,300] {processor.py:171} INFO - Processing /home/airflow/.local/lib/python3.7/site-packages/airflow/example_dags/example_branch_operator.py took 0.563 seconds
[2021-12-19 04:37:57,909] {processor.py:163} INFO - Started process (PID=1258) to work on /home/airflow/.local/lib/python3.7/site-packages/airflow/example_dags/example_branch_operator.py
[2021-12-19 04:37:57,916] {processor.py:625} INFO - Processing file /home/airflow/.local/lib/python3.7/site-packages/airflow/example_dags/example_branch_operator.py for tasks to queue
[2021-12-19 04:37:57,920] {logging_mixin.py:109} INFO - [2021-12-19 04:37:57,919] {dagbag.py:500} INFO - Filling up the DagBag from /home/airflow/.local/lib/python3.7/site-packages/airflow/example_dags/example_branch_operator.py
[2021-12-19 04:37:58,033] {processor.py:637} INFO - DAG(s) dict_keys(['example_branch_operator']) retrieved from /home/airflow/.local/lib/python3.7/site-packages/airflow/example_dags/example_branch_operator.py
[2021-12-19 04:37:58,078] {logging_mixin.py:109} INFO - [2021-12-19 04:37:58,078] {dag.py:2396} INFO - Sync 1 DAGs
[2021-12-19 04:37:58,154] {logging_mixin.py:109} INFO - [2021-12-19 04:37:58,153] {dag.py:2928} INFO - Setting next_dagrun for example_branch_operator to 2021-12-18 00:00:00+00:00
[2021-12-19 04:37:58,205] {processor.py:171} INFO - Processing /home/airflow/.local/lib/python3.7/site-packages/airflow/example_dags/example_branch_operator.py took 0.309 seconds
[2021-12-19 04:39:27,793] {processor.py:163} INFO - Started process (PID=1320) to work on /home/airflow/.local/lib/python3.7/site-packages/airflow/example_dags/example_branch_operator.py
[2021-12-19 04:39:27,849] {processor.py:625} INFO - Processing file /home/airflow/.local/lib/python3.7/site-packages/airflow/example_dags/example_branch_operator.py for tasks to queue
[2021-12-19 04:39:27,851] {logging_mixin.py:109} INFO - [2021-12-19 04:39:27,851] {dagbag.py:500} INFO - Filling up the DagBag from /home/airflow/.local/lib/python3.7/site-packages/airflow/example_dags/example_branch_operator.py
[2021-12-19 04:39:27,941] {processor.py:637} INFO - DAG(s) dict_keys(['example_branch_operator']) retrieved from /home/airflow/.local/lib/python3.7/site-packages/airflow/example_dags/example_branch_operator.py
[2021-12-19 04:39:27,976] {logging_mixin.py:109} INFO - [2021-12-19 04:39:27,975] {dag.py:2396} INFO - Sync 1 DAGs
[2021-12-19 04:39:28,026] {logging_mixin.py:109} INFO - [2021-12-19 04:39:28,026] {dag.py:2928} INFO - Setting next_dagrun for example_branch_operator to 2021-12-18 00:00:00+00:00
[2021-12-19 04:39:28,305] {processor.py:171} INFO - Processing /home/airflow/.local/lib/python3.7/site-packages/airflow/example_dags/example_branch_operator.py took 0.520 seconds
[2021-12-19 04:40:12,385] {processor.py:163} INFO - Started process (PID=1372) to work on /home/airflow/.local/lib/python3.7/site-packages/airflow/example_dags/example_branch_operator.py
[2021-12-19 04:40:12,401] {processor.py:625} INFO - Processing file /home/airflow/.local/lib/python3.7/site-packages/airflow/example_dags/example_branch_operator.py for tasks to queue
[2021-12-19 04:40:12,404] {logging_mixin.py:109} INFO - [2021-12-19 04:40:12,404] {dagbag.py:500} INFO - Filling up the DagBag from /home/airflow/.local/lib/python3.7/site-packages/airflow/example_dags/example_branch_operator.py
[2021-12-19 04:40:19,924] {processor.py:637} INFO - DAG(s) dict_keys(['example_branch_operator']) retrieved from /home/airflow/.local/lib/python3.7/site-packages/airflow/example_dags/example_branch_operator.py
[2021-12-19 04:40:38,121] {logging_mixin.py:109} INFO - [2021-12-19 04:40:38,121] {dag.py:2396} INFO - Sync 1 DAGs
[2021-12-19 04:40:48,947] {logging_mixin.py:109} INFO - [2021-12-19 04:40:48,947] {dag.py:2928} INFO - Setting next_dagrun for example_branch_operator to 2021-12-18 00:00:00+00:00
[2021-12-19 04:40:49,196] {processor.py:171} INFO - Processing /home/airflow/.local/lib/python3.7/site-packages/airflow/example_dags/example_branch_operator.py took 36.831 seconds
[2021-12-19 04:41:37,095] {processor.py:163} INFO - Started process (PID=1393) to work on /home/airflow/.local/lib/python3.7/site-packages/airflow/example_dags/example_branch_operator.py
[2021-12-19 04:41:37,099] {processor.py:625} INFO - Processing file /home/airflow/.local/lib/python3.7/site-packages/airflow/example_dags/example_branch_operator.py for tasks to queue
[2021-12-19 04:41:37,102] {logging_mixin.py:109} INFO - [2021-12-19 04:41:37,102] {dagbag.py:500} INFO - Filling up the DagBag from /home/airflow/.local/lib/python3.7/site-packages/airflow/example_dags/example_branch_operator.py
[2021-12-19 04:41:37,181] {processor.py:637} INFO - DAG(s) dict_keys(['example_branch_operator']) retrieved from /home/airflow/.local/lib/python3.7/site-packages/airflow/example_dags/example_branch_operator.py
[2021-12-19 04:41:37,210] {logging_mixin.py:109} INFO - [2021-12-19 04:41:37,209] {dag.py:2396} INFO - Sync 1 DAGs
[2021-12-19 04:41:37,249] {logging_mixin.py:109} INFO - [2021-12-19 04:41:37,249] {dag.py:2928} INFO - Setting next_dagrun for example_branch_operator to 2021-12-18 00:00:00+00:00
[2021-12-19 04:41:37,279] {processor.py:171} INFO - Processing /home/airflow/.local/lib/python3.7/site-packages/airflow/example_dags/example_branch_operator.py took 0.196 seconds
[2021-12-19 04:43:04,973] {processor.py:163} INFO - Started process (PID=1444) to work on /home/airflow/.local/lib/python3.7/site-packages/airflow/example_dags/example_branch_operator.py
[2021-12-19 04:43:05,019] {processor.py:625} INFO - Processing file /home/airflow/.local/lib/python3.7/site-packages/airflow/example_dags/example_branch_operator.py for tasks to queue
[2021-12-19 04:43:05,023] {logging_mixin.py:109} INFO - [2021-12-19 04:43:05,022] {dagbag.py:500} INFO - Filling up the DagBag from /home/airflow/.local/lib/python3.7/site-packages/airflow/example_dags/example_branch_operator.py
[2021-12-19 04:43:06,359] {processor.py:637} INFO - DAG(s) dict_keys(['example_branch_operator']) retrieved from /home/airflow/.local/lib/python3.7/site-packages/airflow/example_dags/example_branch_operator.py
[2021-12-19 04:43:06,431] {logging_mixin.py:109} INFO - [2021-12-19 04:43:06,430] {dag.py:2396} INFO - Sync 1 DAGs
[2021-12-19 04:43:06,491] {logging_mixin.py:109} INFO - [2021-12-19 04:43:06,491] {dag.py:2928} INFO - Setting next_dagrun for example_branch_operator to 2021-12-18 00:00:00+00:00
[2021-12-19 04:43:06,860] {processor.py:171} INFO - Processing /home/airflow/.local/lib/python3.7/site-packages/airflow/example_dags/example_branch_operator.py took 1.898 seconds
[2021-12-19 04:43:38,706] {processor.py:163} INFO - Started process (PID=1495) to work on /home/airflow/.local/lib/python3.7/site-packages/airflow/example_dags/example_branch_operator.py
[2021-12-19 04:43:38,713] {processor.py:625} INFO - Processing file /home/airflow/.local/lib/python3.7/site-packages/airflow/example_dags/example_branch_operator.py for tasks to queue
[2021-12-19 04:43:38,715] {logging_mixin.py:109} INFO - [2021-12-19 04:43:38,714] {dagbag.py:500} INFO - Filling up the DagBag from /home/airflow/.local/lib/python3.7/site-packages/airflow/example_dags/example_branch_operator.py
[2021-12-19 04:43:38,787] {processor.py:637} INFO - DAG(s) dict_keys(['example_branch_operator']) retrieved from /home/airflow/.local/lib/python3.7/site-packages/airflow/example_dags/example_branch_operator.py
[2021-12-19 04:43:38,814] {logging_mixin.py:109} INFO - [2021-12-19 04:43:38,814] {dag.py:2396} INFO - Sync 1 DAGs
[2021-12-19 04:43:38,852] {logging_mixin.py:109} INFO - [2021-12-19 04:43:38,852] {dag.py:2928} INFO - Setting next_dagrun for example_branch_operator to 2021-12-18 00:00:00+00:00
[2021-12-19 04:43:38,884] {processor.py:171} INFO - Processing /home/airflow/.local/lib/python3.7/site-packages/airflow/example_dags/example_branch_operator.py took 0.186 seconds
[2021-12-19 04:44:18,980] {processor.py:163} INFO - Started process (PID=1548) to work on /home/airflow/.local/lib/python3.7/site-packages/airflow/example_dags/example_branch_operator.py
[2021-12-19 04:44:18,989] {processor.py:625} INFO - Processing file /home/airflow/.local/lib/python3.7/site-packages/airflow/example_dags/example_branch_operator.py for tasks to queue
[2021-12-19 04:44:18,993] {logging_mixin.py:109} INFO - [2021-12-19 04:44:18,993] {dagbag.py:500} INFO - Filling up the DagBag from /home/airflow/.local/lib/python3.7/site-packages/airflow/example_dags/example_branch_operator.py
[2021-12-19 04:44:19,112] {processor.py:637} INFO - DAG(s) dict_keys(['example_branch_operator']) retrieved from /home/airflow/.local/lib/python3.7/site-packages/airflow/example_dags/example_branch_operator.py
[2021-12-19 04:44:19,154] {logging_mixin.py:109} INFO - [2021-12-19 04:44:19,153] {dag.py:2396} INFO - Sync 1 DAGs
[2021-12-19 04:44:19,240] {logging_mixin.py:109} INFO - [2021-12-19 04:44:19,240] {dag.py:2928} INFO - Setting next_dagrun for example_branch_operator to 2021-12-18 00:00:00+00:00
[2021-12-19 04:44:19,292] {processor.py:171} INFO - Processing /home/airflow/.local/lib/python3.7/site-packages/airflow/example_dags/example_branch_operator.py took 0.327 seconds
[2021-12-19 04:45:06,980] {processor.py:163} INFO - Started process (PID=1593) to work on /home/airflow/.local/lib/python3.7/site-packages/airflow/example_dags/example_branch_operator.py
[2021-12-19 04:45:06,985] {processor.py:625} INFO - Processing file /home/airflow/.local/lib/python3.7/site-packages/airflow/example_dags/example_branch_operator.py for tasks to queue
[2021-12-19 04:45:06,987] {logging_mixin.py:109} INFO - [2021-12-19 04:45:06,987] {dagbag.py:500} INFO - Filling up the DagBag from /home/airflow/.local/lib/python3.7/site-packages/airflow/example_dags/example_branch_operator.py
[2021-12-19 04:45:07,081] {processor.py:637} INFO - DAG(s) dict_keys(['example_branch_operator']) retrieved from /home/airflow/.local/lib/python3.7/site-packages/airflow/example_dags/example_branch_operator.py
[2021-12-19 04:45:07,120] {logging_mixin.py:109} INFO - [2021-12-19 04:45:07,120] {dag.py:2396} INFO - Sync 1 DAGs
[2021-12-19 04:45:07,171] {logging_mixin.py:109} INFO - [2021-12-19 04:45:07,171] {dag.py:2928} INFO - Setting next_dagrun for example_branch_operator to 2021-12-18 00:00:00+00:00
[2021-12-19 04:45:07,204] {processor.py:171} INFO - Processing /home/airflow/.local/lib/python3.7/site-packages/airflow/example_dags/example_branch_operator.py took 0.232 seconds
[2021-12-19 04:46:56,316] {processor.py:163} INFO - Started process (PID=1642) to work on /home/airflow/.local/lib/python3.7/site-packages/airflow/example_dags/example_branch_operator.py
[2021-12-19 04:46:56,321] {processor.py:625} INFO - Processing file /home/airflow/.local/lib/python3.7/site-packages/airflow/example_dags/example_branch_operator.py for tasks to queue
[2021-12-19 04:46:56,323] {logging_mixin.py:109} INFO - [2021-12-19 04:46:56,323] {dagbag.py:500} INFO - Filling up the DagBag from /home/airflow/.local/lib/python3.7/site-packages/airflow/example_dags/example_branch_operator.py
[2021-12-19 04:46:56,499] {processor.py:637} INFO - DAG(s) dict_keys(['example_branch_operator']) retrieved from /home/airflow/.local/lib/python3.7/site-packages/airflow/example_dags/example_branch_operator.py
[2021-12-19 04:46:56,570] {logging_mixin.py:109} INFO - [2021-12-19 04:46:56,570] {dag.py:2396} INFO - Sync 1 DAGs
[2021-12-19 04:46:56,628] {logging_mixin.py:109} INFO - [2021-12-19 04:46:56,628] {dag.py:2928} INFO - Setting next_dagrun for example_branch_operator to 2021-12-18 00:00:00+00:00
[2021-12-19 04:46:56,656] {processor.py:171} INFO - Processing /home/airflow/.local/lib/python3.7/site-packages/airflow/example_dags/example_branch_operator.py took 0.348 seconds
[2021-12-19 04:47:27,024] {processor.py:163} INFO - Started process (PID=1695) to work on /home/airflow/.local/lib/python3.7/site-packages/airflow/example_dags/example_branch_operator.py
[2021-12-19 04:47:27,050] {processor.py:625} INFO - Processing file /home/airflow/.local/lib/python3.7/site-packages/airflow/example_dags/example_branch_operator.py for tasks to queue
[2021-12-19 04:47:27,053] {logging_mixin.py:109} INFO - [2021-12-19 04:47:27,053] {dagbag.py:500} INFO - Filling up the DagBag from /home/airflow/.local/lib/python3.7/site-packages/airflow/example_dags/example_branch_operator.py
[2021-12-19 04:47:27,188] {processor.py:637} INFO - DAG(s) dict_keys(['example_branch_operator']) retrieved from /home/airflow/.local/lib/python3.7/site-packages/airflow/example_dags/example_branch_operator.py
[2021-12-19 04:47:27,237] {logging_mixin.py:109} INFO - [2021-12-19 04:47:27,236] {dag.py:2396} INFO - Sync 1 DAGs
[2021-12-19 04:47:27,306] {logging_mixin.py:109} INFO - [2021-12-19 04:47:27,306] {dag.py:2928} INFO - Setting next_dagrun for example_branch_operator to 2021-12-18 00:00:00+00:00
[2021-12-19 04:47:27,347] {processor.py:171} INFO - Processing /home/airflow/.local/lib/python3.7/site-packages/airflow/example_dags/example_branch_operator.py took 0.333 seconds
[2021-12-19 04:47:57,923] {processor.py:163} INFO - Started process (PID=1728) to work on /home/airflow/.local/lib/python3.7/site-packages/airflow/example_dags/example_branch_operator.py
[2021-12-19 04:47:57,929] {processor.py:625} INFO - Processing file /home/airflow/.local/lib/python3.7/site-packages/airflow/example_dags/example_branch_operator.py for tasks to queue
[2021-12-19 04:47:57,931] {logging_mixin.py:109} INFO - [2021-12-19 04:47:57,931] {dagbag.py:500} INFO - Filling up the DagBag from /home/airflow/.local/lib/python3.7/site-packages/airflow/example_dags/example_branch_operator.py
[2021-12-19 04:47:58,077] {processor.py:637} INFO - DAG(s) dict_keys(['example_branch_operator']) retrieved from /home/airflow/.local/lib/python3.7/site-packages/airflow/example_dags/example_branch_operator.py
[2021-12-19 04:47:58,119] {logging_mixin.py:109} INFO - [2021-12-19 04:47:58,118] {dag.py:2396} INFO - Sync 1 DAGs
[2021-12-19 04:47:58,173] {logging_mixin.py:109} INFO - [2021-12-19 04:47:58,173] {dag.py:2928} INFO - Setting next_dagrun for example_branch_operator to 2021-12-18 00:00:00+00:00
[2021-12-19 04:47:58,201] {processor.py:171} INFO - Processing /home/airflow/.local/lib/python3.7/site-packages/airflow/example_dags/example_branch_operator.py took 0.285 seconds
[2021-12-19 04:48:28,271] {processor.py:163} INFO - Started process (PID=1782) to work on /home/airflow/.local/lib/python3.7/site-packages/airflow/example_dags/example_branch_operator.py
[2021-12-19 04:48:28,275] {processor.py:625} INFO - Processing file /home/airflow/.local/lib/python3.7/site-packages/airflow/example_dags/example_branch_operator.py for tasks to queue
[2021-12-19 04:48:28,278] {logging_mixin.py:109} INFO - [2021-12-19 04:48:28,277] {dagbag.py:500} INFO - Filling up the DagBag from /home/airflow/.local/lib/python3.7/site-packages/airflow/example_dags/example_branch_operator.py
[2021-12-19 04:48:28,343] {processor.py:637} INFO - DAG(s) dict_keys(['example_branch_operator']) retrieved from /home/airflow/.local/lib/python3.7/site-packages/airflow/example_dags/example_branch_operator.py
[2021-12-19 04:48:28,368] {logging_mixin.py:109} INFO - [2021-12-19 04:48:28,368] {dag.py:2396} INFO - Sync 1 DAGs
[2021-12-19 04:48:28,404] {logging_mixin.py:109} INFO - [2021-12-19 04:48:28,404] {dag.py:2928} INFO - Setting next_dagrun for example_branch_operator to 2021-12-18 00:00:00+00:00
[2021-12-19 04:48:28,435] {processor.py:171} INFO - Processing /home/airflow/.local/lib/python3.7/site-packages/airflow/example_dags/example_branch_operator.py took 0.169 seconds
[2021-12-19 04:48:58,590] {processor.py:163} INFO - Started process (PID=1833) to work on /home/airflow/.local/lib/python3.7/site-packages/airflow/example_dags/example_branch_operator.py
[2021-12-19 04:48:58,598] {processor.py:625} INFO - Processing file /home/airflow/.local/lib/python3.7/site-packages/airflow/example_dags/example_branch_operator.py for tasks to queue
[2021-12-19 04:48:58,601] {logging_mixin.py:109} INFO - [2021-12-19 04:48:58,600] {dagbag.py:500} INFO - Filling up the DagBag from /home/airflow/.local/lib/python3.7/site-packages/airflow/example_dags/example_branch_operator.py
[2021-12-19 04:48:58,726] {processor.py:637} INFO - DAG(s) dict_keys(['example_branch_operator']) retrieved from /home/airflow/.local/lib/python3.7/site-packages/airflow/example_dags/example_branch_operator.py
[2021-12-19 04:48:58,767] {logging_mixin.py:109} INFO - [2021-12-19 04:48:58,767] {dag.py:2396} INFO - Sync 1 DAGs
[2021-12-19 04:48:58,834] {logging_mixin.py:109} INFO - [2021-12-19 04:48:58,834] {dag.py:2928} INFO - Setting next_dagrun for example_branch_operator to 2021-12-18 00:00:00+00:00
[2021-12-19 04:48:58,884] {processor.py:171} INFO - Processing /home/airflow/.local/lib/python3.7/site-packages/airflow/example_dags/example_branch_operator.py took 0.304 seconds
[2021-12-19 04:49:44,692] {processor.py:163} INFO - Started process (PID=1876) to work on /home/airflow/.local/lib/python3.7/site-packages/airflow/example_dags/example_branch_operator.py
[2021-12-19 04:49:44,702] {processor.py:625} INFO - Processing file /home/airflow/.local/lib/python3.7/site-packages/airflow/example_dags/example_branch_operator.py for tasks to queue
[2021-12-19 04:49:44,706] {logging_mixin.py:109} INFO - [2021-12-19 04:49:44,705] {dagbag.py:500} INFO - Filling up the DagBag from /home/airflow/.local/lib/python3.7/site-packages/airflow/example_dags/example_branch_operator.py
[2021-12-19 04:49:44,850] {processor.py:637} INFO - DAG(s) dict_keys(['example_branch_operator']) retrieved from /home/airflow/.local/lib/python3.7/site-packages/airflow/example_dags/example_branch_operator.py
[2021-12-19 04:49:44,888] {logging_mixin.py:109} INFO - [2021-12-19 04:49:44,888] {dag.py:2396} INFO - Sync 1 DAGs
[2021-12-19 04:49:44,945] {logging_mixin.py:109} INFO - [2021-12-19 04:49:44,944] {dag.py:2928} INFO - Setting next_dagrun for example_branch_operator to 2021-12-18 00:00:00+00:00
[2021-12-19 04:49:45,963] {processor.py:171} INFO - Processing /home/airflow/.local/lib/python3.7/site-packages/airflow/example_dags/example_branch_operator.py took 1.283 seconds
[2021-12-19 04:50:28,677] {processor.py:163} INFO - Started process (PID=1933) to work on /home/airflow/.local/lib/python3.7/site-packages/airflow/example_dags/example_branch_operator.py
[2021-12-19 04:50:28,683] {processor.py:625} INFO - Processing file /home/airflow/.local/lib/python3.7/site-packages/airflow/example_dags/example_branch_operator.py for tasks to queue
[2021-12-19 04:50:28,687] {logging_mixin.py:109} INFO - [2021-12-19 04:50:28,686] {dagbag.py:500} INFO - Filling up the DagBag from /home/airflow/.local/lib/python3.7/site-packages/airflow/example_dags/example_branch_operator.py
[2021-12-19 04:50:28,789] {processor.py:637} INFO - DAG(s) dict_keys(['example_branch_operator']) retrieved from /home/airflow/.local/lib/python3.7/site-packages/airflow/example_dags/example_branch_operator.py
[2021-12-19 04:50:28,861] {logging_mixin.py:109} INFO - [2021-12-19 04:50:28,861] {dag.py:2396} INFO - Sync 1 DAGs
[2021-12-19 04:50:28,973] {logging_mixin.py:109} INFO - [2021-12-19 04:50:28,972] {dag.py:2928} INFO - Setting next_dagrun for example_branch_operator to 2021-12-18 00:00:00+00:00
[2021-12-19 04:50:34,512] {logging_mixin.py:109} INFO - [2021-12-19 04:50:34,511] {process_utils.py:212} INFO - Waiting up to 5 seconds for processes to exit...
