[2021-12-19 04:14:06,199] {processor.py:163} INFO - Started process (PID=167) to work on /home/airflow/.local/lib/python3.7/site-packages/airflow/example_dags/example_kubernetes_executor.py
[2021-12-19 04:14:06,216] {processor.py:625} INFO - Processing file /home/airflow/.local/lib/python3.7/site-packages/airflow/example_dags/example_kubernetes_executor.py for tasks to queue
[2021-12-19 04:14:06,220] {logging_mixin.py:109} INFO - [2021-12-19 04:14:06,220] {dagbag.py:500} INFO - Filling up the DagBag from /home/airflow/.local/lib/python3.7/site-packages/airflow/example_dags/example_kubernetes_executor.py
[2021-12-19 04:14:06,377] {processor.py:637} INFO - DAG(s) dict_keys(['example_kubernetes_executor']) retrieved from /home/airflow/.local/lib/python3.7/site-packages/airflow/example_dags/example_kubernetes_executor.py
[2021-12-19 04:14:25,352] {logging_mixin.py:109} INFO - [2021-12-19 04:14:25,352] {providers_manager.py:156} WARNING - Exception when importing 'airflow.providers.google.leveldb.hooks.leveldb.LevelDBHook' from 'apache-airflow-providers-google' package: No module named 'plyvel'
[2021-12-19 04:14:34,838] {logging_mixin.py:109} INFO - [2021-12-19 04:14:34,837] {providers_manager.py:156} WARNING - Exception when importing 'airflow.providers.google.leveldb.hooks.leveldb.LevelDBHook' from 'apache-airflow-providers-google' package: No module named 'plyvel'
[2021-12-19 04:14:46,636] {logging_mixin.py:109} INFO - [2021-12-19 04:14:46,636] {manager.py:496} INFO - Created Permission View: can read on DAG:example_kubernetes_executor
[2021-12-19 04:14:47,823] {logging_mixin.py:109} INFO - [2021-12-19 04:14:47,822] {manager.py:496} INFO - Created Permission View: can edit on DAG:example_kubernetes_executor
[2021-12-19 04:14:47,825] {logging_mixin.py:109} INFO - [2021-12-19 04:14:47,824] {dag.py:2396} INFO - Sync 1 DAGs
[2021-12-19 04:14:47,843] {logging_mixin.py:109} INFO - [2021-12-19 04:14:47,843] {dag.py:2415} INFO - Creating ORM DAG for example_kubernetes_executor
[2021-12-19 04:14:47,860] {logging_mixin.py:109} INFO - [2021-12-19 04:14:47,859] {dag.py:2928} INFO - Setting next_dagrun for example_kubernetes_executor to None
[2021-12-19 04:14:48,636] {processor.py:171} INFO - Processing /home/airflow/.local/lib/python3.7/site-packages/airflow/example_dags/example_kubernetes_executor.py took 42.459 seconds
[2021-12-19 04:17:59,821] {processor.py:163} INFO - Started process (PID=437) to work on /home/airflow/.local/lib/python3.7/site-packages/airflow/example_dags/example_kubernetes_executor.py
[2021-12-19 04:17:59,840] {processor.py:625} INFO - Processing file /home/airflow/.local/lib/python3.7/site-packages/airflow/example_dags/example_kubernetes_executor.py for tasks to queue
[2021-12-19 04:17:59,845] {logging_mixin.py:109} INFO - [2021-12-19 04:17:59,844] {dagbag.py:500} INFO - Filling up the DagBag from /home/airflow/.local/lib/python3.7/site-packages/airflow/example_dags/example_kubernetes_executor.py
[2021-12-19 04:18:00,035] {processor.py:637} INFO - DAG(s) dict_keys(['example_kubernetes_executor']) retrieved from /home/airflow/.local/lib/python3.7/site-packages/airflow/example_dags/example_kubernetes_executor.py
[2021-12-19 04:18:00,116] {logging_mixin.py:109} INFO - [2021-12-19 04:18:00,116] {dag.py:2396} INFO - Sync 1 DAGs
[2021-12-19 04:18:00,273] {logging_mixin.py:109} INFO - [2021-12-19 04:18:00,273] {dag.py:2928} INFO - Setting next_dagrun for example_kubernetes_executor to None
[2021-12-19 04:18:00,553] {processor.py:171} INFO - Processing /home/airflow/.local/lib/python3.7/site-packages/airflow/example_dags/example_kubernetes_executor.py took 0.753 seconds
[2021-12-19 04:19:37,306] {processor.py:163} INFO - Started process (PID=490) to work on /home/airflow/.local/lib/python3.7/site-packages/airflow/example_dags/example_kubernetes_executor.py
[2021-12-19 04:19:37,310] {processor.py:625} INFO - Processing file /home/airflow/.local/lib/python3.7/site-packages/airflow/example_dags/example_kubernetes_executor.py for tasks to queue
[2021-12-19 04:19:37,314] {logging_mixin.py:109} INFO - [2021-12-19 04:19:37,313] {dagbag.py:500} INFO - Filling up the DagBag from /home/airflow/.local/lib/python3.7/site-packages/airflow/example_dags/example_kubernetes_executor.py
[2021-12-19 04:19:37,394] {processor.py:637} INFO - DAG(s) dict_keys(['example_kubernetes_executor']) retrieved from /home/airflow/.local/lib/python3.7/site-packages/airflow/example_dags/example_kubernetes_executor.py
[2021-12-19 04:19:37,486] {logging_mixin.py:109} INFO - [2021-12-19 04:19:37,485] {dag.py:2396} INFO - Sync 1 DAGs
[2021-12-19 04:19:37,546] {logging_mixin.py:109} INFO - [2021-12-19 04:19:37,546] {dag.py:2928} INFO - Setting next_dagrun for example_kubernetes_executor to None
[2021-12-19 04:19:37,783] {processor.py:171} INFO - Processing /home/airflow/.local/lib/python3.7/site-packages/airflow/example_dags/example_kubernetes_executor.py took 0.483 seconds
[2021-12-19 04:21:55,822] {processor.py:163} INFO - Started process (PID=544) to work on /home/airflow/.local/lib/python3.7/site-packages/airflow/example_dags/example_kubernetes_executor.py
[2021-12-19 04:21:55,833] {processor.py:625} INFO - Processing file /home/airflow/.local/lib/python3.7/site-packages/airflow/example_dags/example_kubernetes_executor.py for tasks to queue
[2021-12-19 04:21:55,841] {logging_mixin.py:109} INFO - [2021-12-19 04:21:55,841] {dagbag.py:500} INFO - Filling up the DagBag from /home/airflow/.local/lib/python3.7/site-packages/airflow/example_dags/example_kubernetes_executor.py
[2021-12-19 04:21:56,090] {processor.py:637} INFO - DAG(s) dict_keys(['example_kubernetes_executor']) retrieved from /home/airflow/.local/lib/python3.7/site-packages/airflow/example_dags/example_kubernetes_executor.py
[2021-12-19 04:21:56,218] {logging_mixin.py:109} INFO - [2021-12-19 04:21:56,217] {dag.py:2396} INFO - Sync 1 DAGs
[2021-12-19 04:21:56,372] {logging_mixin.py:109} INFO - [2021-12-19 04:21:56,371] {dag.py:2928} INFO - Setting next_dagrun for example_kubernetes_executor to None
[2021-12-19 04:21:57,939] {processor.py:171} INFO - Processing /home/airflow/.local/lib/python3.7/site-packages/airflow/example_dags/example_kubernetes_executor.py took 2.132 seconds
[2021-12-19 04:24:08,193] {processor.py:163} INFO - Started process (PID=590) to work on /home/airflow/.local/lib/python3.7/site-packages/airflow/example_dags/example_kubernetes_executor.py
[2021-12-19 04:24:08,206] {processor.py:625} INFO - Processing file /home/airflow/.local/lib/python3.7/site-packages/airflow/example_dags/example_kubernetes_executor.py for tasks to queue
[2021-12-19 04:24:08,216] {logging_mixin.py:109} INFO - [2021-12-19 04:24:08,216] {dagbag.py:500} INFO - Filling up the DagBag from /home/airflow/.local/lib/python3.7/site-packages/airflow/example_dags/example_kubernetes_executor.py
[2021-12-19 04:24:08,440] {processor.py:637} INFO - DAG(s) dict_keys(['example_kubernetes_executor']) retrieved from /home/airflow/.local/lib/python3.7/site-packages/airflow/example_dags/example_kubernetes_executor.py
[2021-12-19 04:24:08,547] {logging_mixin.py:109} INFO - [2021-12-19 04:24:08,539] {dag.py:2396} INFO - Sync 1 DAGs
[2021-12-19 04:24:08,670] {logging_mixin.py:109} INFO - [2021-12-19 04:24:08,670] {dag.py:2928} INFO - Setting next_dagrun for example_kubernetes_executor to None
[2021-12-19 04:24:09,633] {processor.py:171} INFO - Processing /home/airflow/.local/lib/python3.7/site-packages/airflow/example_dags/example_kubernetes_executor.py took 1.451 seconds
[2021-12-19 04:26:07,278] {processor.py:163} INFO - Started process (PID=651) to work on /home/airflow/.local/lib/python3.7/site-packages/airflow/example_dags/example_kubernetes_executor.py
[2021-12-19 04:26:07,465] {processor.py:625} INFO - Processing file /home/airflow/.local/lib/python3.7/site-packages/airflow/example_dags/example_kubernetes_executor.py for tasks to queue
[2021-12-19 04:26:07,467] {logging_mixin.py:109} INFO - [2021-12-19 04:26:07,467] {dagbag.py:500} INFO - Filling up the DagBag from /home/airflow/.local/lib/python3.7/site-packages/airflow/example_dags/example_kubernetes_executor.py
[2021-12-19 04:26:07,518] {processor.py:637} INFO - DAG(s) dict_keys(['example_kubernetes_executor']) retrieved from /home/airflow/.local/lib/python3.7/site-packages/airflow/example_dags/example_kubernetes_executor.py
[2021-12-19 04:26:07,538] {logging_mixin.py:109} INFO - [2021-12-19 04:26:07,537] {dag.py:2396} INFO - Sync 1 DAGs
[2021-12-19 04:26:07,565] {logging_mixin.py:109} INFO - [2021-12-19 04:26:07,565] {dag.py:2928} INFO - Setting next_dagrun for example_kubernetes_executor to None
[2021-12-19 04:26:07,747] {processor.py:171} INFO - Processing /home/airflow/.local/lib/python3.7/site-packages/airflow/example_dags/example_kubernetes_executor.py took 0.478 seconds
[2021-12-19 04:27:23,572] {processor.py:163} INFO - Started process (PID=684) to work on /home/airflow/.local/lib/python3.7/site-packages/airflow/example_dags/example_kubernetes_executor.py
[2021-12-19 04:27:23,588] {processor.py:625} INFO - Processing file /home/airflow/.local/lib/python3.7/site-packages/airflow/example_dags/example_kubernetes_executor.py for tasks to queue
[2021-12-19 04:27:23,605] {logging_mixin.py:109} INFO - [2021-12-19 04:27:23,604] {dagbag.py:500} INFO - Filling up the DagBag from /home/airflow/.local/lib/python3.7/site-packages/airflow/example_dags/example_kubernetes_executor.py
[2021-12-19 04:27:23,817] {processor.py:637} INFO - DAG(s) dict_keys(['example_kubernetes_executor']) retrieved from /home/airflow/.local/lib/python3.7/site-packages/airflow/example_dags/example_kubernetes_executor.py
[2021-12-19 04:27:23,914] {logging_mixin.py:109} INFO - [2021-12-19 04:27:23,914] {dag.py:2396} INFO - Sync 1 DAGs
[2021-12-19 04:27:24,002] {logging_mixin.py:109} INFO - [2021-12-19 04:27:24,001] {dag.py:2928} INFO - Setting next_dagrun for example_kubernetes_executor to None
[2021-12-19 04:27:24,063] {processor.py:171} INFO - Processing /home/airflow/.local/lib/python3.7/site-packages/airflow/example_dags/example_kubernetes_executor.py took 0.510 seconds
[2021-12-19 04:28:36,510] {processor.py:163} INFO - Started process (PID=750) to work on /home/airflow/.local/lib/python3.7/site-packages/airflow/example_dags/example_kubernetes_executor.py
[2021-12-19 04:28:36,524] {processor.py:625} INFO - Processing file /home/airflow/.local/lib/python3.7/site-packages/airflow/example_dags/example_kubernetes_executor.py for tasks to queue
[2021-12-19 04:28:36,529] {logging_mixin.py:109} INFO - [2021-12-19 04:28:36,528] {dagbag.py:500} INFO - Filling up the DagBag from /home/airflow/.local/lib/python3.7/site-packages/airflow/example_dags/example_kubernetes_executor.py
[2021-12-19 04:28:36,721] {processor.py:637} INFO - DAG(s) dict_keys(['example_kubernetes_executor']) retrieved from /home/airflow/.local/lib/python3.7/site-packages/airflow/example_dags/example_kubernetes_executor.py
[2021-12-19 04:28:36,833] {logging_mixin.py:109} INFO - [2021-12-19 04:28:36,833] {dag.py:2396} INFO - Sync 1 DAGs
[2021-12-19 04:28:37,003] {logging_mixin.py:109} INFO - [2021-12-19 04:28:37,001] {dag.py:2928} INFO - Setting next_dagrun for example_kubernetes_executor to None
[2021-12-19 04:28:37,185] {processor.py:171} INFO - Processing /home/airflow/.local/lib/python3.7/site-packages/airflow/example_dags/example_kubernetes_executor.py took 0.699 seconds
[2021-12-19 04:29:07,415] {processor.py:163} INFO - Started process (PID=792) to work on /home/airflow/.local/lib/python3.7/site-packages/airflow/example_dags/example_kubernetes_executor.py
[2021-12-19 04:29:07,421] {processor.py:625} INFO - Processing file /home/airflow/.local/lib/python3.7/site-packages/airflow/example_dags/example_kubernetes_executor.py for tasks to queue
[2021-12-19 04:29:07,422] {logging_mixin.py:109} INFO - [2021-12-19 04:29:07,422] {dagbag.py:500} INFO - Filling up the DagBag from /home/airflow/.local/lib/python3.7/site-packages/airflow/example_dags/example_kubernetes_executor.py
[2021-12-19 04:29:07,486] {processor.py:637} INFO - DAG(s) dict_keys(['example_kubernetes_executor']) retrieved from /home/airflow/.local/lib/python3.7/site-packages/airflow/example_dags/example_kubernetes_executor.py
[2021-12-19 04:29:07,504] {logging_mixin.py:109} INFO - [2021-12-19 04:29:07,503] {dag.py:2396} INFO - Sync 1 DAGs
[2021-12-19 04:29:07,530] {logging_mixin.py:109} INFO - [2021-12-19 04:29:07,529] {dag.py:2928} INFO - Setting next_dagrun for example_kubernetes_executor to None
[2021-12-19 04:29:08,159] {processor.py:171} INFO - Processing /home/airflow/.local/lib/python3.7/site-packages/airflow/example_dags/example_kubernetes_executor.py took 0.752 seconds
[2021-12-19 04:29:38,716] {processor.py:163} INFO - Started process (PID=845) to work on /home/airflow/.local/lib/python3.7/site-packages/airflow/example_dags/example_kubernetes_executor.py
[2021-12-19 04:29:38,731] {processor.py:625} INFO - Processing file /home/airflow/.local/lib/python3.7/site-packages/airflow/example_dags/example_kubernetes_executor.py for tasks to queue
[2021-12-19 04:29:38,739] {logging_mixin.py:109} INFO - [2021-12-19 04:29:38,738] {dagbag.py:500} INFO - Filling up the DagBag from /home/airflow/.local/lib/python3.7/site-packages/airflow/example_dags/example_kubernetes_executor.py
[2021-12-19 04:29:38,945] {processor.py:637} INFO - DAG(s) dict_keys(['example_kubernetes_executor']) retrieved from /home/airflow/.local/lib/python3.7/site-packages/airflow/example_dags/example_kubernetes_executor.py
[2021-12-19 04:29:39,011] {logging_mixin.py:109} INFO - [2021-12-19 04:29:39,010] {dag.py:2396} INFO - Sync 1 DAGs
[2021-12-19 04:29:39,160] {logging_mixin.py:109} INFO - [2021-12-19 04:29:39,159] {dag.py:2928} INFO - Setting next_dagrun for example_kubernetes_executor to None
[2021-12-19 04:29:39,529] {processor.py:171} INFO - Processing /home/airflow/.local/lib/python3.7/site-packages/airflow/example_dags/example_kubernetes_executor.py took 0.833 seconds
[2021-12-19 04:30:11,663] {processor.py:163} INFO - Started process (PID=877) to work on /home/airflow/.local/lib/python3.7/site-packages/airflow/example_dags/example_kubernetes_executor.py
[2021-12-19 04:30:11,667] {processor.py:625} INFO - Processing file /home/airflow/.local/lib/python3.7/site-packages/airflow/example_dags/example_kubernetes_executor.py for tasks to queue
[2021-12-19 04:30:11,669] {logging_mixin.py:109} INFO - [2021-12-19 04:30:11,668] {dagbag.py:500} INFO - Filling up the DagBag from /home/airflow/.local/lib/python3.7/site-packages/airflow/example_dags/example_kubernetes_executor.py
[2021-12-19 04:30:11,741] {processor.py:637} INFO - DAG(s) dict_keys(['example_kubernetes_executor']) retrieved from /home/airflow/.local/lib/python3.7/site-packages/airflow/example_dags/example_kubernetes_executor.py
[2021-12-19 04:30:11,766] {logging_mixin.py:109} INFO - [2021-12-19 04:30:11,765] {dag.py:2396} INFO - Sync 1 DAGs
[2021-12-19 04:30:11,803] {logging_mixin.py:109} INFO - [2021-12-19 04:30:11,802] {dag.py:2928} INFO - Setting next_dagrun for example_kubernetes_executor to None
[2021-12-19 04:30:12,034] {processor.py:171} INFO - Processing /home/airflow/.local/lib/python3.7/site-packages/airflow/example_dags/example_kubernetes_executor.py took 0.380 seconds
[2021-12-19 04:30:44,313] {processor.py:163} INFO - Started process (PID=921) to work on /home/airflow/.local/lib/python3.7/site-packages/airflow/example_dags/example_kubernetes_executor.py
[2021-12-19 04:30:44,340] {processor.py:625} INFO - Processing file /home/airflow/.local/lib/python3.7/site-packages/airflow/example_dags/example_kubernetes_executor.py for tasks to queue
[2021-12-19 04:30:44,360] {logging_mixin.py:109} INFO - [2021-12-19 04:30:44,359] {dagbag.py:500} INFO - Filling up the DagBag from /home/airflow/.local/lib/python3.7/site-packages/airflow/example_dags/example_kubernetes_executor.py
[2021-12-19 04:30:44,492] {processor.py:637} INFO - DAG(s) dict_keys(['example_kubernetes_executor']) retrieved from /home/airflow/.local/lib/python3.7/site-packages/airflow/example_dags/example_kubernetes_executor.py
[2021-12-19 04:30:44,527] {logging_mixin.py:109} INFO - [2021-12-19 04:30:44,526] {dag.py:2396} INFO - Sync 1 DAGs
[2021-12-19 04:30:44,574] {logging_mixin.py:109} INFO - [2021-12-19 04:30:44,574] {dag.py:2928} INFO - Setting next_dagrun for example_kubernetes_executor to None
[2021-12-19 04:30:47,038] {processor.py:171} INFO - Processing /home/airflow/.local/lib/python3.7/site-packages/airflow/example_dags/example_kubernetes_executor.py took 2.746 seconds
[2021-12-19 04:31:30,643] {processor.py:163} INFO - Started process (PID=946) to work on /home/airflow/.local/lib/python3.7/site-packages/airflow/example_dags/example_kubernetes_executor.py
[2021-12-19 04:31:30,666] {processor.py:625} INFO - Processing file /home/airflow/.local/lib/python3.7/site-packages/airflow/example_dags/example_kubernetes_executor.py for tasks to queue
[2021-12-19 04:31:30,669] {logging_mixin.py:109} INFO - [2021-12-19 04:31:30,669] {dagbag.py:500} INFO - Filling up the DagBag from /home/airflow/.local/lib/python3.7/site-packages/airflow/example_dags/example_kubernetes_executor.py
[2021-12-19 04:31:30,791] {processor.py:637} INFO - DAG(s) dict_keys(['example_kubernetes_executor']) retrieved from /home/airflow/.local/lib/python3.7/site-packages/airflow/example_dags/example_kubernetes_executor.py
[2021-12-19 04:31:30,844] {logging_mixin.py:109} INFO - [2021-12-19 04:31:30,844] {dag.py:2396} INFO - Sync 1 DAGs
[2021-12-19 04:31:30,917] {logging_mixin.py:109} INFO - [2021-12-19 04:31:30,917] {dag.py:2928} INFO - Setting next_dagrun for example_kubernetes_executor to None
[2021-12-19 04:31:31,661] {processor.py:171} INFO - Processing /home/airflow/.local/lib/python3.7/site-packages/airflow/example_dags/example_kubernetes_executor.py took 1.029 seconds
[2021-12-19 04:32:27,357] {processor.py:163} INFO - Started process (PID=974) to work on /home/airflow/.local/lib/python3.7/site-packages/airflow/example_dags/example_kubernetes_executor.py
[2021-12-19 04:32:27,365] {processor.py:625} INFO - Processing file /home/airflow/.local/lib/python3.7/site-packages/airflow/example_dags/example_kubernetes_executor.py for tasks to queue
[2021-12-19 04:32:27,367] {logging_mixin.py:109} INFO - [2021-12-19 04:32:27,367] {dagbag.py:500} INFO - Filling up the DagBag from /home/airflow/.local/lib/python3.7/site-packages/airflow/example_dags/example_kubernetes_executor.py
[2021-12-19 04:32:27,435] {processor.py:637} INFO - DAG(s) dict_keys(['example_kubernetes_executor']) retrieved from /home/airflow/.local/lib/python3.7/site-packages/airflow/example_dags/example_kubernetes_executor.py
[2021-12-19 04:32:27,454] {logging_mixin.py:109} INFO - [2021-12-19 04:32:27,454] {dag.py:2396} INFO - Sync 1 DAGs
[2021-12-19 04:32:27,481] {logging_mixin.py:109} INFO - [2021-12-19 04:32:27,481] {dag.py:2928} INFO - Setting next_dagrun for example_kubernetes_executor to None
[2021-12-19 04:32:27,539] {processor.py:171} INFO - Processing /home/airflow/.local/lib/python3.7/site-packages/airflow/example_dags/example_kubernetes_executor.py took 0.189 seconds
[2021-12-19 04:33:12,552] {processor.py:163} INFO - Started process (PID=1012) to work on /home/airflow/.local/lib/python3.7/site-packages/airflow/example_dags/example_kubernetes_executor.py
[2021-12-19 04:33:12,560] {processor.py:625} INFO - Processing file /home/airflow/.local/lib/python3.7/site-packages/airflow/example_dags/example_kubernetes_executor.py for tasks to queue
[2021-12-19 04:33:12,566] {logging_mixin.py:109} INFO - [2021-12-19 04:33:12,566] {dagbag.py:500} INFO - Filling up the DagBag from /home/airflow/.local/lib/python3.7/site-packages/airflow/example_dags/example_kubernetes_executor.py
[2021-12-19 04:33:12,758] {processor.py:637} INFO - DAG(s) dict_keys(['example_kubernetes_executor']) retrieved from /home/airflow/.local/lib/python3.7/site-packages/airflow/example_dags/example_kubernetes_executor.py
[2021-12-19 04:33:12,948] {logging_mixin.py:109} INFO - [2021-12-19 04:33:12,948] {dag.py:2396} INFO - Sync 1 DAGs
[2021-12-19 04:33:13,141] {logging_mixin.py:109} INFO - [2021-12-19 04:33:13,140] {dag.py:2928} INFO - Setting next_dagrun for example_kubernetes_executor to None
[2021-12-19 04:33:13,429] {processor.py:171} INFO - Processing /home/airflow/.local/lib/python3.7/site-packages/airflow/example_dags/example_kubernetes_executor.py took 0.899 seconds
[2021-12-19 04:34:02,546] {processor.py:163} INFO - Started process (PID=1056) to work on /home/airflow/.local/lib/python3.7/site-packages/airflow/example_dags/example_kubernetes_executor.py
[2021-12-19 04:34:02,555] {processor.py:625} INFO - Processing file /home/airflow/.local/lib/python3.7/site-packages/airflow/example_dags/example_kubernetes_executor.py for tasks to queue
[2021-12-19 04:34:02,558] {logging_mixin.py:109} INFO - [2021-12-19 04:34:02,557] {dagbag.py:500} INFO - Filling up the DagBag from /home/airflow/.local/lib/python3.7/site-packages/airflow/example_dags/example_kubernetes_executor.py
[2021-12-19 04:34:02,653] {processor.py:637} INFO - DAG(s) dict_keys(['example_kubernetes_executor']) retrieved from /home/airflow/.local/lib/python3.7/site-packages/airflow/example_dags/example_kubernetes_executor.py
[2021-12-19 04:34:02,692] {logging_mixin.py:109} INFO - [2021-12-19 04:34:02,692] {dag.py:2396} INFO - Sync 1 DAGs
[2021-12-19 04:34:02,747] {logging_mixin.py:109} INFO - [2021-12-19 04:34:02,747] {dag.py:2928} INFO - Setting next_dagrun for example_kubernetes_executor to None
[2021-12-19 04:34:03,835] {processor.py:171} INFO - Processing /home/airflow/.local/lib/python3.7/site-packages/airflow/example_dags/example_kubernetes_executor.py took 1.299 seconds
[2021-12-19 04:34:34,159] {processor.py:163} INFO - Started process (PID=1108) to work on /home/airflow/.local/lib/python3.7/site-packages/airflow/example_dags/example_kubernetes_executor.py
[2021-12-19 04:34:34,162] {processor.py:625} INFO - Processing file /home/airflow/.local/lib/python3.7/site-packages/airflow/example_dags/example_kubernetes_executor.py for tasks to queue
[2021-12-19 04:34:34,164] {logging_mixin.py:109} INFO - [2021-12-19 04:34:34,163] {dagbag.py:500} INFO - Filling up the DagBag from /home/airflow/.local/lib/python3.7/site-packages/airflow/example_dags/example_kubernetes_executor.py
[2021-12-19 04:34:34,237] {processor.py:637} INFO - DAG(s) dict_keys(['example_kubernetes_executor']) retrieved from /home/airflow/.local/lib/python3.7/site-packages/airflow/example_dags/example_kubernetes_executor.py
[2021-12-19 04:34:34,273] {logging_mixin.py:109} INFO - [2021-12-19 04:34:34,273] {dag.py:2396} INFO - Sync 1 DAGs
[2021-12-19 04:34:34,314] {logging_mixin.py:109} INFO - [2021-12-19 04:34:34,313] {dag.py:2928} INFO - Setting next_dagrun for example_kubernetes_executor to None
[2021-12-19 04:34:34,344] {processor.py:171} INFO - Processing /home/airflow/.local/lib/python3.7/site-packages/airflow/example_dags/example_kubernetes_executor.py took 0.193 seconds
[2021-12-19 04:35:20,995] {processor.py:163} INFO - Started process (PID=1149) to work on /home/airflow/.local/lib/python3.7/site-packages/airflow/example_dags/example_kubernetes_executor.py
[2021-12-19 04:35:21,005] {processor.py:625} INFO - Processing file /home/airflow/.local/lib/python3.7/site-packages/airflow/example_dags/example_kubernetes_executor.py for tasks to queue
[2021-12-19 04:35:21,014] {logging_mixin.py:109} INFO - [2021-12-19 04:35:21,008] {dagbag.py:500} INFO - Filling up the DagBag from /home/airflow/.local/lib/python3.7/site-packages/airflow/example_dags/example_kubernetes_executor.py
[2021-12-19 04:35:21,939] {processor.py:637} INFO - DAG(s) dict_keys(['example_kubernetes_executor']) retrieved from /home/airflow/.local/lib/python3.7/site-packages/airflow/example_dags/example_kubernetes_executor.py
[2021-12-19 04:35:22,020] {logging_mixin.py:109} INFO - [2021-12-19 04:35:22,020] {dag.py:2396} INFO - Sync 1 DAGs
[2021-12-19 04:35:22,106] {logging_mixin.py:109} INFO - [2021-12-19 04:35:22,105] {dag.py:2928} INFO - Setting next_dagrun for example_kubernetes_executor to None
[2021-12-19 04:35:23,004] {processor.py:171} INFO - Processing /home/airflow/.local/lib/python3.7/site-packages/airflow/example_dags/example_kubernetes_executor.py took 2.024 seconds
[2021-12-19 04:35:54,905] {processor.py:163} INFO - Started process (PID=1189) to work on /home/airflow/.local/lib/python3.7/site-packages/airflow/example_dags/example_kubernetes_executor.py
[2021-12-19 04:35:54,911] {processor.py:625} INFO - Processing file /home/airflow/.local/lib/python3.7/site-packages/airflow/example_dags/example_kubernetes_executor.py for tasks to queue
[2021-12-19 04:35:54,921] {logging_mixin.py:109} INFO - [2021-12-19 04:35:54,921] {dagbag.py:500} INFO - Filling up the DagBag from /home/airflow/.local/lib/python3.7/site-packages/airflow/example_dags/example_kubernetes_executor.py
[2021-12-19 04:35:55,067] {processor.py:637} INFO - DAG(s) dict_keys(['example_kubernetes_executor']) retrieved from /home/airflow/.local/lib/python3.7/site-packages/airflow/example_dags/example_kubernetes_executor.py
[2021-12-19 04:35:55,102] {logging_mixin.py:109} INFO - [2021-12-19 04:35:55,102] {dag.py:2396} INFO - Sync 1 DAGs
[2021-12-19 04:35:55,179] {logging_mixin.py:109} INFO - [2021-12-19 04:35:55,178] {dag.py:2928} INFO - Setting next_dagrun for example_kubernetes_executor to None
[2021-12-19 04:35:55,259] {processor.py:171} INFO - Processing /home/airflow/.local/lib/python3.7/site-packages/airflow/example_dags/example_kubernetes_executor.py took 0.364 seconds
[2021-12-19 04:37:16,525] {processor.py:163} INFO - Started process (PID=1233) to work on /home/airflow/.local/lib/python3.7/site-packages/airflow/example_dags/example_kubernetes_executor.py
[2021-12-19 04:37:16,543] {processor.py:625} INFO - Processing file /home/airflow/.local/lib/python3.7/site-packages/airflow/example_dags/example_kubernetes_executor.py for tasks to queue
[2021-12-19 04:37:16,546] {logging_mixin.py:109} INFO - [2021-12-19 04:37:16,546] {dagbag.py:500} INFO - Filling up the DagBag from /home/airflow/.local/lib/python3.7/site-packages/airflow/example_dags/example_kubernetes_executor.py
[2021-12-19 04:37:16,612] {processor.py:637} INFO - DAG(s) dict_keys(['example_kubernetes_executor']) retrieved from /home/airflow/.local/lib/python3.7/site-packages/airflow/example_dags/example_kubernetes_executor.py
[2021-12-19 04:37:16,638] {logging_mixin.py:109} INFO - [2021-12-19 04:37:16,637] {dag.py:2396} INFO - Sync 1 DAGs
[2021-12-19 04:37:16,673] {logging_mixin.py:109} INFO - [2021-12-19 04:37:16,673] {dag.py:2928} INFO - Setting next_dagrun for example_kubernetes_executor to None
[2021-12-19 04:37:17,008] {processor.py:171} INFO - Processing /home/airflow/.local/lib/python3.7/site-packages/airflow/example_dags/example_kubernetes_executor.py took 0.490 seconds
[2021-12-19 04:37:59,848] {processor.py:163} INFO - Started process (PID=1266) to work on /home/airflow/.local/lib/python3.7/site-packages/airflow/example_dags/example_kubernetes_executor.py
[2021-12-19 04:37:59,873] {processor.py:625} INFO - Processing file /home/airflow/.local/lib/python3.7/site-packages/airflow/example_dags/example_kubernetes_executor.py for tasks to queue
[2021-12-19 04:37:59,874] {logging_mixin.py:109} INFO - [2021-12-19 04:37:59,874] {dagbag.py:500} INFO - Filling up the DagBag from /home/airflow/.local/lib/python3.7/site-packages/airflow/example_dags/example_kubernetes_executor.py
[2021-12-19 04:37:59,927] {processor.py:637} INFO - DAG(s) dict_keys(['example_kubernetes_executor']) retrieved from /home/airflow/.local/lib/python3.7/site-packages/airflow/example_dags/example_kubernetes_executor.py
[2021-12-19 04:37:59,951] {logging_mixin.py:109} INFO - [2021-12-19 04:37:59,951] {dag.py:2396} INFO - Sync 1 DAGs
[2021-12-19 04:37:59,976] {logging_mixin.py:109} INFO - [2021-12-19 04:37:59,976] {dag.py:2928} INFO - Setting next_dagrun for example_kubernetes_executor to None
[2021-12-19 04:38:00,191] {processor.py:171} INFO - Processing /home/airflow/.local/lib/python3.7/site-packages/airflow/example_dags/example_kubernetes_executor.py took 0.348 seconds
[2021-12-19 04:39:24,325] {processor.py:163} INFO - Started process (PID=1312) to work on /home/airflow/.local/lib/python3.7/site-packages/airflow/example_dags/example_kubernetes_executor.py
[2021-12-19 04:39:24,331] {processor.py:625} INFO - Processing file /home/airflow/.local/lib/python3.7/site-packages/airflow/example_dags/example_kubernetes_executor.py for tasks to queue
[2021-12-19 04:39:24,334] {logging_mixin.py:109} INFO - [2021-12-19 04:39:24,333] {dagbag.py:500} INFO - Filling up the DagBag from /home/airflow/.local/lib/python3.7/site-packages/airflow/example_dags/example_kubernetes_executor.py
[2021-12-19 04:39:24,460] {processor.py:637} INFO - DAG(s) dict_keys(['example_kubernetes_executor']) retrieved from /home/airflow/.local/lib/python3.7/site-packages/airflow/example_dags/example_kubernetes_executor.py
[2021-12-19 04:39:24,518] {logging_mixin.py:109} INFO - [2021-12-19 04:39:24,518] {dag.py:2396} INFO - Sync 1 DAGs
[2021-12-19 04:39:24,598] {logging_mixin.py:109} INFO - [2021-12-19 04:39:24,596] {dag.py:2928} INFO - Setting next_dagrun for example_kubernetes_executor to None
[2021-12-19 04:39:24,662] {processor.py:171} INFO - Processing /home/airflow/.local/lib/python3.7/site-packages/airflow/example_dags/example_kubernetes_executor.py took 0.347 seconds
[2021-12-19 04:40:07,744] {processor.py:163} INFO - Started process (PID=1363) to work on /home/airflow/.local/lib/python3.7/site-packages/airflow/example_dags/example_kubernetes_executor.py
[2021-12-19 04:40:07,749] {processor.py:625} INFO - Processing file /home/airflow/.local/lib/python3.7/site-packages/airflow/example_dags/example_kubernetes_executor.py for tasks to queue
[2021-12-19 04:40:07,756] {logging_mixin.py:109} INFO - [2021-12-19 04:40:07,753] {dagbag.py:500} INFO - Filling up the DagBag from /home/airflow/.local/lib/python3.7/site-packages/airflow/example_dags/example_kubernetes_executor.py
[2021-12-19 04:40:07,982] {processor.py:637} INFO - DAG(s) dict_keys(['example_kubernetes_executor']) retrieved from /home/airflow/.local/lib/python3.7/site-packages/airflow/example_dags/example_kubernetes_executor.py
[2021-12-19 04:40:08,077] {logging_mixin.py:109} INFO - [2021-12-19 04:40:08,076] {dag.py:2396} INFO - Sync 1 DAGs
[2021-12-19 04:40:08,190] {logging_mixin.py:109} INFO - [2021-12-19 04:40:08,190] {dag.py:2928} INFO - Setting next_dagrun for example_kubernetes_executor to None
[2021-12-19 04:40:08,291] {processor.py:171} INFO - Processing /home/airflow/.local/lib/python3.7/site-packages/airflow/example_dags/example_kubernetes_executor.py took 0.567 seconds
[2021-12-19 04:41:31,823] {processor.py:163} INFO - Started process (PID=1378) to work on /home/airflow/.local/lib/python3.7/site-packages/airflow/example_dags/example_kubernetes_executor.py
[2021-12-19 04:41:31,828] {processor.py:625} INFO - Processing file /home/airflow/.local/lib/python3.7/site-packages/airflow/example_dags/example_kubernetes_executor.py for tasks to queue
[2021-12-19 04:41:31,832] {logging_mixin.py:109} INFO - [2021-12-19 04:41:31,832] {dagbag.py:500} INFO - Filling up the DagBag from /home/airflow/.local/lib/python3.7/site-packages/airflow/example_dags/example_kubernetes_executor.py
[2021-12-19 04:41:31,916] {processor.py:637} INFO - DAG(s) dict_keys(['example_kubernetes_executor']) retrieved from /home/airflow/.local/lib/python3.7/site-packages/airflow/example_dags/example_kubernetes_executor.py
[2021-12-19 04:41:31,946] {logging_mixin.py:109} INFO - [2021-12-19 04:41:31,945] {dag.py:2396} INFO - Sync 1 DAGs
[2021-12-19 04:41:31,987] {logging_mixin.py:109} INFO - [2021-12-19 04:41:31,986] {dag.py:2928} INFO - Setting next_dagrun for example_kubernetes_executor to None
[2021-12-19 04:41:32,016] {processor.py:171} INFO - Processing /home/airflow/.local/lib/python3.7/site-packages/airflow/example_dags/example_kubernetes_executor.py took 0.206 seconds
[2021-12-19 04:42:03,068] {processor.py:163} INFO - Started process (PID=1429) to work on /home/airflow/.local/lib/python3.7/site-packages/airflow/example_dags/example_kubernetes_executor.py
[2021-12-19 04:42:03,073] {processor.py:625} INFO - Processing file /home/airflow/.local/lib/python3.7/site-packages/airflow/example_dags/example_kubernetes_executor.py for tasks to queue
[2021-12-19 04:42:03,082] {logging_mixin.py:109} INFO - [2021-12-19 04:42:03,077] {dagbag.py:500} INFO - Filling up the DagBag from /home/airflow/.local/lib/python3.7/site-packages/airflow/example_dags/example_kubernetes_executor.py
[2021-12-19 04:42:03,303] {processor.py:637} INFO - DAG(s) dict_keys(['example_kubernetes_executor']) retrieved from /home/airflow/.local/lib/python3.7/site-packages/airflow/example_dags/example_kubernetes_executor.py
[2021-12-19 04:42:03,384] {logging_mixin.py:109} INFO - [2021-12-19 04:42:03,384] {dag.py:2396} INFO - Sync 1 DAGs
[2021-12-19 04:42:03,450] {logging_mixin.py:109} INFO - [2021-12-19 04:42:03,450] {dag.py:2928} INFO - Setting next_dagrun for example_kubernetes_executor to None
[2021-12-19 04:42:05,761] {processor.py:171} INFO - Processing /home/airflow/.local/lib/python3.7/site-packages/airflow/example_dags/example_kubernetes_executor.py took 2.715 seconds
[2021-12-19 04:43:25,185] {processor.py:163} INFO - Started process (PID=1478) to work on /home/airflow/.local/lib/python3.7/site-packages/airflow/example_dags/example_kubernetes_executor.py
[2021-12-19 04:43:25,205] {processor.py:625} INFO - Processing file /home/airflow/.local/lib/python3.7/site-packages/airflow/example_dags/example_kubernetes_executor.py for tasks to queue
[2021-12-19 04:43:25,213] {logging_mixin.py:109} INFO - [2021-12-19 04:43:25,212] {dagbag.py:500} INFO - Filling up the DagBag from /home/airflow/.local/lib/python3.7/site-packages/airflow/example_dags/example_kubernetes_executor.py
[2021-12-19 04:43:25,370] {processor.py:637} INFO - DAG(s) dict_keys(['example_kubernetes_executor']) retrieved from /home/airflow/.local/lib/python3.7/site-packages/airflow/example_dags/example_kubernetes_executor.py
[2021-12-19 04:43:25,421] {logging_mixin.py:109} INFO - [2021-12-19 04:43:25,421] {dag.py:2396} INFO - Sync 1 DAGs
[2021-12-19 04:43:25,488] {logging_mixin.py:109} INFO - [2021-12-19 04:43:25,488] {dag.py:2928} INFO - Setting next_dagrun for example_kubernetes_executor to None
[2021-12-19 04:43:26,017] {processor.py:171} INFO - Processing /home/airflow/.local/lib/python3.7/site-packages/airflow/example_dags/example_kubernetes_executor.py took 0.848 seconds
[2021-12-19 04:44:01,544] {processor.py:163} INFO - Started process (PID=1522) to work on /home/airflow/.local/lib/python3.7/site-packages/airflow/example_dags/example_kubernetes_executor.py
[2021-12-19 04:44:01,558] {processor.py:625} INFO - Processing file /home/airflow/.local/lib/python3.7/site-packages/airflow/example_dags/example_kubernetes_executor.py for tasks to queue
[2021-12-19 04:44:01,572] {logging_mixin.py:109} INFO - [2021-12-19 04:44:01,572] {dagbag.py:500} INFO - Filling up the DagBag from /home/airflow/.local/lib/python3.7/site-packages/airflow/example_dags/example_kubernetes_executor.py
[2021-12-19 04:44:01,774] {processor.py:637} INFO - DAG(s) dict_keys(['example_kubernetes_executor']) retrieved from /home/airflow/.local/lib/python3.7/site-packages/airflow/example_dags/example_kubernetes_executor.py
[2021-12-19 04:44:01,816] {logging_mixin.py:109} INFO - [2021-12-19 04:44:01,816] {dag.py:2396} INFO - Sync 1 DAGs
[2021-12-19 04:44:01,872] {logging_mixin.py:109} INFO - [2021-12-19 04:44:01,872] {dag.py:2928} INFO - Setting next_dagrun for example_kubernetes_executor to None
[2021-12-19 04:44:02,245] {processor.py:171} INFO - Processing /home/airflow/.local/lib/python3.7/site-packages/airflow/example_dags/example_kubernetes_executor.py took 0.723 seconds
[2021-12-19 04:44:32,626] {processor.py:163} INFO - Started process (PID=1573) to work on /home/airflow/.local/lib/python3.7/site-packages/airflow/example_dags/example_kubernetes_executor.py
[2021-12-19 04:44:32,630] {processor.py:625} INFO - Processing file /home/airflow/.local/lib/python3.7/site-packages/airflow/example_dags/example_kubernetes_executor.py for tasks to queue
[2021-12-19 04:44:32,633] {logging_mixin.py:109} INFO - [2021-12-19 04:44:32,632] {dagbag.py:500} INFO - Filling up the DagBag from /home/airflow/.local/lib/python3.7/site-packages/airflow/example_dags/example_kubernetes_executor.py
[2021-12-19 04:44:32,757] {processor.py:637} INFO - DAG(s) dict_keys(['example_kubernetes_executor']) retrieved from /home/airflow/.local/lib/python3.7/site-packages/airflow/example_dags/example_kubernetes_executor.py
[2021-12-19 04:44:32,796] {logging_mixin.py:109} INFO - [2021-12-19 04:44:32,796] {dag.py:2396} INFO - Sync 1 DAGs
[2021-12-19 04:44:32,859] {logging_mixin.py:109} INFO - [2021-12-19 04:44:32,859] {dag.py:2928} INFO - Setting next_dagrun for example_kubernetes_executor to None
[2021-12-19 04:44:33,355] {processor.py:171} INFO - Processing /home/airflow/.local/lib/python3.7/site-packages/airflow/example_dags/example_kubernetes_executor.py took 0.746 seconds
[2021-12-19 04:45:10,021] {processor.py:163} INFO - Started process (PID=1608) to work on /home/airflow/.local/lib/python3.7/site-packages/airflow/example_dags/example_kubernetes_executor.py
[2021-12-19 04:45:10,025] {processor.py:625} INFO - Processing file /home/airflow/.local/lib/python3.7/site-packages/airflow/example_dags/example_kubernetes_executor.py for tasks to queue
[2021-12-19 04:45:10,027] {logging_mixin.py:109} INFO - [2021-12-19 04:45:10,027] {dagbag.py:500} INFO - Filling up the DagBag from /home/airflow/.local/lib/python3.7/site-packages/airflow/example_dags/example_kubernetes_executor.py
[2021-12-19 04:45:10,093] {processor.py:637} INFO - DAG(s) dict_keys(['example_kubernetes_executor']) retrieved from /home/airflow/.local/lib/python3.7/site-packages/airflow/example_dags/example_kubernetes_executor.py
[2021-12-19 04:45:10,119] {logging_mixin.py:109} INFO - [2021-12-19 04:45:10,119] {dag.py:2396} INFO - Sync 1 DAGs
[2021-12-19 04:45:10,157] {logging_mixin.py:109} INFO - [2021-12-19 04:45:10,157] {dag.py:2928} INFO - Setting next_dagrun for example_kubernetes_executor to None
[2021-12-19 04:45:10,181] {processor.py:171} INFO - Processing /home/airflow/.local/lib/python3.7/site-packages/airflow/example_dags/example_kubernetes_executor.py took 0.169 seconds
[2021-12-19 04:46:20,526] {processor.py:163} INFO - Started process (PID=1627) to work on /home/airflow/.local/lib/python3.7/site-packages/airflow/example_dags/example_kubernetes_executor.py
[2021-12-19 04:46:20,533] {processor.py:625} INFO - Processing file /home/airflow/.local/lib/python3.7/site-packages/airflow/example_dags/example_kubernetes_executor.py for tasks to queue
[2021-12-19 04:46:20,540] {logging_mixin.py:109} INFO - [2021-12-19 04:46:20,540] {dagbag.py:500} INFO - Filling up the DagBag from /home/airflow/.local/lib/python3.7/site-packages/airflow/example_dags/example_kubernetes_executor.py
[2021-12-19 04:46:20,686] {processor.py:637} INFO - DAG(s) dict_keys(['example_kubernetes_executor']) retrieved from /home/airflow/.local/lib/python3.7/site-packages/airflow/example_dags/example_kubernetes_executor.py
[2021-12-19 04:46:20,746] {logging_mixin.py:109} INFO - [2021-12-19 04:46:20,745] {dag.py:2396} INFO - Sync 1 DAGs
[2021-12-19 04:46:20,799] {logging_mixin.py:109} INFO - [2021-12-19 04:46:20,799] {dag.py:2928} INFO - Setting next_dagrun for example_kubernetes_executor to None
[2021-12-19 04:46:20,951] {processor.py:171} INFO - Processing /home/airflow/.local/lib/python3.7/site-packages/airflow/example_dags/example_kubernetes_executor.py took 0.454 seconds
[2021-12-19 04:46:59,526] {processor.py:163} INFO - Started process (PID=1660) to work on /home/airflow/.local/lib/python3.7/site-packages/airflow/example_dags/example_kubernetes_executor.py
[2021-12-19 04:46:59,531] {processor.py:625} INFO - Processing file /home/airflow/.local/lib/python3.7/site-packages/airflow/example_dags/example_kubernetes_executor.py for tasks to queue
[2021-12-19 04:46:59,533] {logging_mixin.py:109} INFO - [2021-12-19 04:46:59,533] {dagbag.py:500} INFO - Filling up the DagBag from /home/airflow/.local/lib/python3.7/site-packages/airflow/example_dags/example_kubernetes_executor.py
[2021-12-19 04:46:59,609] {processor.py:637} INFO - DAG(s) dict_keys(['example_kubernetes_executor']) retrieved from /home/airflow/.local/lib/python3.7/site-packages/airflow/example_dags/example_kubernetes_executor.py
[2021-12-19 04:46:59,639] {logging_mixin.py:109} INFO - [2021-12-19 04:46:59,639] {dag.py:2396} INFO - Sync 1 DAGs
[2021-12-19 04:46:59,683] {logging_mixin.py:109} INFO - [2021-12-19 04:46:59,682] {dag.py:2928} INFO - Setting next_dagrun for example_kubernetes_executor to None
[2021-12-19 04:46:59,716] {processor.py:171} INFO - Processing /home/airflow/.local/lib/python3.7/site-packages/airflow/example_dags/example_kubernetes_executor.py took 0.200 seconds
[2021-12-19 04:47:31,292] {processor.py:163} INFO - Started process (PID=1710) to work on /home/airflow/.local/lib/python3.7/site-packages/airflow/example_dags/example_kubernetes_executor.py
[2021-12-19 04:47:31,299] {processor.py:625} INFO - Processing file /home/airflow/.local/lib/python3.7/site-packages/airflow/example_dags/example_kubernetes_executor.py for tasks to queue
[2021-12-19 04:47:31,305] {logging_mixin.py:109} INFO - [2021-12-19 04:47:31,304] {dagbag.py:500} INFO - Filling up the DagBag from /home/airflow/.local/lib/python3.7/site-packages/airflow/example_dags/example_kubernetes_executor.py
[2021-12-19 04:47:31,431] {processor.py:637} INFO - DAG(s) dict_keys(['example_kubernetes_executor']) retrieved from /home/airflow/.local/lib/python3.7/site-packages/airflow/example_dags/example_kubernetes_executor.py
[2021-12-19 04:47:31,476] {logging_mixin.py:109} INFO - [2021-12-19 04:47:31,476] {dag.py:2396} INFO - Sync 1 DAGs
[2021-12-19 04:47:31,550] {logging_mixin.py:109} INFO - [2021-12-19 04:47:31,549] {dag.py:2928} INFO - Setting next_dagrun for example_kubernetes_executor to None
[2021-12-19 04:47:31,605] {processor.py:171} INFO - Processing /home/airflow/.local/lib/python3.7/site-packages/airflow/example_dags/example_kubernetes_executor.py took 0.331 seconds
[2021-12-19 04:48:01,749] {processor.py:163} INFO - Started process (PID=1742) to work on /home/airflow/.local/lib/python3.7/site-packages/airflow/example_dags/example_kubernetes_executor.py
[2021-12-19 04:48:01,752] {processor.py:625} INFO - Processing file /home/airflow/.local/lib/python3.7/site-packages/airflow/example_dags/example_kubernetes_executor.py for tasks to queue
[2021-12-19 04:48:01,755] {logging_mixin.py:109} INFO - [2021-12-19 04:48:01,755] {dagbag.py:500} INFO - Filling up the DagBag from /home/airflow/.local/lib/python3.7/site-packages/airflow/example_dags/example_kubernetes_executor.py
[2021-12-19 04:48:01,817] {processor.py:637} INFO - DAG(s) dict_keys(['example_kubernetes_executor']) retrieved from /home/airflow/.local/lib/python3.7/site-packages/airflow/example_dags/example_kubernetes_executor.py
[2021-12-19 04:48:01,847] {logging_mixin.py:109} INFO - [2021-12-19 04:48:01,847] {dag.py:2396} INFO - Sync 1 DAGs
[2021-12-19 04:48:01,882] {logging_mixin.py:109} INFO - [2021-12-19 04:48:01,882] {dag.py:2928} INFO - Setting next_dagrun for example_kubernetes_executor to None
[2021-12-19 04:48:01,921] {processor.py:171} INFO - Processing /home/airflow/.local/lib/python3.7/site-packages/airflow/example_dags/example_kubernetes_executor.py took 0.180 seconds
[2021-12-19 04:48:32,582] {processor.py:163} INFO - Started process (PID=1795) to work on /home/airflow/.local/lib/python3.7/site-packages/airflow/example_dags/example_kubernetes_executor.py
[2021-12-19 04:48:32,587] {processor.py:625} INFO - Processing file /home/airflow/.local/lib/python3.7/site-packages/airflow/example_dags/example_kubernetes_executor.py for tasks to queue
[2021-12-19 04:48:32,591] {logging_mixin.py:109} INFO - [2021-12-19 04:48:32,591] {dagbag.py:500} INFO - Filling up the DagBag from /home/airflow/.local/lib/python3.7/site-packages/airflow/example_dags/example_kubernetes_executor.py
[2021-12-19 04:48:32,702] {processor.py:637} INFO - DAG(s) dict_keys(['example_kubernetes_executor']) retrieved from /home/airflow/.local/lib/python3.7/site-packages/airflow/example_dags/example_kubernetes_executor.py
[2021-12-19 04:48:32,747] {logging_mixin.py:109} INFO - [2021-12-19 04:48:32,747] {dag.py:2396} INFO - Sync 1 DAGs
[2021-12-19 04:48:32,791] {logging_mixin.py:109} INFO - [2021-12-19 04:48:32,791] {dag.py:2928} INFO - Setting next_dagrun for example_kubernetes_executor to None
[2021-12-19 04:48:32,829] {processor.py:171} INFO - Processing /home/airflow/.local/lib/python3.7/site-packages/airflow/example_dags/example_kubernetes_executor.py took 0.258 seconds
[2021-12-19 04:49:06,252] {processor.py:163} INFO - Started process (PID=1842) to work on /home/airflow/.local/lib/python3.7/site-packages/airflow/example_dags/example_kubernetes_executor.py
[2021-12-19 04:49:06,257] {processor.py:625} INFO - Processing file /home/airflow/.local/lib/python3.7/site-packages/airflow/example_dags/example_kubernetes_executor.py for tasks to queue
[2021-12-19 04:49:06,260] {logging_mixin.py:109} INFO - [2021-12-19 04:49:06,260] {dagbag.py:500} INFO - Filling up the DagBag from /home/airflow/.local/lib/python3.7/site-packages/airflow/example_dags/example_kubernetes_executor.py
[2021-12-19 04:49:06,359] {processor.py:637} INFO - DAG(s) dict_keys(['example_kubernetes_executor']) retrieved from /home/airflow/.local/lib/python3.7/site-packages/airflow/example_dags/example_kubernetes_executor.py
[2021-12-19 04:49:06,398] {logging_mixin.py:109} INFO - [2021-12-19 04:49:06,398] {dag.py:2396} INFO - Sync 1 DAGs
[2021-12-19 04:49:06,506] {logging_mixin.py:109} INFO - [2021-12-19 04:49:06,506] {dag.py:2928} INFO - Setting next_dagrun for example_kubernetes_executor to None
[2021-12-19 04:49:06,650] {processor.py:171} INFO - Processing /home/airflow/.local/lib/python3.7/site-packages/airflow/example_dags/example_kubernetes_executor.py took 0.418 seconds
[2021-12-19 04:49:47,019] {processor.py:163} INFO - Started process (PID=1882) to work on /home/airflow/.local/lib/python3.7/site-packages/airflow/example_dags/example_kubernetes_executor.py
[2021-12-19 04:49:47,028] {processor.py:625} INFO - Processing file /home/airflow/.local/lib/python3.7/site-packages/airflow/example_dags/example_kubernetes_executor.py for tasks to queue
[2021-12-19 04:49:47,031] {logging_mixin.py:109} INFO - [2021-12-19 04:49:47,030] {dagbag.py:500} INFO - Filling up the DagBag from /home/airflow/.local/lib/python3.7/site-packages/airflow/example_dags/example_kubernetes_executor.py
[2021-12-19 04:49:47,091] {processor.py:637} INFO - DAG(s) dict_keys(['example_kubernetes_executor']) retrieved from /home/airflow/.local/lib/python3.7/site-packages/airflow/example_dags/example_kubernetes_executor.py
[2021-12-19 04:49:47,116] {logging_mixin.py:109} INFO - [2021-12-19 04:49:47,116] {dag.py:2396} INFO - Sync 1 DAGs
[2021-12-19 04:49:47,151] {logging_mixin.py:109} INFO - [2021-12-19 04:49:47,151] {dag.py:2928} INFO - Setting next_dagrun for example_kubernetes_executor to None
[2021-12-19 04:49:47,421] {processor.py:171} INFO - Processing /home/airflow/.local/lib/python3.7/site-packages/airflow/example_dags/example_kubernetes_executor.py took 0.412 seconds
[2021-12-19 04:50:26,727] {processor.py:163} INFO - Started process (PID=1929) to work on /home/airflow/.local/lib/python3.7/site-packages/airflow/example_dags/example_kubernetes_executor.py
[2021-12-19 04:50:26,732] {processor.py:625} INFO - Processing file /home/airflow/.local/lib/python3.7/site-packages/airflow/example_dags/example_kubernetes_executor.py for tasks to queue
[2021-12-19 04:50:26,734] {logging_mixin.py:109} INFO - [2021-12-19 04:50:26,734] {dagbag.py:500} INFO - Filling up the DagBag from /home/airflow/.local/lib/python3.7/site-packages/airflow/example_dags/example_kubernetes_executor.py
[2021-12-19 04:50:26,824] {processor.py:637} INFO - DAG(s) dict_keys(['example_kubernetes_executor']) retrieved from /home/airflow/.local/lib/python3.7/site-packages/airflow/example_dags/example_kubernetes_executor.py
[2021-12-19 04:50:26,889] {logging_mixin.py:109} INFO - [2021-12-19 04:50:26,889] {dag.py:2396} INFO - Sync 1 DAGs
[2021-12-19 04:50:26,938] {logging_mixin.py:109} INFO - [2021-12-19 04:50:26,938] {dag.py:2928} INFO - Setting next_dagrun for example_kubernetes_executor to None
[2021-12-19 04:50:26,981] {processor.py:171} INFO - Processing /home/airflow/.local/lib/python3.7/site-packages/airflow/example_dags/example_kubernetes_executor.py took 0.263 seconds
