[2021-12-19 04:28:32,868] {processor.py:163} INFO - Started process (PID=735) to work on /home/airflow/.local/lib/python3.7/site-packages/airflow/example_dags/example_xcomargs.py
[2021-12-19 04:28:32,933] {processor.py:625} INFO - Processing file /home/airflow/.local/lib/python3.7/site-packages/airflow/example_dags/example_xcomargs.py for tasks to queue
[2021-12-19 04:28:32,938] {logging_mixin.py:109} INFO - [2021-12-19 04:28:32,937] {dagbag.py:500} INFO - Filling up the DagBag from /home/airflow/.local/lib/python3.7/site-packages/airflow/example_dags/example_xcomargs.py
[2021-12-19 04:28:33,149] {processor.py:637} INFO - DAG(s) dict_keys(['example_xcom_args', 'example_xcom_args_with_operators']) retrieved from /home/airflow/.local/lib/python3.7/site-packages/airflow/example_dags/example_xcomargs.py
[2021-12-19 04:28:40,406] {logging_mixin.py:109} INFO - [2021-12-19 04:28:40,405] {providers_manager.py:156} WARNING - Exception when importing 'airflow.providers.google.leveldb.hooks.leveldb.LevelDBHook' from 'apache-airflow-providers-google' package: No module named 'plyvel'
[2021-12-19 04:28:42,133] {logging_mixin.py:109} INFO - [2021-12-19 04:28:42,132] {providers_manager.py:156} WARNING - Exception when importing 'airflow.providers.google.leveldb.hooks.leveldb.LevelDBHook' from 'apache-airflow-providers-google' package: No module named 'plyvel'
[2021-12-19 04:28:42,547] {logging_mixin.py:109} INFO - [2021-12-19 04:28:42,547] {manager.py:496} INFO - Created Permission View: can read on DAG:example_xcom_args
[2021-12-19 04:28:42,619] {logging_mixin.py:109} INFO - [2021-12-19 04:28:42,619] {manager.py:496} INFO - Created Permission View: can edit on DAG:example_xcom_args
[2021-12-19 04:28:43,151] {logging_mixin.py:109} INFO - [2021-12-19 04:28:43,150] {manager.py:496} INFO - Created Permission View: can read on DAG:example_xcom_args_with_operators
[2021-12-19 04:28:43,201] {logging_mixin.py:109} INFO - [2021-12-19 04:28:43,201] {manager.py:496} INFO - Created Permission View: can edit on DAG:example_xcom_args_with_operators
[2021-12-19 04:28:43,203] {logging_mixin.py:109} INFO - [2021-12-19 04:28:43,202] {dag.py:2396} INFO - Sync 2 DAGs
[2021-12-19 04:28:43,238] {logging_mixin.py:109} INFO - [2021-12-19 04:28:43,237] {dag.py:2415} INFO - Creating ORM DAG for example_xcom_args_with_operators
[2021-12-19 04:28:43,242] {logging_mixin.py:109} INFO - [2021-12-19 04:28:43,242] {dag.py:2415} INFO - Creating ORM DAG for example_xcom_args
[2021-12-19 04:28:43,277] {logging_mixin.py:109} INFO - [2021-12-19 04:28:43,277] {dag.py:2928} INFO - Setting next_dagrun for example_xcom_args to None
[2021-12-19 04:28:43,279] {logging_mixin.py:109} INFO - [2021-12-19 04:28:43,279] {dag.py:2928} INFO - Setting next_dagrun for example_xcom_args_with_operators to None
[2021-12-19 04:28:43,521] {processor.py:171} INFO - Processing /home/airflow/.local/lib/python3.7/site-packages/airflow/example_dags/example_xcomargs.py took 10.678 seconds
[2021-12-19 04:29:14,417] {processor.py:163} INFO - Started process (PID=810) to work on /home/airflow/.local/lib/python3.7/site-packages/airflow/example_dags/example_xcomargs.py
[2021-12-19 04:29:14,427] {processor.py:625} INFO - Processing file /home/airflow/.local/lib/python3.7/site-packages/airflow/example_dags/example_xcomargs.py for tasks to queue
[2021-12-19 04:29:14,431] {logging_mixin.py:109} INFO - [2021-12-19 04:29:14,430] {dagbag.py:500} INFO - Filling up the DagBag from /home/airflow/.local/lib/python3.7/site-packages/airflow/example_dags/example_xcomargs.py
[2021-12-19 04:29:14,544] {processor.py:637} INFO - DAG(s) dict_keys(['example_xcom_args', 'example_xcom_args_with_operators']) retrieved from /home/airflow/.local/lib/python3.7/site-packages/airflow/example_dags/example_xcomargs.py
[2021-12-19 04:29:14,989] {logging_mixin.py:109} INFO - [2021-12-19 04:29:14,988] {dag.py:2396} INFO - Sync 2 DAGs
[2021-12-19 04:29:15,018] {logging_mixin.py:109} INFO - [2021-12-19 04:29:15,017] {dag.py:2928} INFO - Setting next_dagrun for example_xcom_args to None
[2021-12-19 04:29:15,019] {logging_mixin.py:109} INFO - [2021-12-19 04:29:15,019] {dag.py:2928} INFO - Setting next_dagrun for example_xcom_args_with_operators to None
[2021-12-19 04:29:15,190] {processor.py:171} INFO - Processing /home/airflow/.local/lib/python3.7/site-packages/airflow/example_dags/example_xcomargs.py took 0.781 seconds
[2021-12-19 04:29:54,451] {processor.py:163} INFO - Started process (PID=855) to work on /home/airflow/.local/lib/python3.7/site-packages/airflow/example_dags/example_xcomargs.py
[2021-12-19 04:29:54,456] {processor.py:625} INFO - Processing file /home/airflow/.local/lib/python3.7/site-packages/airflow/example_dags/example_xcomargs.py for tasks to queue
[2021-12-19 04:29:54,459] {logging_mixin.py:109} INFO - [2021-12-19 04:29:54,458] {dagbag.py:500} INFO - Filling up the DagBag from /home/airflow/.local/lib/python3.7/site-packages/airflow/example_dags/example_xcomargs.py
[2021-12-19 04:29:54,584] {processor.py:637} INFO - DAG(s) dict_keys(['example_xcom_args', 'example_xcom_args_with_operators']) retrieved from /home/airflow/.local/lib/python3.7/site-packages/airflow/example_dags/example_xcomargs.py
[2021-12-19 04:29:56,370] {logging_mixin.py:109} INFO - [2021-12-19 04:29:56,370] {dag.py:2396} INFO - Sync 2 DAGs
[2021-12-19 04:29:56,459] {logging_mixin.py:109} INFO - [2021-12-19 04:29:56,459] {dag.py:2928} INFO - Setting next_dagrun for example_xcom_args to None
[2021-12-19 04:29:56,470] {logging_mixin.py:109} INFO - [2021-12-19 04:29:56,469] {dag.py:2928} INFO - Setting next_dagrun for example_xcom_args_with_operators to None
[2021-12-19 04:29:59,866] {processor.py:171} INFO - Processing /home/airflow/.local/lib/python3.7/site-packages/airflow/example_dags/example_xcomargs.py took 5.437 seconds
[2021-12-19 04:30:31,269] {processor.py:163} INFO - Started process (PID=895) to work on /home/airflow/.local/lib/python3.7/site-packages/airflow/example_dags/example_xcomargs.py
[2021-12-19 04:30:31,323] {processor.py:625} INFO - Processing file /home/airflow/.local/lib/python3.7/site-packages/airflow/example_dags/example_xcomargs.py for tasks to queue
[2021-12-19 04:30:31,325] {logging_mixin.py:109} INFO - [2021-12-19 04:30:31,325] {dagbag.py:500} INFO - Filling up the DagBag from /home/airflow/.local/lib/python3.7/site-packages/airflow/example_dags/example_xcomargs.py
[2021-12-19 04:30:31,379] {processor.py:637} INFO - DAG(s) dict_keys(['example_xcom_args', 'example_xcom_args_with_operators']) retrieved from /home/airflow/.local/lib/python3.7/site-packages/airflow/example_dags/example_xcomargs.py
[2021-12-19 04:30:31,666] {logging_mixin.py:109} INFO - [2021-12-19 04:30:31,666] {dag.py:2396} INFO - Sync 2 DAGs
[2021-12-19 04:30:31,688] {logging_mixin.py:109} INFO - [2021-12-19 04:30:31,688] {dag.py:2928} INFO - Setting next_dagrun for example_xcom_args to None
[2021-12-19 04:30:31,689] {logging_mixin.py:109} INFO - [2021-12-19 04:30:31,689] {dag.py:2928} INFO - Setting next_dagrun for example_xcom_args_with_operators to None
[2021-12-19 04:30:32,809] {processor.py:171} INFO - Processing /home/airflow/.local/lib/python3.7/site-packages/airflow/example_dags/example_xcomargs.py took 1.544 seconds
[2021-12-19 04:32:24,406] {processor.py:163} INFO - Started process (PID=968) to work on /home/airflow/.local/lib/python3.7/site-packages/airflow/example_dags/example_xcomargs.py
[2021-12-19 04:32:24,414] {processor.py:625} INFO - Processing file /home/airflow/.local/lib/python3.7/site-packages/airflow/example_dags/example_xcomargs.py for tasks to queue
[2021-12-19 04:32:24,418] {logging_mixin.py:109} INFO - [2021-12-19 04:32:24,417] {dagbag.py:500} INFO - Filling up the DagBag from /home/airflow/.local/lib/python3.7/site-packages/airflow/example_dags/example_xcomargs.py
[2021-12-19 04:32:24,587] {processor.py:637} INFO - DAG(s) dict_keys(['example_xcom_args', 'example_xcom_args_with_operators']) retrieved from /home/airflow/.local/lib/python3.7/site-packages/airflow/example_dags/example_xcomargs.py
[2021-12-19 04:32:25,634] {logging_mixin.py:109} INFO - [2021-12-19 04:32:25,634] {dag.py:2396} INFO - Sync 2 DAGs
[2021-12-19 04:32:25,679] {logging_mixin.py:109} INFO - [2021-12-19 04:32:25,679] {dag.py:2928} INFO - Setting next_dagrun for example_xcom_args to None
[2021-12-19 04:32:25,682] {logging_mixin.py:109} INFO - [2021-12-19 04:32:25,681] {dag.py:2928} INFO - Setting next_dagrun for example_xcom_args_with_operators to None
[2021-12-19 04:32:26,830] {processor.py:171} INFO - Processing /home/airflow/.local/lib/python3.7/site-packages/airflow/example_dags/example_xcomargs.py took 2.444 seconds
[2021-12-19 04:32:57,072] {processor.py:163} INFO - Started process (PID=1010) to work on /home/airflow/.local/lib/python3.7/site-packages/airflow/example_dags/example_xcomargs.py
[2021-12-19 04:32:57,078] {processor.py:625} INFO - Processing file /home/airflow/.local/lib/python3.7/site-packages/airflow/example_dags/example_xcomargs.py for tasks to queue
[2021-12-19 04:32:57,081] {logging_mixin.py:109} INFO - [2021-12-19 04:32:57,080] {dagbag.py:500} INFO - Filling up the DagBag from /home/airflow/.local/lib/python3.7/site-packages/airflow/example_dags/example_xcomargs.py
[2021-12-19 04:32:57,217] {processor.py:637} INFO - DAG(s) dict_keys(['example_xcom_args', 'example_xcom_args_with_operators']) retrieved from /home/airflow/.local/lib/python3.7/site-packages/airflow/example_dags/example_xcomargs.py
[2021-12-19 04:32:59,635] {logging_mixin.py:109} INFO - [2021-12-19 04:32:59,633] {dag.py:2396} INFO - Sync 2 DAGs
[2021-12-19 04:32:59,705] {logging_mixin.py:109} INFO - [2021-12-19 04:32:59,705] {dag.py:2928} INFO - Setting next_dagrun for example_xcom_args to None
[2021-12-19 04:32:59,713] {logging_mixin.py:109} INFO - [2021-12-19 04:32:59,711] {dag.py:2928} INFO - Setting next_dagrun for example_xcom_args_with_operators to None
[2021-12-19 04:33:00,941] {processor.py:171} INFO - Processing /home/airflow/.local/lib/python3.7/site-packages/airflow/example_dags/example_xcomargs.py took 3.881 seconds
[2021-12-19 04:33:37,251] {processor.py:163} INFO - Started process (PID=1052) to work on /home/airflow/.local/lib/python3.7/site-packages/airflow/example_dags/example_xcomargs.py
[2021-12-19 04:33:38,672] {processor.py:625} INFO - Processing file /home/airflow/.local/lib/python3.7/site-packages/airflow/example_dags/example_xcomargs.py for tasks to queue
[2021-12-19 04:33:38,675] {logging_mixin.py:109} INFO - [2021-12-19 04:33:38,675] {dagbag.py:500} INFO - Filling up the DagBag from /home/airflow/.local/lib/python3.7/site-packages/airflow/example_dags/example_xcomargs.py
[2021-12-19 04:33:39,681] {processor.py:637} INFO - DAG(s) dict_keys(['example_xcom_args', 'example_xcom_args_with_operators']) retrieved from /home/airflow/.local/lib/python3.7/site-packages/airflow/example_dags/example_xcomargs.py
[2021-12-19 04:34:01,333] {logging_mixin.py:109} INFO - [2021-12-19 04:34:01,332] {dag.py:2396} INFO - Sync 2 DAGs
[2021-12-19 04:34:01,386] {logging_mixin.py:109} INFO - [2021-12-19 04:34:01,385] {dag.py:2928} INFO - Setting next_dagrun for example_xcom_args to None
[2021-12-19 04:34:01,388] {logging_mixin.py:109} INFO - [2021-12-19 04:34:01,388] {dag.py:2928} INFO - Setting next_dagrun for example_xcom_args_with_operators to None
[2021-12-19 04:34:02,154] {processor.py:171} INFO - Processing /home/airflow/.local/lib/python3.7/site-packages/airflow/example_dags/example_xcomargs.py took 24.921 seconds
[2021-12-19 04:34:33,146] {processor.py:163} INFO - Started process (PID=1103) to work on /home/airflow/.local/lib/python3.7/site-packages/airflow/example_dags/example_xcomargs.py
[2021-12-19 04:34:33,150] {processor.py:625} INFO - Processing file /home/airflow/.local/lib/python3.7/site-packages/airflow/example_dags/example_xcomargs.py for tasks to queue
[2021-12-19 04:34:33,157] {logging_mixin.py:109} INFO - [2021-12-19 04:34:33,157] {dagbag.py:500} INFO - Filling up the DagBag from /home/airflow/.local/lib/python3.7/site-packages/airflow/example_dags/example_xcomargs.py
[2021-12-19 04:34:33,236] {processor.py:637} INFO - DAG(s) dict_keys(['example_xcom_args', 'example_xcom_args_with_operators']) retrieved from /home/airflow/.local/lib/python3.7/site-packages/airflow/example_dags/example_xcomargs.py
[2021-12-19 04:34:33,622] {logging_mixin.py:109} INFO - [2021-12-19 04:34:33,622] {dag.py:2396} INFO - Sync 2 DAGs
[2021-12-19 04:34:33,655] {logging_mixin.py:109} INFO - [2021-12-19 04:34:33,655] {dag.py:2928} INFO - Setting next_dagrun for example_xcom_args to None
[2021-12-19 04:34:33,657] {logging_mixin.py:109} INFO - [2021-12-19 04:34:33,656] {dag.py:2928} INFO - Setting next_dagrun for example_xcom_args_with_operators to None
[2021-12-19 04:34:33,696] {processor.py:171} INFO - Processing /home/airflow/.local/lib/python3.7/site-packages/airflow/example_dags/example_xcomargs.py took 0.562 seconds
[2021-12-19 04:35:26,966] {processor.py:163} INFO - Started process (PID=1152) to work on /home/airflow/.local/lib/python3.7/site-packages/airflow/example_dags/example_xcomargs.py
[2021-12-19 04:35:26,975] {processor.py:625} INFO - Processing file /home/airflow/.local/lib/python3.7/site-packages/airflow/example_dags/example_xcomargs.py for tasks to queue
[2021-12-19 04:35:26,978] {logging_mixin.py:109} INFO - [2021-12-19 04:35:26,977] {dagbag.py:500} INFO - Filling up the DagBag from /home/airflow/.local/lib/python3.7/site-packages/airflow/example_dags/example_xcomargs.py
[2021-12-19 04:35:27,203] {processor.py:637} INFO - DAG(s) dict_keys(['example_xcom_args', 'example_xcom_args_with_operators']) retrieved from /home/airflow/.local/lib/python3.7/site-packages/airflow/example_dags/example_xcomargs.py
[2021-12-19 04:35:29,604] {logging_mixin.py:109} INFO - [2021-12-19 04:35:29,603] {dag.py:2396} INFO - Sync 2 DAGs
[2021-12-19 04:35:29,648] {logging_mixin.py:109} INFO - [2021-12-19 04:35:29,647] {dag.py:2928} INFO - Setting next_dagrun for example_xcom_args to None
[2021-12-19 04:35:29,650] {logging_mixin.py:109} INFO - [2021-12-19 04:35:29,649] {dag.py:2928} INFO - Setting next_dagrun for example_xcom_args_with_operators to None
[2021-12-19 04:35:32,021] {processor.py:171} INFO - Processing /home/airflow/.local/lib/python3.7/site-packages/airflow/example_dags/example_xcomargs.py took 5.064 seconds
[2021-12-19 04:36:02,876] {processor.py:163} INFO - Started process (PID=1194) to work on /home/airflow/.local/lib/python3.7/site-packages/airflow/example_dags/example_xcomargs.py
[2021-12-19 04:36:02,881] {processor.py:625} INFO - Processing file /home/airflow/.local/lib/python3.7/site-packages/airflow/example_dags/example_xcomargs.py for tasks to queue
[2021-12-19 04:36:02,883] {logging_mixin.py:109} INFO - [2021-12-19 04:36:02,883] {dagbag.py:500} INFO - Filling up the DagBag from /home/airflow/.local/lib/python3.7/site-packages/airflow/example_dags/example_xcomargs.py
[2021-12-19 04:36:03,007] {processor.py:637} INFO - DAG(s) dict_keys(['example_xcom_args', 'example_xcom_args_with_operators']) retrieved from /home/airflow/.local/lib/python3.7/site-packages/airflow/example_dags/example_xcomargs.py
[2021-12-19 04:36:04,129] {logging_mixin.py:109} INFO - [2021-12-19 04:36:04,129] {dag.py:2396} INFO - Sync 2 DAGs
[2021-12-19 04:36:04,212] {logging_mixin.py:109} INFO - [2021-12-19 04:36:04,212] {dag.py:2928} INFO - Setting next_dagrun for example_xcom_args to None
[2021-12-19 04:36:04,221] {logging_mixin.py:109} INFO - [2021-12-19 04:36:04,221] {dag.py:2928} INFO - Setting next_dagrun for example_xcom_args_with_operators to None
[2021-12-19 04:36:04,414] {processor.py:171} INFO - Processing /home/airflow/.local/lib/python3.7/site-packages/airflow/example_dags/example_xcomargs.py took 1.550 seconds
[2021-12-19 04:37:19,938] {processor.py:163} INFO - Started process (PID=1243) to work on /home/airflow/.local/lib/python3.7/site-packages/airflow/example_dags/example_xcomargs.py
[2021-12-19 04:37:19,942] {processor.py:625} INFO - Processing file /home/airflow/.local/lib/python3.7/site-packages/airflow/example_dags/example_xcomargs.py for tasks to queue
[2021-12-19 04:37:19,948] {logging_mixin.py:109} INFO - [2021-12-19 04:37:19,947] {dagbag.py:500} INFO - Filling up the DagBag from /home/airflow/.local/lib/python3.7/site-packages/airflow/example_dags/example_xcomargs.py
[2021-12-19 04:37:20,114] {processor.py:637} INFO - DAG(s) dict_keys(['example_xcom_args', 'example_xcom_args_with_operators']) retrieved from /home/airflow/.local/lib/python3.7/site-packages/airflow/example_dags/example_xcomargs.py
[2021-12-19 04:37:21,015] {logging_mixin.py:109} INFO - [2021-12-19 04:37:21,015] {dag.py:2396} INFO - Sync 2 DAGs
[2021-12-19 04:37:21,070] {logging_mixin.py:109} INFO - [2021-12-19 04:37:21,070] {dag.py:2928} INFO - Setting next_dagrun for example_xcom_args to None
[2021-12-19 04:37:21,072] {logging_mixin.py:109} INFO - [2021-12-19 04:37:21,072] {dag.py:2928} INFO - Setting next_dagrun for example_xcom_args_with_operators to None
[2021-12-19 04:37:21,127] {processor.py:171} INFO - Processing /home/airflow/.local/lib/python3.7/site-packages/airflow/example_dags/example_xcomargs.py took 1.202 seconds
[2021-12-19 04:38:03,342] {processor.py:163} INFO - Started process (PID=1279) to work on /home/airflow/.local/lib/python3.7/site-packages/airflow/example_dags/example_xcomargs.py
[2021-12-19 04:38:03,346] {processor.py:625} INFO - Processing file /home/airflow/.local/lib/python3.7/site-packages/airflow/example_dags/example_xcomargs.py for tasks to queue
[2021-12-19 04:38:03,350] {logging_mixin.py:109} INFO - [2021-12-19 04:38:03,349] {dagbag.py:500} INFO - Filling up the DagBag from /home/airflow/.local/lib/python3.7/site-packages/airflow/example_dags/example_xcomargs.py
[2021-12-19 04:38:03,469] {processor.py:637} INFO - DAG(s) dict_keys(['example_xcom_args', 'example_xcom_args_with_operators']) retrieved from /home/airflow/.local/lib/python3.7/site-packages/airflow/example_dags/example_xcomargs.py
[2021-12-19 04:38:04,122] {logging_mixin.py:109} INFO - [2021-12-19 04:38:04,122] {dag.py:2396} INFO - Sync 2 DAGs
[2021-12-19 04:38:04,156] {logging_mixin.py:109} INFO - [2021-12-19 04:38:04,156] {dag.py:2928} INFO - Setting next_dagrun for example_xcom_args to None
[2021-12-19 04:38:04,157] {logging_mixin.py:109} INFO - [2021-12-19 04:38:04,157] {dag.py:2928} INFO - Setting next_dagrun for example_xcom_args_with_operators to None
[2021-12-19 04:38:04,203] {processor.py:171} INFO - Processing /home/airflow/.local/lib/python3.7/site-packages/airflow/example_dags/example_xcomargs.py took 0.872 seconds
[2021-12-19 04:39:35,004] {processor.py:163} INFO - Started process (PID=1341) to work on /home/airflow/.local/lib/python3.7/site-packages/airflow/example_dags/example_xcomargs.py
[2021-12-19 04:39:35,021] {processor.py:625} INFO - Processing file /home/airflow/.local/lib/python3.7/site-packages/airflow/example_dags/example_xcomargs.py for tasks to queue
[2021-12-19 04:39:35,026] {logging_mixin.py:109} INFO - [2021-12-19 04:39:35,026] {dagbag.py:500} INFO - Filling up the DagBag from /home/airflow/.local/lib/python3.7/site-packages/airflow/example_dags/example_xcomargs.py
[2021-12-19 04:39:35,193] {processor.py:637} INFO - DAG(s) dict_keys(['example_xcom_args', 'example_xcom_args_with_operators']) retrieved from /home/airflow/.local/lib/python3.7/site-packages/airflow/example_dags/example_xcomargs.py
[2021-12-19 04:39:36,033] {logging_mixin.py:109} INFO - [2021-12-19 04:39:36,032] {dag.py:2396} INFO - Sync 2 DAGs
[2021-12-19 04:39:36,080] {logging_mixin.py:109} INFO - [2021-12-19 04:39:36,079] {dag.py:2928} INFO - Setting next_dagrun for example_xcom_args to None
[2021-12-19 04:39:36,082] {logging_mixin.py:109} INFO - [2021-12-19 04:39:36,081] {dag.py:2928} INFO - Setting next_dagrun for example_xcom_args_with_operators to None
[2021-12-19 04:39:36,274] {processor.py:171} INFO - Processing /home/airflow/.local/lib/python3.7/site-packages/airflow/example_dags/example_xcomargs.py took 1.292 seconds
[2021-12-19 04:41:47,175] {processor.py:163} INFO - Started process (PID=1414) to work on /home/airflow/.local/lib/python3.7/site-packages/airflow/example_dags/example_xcomargs.py
[2021-12-19 04:41:47,187] {processor.py:625} INFO - Processing file /home/airflow/.local/lib/python3.7/site-packages/airflow/example_dags/example_xcomargs.py for tasks to queue
[2021-12-19 04:41:47,195] {logging_mixin.py:109} INFO - [2021-12-19 04:41:47,194] {dagbag.py:500} INFO - Filling up the DagBag from /home/airflow/.local/lib/python3.7/site-packages/airflow/example_dags/example_xcomargs.py
[2021-12-19 04:41:47,441] {processor.py:637} INFO - DAG(s) dict_keys(['example_xcom_args', 'example_xcom_args_with_operators']) retrieved from /home/airflow/.local/lib/python3.7/site-packages/airflow/example_dags/example_xcomargs.py
[2021-12-19 04:41:48,433] {logging_mixin.py:109} INFO - [2021-12-19 04:41:48,432] {dag.py:2396} INFO - Sync 2 DAGs
[2021-12-19 04:41:48,477] {logging_mixin.py:109} INFO - [2021-12-19 04:41:48,477] {dag.py:2928} INFO - Setting next_dagrun for example_xcom_args to None
[2021-12-19 04:41:48,479] {logging_mixin.py:109} INFO - [2021-12-19 04:41:48,478] {dag.py:2928} INFO - Setting next_dagrun for example_xcom_args_with_operators to None
[2021-12-19 04:41:48,616] {processor.py:171} INFO - Processing /home/airflow/.local/lib/python3.7/site-packages/airflow/example_dags/example_xcomargs.py took 1.464 seconds
[2021-12-19 04:43:20,316] {processor.py:163} INFO - Started process (PID=1465) to work on /home/airflow/.local/lib/python3.7/site-packages/airflow/example_dags/example_xcomargs.py
[2021-12-19 04:43:20,335] {processor.py:625} INFO - Processing file /home/airflow/.local/lib/python3.7/site-packages/airflow/example_dags/example_xcomargs.py for tasks to queue
[2021-12-19 04:43:20,343] {logging_mixin.py:109} INFO - [2021-12-19 04:43:20,339] {dagbag.py:500} INFO - Filling up the DagBag from /home/airflow/.local/lib/python3.7/site-packages/airflow/example_dags/example_xcomargs.py
[2021-12-19 04:43:20,644] {processor.py:637} INFO - DAG(s) dict_keys(['example_xcom_args', 'example_xcom_args_with_operators']) retrieved from /home/airflow/.local/lib/python3.7/site-packages/airflow/example_dags/example_xcomargs.py
[2021-12-19 04:43:24,553] {logging_mixin.py:109} INFO - [2021-12-19 04:43:24,553] {dag.py:2396} INFO - Sync 2 DAGs
[2021-12-19 04:43:24,601] {logging_mixin.py:109} INFO - [2021-12-19 04:43:24,601] {dag.py:2928} INFO - Setting next_dagrun for example_xcom_args to None
[2021-12-19 04:43:24,603] {logging_mixin.py:109} INFO - [2021-12-19 04:43:24,602] {dag.py:2928} INFO - Setting next_dagrun for example_xcom_args_with_operators to None
[2021-12-19 04:43:24,975] {processor.py:171} INFO - Processing /home/airflow/.local/lib/python3.7/site-packages/airflow/example_dags/example_xcomargs.py took 4.684 seconds
[2021-12-19 04:43:59,735] {processor.py:163} INFO - Started process (PID=1518) to work on /home/airflow/.local/lib/python3.7/site-packages/airflow/example_dags/example_xcomargs.py
[2021-12-19 04:43:59,752] {processor.py:625} INFO - Processing file /home/airflow/.local/lib/python3.7/site-packages/airflow/example_dags/example_xcomargs.py for tasks to queue
[2021-12-19 04:43:59,759] {logging_mixin.py:109} INFO - [2021-12-19 04:43:59,759] {dagbag.py:500} INFO - Filling up the DagBag from /home/airflow/.local/lib/python3.7/site-packages/airflow/example_dags/example_xcomargs.py
[2021-12-19 04:44:00,141] {processor.py:637} INFO - DAG(s) dict_keys(['example_xcom_args', 'example_xcom_args_with_operators']) retrieved from /home/airflow/.local/lib/python3.7/site-packages/airflow/example_dags/example_xcomargs.py
[2021-12-19 04:44:01,286] {logging_mixin.py:109} INFO - [2021-12-19 04:44:01,285] {dag.py:2396} INFO - Sync 2 DAGs
[2021-12-19 04:44:01,367] {logging_mixin.py:109} INFO - [2021-12-19 04:44:01,367] {dag.py:2928} INFO - Setting next_dagrun for example_xcom_args to None
[2021-12-19 04:44:01,369] {logging_mixin.py:109} INFO - [2021-12-19 04:44:01,369] {dag.py:2928} INFO - Setting next_dagrun for example_xcom_args_with_operators to None
[2021-12-19 04:44:01,426] {processor.py:171} INFO - Processing /home/airflow/.local/lib/python3.7/site-packages/airflow/example_dags/example_xcomargs.py took 1.721 seconds
[2021-12-19 04:44:31,574] {processor.py:163} INFO - Started process (PID=1570) to work on /home/airflow/.local/lib/python3.7/site-packages/airflow/example_dags/example_xcomargs.py
[2021-12-19 04:44:31,583] {processor.py:625} INFO - Processing file /home/airflow/.local/lib/python3.7/site-packages/airflow/example_dags/example_xcomargs.py for tasks to queue
[2021-12-19 04:44:31,594] {logging_mixin.py:109} INFO - [2021-12-19 04:44:31,593] {dagbag.py:500} INFO - Filling up the DagBag from /home/airflow/.local/lib/python3.7/site-packages/airflow/example_dags/example_xcomargs.py
[2021-12-19 04:44:31,686] {processor.py:637} INFO - DAG(s) dict_keys(['example_xcom_args', 'example_xcom_args_with_operators']) retrieved from /home/airflow/.local/lib/python3.7/site-packages/airflow/example_dags/example_xcomargs.py
[2021-12-19 04:44:32,491] {logging_mixin.py:109} INFO - [2021-12-19 04:44:32,491] {dag.py:2396} INFO - Sync 2 DAGs
[2021-12-19 04:44:32,538] {logging_mixin.py:109} INFO - [2021-12-19 04:44:32,538] {dag.py:2928} INFO - Setting next_dagrun for example_xcom_args to None
[2021-12-19 04:44:32,540] {logging_mixin.py:109} INFO - [2021-12-19 04:44:32,540] {dag.py:2928} INFO - Setting next_dagrun for example_xcom_args_with_operators to None
[2021-12-19 04:44:32,593] {processor.py:171} INFO - Processing /home/airflow/.local/lib/python3.7/site-packages/airflow/example_dags/example_xcomargs.py took 1.027 seconds
[2021-12-19 04:45:11,300] {processor.py:163} INFO - Started process (PID=1614) to work on /home/airflow/.local/lib/python3.7/site-packages/airflow/example_dags/example_xcomargs.py
[2021-12-19 04:45:11,305] {processor.py:625} INFO - Processing file /home/airflow/.local/lib/python3.7/site-packages/airflow/example_dags/example_xcomargs.py for tasks to queue
[2021-12-19 04:45:11,307] {logging_mixin.py:109} INFO - [2021-12-19 04:45:11,307] {dagbag.py:500} INFO - Filling up the DagBag from /home/airflow/.local/lib/python3.7/site-packages/airflow/example_dags/example_xcomargs.py
[2021-12-19 04:45:11,428] {processor.py:637} INFO - DAG(s) dict_keys(['example_xcom_args', 'example_xcom_args_with_operators']) retrieved from /home/airflow/.local/lib/python3.7/site-packages/airflow/example_dags/example_xcomargs.py
[2021-12-19 04:45:12,093] {logging_mixin.py:109} INFO - [2021-12-19 04:45:12,092] {dag.py:2396} INFO - Sync 2 DAGs
[2021-12-19 04:45:12,128] {logging_mixin.py:109} INFO - [2021-12-19 04:45:12,127] {dag.py:2928} INFO - Setting next_dagrun for example_xcom_args to None
[2021-12-19 04:45:12,129] {logging_mixin.py:109} INFO - [2021-12-19 04:45:12,129] {dag.py:2928} INFO - Setting next_dagrun for example_xcom_args_with_operators to None
[2021-12-19 04:45:12,165] {processor.py:171} INFO - Processing /home/airflow/.local/lib/python3.7/site-packages/airflow/example_dags/example_xcomargs.py took 0.875 seconds
[2021-12-19 04:46:58,432] {processor.py:163} INFO - Started process (PID=1654) to work on /home/airflow/.local/lib/python3.7/site-packages/airflow/example_dags/example_xcomargs.py
[2021-12-19 04:46:58,440] {processor.py:625} INFO - Processing file /home/airflow/.local/lib/python3.7/site-packages/airflow/example_dags/example_xcomargs.py for tasks to queue
[2021-12-19 04:46:58,443] {logging_mixin.py:109} INFO - [2021-12-19 04:46:58,442] {dagbag.py:500} INFO - Filling up the DagBag from /home/airflow/.local/lib/python3.7/site-packages/airflow/example_dags/example_xcomargs.py
[2021-12-19 04:46:58,536] {processor.py:637} INFO - DAG(s) dict_keys(['example_xcom_args', 'example_xcom_args_with_operators']) retrieved from /home/airflow/.local/lib/python3.7/site-packages/airflow/example_dags/example_xcomargs.py
[2021-12-19 04:46:59,232] {logging_mixin.py:109} INFO - [2021-12-19 04:46:59,231] {dag.py:2396} INFO - Sync 2 DAGs
[2021-12-19 04:46:59,276] {logging_mixin.py:109} INFO - [2021-12-19 04:46:59,276] {dag.py:2928} INFO - Setting next_dagrun for example_xcom_args to None
[2021-12-19 04:46:59,277] {logging_mixin.py:109} INFO - [2021-12-19 04:46:59,277] {dag.py:2928} INFO - Setting next_dagrun for example_xcom_args_with_operators to None
[2021-12-19 04:46:59,315] {processor.py:171} INFO - Processing /home/airflow/.local/lib/python3.7/site-packages/airflow/example_dags/example_xcomargs.py took 0.896 seconds
[2021-12-19 04:47:32,075] {processor.py:163} INFO - Started process (PID=1712) to work on /home/airflow/.local/lib/python3.7/site-packages/airflow/example_dags/example_xcomargs.py
[2021-12-19 04:47:32,082] {processor.py:625} INFO - Processing file /home/airflow/.local/lib/python3.7/site-packages/airflow/example_dags/example_xcomargs.py for tasks to queue
[2021-12-19 04:47:32,086] {logging_mixin.py:109} INFO - [2021-12-19 04:47:32,086] {dagbag.py:500} INFO - Filling up the DagBag from /home/airflow/.local/lib/python3.7/site-packages/airflow/example_dags/example_xcomargs.py
[2021-12-19 04:47:32,259] {processor.py:637} INFO - DAG(s) dict_keys(['example_xcom_args', 'example_xcom_args_with_operators']) retrieved from /home/airflow/.local/lib/python3.7/site-packages/airflow/example_dags/example_xcomargs.py
[2021-12-19 04:47:33,365] {logging_mixin.py:109} INFO - [2021-12-19 04:47:33,365] {dag.py:2396} INFO - Sync 2 DAGs
[2021-12-19 04:47:33,471] {logging_mixin.py:109} INFO - [2021-12-19 04:47:33,470] {dag.py:2928} INFO - Setting next_dagrun for example_xcom_args to None
[2021-12-19 04:47:34,529] {logging_mixin.py:109} INFO - [2021-12-19 04:47:34,528] {dag.py:2928} INFO - Setting next_dagrun for example_xcom_args_with_operators to None
[2021-12-19 04:47:49,940] {processor.py:171} INFO - Processing /home/airflow/.local/lib/python3.7/site-packages/airflow/example_dags/example_xcomargs.py took 17.888 seconds
[2021-12-19 04:48:20,060] {processor.py:163} INFO - Started process (PID=1768) to work on /home/airflow/.local/lib/python3.7/site-packages/airflow/example_dags/example_xcomargs.py
[2021-12-19 04:48:20,064] {processor.py:625} INFO - Processing file /home/airflow/.local/lib/python3.7/site-packages/airflow/example_dags/example_xcomargs.py for tasks to queue
[2021-12-19 04:48:20,066] {logging_mixin.py:109} INFO - [2021-12-19 04:48:20,066] {dagbag.py:500} INFO - Filling up the DagBag from /home/airflow/.local/lib/python3.7/site-packages/airflow/example_dags/example_xcomargs.py
[2021-12-19 04:48:20,144] {processor.py:637} INFO - DAG(s) dict_keys(['example_xcom_args', 'example_xcom_args_with_operators']) retrieved from /home/airflow/.local/lib/python3.7/site-packages/airflow/example_dags/example_xcomargs.py
[2021-12-19 04:48:20,625] {logging_mixin.py:109} INFO - [2021-12-19 04:48:20,625] {dag.py:2396} INFO - Sync 2 DAGs
[2021-12-19 04:48:20,654] {logging_mixin.py:109} INFO - [2021-12-19 04:48:20,654] {dag.py:2928} INFO - Setting next_dagrun for example_xcom_args to None
[2021-12-19 04:48:20,655] {logging_mixin.py:109} INFO - [2021-12-19 04:48:20,655] {dag.py:2928} INFO - Setting next_dagrun for example_xcom_args_with_operators to None
[2021-12-19 04:48:20,709] {processor.py:171} INFO - Processing /home/airflow/.local/lib/python3.7/site-packages/airflow/example_dags/example_xcomargs.py took 0.656 seconds
[2021-12-19 04:48:51,392] {processor.py:163} INFO - Started process (PID=1820) to work on /home/airflow/.local/lib/python3.7/site-packages/airflow/example_dags/example_xcomargs.py
[2021-12-19 04:48:51,396] {processor.py:625} INFO - Processing file /home/airflow/.local/lib/python3.7/site-packages/airflow/example_dags/example_xcomargs.py for tasks to queue
[2021-12-19 04:48:51,398] {logging_mixin.py:109} INFO - [2021-12-19 04:48:51,398] {dagbag.py:500} INFO - Filling up the DagBag from /home/airflow/.local/lib/python3.7/site-packages/airflow/example_dags/example_xcomargs.py
[2021-12-19 04:48:51,474] {processor.py:637} INFO - DAG(s) dict_keys(['example_xcom_args', 'example_xcom_args_with_operators']) retrieved from /home/airflow/.local/lib/python3.7/site-packages/airflow/example_dags/example_xcomargs.py
[2021-12-19 04:48:51,955] {logging_mixin.py:109} INFO - [2021-12-19 04:48:51,955] {dag.py:2396} INFO - Sync 2 DAGs
[2021-12-19 04:48:51,986] {logging_mixin.py:109} INFO - [2021-12-19 04:48:51,986] {dag.py:2928} INFO - Setting next_dagrun for example_xcom_args to None
[2021-12-19 04:48:51,987] {logging_mixin.py:109} INFO - [2021-12-19 04:48:51,987] {dag.py:2928} INFO - Setting next_dagrun for example_xcom_args_with_operators to None
[2021-12-19 04:48:52,019] {processor.py:171} INFO - Processing /home/airflow/.local/lib/python3.7/site-packages/airflow/example_dags/example_xcomargs.py took 0.635 seconds
[2021-12-19 04:49:22,208] {processor.py:163} INFO - Started process (PID=1863) to work on /home/airflow/.local/lib/python3.7/site-packages/airflow/example_dags/example_xcomargs.py
[2021-12-19 04:49:22,213] {processor.py:625} INFO - Processing file /home/airflow/.local/lib/python3.7/site-packages/airflow/example_dags/example_xcomargs.py for tasks to queue
[2021-12-19 04:49:22,216] {logging_mixin.py:109} INFO - [2021-12-19 04:49:22,215] {dagbag.py:500} INFO - Filling up the DagBag from /home/airflow/.local/lib/python3.7/site-packages/airflow/example_dags/example_xcomargs.py
[2021-12-19 04:49:22,314] {processor.py:637} INFO - DAG(s) dict_keys(['example_xcom_args', 'example_xcom_args_with_operators']) retrieved from /home/airflow/.local/lib/python3.7/site-packages/airflow/example_dags/example_xcomargs.py
[2021-12-19 04:49:22,357] {logging_mixin.py:109} INFO - [2021-12-19 04:49:22,356] {dag.py:2396} INFO - Sync 2 DAGs
[2021-12-19 04:49:22,406] {logging_mixin.py:109} INFO - [2021-12-19 04:49:22,405] {dag.py:2928} INFO - Setting next_dagrun for example_xcom_args to None
[2021-12-19 04:49:22,407] {logging_mixin.py:109} INFO - [2021-12-19 04:49:22,407] {dag.py:2928} INFO - Setting next_dagrun for example_xcom_args_with_operators to None
[2021-12-19 04:49:23,412] {processor.py:171} INFO - Processing /home/airflow/.local/lib/python3.7/site-packages/airflow/example_dags/example_xcomargs.py took 1.214 seconds
[2021-12-19 04:49:54,274] {processor.py:163} INFO - Started process (PID=1905) to work on /home/airflow/.local/lib/python3.7/site-packages/airflow/example_dags/example_xcomargs.py
[2021-12-19 04:49:54,277] {processor.py:625} INFO - Processing file /home/airflow/.local/lib/python3.7/site-packages/airflow/example_dags/example_xcomargs.py for tasks to queue
[2021-12-19 04:49:54,279] {logging_mixin.py:109} INFO - [2021-12-19 04:49:54,279] {dagbag.py:500} INFO - Filling up the DagBag from /home/airflow/.local/lib/python3.7/site-packages/airflow/example_dags/example_xcomargs.py
[2021-12-19 04:49:54,362] {processor.py:637} INFO - DAG(s) dict_keys(['example_xcom_args', 'example_xcom_args_with_operators']) retrieved from /home/airflow/.local/lib/python3.7/site-packages/airflow/example_dags/example_xcomargs.py
[2021-12-19 04:49:54,862] {logging_mixin.py:109} INFO - [2021-12-19 04:49:54,862] {dag.py:2396} INFO - Sync 2 DAGs
[2021-12-19 04:49:54,901] {logging_mixin.py:109} INFO - [2021-12-19 04:49:54,901] {dag.py:2928} INFO - Setting next_dagrun for example_xcom_args to None
[2021-12-19 04:49:54,903] {logging_mixin.py:109} INFO - [2021-12-19 04:49:54,902] {dag.py:2928} INFO - Setting next_dagrun for example_xcom_args_with_operators to None
[2021-12-19 04:49:54,929] {processor.py:171} INFO - Processing /home/airflow/.local/lib/python3.7/site-packages/airflow/example_dags/example_xcomargs.py took 0.661 seconds
