[2021-12-19 04:16:36,221] {processor.py:163} INFO - Started process (PID=395) to work on /home/airflow/.local/lib/python3.7/site-packages/airflow/example_dags/example_task_group_decorator.py
[2021-12-19 04:16:36,233] {processor.py:625} INFO - Processing file /home/airflow/.local/lib/python3.7/site-packages/airflow/example_dags/example_task_group_decorator.py for tasks to queue
[2021-12-19 04:16:36,238] {logging_mixin.py:109} INFO - [2021-12-19 04:16:36,238] {dagbag.py:500} INFO - Filling up the DagBag from /home/airflow/.local/lib/python3.7/site-packages/airflow/example_dags/example_task_group_decorator.py
[2021-12-19 04:16:36,371] {processor.py:637} INFO - DAG(s) dict_keys(['example_task_group_decorator']) retrieved from /home/airflow/.local/lib/python3.7/site-packages/airflow/example_dags/example_task_group_decorator.py
[2021-12-19 04:16:49,918] {logging_mixin.py:109} INFO - [2021-12-19 04:16:49,917] {providers_manager.py:156} WARNING - Exception when importing 'airflow.providers.google.leveldb.hooks.leveldb.LevelDBHook' from 'apache-airflow-providers-google' package: No module named 'plyvel'
[2021-12-19 04:17:16,379] {logging_mixin.py:109} INFO - [2021-12-19 04:17:16,379] {providers_manager.py:156} WARNING - Exception when importing 'airflow.providers.google.leveldb.hooks.leveldb.LevelDBHook' from 'apache-airflow-providers-google' package: No module named 'plyvel'
[2021-12-19 04:17:20,257] {logging_mixin.py:109} INFO - [2021-12-19 04:17:20,257] {manager.py:496} INFO - Created Permission View: can read on DAG:example_task_group_decorator
[2021-12-19 04:17:20,341] {logging_mixin.py:109} INFO - [2021-12-19 04:17:20,341] {manager.py:496} INFO - Created Permission View: can edit on DAG:example_task_group_decorator
[2021-12-19 04:17:21,042] {logging_mixin.py:109} INFO - [2021-12-19 04:17:21,041] {dag.py:2396} INFO - Sync 1 DAGs
[2021-12-19 04:17:21,100] {logging_mixin.py:109} INFO - [2021-12-19 04:17:21,099] {dag.py:2415} INFO - Creating ORM DAG for example_task_group_decorator
[2021-12-19 04:17:21,153] {logging_mixin.py:109} INFO - [2021-12-19 04:17:21,153] {dag.py:2928} INFO - Setting next_dagrun for example_task_group_decorator to 2021-12-18T04:17:21.152534+00:00
[2021-12-19 04:17:21,282] {processor.py:171} INFO - Processing /home/airflow/.local/lib/python3.7/site-packages/airflow/example_dags/example_task_group_decorator.py took 45.068 seconds
[2021-12-19 04:18:42,403] {processor.py:163} INFO - Started process (PID=466) to work on /home/airflow/.local/lib/python3.7/site-packages/airflow/example_dags/example_task_group_decorator.py
[2021-12-19 04:18:42,407] {processor.py:625} INFO - Processing file /home/airflow/.local/lib/python3.7/site-packages/airflow/example_dags/example_task_group_decorator.py for tasks to queue
[2021-12-19 04:18:42,427] {logging_mixin.py:109} INFO - [2021-12-19 04:18:42,427] {dagbag.py:500} INFO - Filling up the DagBag from /home/airflow/.local/lib/python3.7/site-packages/airflow/example_dags/example_task_group_decorator.py
[2021-12-19 04:18:42,846] {processor.py:637} INFO - DAG(s) dict_keys(['example_task_group_decorator']) retrieved from /home/airflow/.local/lib/python3.7/site-packages/airflow/example_dags/example_task_group_decorator.py
[2021-12-19 04:18:43,996] {logging_mixin.py:109} INFO - [2021-12-19 04:18:43,996] {dag.py:2396} INFO - Sync 1 DAGs
[2021-12-19 04:18:44,084] {logging_mixin.py:109} INFO - [2021-12-19 04:18:44,083] {dag.py:2928} INFO - Setting next_dagrun for example_task_group_decorator to 2021-12-18T04:18:44.073674+00:00
[2021-12-19 04:18:44,156] {processor.py:171} INFO - Processing /home/airflow/.local/lib/python3.7/site-packages/airflow/example_dags/example_task_group_decorator.py took 1.771 seconds
[2021-12-19 04:20:14,979] {processor.py:163} INFO - Started process (PID=520) to work on /home/airflow/.local/lib/python3.7/site-packages/airflow/example_dags/example_task_group_decorator.py
[2021-12-19 04:20:14,993] {processor.py:625} INFO - Processing file /home/airflow/.local/lib/python3.7/site-packages/airflow/example_dags/example_task_group_decorator.py for tasks to queue
[2021-12-19 04:20:14,996] {logging_mixin.py:109} INFO - [2021-12-19 04:20:14,995] {dagbag.py:500} INFO - Filling up the DagBag from /home/airflow/.local/lib/python3.7/site-packages/airflow/example_dags/example_task_group_decorator.py
[2021-12-19 04:20:15,256] {processor.py:637} INFO - DAG(s) dict_keys(['example_task_group_decorator']) retrieved from /home/airflow/.local/lib/python3.7/site-packages/airflow/example_dags/example_task_group_decorator.py
[2021-12-19 04:20:19,731] {logging_mixin.py:109} INFO - [2021-12-19 04:20:19,731] {dag.py:2396} INFO - Sync 1 DAGs
[2021-12-19 04:20:19,880] {logging_mixin.py:109} INFO - [2021-12-19 04:20:19,880] {dag.py:2928} INFO - Setting next_dagrun for example_task_group_decorator to 2021-12-18T04:20:19.862099+00:00
[2021-12-19 04:20:28,897] {processor.py:171} INFO - Processing /home/airflow/.local/lib/python3.7/site-packages/airflow/example_dags/example_task_group_decorator.py took 13.938 seconds
[2021-12-19 04:22:29,733] {processor.py:163} INFO - Started process (PID=564) to work on /home/airflow/.local/lib/python3.7/site-packages/airflow/example_dags/example_task_group_decorator.py
[2021-12-19 04:22:29,738] {processor.py:625} INFO - Processing file /home/airflow/.local/lib/python3.7/site-packages/airflow/example_dags/example_task_group_decorator.py for tasks to queue
[2021-12-19 04:22:29,751] {logging_mixin.py:109} INFO - [2021-12-19 04:22:29,750] {dagbag.py:500} INFO - Filling up the DagBag from /home/airflow/.local/lib/python3.7/site-packages/airflow/example_dags/example_task_group_decorator.py
[2021-12-19 04:22:30,004] {processor.py:637} INFO - DAG(s) dict_keys(['example_task_group_decorator']) retrieved from /home/airflow/.local/lib/python3.7/site-packages/airflow/example_dags/example_task_group_decorator.py
[2021-12-19 04:22:31,484] {logging_mixin.py:109} INFO - [2021-12-19 04:22:31,484] {dag.py:2396} INFO - Sync 1 DAGs
[2021-12-19 04:22:31,553] {logging_mixin.py:109} INFO - [2021-12-19 04:22:31,553] {dag.py:2928} INFO - Setting next_dagrun for example_task_group_decorator to 2021-12-18T04:22:31.552529+00:00
[2021-12-19 04:22:32,701] {processor.py:171} INFO - Processing /home/airflow/.local/lib/python3.7/site-packages/airflow/example_dags/example_task_group_decorator.py took 2.983 seconds
[2021-12-19 04:24:54,930] {processor.py:163} INFO - Started process (PID=616) to work on /home/airflow/.local/lib/python3.7/site-packages/airflow/example_dags/example_task_group_decorator.py
[2021-12-19 04:24:54,935] {processor.py:625} INFO - Processing file /home/airflow/.local/lib/python3.7/site-packages/airflow/example_dags/example_task_group_decorator.py for tasks to queue
[2021-12-19 04:24:54,939] {logging_mixin.py:109} INFO - [2021-12-19 04:24:54,938] {dagbag.py:500} INFO - Filling up the DagBag from /home/airflow/.local/lib/python3.7/site-packages/airflow/example_dags/example_task_group_decorator.py
[2021-12-19 04:24:55,195] {processor.py:637} INFO - DAG(s) dict_keys(['example_task_group_decorator']) retrieved from /home/airflow/.local/lib/python3.7/site-packages/airflow/example_dags/example_task_group_decorator.py
[2021-12-19 04:25:06,542] {logging_mixin.py:109} INFO - [2021-12-19 04:25:06,541] {dag.py:2396} INFO - Sync 1 DAGs
[2021-12-19 04:25:06,589] {logging_mixin.py:109} INFO - [2021-12-19 04:25:06,589] {dag.py:2928} INFO - Setting next_dagrun for example_task_group_decorator to 2021-12-18T04:25:06.588661+00:00
[2021-12-19 04:25:09,331] {processor.py:171} INFO - Processing /home/airflow/.local/lib/python3.7/site-packages/airflow/example_dags/example_task_group_decorator.py took 14.413 seconds
[2021-12-19 04:28:09,930] {processor.py:163} INFO - Started process (PID=704) to work on /home/airflow/.local/lib/python3.7/site-packages/airflow/example_dags/example_task_group_decorator.py
[2021-12-19 04:28:09,934] {processor.py:625} INFO - Processing file /home/airflow/.local/lib/python3.7/site-packages/airflow/example_dags/example_task_group_decorator.py for tasks to queue
[2021-12-19 04:28:09,938] {logging_mixin.py:109} INFO - [2021-12-19 04:28:09,937] {dagbag.py:500} INFO - Filling up the DagBag from /home/airflow/.local/lib/python3.7/site-packages/airflow/example_dags/example_task_group_decorator.py
[2021-12-19 04:28:10,074] {processor.py:637} INFO - DAG(s) dict_keys(['example_task_group_decorator']) retrieved from /home/airflow/.local/lib/python3.7/site-packages/airflow/example_dags/example_task_group_decorator.py
[2021-12-19 04:28:10,700] {logging_mixin.py:109} INFO - [2021-12-19 04:28:10,700] {dag.py:2396} INFO - Sync 1 DAGs
[2021-12-19 04:28:10,738] {logging_mixin.py:109} INFO - [2021-12-19 04:28:10,738] {dag.py:2928} INFO - Setting next_dagrun for example_task_group_decorator to 2021-12-18T04:28:10.736932+00:00
[2021-12-19 04:28:11,016] {processor.py:171} INFO - Processing /home/airflow/.local/lib/python3.7/site-packages/airflow/example_dags/example_task_group_decorator.py took 1.098 seconds
[2021-12-19 04:28:57,727] {processor.py:163} INFO - Started process (PID=780) to work on /home/airflow/.local/lib/python3.7/site-packages/airflow/example_dags/example_task_group_decorator.py
[2021-12-19 04:28:57,739] {processor.py:625} INFO - Processing file /home/airflow/.local/lib/python3.7/site-packages/airflow/example_dags/example_task_group_decorator.py for tasks to queue
[2021-12-19 04:28:57,743] {logging_mixin.py:109} INFO - [2021-12-19 04:28:57,742] {dagbag.py:500} INFO - Filling up the DagBag from /home/airflow/.local/lib/python3.7/site-packages/airflow/example_dags/example_task_group_decorator.py
[2021-12-19 04:28:58,063] {processor.py:637} INFO - DAG(s) dict_keys(['example_task_group_decorator']) retrieved from /home/airflow/.local/lib/python3.7/site-packages/airflow/example_dags/example_task_group_decorator.py
[2021-12-19 04:28:58,823] {logging_mixin.py:109} INFO - [2021-12-19 04:28:58,822] {dag.py:2396} INFO - Sync 1 DAGs
[2021-12-19 04:28:58,855] {logging_mixin.py:109} INFO - [2021-12-19 04:28:58,855] {dag.py:2928} INFO - Setting next_dagrun for example_task_group_decorator to 2021-12-18T04:28:58.854297+00:00
[2021-12-19 04:29:00,924] {processor.py:171} INFO - Processing /home/airflow/.local/lib/python3.7/site-packages/airflow/example_dags/example_task_group_decorator.py took 3.221 seconds
[2021-12-19 04:29:31,488] {processor.py:163} INFO - Started process (PID=834) to work on /home/airflow/.local/lib/python3.7/site-packages/airflow/example_dags/example_task_group_decorator.py
[2021-12-19 04:29:31,493] {processor.py:625} INFO - Processing file /home/airflow/.local/lib/python3.7/site-packages/airflow/example_dags/example_task_group_decorator.py for tasks to queue
[2021-12-19 04:29:31,499] {logging_mixin.py:109} INFO - [2021-12-19 04:29:31,499] {dagbag.py:500} INFO - Filling up the DagBag from /home/airflow/.local/lib/python3.7/site-packages/airflow/example_dags/example_task_group_decorator.py
[2021-12-19 04:29:31,663] {processor.py:637} INFO - DAG(s) dict_keys(['example_task_group_decorator']) retrieved from /home/airflow/.local/lib/python3.7/site-packages/airflow/example_dags/example_task_group_decorator.py
[2021-12-19 04:29:32,629] {logging_mixin.py:109} INFO - [2021-12-19 04:29:32,629] {dag.py:2396} INFO - Sync 1 DAGs
[2021-12-19 04:29:32,701] {logging_mixin.py:109} INFO - [2021-12-19 04:29:32,700] {dag.py:2928} INFO - Setting next_dagrun for example_task_group_decorator to 2021-12-18T04:29:32.699348+00:00
[2021-12-19 04:29:34,754] {processor.py:171} INFO - Processing /home/airflow/.local/lib/python3.7/site-packages/airflow/example_dags/example_task_group_decorator.py took 3.282 seconds
[2021-12-19 04:30:08,408] {processor.py:163} INFO - Started process (PID=866) to work on /home/airflow/.local/lib/python3.7/site-packages/airflow/example_dags/example_task_group_decorator.py
[2021-12-19 04:30:08,417] {processor.py:625} INFO - Processing file /home/airflow/.local/lib/python3.7/site-packages/airflow/example_dags/example_task_group_decorator.py for tasks to queue
[2021-12-19 04:30:08,422] {logging_mixin.py:109} INFO - [2021-12-19 04:30:08,422] {dagbag.py:500} INFO - Filling up the DagBag from /home/airflow/.local/lib/python3.7/site-packages/airflow/example_dags/example_task_group_decorator.py
[2021-12-19 04:30:08,606] {processor.py:637} INFO - DAG(s) dict_keys(['example_task_group_decorator']) retrieved from /home/airflow/.local/lib/python3.7/site-packages/airflow/example_dags/example_task_group_decorator.py
[2021-12-19 04:30:09,155] {logging_mixin.py:109} INFO - [2021-12-19 04:30:09,155] {dag.py:2396} INFO - Sync 1 DAGs
[2021-12-19 04:30:09,190] {logging_mixin.py:109} INFO - [2021-12-19 04:30:09,190] {dag.py:2928} INFO - Setting next_dagrun for example_task_group_decorator to 2021-12-18T04:30:09.189669+00:00
[2021-12-19 04:30:09,247] {processor.py:171} INFO - Processing /home/airflow/.local/lib/python3.7/site-packages/airflow/example_dags/example_task_group_decorator.py took 0.851 seconds
[2021-12-19 04:30:40,286] {processor.py:163} INFO - Started process (PID=916) to work on /home/airflow/.local/lib/python3.7/site-packages/airflow/example_dags/example_task_group_decorator.py
[2021-12-19 04:30:40,345] {processor.py:625} INFO - Processing file /home/airflow/.local/lib/python3.7/site-packages/airflow/example_dags/example_task_group_decorator.py for tasks to queue
[2021-12-19 04:30:40,347] {logging_mixin.py:109} INFO - [2021-12-19 04:30:40,346] {dagbag.py:500} INFO - Filling up the DagBag from /home/airflow/.local/lib/python3.7/site-packages/airflow/example_dags/example_task_group_decorator.py
[2021-12-19 04:30:40,418] {processor.py:637} INFO - DAG(s) dict_keys(['example_task_group_decorator']) retrieved from /home/airflow/.local/lib/python3.7/site-packages/airflow/example_dags/example_task_group_decorator.py
[2021-12-19 04:30:40,861] {logging_mixin.py:109} INFO - [2021-12-19 04:30:40,860] {dag.py:2396} INFO - Sync 1 DAGs
[2021-12-19 04:30:40,888] {logging_mixin.py:109} INFO - [2021-12-19 04:30:40,888] {dag.py:2928} INFO - Setting next_dagrun for example_task_group_decorator to 2021-12-18T04:30:40.887927+00:00
[2021-12-19 04:30:41,734] {processor.py:171} INFO - Processing /home/airflow/.local/lib/python3.7/site-packages/airflow/example_dags/example_task_group_decorator.py took 1.455 seconds
[2021-12-19 04:31:56,489] {processor.py:163} INFO - Started process (PID=961) to work on /home/airflow/.local/lib/python3.7/site-packages/airflow/example_dags/example_task_group_decorator.py
[2021-12-19 04:31:56,496] {processor.py:625} INFO - Processing file /home/airflow/.local/lib/python3.7/site-packages/airflow/example_dags/example_task_group_decorator.py for tasks to queue
[2021-12-19 04:31:56,502] {logging_mixin.py:109} INFO - [2021-12-19 04:31:56,502] {dagbag.py:500} INFO - Filling up the DagBag from /home/airflow/.local/lib/python3.7/site-packages/airflow/example_dags/example_task_group_decorator.py
[2021-12-19 04:31:56,678] {processor.py:637} INFO - DAG(s) dict_keys(['example_task_group_decorator']) retrieved from /home/airflow/.local/lib/python3.7/site-packages/airflow/example_dags/example_task_group_decorator.py
[2021-12-19 04:31:57,934] {logging_mixin.py:109} INFO - [2021-12-19 04:31:57,933] {dag.py:2396} INFO - Sync 1 DAGs
[2021-12-19 04:31:58,068] {logging_mixin.py:109} INFO - [2021-12-19 04:31:58,068] {dag.py:2928} INFO - Setting next_dagrun for example_task_group_decorator to 2021-12-18T04:31:58.058679+00:00
[2021-12-19 04:32:06,156] {processor.py:171} INFO - Processing /home/airflow/.local/lib/python3.7/site-packages/airflow/example_dags/example_task_group_decorator.py took 9.678 seconds
[2021-12-19 04:32:42,892] {processor.py:163} INFO - Started process (PID=1000) to work on /home/airflow/.local/lib/python3.7/site-packages/airflow/example_dags/example_task_group_decorator.py
[2021-12-19 04:32:42,904] {processor.py:625} INFO - Processing file /home/airflow/.local/lib/python3.7/site-packages/airflow/example_dags/example_task_group_decorator.py for tasks to queue
[2021-12-19 04:32:42,908] {logging_mixin.py:109} INFO - [2021-12-19 04:32:42,907] {dagbag.py:500} INFO - Filling up the DagBag from /home/airflow/.local/lib/python3.7/site-packages/airflow/example_dags/example_task_group_decorator.py
[2021-12-19 04:32:52,198] {processor.py:637} INFO - DAG(s) dict_keys(['example_task_group_decorator']) retrieved from /home/airflow/.local/lib/python3.7/site-packages/airflow/example_dags/example_task_group_decorator.py
[2021-12-19 04:32:53,275] {logging_mixin.py:109} INFO - [2021-12-19 04:32:53,275] {dag.py:2396} INFO - Sync 1 DAGs
[2021-12-19 04:32:53,330] {logging_mixin.py:109} INFO - [2021-12-19 04:32:53,329] {dag.py:2928} INFO - Setting next_dagrun for example_task_group_decorator to 2021-12-18T04:32:53.328877+00:00
[2021-12-19 04:32:54,523] {processor.py:171} INFO - Processing /home/airflow/.local/lib/python3.7/site-packages/airflow/example_dags/example_task_group_decorator.py took 11.645 seconds
[2021-12-19 04:33:30,808] {processor.py:163} INFO - Started process (PID=1033) to work on /home/airflow/.local/lib/python3.7/site-packages/airflow/example_dags/example_task_group_decorator.py
[2021-12-19 04:33:30,815] {processor.py:625} INFO - Processing file /home/airflow/.local/lib/python3.7/site-packages/airflow/example_dags/example_task_group_decorator.py for tasks to queue
[2021-12-19 04:33:30,818] {logging_mixin.py:109} INFO - [2021-12-19 04:33:30,817] {dagbag.py:500} INFO - Filling up the DagBag from /home/airflow/.local/lib/python3.7/site-packages/airflow/example_dags/example_task_group_decorator.py
[2021-12-19 04:33:30,994] {processor.py:637} INFO - DAG(s) dict_keys(['example_task_group_decorator']) retrieved from /home/airflow/.local/lib/python3.7/site-packages/airflow/example_dags/example_task_group_decorator.py
[2021-12-19 04:33:32,247] {logging_mixin.py:109} INFO - [2021-12-19 04:33:32,246] {dag.py:2396} INFO - Sync 1 DAGs
[2021-12-19 04:33:32,336] {logging_mixin.py:109} INFO - [2021-12-19 04:33:32,331] {dag.py:2928} INFO - Setting next_dagrun for example_task_group_decorator to 2021-12-18T04:33:32.327891+00:00
[2021-12-19 04:33:32,410] {processor.py:171} INFO - Processing /home/airflow/.local/lib/python3.7/site-packages/airflow/example_dags/example_task_group_decorator.py took 1.612 seconds
[2021-12-19 04:34:11,222] {processor.py:163} INFO - Started process (PID=1076) to work on /home/airflow/.local/lib/python3.7/site-packages/airflow/example_dags/example_task_group_decorator.py
[2021-12-19 04:34:11,229] {processor.py:625} INFO - Processing file /home/airflow/.local/lib/python3.7/site-packages/airflow/example_dags/example_task_group_decorator.py for tasks to queue
[2021-12-19 04:34:11,232] {logging_mixin.py:109} INFO - [2021-12-19 04:34:11,231] {dagbag.py:500} INFO - Filling up the DagBag from /home/airflow/.local/lib/python3.7/site-packages/airflow/example_dags/example_task_group_decorator.py
[2021-12-19 04:34:11,417] {processor.py:637} INFO - DAG(s) dict_keys(['example_task_group_decorator']) retrieved from /home/airflow/.local/lib/python3.7/site-packages/airflow/example_dags/example_task_group_decorator.py
[2021-12-19 04:34:12,600] {logging_mixin.py:109} INFO - [2021-12-19 04:34:12,600] {dag.py:2396} INFO - Sync 1 DAGs
[2021-12-19 04:34:12,655] {logging_mixin.py:109} INFO - [2021-12-19 04:34:12,655] {dag.py:2928} INFO - Setting next_dagrun for example_task_group_decorator to 2021-12-18T04:34:12.654492+00:00
[2021-12-19 04:34:20,081] {processor.py:171} INFO - Processing /home/airflow/.local/lib/python3.7/site-packages/airflow/example_dags/example_task_group_decorator.py took 8.875 seconds
[2021-12-19 04:35:05,401] {processor.py:163} INFO - Started process (PID=1128) to work on /home/airflow/.local/lib/python3.7/site-packages/airflow/example_dags/example_task_group_decorator.py
[2021-12-19 04:35:05,413] {processor.py:625} INFO - Processing file /home/airflow/.local/lib/python3.7/site-packages/airflow/example_dags/example_task_group_decorator.py for tasks to queue
[2021-12-19 04:35:05,416] {logging_mixin.py:109} INFO - [2021-12-19 04:35:05,415] {dagbag.py:500} INFO - Filling up the DagBag from /home/airflow/.local/lib/python3.7/site-packages/airflow/example_dags/example_task_group_decorator.py
[2021-12-19 04:35:05,488] {processor.py:637} INFO - DAG(s) dict_keys(['example_task_group_decorator']) retrieved from /home/airflow/.local/lib/python3.7/site-packages/airflow/example_dags/example_task_group_decorator.py
[2021-12-19 04:35:06,115] {logging_mixin.py:109} INFO - [2021-12-19 04:35:06,114] {dag.py:2396} INFO - Sync 1 DAGs
[2021-12-19 04:35:06,151] {logging_mixin.py:109} INFO - [2021-12-19 04:35:06,151] {dag.py:2928} INFO - Setting next_dagrun for example_task_group_decorator to 2021-12-18T04:35:06.150787+00:00
[2021-12-19 04:35:12,363] {processor.py:171} INFO - Processing /home/airflow/.local/lib/python3.7/site-packages/airflow/example_dags/example_task_group_decorator.py took 6.969 seconds
[2021-12-19 04:35:46,423] {processor.py:163} INFO - Started process (PID=1179) to work on /home/airflow/.local/lib/python3.7/site-packages/airflow/example_dags/example_task_group_decorator.py
[2021-12-19 04:35:46,438] {processor.py:625} INFO - Processing file /home/airflow/.local/lib/python3.7/site-packages/airflow/example_dags/example_task_group_decorator.py for tasks to queue
[2021-12-19 04:35:46,440] {logging_mixin.py:109} INFO - [2021-12-19 04:35:46,440] {dagbag.py:500} INFO - Filling up the DagBag from /home/airflow/.local/lib/python3.7/site-packages/airflow/example_dags/example_task_group_decorator.py
[2021-12-19 04:35:46,616] {processor.py:637} INFO - DAG(s) dict_keys(['example_task_group_decorator']) retrieved from /home/airflow/.local/lib/python3.7/site-packages/airflow/example_dags/example_task_group_decorator.py
[2021-12-19 04:35:48,559] {logging_mixin.py:109} INFO - [2021-12-19 04:35:48,558] {dag.py:2396} INFO - Sync 1 DAGs
[2021-12-19 04:35:48,638] {logging_mixin.py:109} INFO - [2021-12-19 04:35:48,637] {dag.py:2928} INFO - Setting next_dagrun for example_task_group_decorator to 2021-12-18T04:35:48.637142+00:00
[2021-12-19 04:35:48,686] {processor.py:171} INFO - Processing /home/airflow/.local/lib/python3.7/site-packages/airflow/example_dags/example_task_group_decorator.py took 2.275 seconds
[2021-12-19 04:37:17,382] {processor.py:163} INFO - Started process (PID=1236) to work on /home/airflow/.local/lib/python3.7/site-packages/airflow/example_dags/example_task_group_decorator.py
[2021-12-19 04:37:17,387] {processor.py:625} INFO - Processing file /home/airflow/.local/lib/python3.7/site-packages/airflow/example_dags/example_task_group_decorator.py for tasks to queue
[2021-12-19 04:37:17,392] {logging_mixin.py:109} INFO - [2021-12-19 04:37:17,391] {dagbag.py:500} INFO - Filling up the DagBag from /home/airflow/.local/lib/python3.7/site-packages/airflow/example_dags/example_task_group_decorator.py
[2021-12-19 04:37:17,602] {processor.py:637} INFO - DAG(s) dict_keys(['example_task_group_decorator']) retrieved from /home/airflow/.local/lib/python3.7/site-packages/airflow/example_dags/example_task_group_decorator.py
[2021-12-19 04:37:18,837] {logging_mixin.py:109} INFO - [2021-12-19 04:37:18,837] {dag.py:2396} INFO - Sync 1 DAGs
[2021-12-19 04:37:18,875] {logging_mixin.py:109} INFO - [2021-12-19 04:37:18,875] {dag.py:2928} INFO - Setting next_dagrun for example_task_group_decorator to 2021-12-18T04:37:18.874488+00:00
[2021-12-19 04:37:19,152] {processor.py:171} INFO - Processing /home/airflow/.local/lib/python3.7/site-packages/airflow/example_dags/example_task_group_decorator.py took 1.782 seconds
[2021-12-19 04:38:01,587] {processor.py:163} INFO - Started process (PID=1272) to work on /home/airflow/.local/lib/python3.7/site-packages/airflow/example_dags/example_task_group_decorator.py
[2021-12-19 04:38:01,594] {processor.py:625} INFO - Processing file /home/airflow/.local/lib/python3.7/site-packages/airflow/example_dags/example_task_group_decorator.py for tasks to queue
[2021-12-19 04:38:01,599] {logging_mixin.py:109} INFO - [2021-12-19 04:38:01,598] {dagbag.py:500} INFO - Filling up the DagBag from /home/airflow/.local/lib/python3.7/site-packages/airflow/example_dags/example_task_group_decorator.py
[2021-12-19 04:38:01,759] {processor.py:637} INFO - DAG(s) dict_keys(['example_task_group_decorator']) retrieved from /home/airflow/.local/lib/python3.7/site-packages/airflow/example_dags/example_task_group_decorator.py
[2021-12-19 04:38:02,411] {logging_mixin.py:109} INFO - [2021-12-19 04:38:02,411] {dag.py:2396} INFO - Sync 1 DAGs
[2021-12-19 04:38:02,480] {logging_mixin.py:109} INFO - [2021-12-19 04:38:02,479] {dag.py:2928} INFO - Setting next_dagrun for example_task_group_decorator to 2021-12-18T04:38:02.476002+00:00
[2021-12-19 04:38:02,538] {processor.py:171} INFO - Processing /home/airflow/.local/lib/python3.7/site-packages/airflow/example_dags/example_task_group_decorator.py took 0.970 seconds
[2021-12-19 04:39:29,776] {processor.py:163} INFO - Started process (PID=1325) to work on /home/airflow/.local/lib/python3.7/site-packages/airflow/example_dags/example_task_group_decorator.py
[2021-12-19 04:39:29,800] {processor.py:625} INFO - Processing file /home/airflow/.local/lib/python3.7/site-packages/airflow/example_dags/example_task_group_decorator.py for tasks to queue
[2021-12-19 04:39:29,803] {logging_mixin.py:109} INFO - [2021-12-19 04:39:29,802] {dagbag.py:500} INFO - Filling up the DagBag from /home/airflow/.local/lib/python3.7/site-packages/airflow/example_dags/example_task_group_decorator.py
[2021-12-19 04:39:29,906] {processor.py:637} INFO - DAG(s) dict_keys(['example_task_group_decorator']) retrieved from /home/airflow/.local/lib/python3.7/site-packages/airflow/example_dags/example_task_group_decorator.py
[2021-12-19 04:39:30,465] {logging_mixin.py:109} INFO - [2021-12-19 04:39:30,465] {dag.py:2396} INFO - Sync 1 DAGs
[2021-12-19 04:39:30,500] {logging_mixin.py:109} INFO - [2021-12-19 04:39:30,499] {dag.py:2928} INFO - Setting next_dagrun for example_task_group_decorator to 2021-12-18T04:39:30.499223+00:00
[2021-12-19 04:39:31,796] {processor.py:171} INFO - Processing /home/airflow/.local/lib/python3.7/site-packages/airflow/example_dags/example_task_group_decorator.py took 2.029 seconds
[2021-12-19 04:41:38,207] {processor.py:163} INFO - Started process (PID=1398) to work on /home/airflow/.local/lib/python3.7/site-packages/airflow/example_dags/example_task_group_decorator.py
[2021-12-19 04:41:38,212] {processor.py:625} INFO - Processing file /home/airflow/.local/lib/python3.7/site-packages/airflow/example_dags/example_task_group_decorator.py for tasks to queue
[2021-12-19 04:41:38,214] {logging_mixin.py:109} INFO - [2021-12-19 04:41:38,214] {dagbag.py:500} INFO - Filling up the DagBag from /home/airflow/.local/lib/python3.7/site-packages/airflow/example_dags/example_task_group_decorator.py
[2021-12-19 04:41:38,343] {processor.py:637} INFO - DAG(s) dict_keys(['example_task_group_decorator']) retrieved from /home/airflow/.local/lib/python3.7/site-packages/airflow/example_dags/example_task_group_decorator.py
[2021-12-19 04:41:39,322] {logging_mixin.py:109} INFO - [2021-12-19 04:41:39,322] {dag.py:2396} INFO - Sync 1 DAGs
[2021-12-19 04:41:39,416] {logging_mixin.py:109} INFO - [2021-12-19 04:41:39,415] {dag.py:2928} INFO - Setting next_dagrun for example_task_group_decorator to 2021-12-18T04:41:39.414713+00:00
[2021-12-19 04:41:42,183] {processor.py:171} INFO - Processing /home/airflow/.local/lib/python3.7/site-packages/airflow/example_dags/example_task_group_decorator.py took 3.988 seconds
[2021-12-19 04:43:11,421] {processor.py:163} INFO - Started process (PID=1458) to work on /home/airflow/.local/lib/python3.7/site-packages/airflow/example_dags/example_task_group_decorator.py
[2021-12-19 04:43:11,430] {processor.py:625} INFO - Processing file /home/airflow/.local/lib/python3.7/site-packages/airflow/example_dags/example_task_group_decorator.py for tasks to queue
[2021-12-19 04:43:11,435] {logging_mixin.py:109} INFO - [2021-12-19 04:43:11,434] {dagbag.py:500} INFO - Filling up the DagBag from /home/airflow/.local/lib/python3.7/site-packages/airflow/example_dags/example_task_group_decorator.py
[2021-12-19 04:43:11,768] {processor.py:637} INFO - DAG(s) dict_keys(['example_task_group_decorator']) retrieved from /home/airflow/.local/lib/python3.7/site-packages/airflow/example_dags/example_task_group_decorator.py
[2021-12-19 04:43:14,970] {logging_mixin.py:109} INFO - [2021-12-19 04:43:14,970] {dag.py:2396} INFO - Sync 1 DAGs
[2021-12-19 04:43:15,095] {logging_mixin.py:109} INFO - [2021-12-19 04:43:15,095] {dag.py:2928} INFO - Setting next_dagrun for example_task_group_decorator to 2021-12-18T04:43:15.093926+00:00
[2021-12-19 04:43:15,614] {processor.py:171} INFO - Processing /home/airflow/.local/lib/python3.7/site-packages/airflow/example_dags/example_task_group_decorator.py took 4.210 seconds
[2021-12-19 04:43:45,808] {processor.py:163} INFO - Started process (PID=1502) to work on /home/airflow/.local/lib/python3.7/site-packages/airflow/example_dags/example_task_group_decorator.py
[2021-12-19 04:43:45,812] {processor.py:625} INFO - Processing file /home/airflow/.local/lib/python3.7/site-packages/airflow/example_dags/example_task_group_decorator.py for tasks to queue
[2021-12-19 04:43:45,815] {logging_mixin.py:109} INFO - [2021-12-19 04:43:45,815] {dagbag.py:500} INFO - Filling up the DagBag from /home/airflow/.local/lib/python3.7/site-packages/airflow/example_dags/example_task_group_decorator.py
[2021-12-19 04:43:45,899] {processor.py:637} INFO - DAG(s) dict_keys(['example_task_group_decorator']) retrieved from /home/airflow/.local/lib/python3.7/site-packages/airflow/example_dags/example_task_group_decorator.py
[2021-12-19 04:43:46,272] {logging_mixin.py:109} INFO - [2021-12-19 04:43:46,272] {dag.py:2396} INFO - Sync 1 DAGs
[2021-12-19 04:43:46,304] {logging_mixin.py:109} INFO - [2021-12-19 04:43:46,304] {dag.py:2928} INFO - Setting next_dagrun for example_task_group_decorator to 2021-12-18T04:43:46.303498+00:00
[2021-12-19 04:43:46,333] {processor.py:171} INFO - Processing /home/airflow/.local/lib/python3.7/site-packages/airflow/example_dags/example_task_group_decorator.py took 0.535 seconds
[2021-12-19 04:44:21,868] {processor.py:163} INFO - Started process (PID=1554) to work on /home/airflow/.local/lib/python3.7/site-packages/airflow/example_dags/example_task_group_decorator.py
[2021-12-19 04:44:21,876] {processor.py:625} INFO - Processing file /home/airflow/.local/lib/python3.7/site-packages/airflow/example_dags/example_task_group_decorator.py for tasks to queue
[2021-12-19 04:44:21,880] {logging_mixin.py:109} INFO - [2021-12-19 04:44:21,880] {dagbag.py:500} INFO - Filling up the DagBag from /home/airflow/.local/lib/python3.7/site-packages/airflow/example_dags/example_task_group_decorator.py
[2021-12-19 04:44:22,236] {processor.py:637} INFO - DAG(s) dict_keys(['example_task_group_decorator']) retrieved from /home/airflow/.local/lib/python3.7/site-packages/airflow/example_dags/example_task_group_decorator.py
[2021-12-19 04:44:23,254] {logging_mixin.py:109} INFO - [2021-12-19 04:44:23,254] {dag.py:2396} INFO - Sync 1 DAGs
[2021-12-19 04:44:23,308] {logging_mixin.py:109} INFO - [2021-12-19 04:44:23,308] {dag.py:2928} INFO - Setting next_dagrun for example_task_group_decorator to 2021-12-18T04:44:23.307500+00:00
[2021-12-19 04:44:23,354] {processor.py:171} INFO - Processing /home/airflow/.local/lib/python3.7/site-packages/airflow/example_dags/example_task_group_decorator.py took 1.506 seconds
[2021-12-19 04:45:08,240] {processor.py:163} INFO - Started process (PID=1598) to work on /home/airflow/.local/lib/python3.7/site-packages/airflow/example_dags/example_task_group_decorator.py
[2021-12-19 04:45:08,245] {processor.py:625} INFO - Processing file /home/airflow/.local/lib/python3.7/site-packages/airflow/example_dags/example_task_group_decorator.py for tasks to queue
[2021-12-19 04:45:08,248] {logging_mixin.py:109} INFO - [2021-12-19 04:45:08,248] {dagbag.py:500} INFO - Filling up the DagBag from /home/airflow/.local/lib/python3.7/site-packages/airflow/example_dags/example_task_group_decorator.py
[2021-12-19 04:45:08,376] {processor.py:637} INFO - DAG(s) dict_keys(['example_task_group_decorator']) retrieved from /home/airflow/.local/lib/python3.7/site-packages/airflow/example_dags/example_task_group_decorator.py
[2021-12-19 04:45:09,122] {logging_mixin.py:109} INFO - [2021-12-19 04:45:09,122] {dag.py:2396} INFO - Sync 1 DAGs
[2021-12-19 04:45:09,158] {logging_mixin.py:109} INFO - [2021-12-19 04:45:09,158] {dag.py:2928} INFO - Setting next_dagrun for example_task_group_decorator to 2021-12-18T04:45:09.157481+00:00
[2021-12-19 04:45:09,578] {processor.py:171} INFO - Processing /home/airflow/.local/lib/python3.7/site-packages/airflow/example_dags/example_task_group_decorator.py took 1.348 seconds
[2021-12-19 04:46:57,067] {processor.py:163} INFO - Started process (PID=1647) to work on /home/airflow/.local/lib/python3.7/site-packages/airflow/example_dags/example_task_group_decorator.py
[2021-12-19 04:46:57,071] {processor.py:625} INFO - Processing file /home/airflow/.local/lib/python3.7/site-packages/airflow/example_dags/example_task_group_decorator.py for tasks to queue
[2021-12-19 04:46:57,072] {logging_mixin.py:109} INFO - [2021-12-19 04:46:57,072] {dagbag.py:500} INFO - Filling up the DagBag from /home/airflow/.local/lib/python3.7/site-packages/airflow/example_dags/example_task_group_decorator.py
[2021-12-19 04:46:57,194] {processor.py:637} INFO - DAG(s) dict_keys(['example_task_group_decorator']) retrieved from /home/airflow/.local/lib/python3.7/site-packages/airflow/example_dags/example_task_group_decorator.py
[2021-12-19 04:46:57,819] {logging_mixin.py:109} INFO - [2021-12-19 04:46:57,819] {dag.py:2396} INFO - Sync 1 DAGs
[2021-12-19 04:46:57,854] {logging_mixin.py:109} INFO - [2021-12-19 04:46:57,854] {dag.py:2928} INFO - Setting next_dagrun for example_task_group_decorator to 2021-12-18T04:46:57.853484+00:00
[2021-12-19 04:46:57,890] {processor.py:171} INFO - Processing /home/airflow/.local/lib/python3.7/site-packages/airflow/example_dags/example_task_group_decorator.py took 0.835 seconds
[2021-12-19 04:47:28,745] {processor.py:163} INFO - Started process (PID=1701) to work on /home/airflow/.local/lib/python3.7/site-packages/airflow/example_dags/example_task_group_decorator.py
[2021-12-19 04:47:28,752] {processor.py:625} INFO - Processing file /home/airflow/.local/lib/python3.7/site-packages/airflow/example_dags/example_task_group_decorator.py for tasks to queue
[2021-12-19 04:47:28,755] {logging_mixin.py:109} INFO - [2021-12-19 04:47:28,754] {dagbag.py:500} INFO - Filling up the DagBag from /home/airflow/.local/lib/python3.7/site-packages/airflow/example_dags/example_task_group_decorator.py
[2021-12-19 04:47:28,943] {processor.py:637} INFO - DAG(s) dict_keys(['example_task_group_decorator']) retrieved from /home/airflow/.local/lib/python3.7/site-packages/airflow/example_dags/example_task_group_decorator.py
[2021-12-19 04:47:29,869] {logging_mixin.py:109} INFO - [2021-12-19 04:47:29,869] {dag.py:2396} INFO - Sync 1 DAGs
[2021-12-19 04:47:29,925] {logging_mixin.py:109} INFO - [2021-12-19 04:47:29,925] {dag.py:2928} INFO - Setting next_dagrun for example_task_group_decorator to 2021-12-18T04:47:29.924740+00:00
[2021-12-19 04:47:29,963] {processor.py:171} INFO - Processing /home/airflow/.local/lib/python3.7/site-packages/airflow/example_dags/example_task_group_decorator.py took 1.229 seconds
[2021-12-19 04:48:00,577] {processor.py:163} INFO - Started process (PID=1734) to work on /home/airflow/.local/lib/python3.7/site-packages/airflow/example_dags/example_task_group_decorator.py
[2021-12-19 04:48:00,583] {processor.py:625} INFO - Processing file /home/airflow/.local/lib/python3.7/site-packages/airflow/example_dags/example_task_group_decorator.py for tasks to queue
[2021-12-19 04:48:00,585] {logging_mixin.py:109} INFO - [2021-12-19 04:48:00,585] {dagbag.py:500} INFO - Filling up the DagBag from /home/airflow/.local/lib/python3.7/site-packages/airflow/example_dags/example_task_group_decorator.py
[2021-12-19 04:48:00,698] {processor.py:637} INFO - DAG(s) dict_keys(['example_task_group_decorator']) retrieved from /home/airflow/.local/lib/python3.7/site-packages/airflow/example_dags/example_task_group_decorator.py
[2021-12-19 04:48:01,184] {logging_mixin.py:109} INFO - [2021-12-19 04:48:01,184] {dag.py:2396} INFO - Sync 1 DAGs
[2021-12-19 04:48:01,216] {logging_mixin.py:109} INFO - [2021-12-19 04:48:01,216] {dag.py:2928} INFO - Setting next_dagrun for example_task_group_decorator to 2021-12-18T04:48:01.215794+00:00
[2021-12-19 04:48:01,245] {processor.py:171} INFO - Processing /home/airflow/.local/lib/python3.7/site-packages/airflow/example_dags/example_task_group_decorator.py took 0.675 seconds
[2021-12-19 04:48:31,586] {processor.py:163} INFO - Started process (PID=1791) to work on /home/airflow/.local/lib/python3.7/site-packages/airflow/example_dags/example_task_group_decorator.py
[2021-12-19 04:48:31,590] {processor.py:625} INFO - Processing file /home/airflow/.local/lib/python3.7/site-packages/airflow/example_dags/example_task_group_decorator.py for tasks to queue
[2021-12-19 04:48:31,593] {logging_mixin.py:109} INFO - [2021-12-19 04:48:31,593] {dagbag.py:500} INFO - Filling up the DagBag from /home/airflow/.local/lib/python3.7/site-packages/airflow/example_dags/example_task_group_decorator.py
[2021-12-19 04:48:31,708] {processor.py:637} INFO - DAG(s) dict_keys(['example_task_group_decorator']) retrieved from /home/airflow/.local/lib/python3.7/site-packages/airflow/example_dags/example_task_group_decorator.py
[2021-12-19 04:48:32,408] {logging_mixin.py:109} INFO - [2021-12-19 04:48:32,408] {dag.py:2396} INFO - Sync 1 DAGs
[2021-12-19 04:48:32,470] {logging_mixin.py:109} INFO - [2021-12-19 04:48:32,469] {dag.py:2928} INFO - Setting next_dagrun for example_task_group_decorator to 2021-12-18T04:48:32.468709+00:00
[2021-12-19 04:48:32,513] {processor.py:171} INFO - Processing /home/airflow/.local/lib/python3.7/site-packages/airflow/example_dags/example_task_group_decorator.py took 0.936 seconds
[2021-12-19 04:49:06,931] {processor.py:163} INFO - Started process (PID=1850) to work on /home/airflow/.local/lib/python3.7/site-packages/airflow/example_dags/example_task_group_decorator.py
[2021-12-19 04:49:06,937] {processor.py:625} INFO - Processing file /home/airflow/.local/lib/python3.7/site-packages/airflow/example_dags/example_task_group_decorator.py for tasks to queue
[2021-12-19 04:49:06,943] {logging_mixin.py:109} INFO - [2021-12-19 04:49:06,943] {dagbag.py:500} INFO - Filling up the DagBag from /home/airflow/.local/lib/python3.7/site-packages/airflow/example_dags/example_task_group_decorator.py
[2021-12-19 04:49:07,215] {processor.py:637} INFO - DAG(s) dict_keys(['example_task_group_decorator']) retrieved from /home/airflow/.local/lib/python3.7/site-packages/airflow/example_dags/example_task_group_decorator.py
[2021-12-19 04:49:08,940] {logging_mixin.py:109} INFO - [2021-12-19 04:49:08,940] {dag.py:2396} INFO - Sync 1 DAGs
[2021-12-19 04:49:09,066] {logging_mixin.py:109} INFO - [2021-12-19 04:49:09,066] {dag.py:2928} INFO - Setting next_dagrun for example_task_group_decorator to 2021-12-18T04:49:09.065352+00:00
[2021-12-19 04:49:10,228] {processor.py:171} INFO - Processing /home/airflow/.local/lib/python3.7/site-packages/airflow/example_dags/example_task_group_decorator.py took 3.319 seconds
[2021-12-19 04:49:48,799] {processor.py:163} INFO - Started process (PID=1887) to work on /home/airflow/.local/lib/python3.7/site-packages/airflow/example_dags/example_task_group_decorator.py
[2021-12-19 04:49:48,803] {processor.py:625} INFO - Processing file /home/airflow/.local/lib/python3.7/site-packages/airflow/example_dags/example_task_group_decorator.py for tasks to queue
[2021-12-19 04:49:48,805] {logging_mixin.py:109} INFO - [2021-12-19 04:49:48,804] {dagbag.py:500} INFO - Filling up the DagBag from /home/airflow/.local/lib/python3.7/site-packages/airflow/example_dags/example_task_group_decorator.py
[2021-12-19 04:49:48,917] {processor.py:637} INFO - DAG(s) dict_keys(['example_task_group_decorator']) retrieved from /home/airflow/.local/lib/python3.7/site-packages/airflow/example_dags/example_task_group_decorator.py
[2021-12-19 04:49:49,573] {logging_mixin.py:109} INFO - [2021-12-19 04:49:49,573] {dag.py:2396} INFO - Sync 1 DAGs
[2021-12-19 04:49:49,618] {logging_mixin.py:109} INFO - [2021-12-19 04:49:49,617] {dag.py:2928} INFO - Setting next_dagrun for example_task_group_decorator to 2021-12-18T04:49:49.616730+00:00
[2021-12-19 04:49:49,652] {processor.py:171} INFO - Processing /home/airflow/.local/lib/python3.7/site-packages/airflow/example_dags/example_task_group_decorator.py took 0.863 seconds
