[2021-12-19 04:15:33,918] {processor.py:163} INFO - Started process (PID=276) to work on /home/airflow/.local/lib/python3.7/site-packages/airflow/example_dags/tutorial_taskflow_api_etl.py
[2021-12-19 04:15:33,922] {processor.py:625} INFO - Processing file /home/airflow/.local/lib/python3.7/site-packages/airflow/example_dags/tutorial_taskflow_api_etl.py for tasks to queue
[2021-12-19 04:15:33,924] {logging_mixin.py:109} INFO - [2021-12-19 04:15:33,923] {dagbag.py:500} INFO - Filling up the DagBag from /home/airflow/.local/lib/python3.7/site-packages/airflow/example_dags/tutorial_taskflow_api_etl.py
[2021-12-19 04:15:34,009] {processor.py:637} INFO - DAG(s) dict_keys(['tutorial_taskflow_api_etl']) retrieved from /home/airflow/.local/lib/python3.7/site-packages/airflow/example_dags/tutorial_taskflow_api_etl.py
[2021-12-19 04:15:41,438] {logging_mixin.py:109} INFO - [2021-12-19 04:15:41,438] {providers_manager.py:156} WARNING - Exception when importing 'airflow.providers.google.leveldb.hooks.leveldb.LevelDBHook' from 'apache-airflow-providers-google' package: No module named 'plyvel'
[2021-12-19 04:15:42,174] {logging_mixin.py:109} INFO - [2021-12-19 04:15:42,173] {providers_manager.py:156} WARNING - Exception when importing 'airflow.providers.google.leveldb.hooks.leveldb.LevelDBHook' from 'apache-airflow-providers-google' package: No module named 'plyvel'
[2021-12-19 04:15:42,906] {logging_mixin.py:109} INFO - [2021-12-19 04:15:42,906] {manager.py:496} INFO - Created Permission View: can read on DAG:tutorial_taskflow_api_etl
[2021-12-19 04:15:42,947] {logging_mixin.py:109} INFO - [2021-12-19 04:15:42,947] {manager.py:496} INFO - Created Permission View: can edit on DAG:tutorial_taskflow_api_etl
[2021-12-19 04:15:42,951] {logging_mixin.py:109} INFO - [2021-12-19 04:15:42,951] {dag.py:2396} INFO - Sync 1 DAGs
[2021-12-19 04:15:42,972] {logging_mixin.py:109} INFO - [2021-12-19 04:15:42,971] {dag.py:2415} INFO - Creating ORM DAG for tutorial_taskflow_api_etl
[2021-12-19 04:15:42,991] {logging_mixin.py:109} INFO - [2021-12-19 04:15:42,991] {dag.py:2928} INFO - Setting next_dagrun for tutorial_taskflow_api_etl to None
[2021-12-19 04:15:43,036] {processor.py:171} INFO - Processing /home/airflow/.local/lib/python3.7/site-packages/airflow/example_dags/tutorial_taskflow_api_etl.py took 9.127 seconds
[2021-12-19 04:18:14,290] {processor.py:163} INFO - Started process (PID=455) to work on /home/airflow/.local/lib/python3.7/site-packages/airflow/example_dags/tutorial_taskflow_api_etl.py
[2021-12-19 04:18:14,306] {processor.py:625} INFO - Processing file /home/airflow/.local/lib/python3.7/site-packages/airflow/example_dags/tutorial_taskflow_api_etl.py for tasks to queue
[2021-12-19 04:18:14,309] {logging_mixin.py:109} INFO - [2021-12-19 04:18:14,309] {dagbag.py:500} INFO - Filling up the DagBag from /home/airflow/.local/lib/python3.7/site-packages/airflow/example_dags/tutorial_taskflow_api_etl.py
[2021-12-19 04:18:14,551] {processor.py:637} INFO - DAG(s) dict_keys(['tutorial_taskflow_api_etl']) retrieved from /home/airflow/.local/lib/python3.7/site-packages/airflow/example_dags/tutorial_taskflow_api_etl.py
[2021-12-19 04:18:16,877] {logging_mixin.py:109} INFO - [2021-12-19 04:18:16,877] {dag.py:2396} INFO - Sync 1 DAGs
[2021-12-19 04:18:17,036] {logging_mixin.py:109} INFO - [2021-12-19 04:18:17,025] {dag.py:2928} INFO - Setting next_dagrun for tutorial_taskflow_api_etl to None
[2021-12-19 04:18:17,245] {processor.py:171} INFO - Processing /home/airflow/.local/lib/python3.7/site-packages/airflow/example_dags/tutorial_taskflow_api_etl.py took 2.980 seconds
[2021-12-19 04:20:03,181] {processor.py:163} INFO - Started process (PID=499) to work on /home/airflow/.local/lib/python3.7/site-packages/airflow/example_dags/tutorial_taskflow_api_etl.py
[2021-12-19 04:20:03,185] {processor.py:625} INFO - Processing file /home/airflow/.local/lib/python3.7/site-packages/airflow/example_dags/tutorial_taskflow_api_etl.py for tasks to queue
[2021-12-19 04:20:03,187] {logging_mixin.py:109} INFO - [2021-12-19 04:20:03,187] {dagbag.py:500} INFO - Filling up the DagBag from /home/airflow/.local/lib/python3.7/site-packages/airflow/example_dags/tutorial_taskflow_api_etl.py
[2021-12-19 04:20:04,031] {processor.py:637} INFO - DAG(s) dict_keys(['tutorial_taskflow_api_etl']) retrieved from /home/airflow/.local/lib/python3.7/site-packages/airflow/example_dags/tutorial_taskflow_api_etl.py
[2021-12-19 04:20:06,727] {logging_mixin.py:109} INFO - [2021-12-19 04:20:06,727] {dag.py:2396} INFO - Sync 1 DAGs
[2021-12-19 04:20:06,832] {logging_mixin.py:109} INFO - [2021-12-19 04:20:06,831] {dag.py:2928} INFO - Setting next_dagrun for tutorial_taskflow_api_etl to None
[2021-12-19 04:20:06,891] {processor.py:171} INFO - Processing /home/airflow/.local/lib/python3.7/site-packages/airflow/example_dags/tutorial_taskflow_api_etl.py took 3.718 seconds
[2021-12-19 04:22:15,757] {processor.py:163} INFO - Started process (PID=553) to work on /home/airflow/.local/lib/python3.7/site-packages/airflow/example_dags/tutorial_taskflow_api_etl.py
[2021-12-19 04:22:15,771] {processor.py:625} INFO - Processing file /home/airflow/.local/lib/python3.7/site-packages/airflow/example_dags/tutorial_taskflow_api_etl.py for tasks to queue
[2021-12-19 04:22:15,774] {logging_mixin.py:109} INFO - [2021-12-19 04:22:15,774] {dagbag.py:500} INFO - Filling up the DagBag from /home/airflow/.local/lib/python3.7/site-packages/airflow/example_dags/tutorial_taskflow_api_etl.py
[2021-12-19 04:22:25,132] {processor.py:637} INFO - DAG(s) dict_keys(['tutorial_taskflow_api_etl']) retrieved from /home/airflow/.local/lib/python3.7/site-packages/airflow/example_dags/tutorial_taskflow_api_etl.py
[2021-12-19 04:22:25,842] {logging_mixin.py:109} INFO - [2021-12-19 04:22:25,841] {dag.py:2396} INFO - Sync 1 DAGs
[2021-12-19 04:22:25,881] {logging_mixin.py:109} INFO - [2021-12-19 04:22:25,880] {dag.py:2928} INFO - Setting next_dagrun for tutorial_taskflow_api_etl to None
[2021-12-19 04:22:25,921] {processor.py:171} INFO - Processing /home/airflow/.local/lib/python3.7/site-packages/airflow/example_dags/tutorial_taskflow_api_etl.py took 10.183 seconds
[2021-12-19 04:24:43,608] {processor.py:163} INFO - Started process (PID=605) to work on /home/airflow/.local/lib/python3.7/site-packages/airflow/example_dags/tutorial_taskflow_api_etl.py
[2021-12-19 04:24:43,666] {processor.py:625} INFO - Processing file /home/airflow/.local/lib/python3.7/site-packages/airflow/example_dags/tutorial_taskflow_api_etl.py for tasks to queue
[2021-12-19 04:24:43,668] {logging_mixin.py:109} INFO - [2021-12-19 04:24:43,668] {dagbag.py:500} INFO - Filling up the DagBag from /home/airflow/.local/lib/python3.7/site-packages/airflow/example_dags/tutorial_taskflow_api_etl.py
[2021-12-19 04:24:43,777] {processor.py:637} INFO - DAG(s) dict_keys(['tutorial_taskflow_api_etl']) retrieved from /home/airflow/.local/lib/python3.7/site-packages/airflow/example_dags/tutorial_taskflow_api_etl.py
[2021-12-19 04:24:47,017] {logging_mixin.py:109} INFO - [2021-12-19 04:24:47,017] {dag.py:2396} INFO - Sync 1 DAGs
[2021-12-19 04:24:47,041] {logging_mixin.py:109} INFO - [2021-12-19 04:24:47,041] {dag.py:2928} INFO - Setting next_dagrun for tutorial_taskflow_api_etl to None
[2021-12-19 04:24:47,107] {processor.py:171} INFO - Processing /home/airflow/.local/lib/python3.7/site-packages/airflow/example_dags/tutorial_taskflow_api_etl.py took 3.510 seconds
[2021-12-19 04:26:15,523] {processor.py:163} INFO - Started process (PID=669) to work on /home/airflow/.local/lib/python3.7/site-packages/airflow/example_dags/tutorial_taskflow_api_etl.py
[2021-12-19 04:26:15,589] {processor.py:625} INFO - Processing file /home/airflow/.local/lib/python3.7/site-packages/airflow/example_dags/tutorial_taskflow_api_etl.py for tasks to queue
[2021-12-19 04:26:15,593] {logging_mixin.py:109} INFO - [2021-12-19 04:26:15,592] {dagbag.py:500} INFO - Filling up the DagBag from /home/airflow/.local/lib/python3.7/site-packages/airflow/example_dags/tutorial_taskflow_api_etl.py
[2021-12-19 04:26:15,688] {processor.py:637} INFO - DAG(s) dict_keys(['tutorial_taskflow_api_etl']) retrieved from /home/airflow/.local/lib/python3.7/site-packages/airflow/example_dags/tutorial_taskflow_api_etl.py
[2021-12-19 04:26:20,012] {logging_mixin.py:109} INFO - [2021-12-19 04:26:20,012] {dag.py:2396} INFO - Sync 1 DAGs
[2021-12-19 04:26:20,067] {logging_mixin.py:109} INFO - [2021-12-19 04:26:20,067] {dag.py:2928} INFO - Setting next_dagrun for tutorial_taskflow_api_etl to None
[2021-12-19 04:26:20,552] {processor.py:171} INFO - Processing /home/airflow/.local/lib/python3.7/site-packages/airflow/example_dags/tutorial_taskflow_api_etl.py took 5.037 seconds
[2021-12-19 04:27:26,731] {processor.py:163} INFO - Started process (PID=693) to work on /home/airflow/.local/lib/python3.7/site-packages/airflow/example_dags/tutorial_taskflow_api_etl.py
[2021-12-19 04:27:26,737] {processor.py:625} INFO - Processing file /home/airflow/.local/lib/python3.7/site-packages/airflow/example_dags/tutorial_taskflow_api_etl.py for tasks to queue
[2021-12-19 04:27:26,741] {logging_mixin.py:109} INFO - [2021-12-19 04:27:26,741] {dagbag.py:500} INFO - Filling up the DagBag from /home/airflow/.local/lib/python3.7/site-packages/airflow/example_dags/tutorial_taskflow_api_etl.py
[2021-12-19 04:27:26,900] {processor.py:637} INFO - DAG(s) dict_keys(['tutorial_taskflow_api_etl']) retrieved from /home/airflow/.local/lib/python3.7/site-packages/airflow/example_dags/tutorial_taskflow_api_etl.py
[2021-12-19 04:27:27,917] {logging_mixin.py:109} INFO - [2021-12-19 04:27:27,916] {dag.py:2396} INFO - Sync 1 DAGs
[2021-12-19 04:27:27,968] {logging_mixin.py:109} INFO - [2021-12-19 04:27:27,968] {dag.py:2928} INFO - Setting next_dagrun for tutorial_taskflow_api_etl to None
[2021-12-19 04:27:28,901] {processor.py:171} INFO - Processing /home/airflow/.local/lib/python3.7/site-packages/airflow/example_dags/tutorial_taskflow_api_etl.py took 2.187 seconds
[2021-12-19 04:28:43,627] {processor.py:163} INFO - Started process (PID=760) to work on /home/airflow/.local/lib/python3.7/site-packages/airflow/example_dags/tutorial_taskflow_api_etl.py
[2021-12-19 04:28:43,645] {processor.py:625} INFO - Processing file /home/airflow/.local/lib/python3.7/site-packages/airflow/example_dags/tutorial_taskflow_api_etl.py for tasks to queue
[2021-12-19 04:28:43,649] {logging_mixin.py:109} INFO - [2021-12-19 04:28:43,648] {dagbag.py:500} INFO - Filling up the DagBag from /home/airflow/.local/lib/python3.7/site-packages/airflow/example_dags/tutorial_taskflow_api_etl.py
[2021-12-19 04:28:43,874] {processor.py:637} INFO - DAG(s) dict_keys(['tutorial_taskflow_api_etl']) retrieved from /home/airflow/.local/lib/python3.7/site-packages/airflow/example_dags/tutorial_taskflow_api_etl.py
[2021-12-19 04:28:46,049] {logging_mixin.py:109} INFO - [2021-12-19 04:28:46,048] {dag.py:2396} INFO - Sync 1 DAGs
[2021-12-19 04:28:46,110] {logging_mixin.py:109} INFO - [2021-12-19 04:28:46,110] {dag.py:2928} INFO - Setting next_dagrun for tutorial_taskflow_api_etl to None
[2021-12-19 04:28:46,231] {processor.py:171} INFO - Processing /home/airflow/.local/lib/python3.7/site-packages/airflow/example_dags/tutorial_taskflow_api_etl.py took 2.619 seconds
[2021-12-19 04:29:16,375] {processor.py:163} INFO - Started process (PID=812) to work on /home/airflow/.local/lib/python3.7/site-packages/airflow/example_dags/tutorial_taskflow_api_etl.py
[2021-12-19 04:29:16,382] {processor.py:625} INFO - Processing file /home/airflow/.local/lib/python3.7/site-packages/airflow/example_dags/tutorial_taskflow_api_etl.py for tasks to queue
[2021-12-19 04:29:16,385] {logging_mixin.py:109} INFO - [2021-12-19 04:29:16,384] {dagbag.py:500} INFO - Filling up the DagBag from /home/airflow/.local/lib/python3.7/site-packages/airflow/example_dags/tutorial_taskflow_api_etl.py
[2021-12-19 04:29:16,459] {processor.py:637} INFO - DAG(s) dict_keys(['tutorial_taskflow_api_etl']) retrieved from /home/airflow/.local/lib/python3.7/site-packages/airflow/example_dags/tutorial_taskflow_api_etl.py
[2021-12-19 04:29:16,808] {logging_mixin.py:109} INFO - [2021-12-19 04:29:16,808] {dag.py:2396} INFO - Sync 1 DAGs
[2021-12-19 04:29:16,830] {logging_mixin.py:109} INFO - [2021-12-19 04:29:16,830] {dag.py:2928} INFO - Setting next_dagrun for tutorial_taskflow_api_etl to None
[2021-12-19 04:29:16,866] {processor.py:171} INFO - Processing /home/airflow/.local/lib/python3.7/site-packages/airflow/example_dags/tutorial_taskflow_api_etl.py took 0.498 seconds
[2021-12-19 04:29:54,673] {processor.py:163} INFO - Started process (PID=856) to work on /home/airflow/.local/lib/python3.7/site-packages/airflow/example_dags/tutorial_taskflow_api_etl.py
[2021-12-19 04:29:54,682] {processor.py:625} INFO - Processing file /home/airflow/.local/lib/python3.7/site-packages/airflow/example_dags/tutorial_taskflow_api_etl.py for tasks to queue
[2021-12-19 04:29:54,688] {logging_mixin.py:109} INFO - [2021-12-19 04:29:54,687] {dagbag.py:500} INFO - Filling up the DagBag from /home/airflow/.local/lib/python3.7/site-packages/airflow/example_dags/tutorial_taskflow_api_etl.py
[2021-12-19 04:29:54,831] {processor.py:637} INFO - DAG(s) dict_keys(['tutorial_taskflow_api_etl']) retrieved from /home/airflow/.local/lib/python3.7/site-packages/airflow/example_dags/tutorial_taskflow_api_etl.py
[2021-12-19 04:30:00,292] {logging_mixin.py:109} INFO - [2021-12-19 04:30:00,291] {dag.py:2396} INFO - Sync 1 DAGs
[2021-12-19 04:30:00,343] {logging_mixin.py:109} INFO - [2021-12-19 04:30:00,343] {dag.py:2928} INFO - Setting next_dagrun for tutorial_taskflow_api_etl to None
[2021-12-19 04:30:04,492] {processor.py:171} INFO - Processing /home/airflow/.local/lib/python3.7/site-packages/airflow/example_dags/tutorial_taskflow_api_etl.py took 9.830 seconds
[2021-12-19 04:30:34,933] {processor.py:163} INFO - Started process (PID=896) to work on /home/airflow/.local/lib/python3.7/site-packages/airflow/example_dags/tutorial_taskflow_api_etl.py
[2021-12-19 04:30:35,024] {processor.py:625} INFO - Processing file /home/airflow/.local/lib/python3.7/site-packages/airflow/example_dags/tutorial_taskflow_api_etl.py for tasks to queue
[2021-12-19 04:30:35,026] {logging_mixin.py:109} INFO - [2021-12-19 04:30:35,026] {dagbag.py:500} INFO - Filling up the DagBag from /home/airflow/.local/lib/python3.7/site-packages/airflow/example_dags/tutorial_taskflow_api_etl.py
[2021-12-19 04:30:35,086] {processor.py:637} INFO - DAG(s) dict_keys(['tutorial_taskflow_api_etl']) retrieved from /home/airflow/.local/lib/python3.7/site-packages/airflow/example_dags/tutorial_taskflow_api_etl.py
[2021-12-19 04:30:35,517] {logging_mixin.py:109} INFO - [2021-12-19 04:30:35,517] {dag.py:2396} INFO - Sync 1 DAGs
[2021-12-19 04:30:35,552] {logging_mixin.py:109} INFO - [2021-12-19 04:30:35,551] {dag.py:2928} INFO - Setting next_dagrun for tutorial_taskflow_api_etl to None
[2021-12-19 04:30:36,088] {processor.py:171} INFO - Processing /home/airflow/.local/lib/python3.7/site-packages/airflow/example_dags/tutorial_taskflow_api_etl.py took 1.162 seconds
[2021-12-19 04:31:34,050] {processor.py:163} INFO - Started process (PID=950) to work on /home/airflow/.local/lib/python3.7/site-packages/airflow/example_dags/tutorial_taskflow_api_etl.py
[2021-12-19 04:31:34,057] {processor.py:625} INFO - Processing file /home/airflow/.local/lib/python3.7/site-packages/airflow/example_dags/tutorial_taskflow_api_etl.py for tasks to queue
[2021-12-19 04:31:34,060] {logging_mixin.py:109} INFO - [2021-12-19 04:31:34,060] {dagbag.py:500} INFO - Filling up the DagBag from /home/airflow/.local/lib/python3.7/site-packages/airflow/example_dags/tutorial_taskflow_api_etl.py
[2021-12-19 04:31:34,186] {processor.py:637} INFO - DAG(s) dict_keys(['tutorial_taskflow_api_etl']) retrieved from /home/airflow/.local/lib/python3.7/site-packages/airflow/example_dags/tutorial_taskflow_api_etl.py
[2021-12-19 04:31:35,119] {logging_mixin.py:109} INFO - [2021-12-19 04:31:35,119] {dag.py:2396} INFO - Sync 1 DAGs
[2021-12-19 04:31:35,161] {logging_mixin.py:109} INFO - [2021-12-19 04:31:35,160] {dag.py:2928} INFO - Setting next_dagrun for tutorial_taskflow_api_etl to None
[2021-12-19 04:31:51,432] {processor.py:171} INFO - Processing /home/airflow/.local/lib/python3.7/site-packages/airflow/example_dags/tutorial_taskflow_api_etl.py took 17.398 seconds
[2021-12-19 04:32:29,438] {processor.py:163} INFO - Started process (PID=983) to work on /home/airflow/.local/lib/python3.7/site-packages/airflow/example_dags/tutorial_taskflow_api_etl.py
[2021-12-19 04:32:29,443] {processor.py:625} INFO - Processing file /home/airflow/.local/lib/python3.7/site-packages/airflow/example_dags/tutorial_taskflow_api_etl.py for tasks to queue
[2021-12-19 04:32:29,446] {logging_mixin.py:109} INFO - [2021-12-19 04:32:29,445] {dagbag.py:500} INFO - Filling up the DagBag from /home/airflow/.local/lib/python3.7/site-packages/airflow/example_dags/tutorial_taskflow_api_etl.py
[2021-12-19 04:32:29,565] {processor.py:637} INFO - DAG(s) dict_keys(['tutorial_taskflow_api_etl']) retrieved from /home/airflow/.local/lib/python3.7/site-packages/airflow/example_dags/tutorial_taskflow_api_etl.py
[2021-12-19 04:32:30,264] {logging_mixin.py:109} INFO - [2021-12-19 04:32:30,264] {dag.py:2396} INFO - Sync 1 DAGs
[2021-12-19 04:32:30,311] {logging_mixin.py:109} INFO - [2021-12-19 04:32:30,311] {dag.py:2928} INFO - Setting next_dagrun for tutorial_taskflow_api_etl to None
[2021-12-19 04:32:30,344] {processor.py:171} INFO - Processing /home/airflow/.local/lib/python3.7/site-packages/airflow/example_dags/tutorial_taskflow_api_etl.py took 0.917 seconds
[2021-12-19 04:33:25,225] {processor.py:163} INFO - Started process (PID=1022) to work on /home/airflow/.local/lib/python3.7/site-packages/airflow/example_dags/tutorial_taskflow_api_etl.py
[2021-12-19 04:33:25,242] {processor.py:625} INFO - Processing file /home/airflow/.local/lib/python3.7/site-packages/airflow/example_dags/tutorial_taskflow_api_etl.py for tasks to queue
[2021-12-19 04:33:25,243] {logging_mixin.py:109} INFO - [2021-12-19 04:33:25,243] {dagbag.py:500} INFO - Filling up the DagBag from /home/airflow/.local/lib/python3.7/site-packages/airflow/example_dags/tutorial_taskflow_api_etl.py
[2021-12-19 04:33:25,415] {processor.py:637} INFO - DAG(s) dict_keys(['tutorial_taskflow_api_etl']) retrieved from /home/airflow/.local/lib/python3.7/site-packages/airflow/example_dags/tutorial_taskflow_api_etl.py
[2021-12-19 04:33:26,841] {logging_mixin.py:109} INFO - [2021-12-19 04:33:26,840] {dag.py:2396} INFO - Sync 1 DAGs
[2021-12-19 04:33:26,909] {logging_mixin.py:109} INFO - [2021-12-19 04:33:26,909] {dag.py:2928} INFO - Setting next_dagrun for tutorial_taskflow_api_etl to None
[2021-12-19 04:33:28,307] {processor.py:171} INFO - Processing /home/airflow/.local/lib/python3.7/site-packages/airflow/example_dags/tutorial_taskflow_api_etl.py took 3.092 seconds
[2021-12-19 04:34:07,084] {processor.py:163} INFO - Started process (PID=1065) to work on /home/airflow/.local/lib/python3.7/site-packages/airflow/example_dags/tutorial_taskflow_api_etl.py
[2021-12-19 04:34:07,088] {processor.py:625} INFO - Processing file /home/airflow/.local/lib/python3.7/site-packages/airflow/example_dags/tutorial_taskflow_api_etl.py for tasks to queue
[2021-12-19 04:34:07,090] {logging_mixin.py:109} INFO - [2021-12-19 04:34:07,089] {dagbag.py:500} INFO - Filling up the DagBag from /home/airflow/.local/lib/python3.7/site-packages/airflow/example_dags/tutorial_taskflow_api_etl.py
[2021-12-19 04:34:07,160] {processor.py:637} INFO - DAG(s) dict_keys(['tutorial_taskflow_api_etl']) retrieved from /home/airflow/.local/lib/python3.7/site-packages/airflow/example_dags/tutorial_taskflow_api_etl.py
[2021-12-19 04:34:07,737] {logging_mixin.py:109} INFO - [2021-12-19 04:34:07,737] {dag.py:2396} INFO - Sync 1 DAGs
[2021-12-19 04:34:07,767] {logging_mixin.py:109} INFO - [2021-12-19 04:34:07,767] {dag.py:2928} INFO - Setting next_dagrun for tutorial_taskflow_api_etl to None
[2021-12-19 04:34:07,945] {processor.py:171} INFO - Processing /home/airflow/.local/lib/python3.7/site-packages/airflow/example_dags/tutorial_taskflow_api_etl.py took 0.866 seconds
[2021-12-19 04:35:01,286] {processor.py:163} INFO - Started process (PID=1117) to work on /home/airflow/.local/lib/python3.7/site-packages/airflow/example_dags/tutorial_taskflow_api_etl.py
[2021-12-19 04:35:01,291] {processor.py:625} INFO - Processing file /home/airflow/.local/lib/python3.7/site-packages/airflow/example_dags/tutorial_taskflow_api_etl.py for tasks to queue
[2021-12-19 04:35:01,295] {logging_mixin.py:109} INFO - [2021-12-19 04:35:01,294] {dagbag.py:500} INFO - Filling up the DagBag from /home/airflow/.local/lib/python3.7/site-packages/airflow/example_dags/tutorial_taskflow_api_etl.py
[2021-12-19 04:35:01,481] {processor.py:637} INFO - DAG(s) dict_keys(['tutorial_taskflow_api_etl']) retrieved from /home/airflow/.local/lib/python3.7/site-packages/airflow/example_dags/tutorial_taskflow_api_etl.py
[2021-12-19 04:35:02,402] {logging_mixin.py:109} INFO - [2021-12-19 04:35:02,402] {dag.py:2396} INFO - Sync 1 DAGs
[2021-12-19 04:35:02,452] {logging_mixin.py:109} INFO - [2021-12-19 04:35:02,452] {dag.py:2928} INFO - Setting next_dagrun for tutorial_taskflow_api_etl to None
[2021-12-19 04:35:02,496] {processor.py:171} INFO - Processing /home/airflow/.local/lib/python3.7/site-packages/airflow/example_dags/tutorial_taskflow_api_etl.py took 1.228 seconds
[2021-12-19 04:35:34,662] {processor.py:163} INFO - Started process (PID=1159) to work on /home/airflow/.local/lib/python3.7/site-packages/airflow/example_dags/tutorial_taskflow_api_etl.py
[2021-12-19 04:35:34,667] {processor.py:625} INFO - Processing file /home/airflow/.local/lib/python3.7/site-packages/airflow/example_dags/tutorial_taskflow_api_etl.py for tasks to queue
[2021-12-19 04:35:34,669] {logging_mixin.py:109} INFO - [2021-12-19 04:35:34,669] {dagbag.py:500} INFO - Filling up the DagBag from /home/airflow/.local/lib/python3.7/site-packages/airflow/example_dags/tutorial_taskflow_api_etl.py
[2021-12-19 04:35:34,749] {processor.py:637} INFO - DAG(s) dict_keys(['tutorial_taskflow_api_etl']) retrieved from /home/airflow/.local/lib/python3.7/site-packages/airflow/example_dags/tutorial_taskflow_api_etl.py
[2021-12-19 04:35:35,549] {logging_mixin.py:109} INFO - [2021-12-19 04:35:35,549] {dag.py:2396} INFO - Sync 1 DAGs
[2021-12-19 04:35:35,596] {logging_mixin.py:109} INFO - [2021-12-19 04:35:35,595] {dag.py:2928} INFO - Setting next_dagrun for tutorial_taskflow_api_etl to None
[2021-12-19 04:35:35,638] {processor.py:171} INFO - Processing /home/airflow/.local/lib/python3.7/site-packages/airflow/example_dags/tutorial_taskflow_api_etl.py took 0.986 seconds
[2021-12-19 04:36:29,958] {processor.py:163} INFO - Started process (PID=1209) to work on /home/airflow/.local/lib/python3.7/site-packages/airflow/example_dags/tutorial_taskflow_api_etl.py
[2021-12-19 04:36:30,033] {processor.py:625} INFO - Processing file /home/airflow/.local/lib/python3.7/site-packages/airflow/example_dags/tutorial_taskflow_api_etl.py for tasks to queue
[2021-12-19 04:36:30,036] {logging_mixin.py:109} INFO - [2021-12-19 04:36:30,035] {dagbag.py:500} INFO - Filling up the DagBag from /home/airflow/.local/lib/python3.7/site-packages/airflow/example_dags/tutorial_taskflow_api_etl.py
[2021-12-19 04:36:30,272] {processor.py:637} INFO - DAG(s) dict_keys(['tutorial_taskflow_api_etl']) retrieved from /home/airflow/.local/lib/python3.7/site-packages/airflow/example_dags/tutorial_taskflow_api_etl.py
[2021-12-19 04:36:31,216] {logging_mixin.py:109} INFO - [2021-12-19 04:36:31,216] {dag.py:2396} INFO - Sync 1 DAGs
[2021-12-19 04:36:31,280] {logging_mixin.py:109} INFO - [2021-12-19 04:36:31,280] {dag.py:2928} INFO - Setting next_dagrun for tutorial_taskflow_api_etl to None
[2021-12-19 04:36:31,523] {processor.py:171} INFO - Processing /home/airflow/.local/lib/python3.7/site-packages/airflow/example_dags/tutorial_taskflow_api_etl.py took 1.577 seconds
[2021-12-19 04:37:56,587] {processor.py:163} INFO - Started process (PID=1252) to work on /home/airflow/.local/lib/python3.7/site-packages/airflow/example_dags/tutorial_taskflow_api_etl.py
[2021-12-19 04:37:56,590] {processor.py:625} INFO - Processing file /home/airflow/.local/lib/python3.7/site-packages/airflow/example_dags/tutorial_taskflow_api_etl.py for tasks to queue
[2021-12-19 04:37:56,592] {logging_mixin.py:109} INFO - [2021-12-19 04:37:56,592] {dagbag.py:500} INFO - Filling up the DagBag from /home/airflow/.local/lib/python3.7/site-packages/airflow/example_dags/tutorial_taskflow_api_etl.py
[2021-12-19 04:37:56,659] {processor.py:637} INFO - DAG(s) dict_keys(['tutorial_taskflow_api_etl']) retrieved from /home/airflow/.local/lib/python3.7/site-packages/airflow/example_dags/tutorial_taskflow_api_etl.py
[2021-12-19 04:37:57,216] {logging_mixin.py:109} INFO - [2021-12-19 04:37:57,215] {dag.py:2396} INFO - Sync 1 DAGs
[2021-12-19 04:37:57,274] {logging_mixin.py:109} INFO - [2021-12-19 04:37:57,273] {dag.py:2928} INFO - Setting next_dagrun for tutorial_taskflow_api_etl to None
[2021-12-19 04:37:57,323] {processor.py:171} INFO - Processing /home/airflow/.local/lib/python3.7/site-packages/airflow/example_dags/tutorial_taskflow_api_etl.py took 0.742 seconds
[2021-12-19 04:39:03,690] {processor.py:163} INFO - Started process (PID=1295) to work on /home/airflow/.local/lib/python3.7/site-packages/airflow/example_dags/tutorial_taskflow_api_etl.py
[2021-12-19 04:39:03,704] {processor.py:625} INFO - Processing file /home/airflow/.local/lib/python3.7/site-packages/airflow/example_dags/tutorial_taskflow_api_etl.py for tasks to queue
[2021-12-19 04:39:03,707] {logging_mixin.py:109} INFO - [2021-12-19 04:39:03,706] {dagbag.py:500} INFO - Filling up the DagBag from /home/airflow/.local/lib/python3.7/site-packages/airflow/example_dags/tutorial_taskflow_api_etl.py
[2021-12-19 04:39:12,936] {processor.py:637} INFO - DAG(s) dict_keys(['tutorial_taskflow_api_etl']) retrieved from /home/airflow/.local/lib/python3.7/site-packages/airflow/example_dags/tutorial_taskflow_api_etl.py
[2021-12-19 04:39:21,237] {logging_mixin.py:109} INFO - [2021-12-19 04:39:21,236] {dag.py:2396} INFO - Sync 1 DAGs
[2021-12-19 04:39:21,312] {logging_mixin.py:109} INFO - [2021-12-19 04:39:21,312] {dag.py:2928} INFO - Setting next_dagrun for tutorial_taskflow_api_etl to None
[2021-12-19 04:39:22,306] {processor.py:171} INFO - Processing /home/airflow/.local/lib/python3.7/site-packages/airflow/example_dags/tutorial_taskflow_api_etl.py took 18.630 seconds
[2021-12-19 04:39:52,598] {processor.py:163} INFO - Started process (PID=1348) to work on /home/airflow/.local/lib/python3.7/site-packages/airflow/example_dags/tutorial_taskflow_api_etl.py
[2021-12-19 04:39:52,601] {processor.py:625} INFO - Processing file /home/airflow/.local/lib/python3.7/site-packages/airflow/example_dags/tutorial_taskflow_api_etl.py for tasks to queue
[2021-12-19 04:39:52,603] {logging_mixin.py:109} INFO - [2021-12-19 04:39:52,603] {dagbag.py:500} INFO - Filling up the DagBag from /home/airflow/.local/lib/python3.7/site-packages/airflow/example_dags/tutorial_taskflow_api_etl.py
[2021-12-19 04:39:52,662] {processor.py:637} INFO - DAG(s) dict_keys(['tutorial_taskflow_api_etl']) retrieved from /home/airflow/.local/lib/python3.7/site-packages/airflow/example_dags/tutorial_taskflow_api_etl.py
[2021-12-19 04:39:53,042] {logging_mixin.py:109} INFO - [2021-12-19 04:39:53,041] {dag.py:2396} INFO - Sync 1 DAGs
[2021-12-19 04:39:53,073] {logging_mixin.py:109} INFO - [2021-12-19 04:39:53,073] {dag.py:2928} INFO - Setting next_dagrun for tutorial_taskflow_api_etl to None
[2021-12-19 04:39:53,150] {processor.py:171} INFO - Processing /home/airflow/.local/lib/python3.7/site-packages/airflow/example_dags/tutorial_taskflow_api_etl.py took 0.559 seconds
[2021-12-19 04:41:35,261] {processor.py:163} INFO - Started process (PID=1387) to work on /home/airflow/.local/lib/python3.7/site-packages/airflow/example_dags/tutorial_taskflow_api_etl.py
[2021-12-19 04:41:35,271] {processor.py:625} INFO - Processing file /home/airflow/.local/lib/python3.7/site-packages/airflow/example_dags/tutorial_taskflow_api_etl.py for tasks to queue
[2021-12-19 04:41:35,274] {logging_mixin.py:109} INFO - [2021-12-19 04:41:35,273] {dagbag.py:500} INFO - Filling up the DagBag from /home/airflow/.local/lib/python3.7/site-packages/airflow/example_dags/tutorial_taskflow_api_etl.py
[2021-12-19 04:41:35,382] {processor.py:637} INFO - DAG(s) dict_keys(['tutorial_taskflow_api_etl']) retrieved from /home/airflow/.local/lib/python3.7/site-packages/airflow/example_dags/tutorial_taskflow_api_etl.py
[2021-12-19 04:41:36,619] {logging_mixin.py:109} INFO - [2021-12-19 04:41:36,618] {dag.py:2396} INFO - Sync 1 DAGs
[2021-12-19 04:41:36,662] {logging_mixin.py:109} INFO - [2021-12-19 04:41:36,662] {dag.py:2928} INFO - Setting next_dagrun for tutorial_taskflow_api_etl to None
[2021-12-19 04:41:36,700] {processor.py:171} INFO - Processing /home/airflow/.local/lib/python3.7/site-packages/airflow/example_dags/tutorial_taskflow_api_etl.py took 1.463 seconds
[2021-12-19 04:42:48,930] {processor.py:163} INFO - Started process (PID=1439) to work on /home/airflow/.local/lib/python3.7/site-packages/airflow/example_dags/tutorial_taskflow_api_etl.py
[2021-12-19 04:42:50,851] {processor.py:625} INFO - Processing file /home/airflow/.local/lib/python3.7/site-packages/airflow/example_dags/tutorial_taskflow_api_etl.py for tasks to queue
[2021-12-19 04:42:50,864] {logging_mixin.py:109} INFO - [2021-12-19 04:42:50,864] {dagbag.py:500} INFO - Filling up the DagBag from /home/airflow/.local/lib/python3.7/site-packages/airflow/example_dags/tutorial_taskflow_api_etl.py
[2021-12-19 04:42:51,040] {processor.py:637} INFO - DAG(s) dict_keys(['tutorial_taskflow_api_etl']) retrieved from /home/airflow/.local/lib/python3.7/site-packages/airflow/example_dags/tutorial_taskflow_api_etl.py
[2021-12-19 04:42:53,346] {logging_mixin.py:109} INFO - [2021-12-19 04:42:53,346] {dag.py:2396} INFO - Sync 1 DAGs
[2021-12-19 04:42:54,060] {logging_mixin.py:109} INFO - [2021-12-19 04:42:54,059] {dag.py:2928} INFO - Setting next_dagrun for tutorial_taskflow_api_etl to None
[2021-12-19 04:42:54,124] {processor.py:171} INFO - Processing /home/airflow/.local/lib/python3.7/site-packages/airflow/example_dags/tutorial_taskflow_api_etl.py took 5.216 seconds
[2021-12-19 04:43:29,509] {processor.py:163} INFO - Started process (PID=1490) to work on /home/airflow/.local/lib/python3.7/site-packages/airflow/example_dags/tutorial_taskflow_api_etl.py
[2021-12-19 04:43:29,515] {processor.py:625} INFO - Processing file /home/airflow/.local/lib/python3.7/site-packages/airflow/example_dags/tutorial_taskflow_api_etl.py for tasks to queue
[2021-12-19 04:43:29,524] {logging_mixin.py:109} INFO - [2021-12-19 04:43:29,523] {dagbag.py:500} INFO - Filling up the DagBag from /home/airflow/.local/lib/python3.7/site-packages/airflow/example_dags/tutorial_taskflow_api_etl.py
[2021-12-19 04:43:29,665] {processor.py:637} INFO - DAG(s) dict_keys(['tutorial_taskflow_api_etl']) retrieved from /home/airflow/.local/lib/python3.7/site-packages/airflow/example_dags/tutorial_taskflow_api_etl.py
[2021-12-19 04:43:30,515] {logging_mixin.py:109} INFO - [2021-12-19 04:43:30,515] {dag.py:2396} INFO - Sync 1 DAGs
[2021-12-19 04:43:30,578] {logging_mixin.py:109} INFO - [2021-12-19 04:43:30,577] {dag.py:2928} INFO - Setting next_dagrun for tutorial_taskflow_api_etl to None
[2021-12-19 04:43:30,631] {processor.py:171} INFO - Processing /home/airflow/.local/lib/python3.7/site-packages/airflow/example_dags/tutorial_taskflow_api_etl.py took 1.141 seconds
[2021-12-19 04:44:11,728] {processor.py:163} INFO - Started process (PID=1533) to work on /home/airflow/.local/lib/python3.7/site-packages/airflow/example_dags/tutorial_taskflow_api_etl.py
[2021-12-19 04:44:11,744] {processor.py:625} INFO - Processing file /home/airflow/.local/lib/python3.7/site-packages/airflow/example_dags/tutorial_taskflow_api_etl.py for tasks to queue
[2021-12-19 04:44:11,749] {logging_mixin.py:109} INFO - [2021-12-19 04:44:11,748] {dagbag.py:500} INFO - Filling up the DagBag from /home/airflow/.local/lib/python3.7/site-packages/airflow/example_dags/tutorial_taskflow_api_etl.py
[2021-12-19 04:44:11,932] {processor.py:637} INFO - DAG(s) dict_keys(['tutorial_taskflow_api_etl']) retrieved from /home/airflow/.local/lib/python3.7/site-packages/airflow/example_dags/tutorial_taskflow_api_etl.py
[2021-12-19 04:44:13,874] {logging_mixin.py:109} INFO - [2021-12-19 04:44:13,873] {dag.py:2396} INFO - Sync 1 DAGs
[2021-12-19 04:44:14,016] {logging_mixin.py:109} INFO - [2021-12-19 04:44:14,015] {dag.py:2928} INFO - Setting next_dagrun for tutorial_taskflow_api_etl to None
[2021-12-19 04:44:14,776] {processor.py:171} INFO - Processing /home/airflow/.local/lib/python3.7/site-packages/airflow/example_dags/tutorial_taskflow_api_etl.py took 3.058 seconds
[2021-12-19 04:45:05,257] {processor.py:163} INFO - Started process (PID=1587) to work on /home/airflow/.local/lib/python3.7/site-packages/airflow/example_dags/tutorial_taskflow_api_etl.py
[2021-12-19 04:45:05,261] {processor.py:625} INFO - Processing file /home/airflow/.local/lib/python3.7/site-packages/airflow/example_dags/tutorial_taskflow_api_etl.py for tasks to queue
[2021-12-19 04:45:05,263] {logging_mixin.py:109} INFO - [2021-12-19 04:45:05,262] {dagbag.py:500} INFO - Filling up the DagBag from /home/airflow/.local/lib/python3.7/site-packages/airflow/example_dags/tutorial_taskflow_api_etl.py
[2021-12-19 04:45:05,328] {processor.py:637} INFO - DAG(s) dict_keys(['tutorial_taskflow_api_etl']) retrieved from /home/airflow/.local/lib/python3.7/site-packages/airflow/example_dags/tutorial_taskflow_api_etl.py
[2021-12-19 04:45:05,728] {logging_mixin.py:109} INFO - [2021-12-19 04:45:05,727] {dag.py:2396} INFO - Sync 1 DAGs
[2021-12-19 04:45:05,752] {logging_mixin.py:109} INFO - [2021-12-19 04:45:05,751] {dag.py:2928} INFO - Setting next_dagrun for tutorial_taskflow_api_etl to None
[2021-12-19 04:45:05,840] {processor.py:171} INFO - Processing /home/airflow/.local/lib/python3.7/site-packages/airflow/example_dags/tutorial_taskflow_api_etl.py took 0.590 seconds
[2021-12-19 04:46:23,042] {processor.py:163} INFO - Started process (PID=1636) to work on /home/airflow/.local/lib/python3.7/site-packages/airflow/example_dags/tutorial_taskflow_api_etl.py
[2021-12-19 04:46:23,047] {processor.py:625} INFO - Processing file /home/airflow/.local/lib/python3.7/site-packages/airflow/example_dags/tutorial_taskflow_api_etl.py for tasks to queue
[2021-12-19 04:46:23,050] {logging_mixin.py:109} INFO - [2021-12-19 04:46:23,049] {dagbag.py:500} INFO - Filling up the DagBag from /home/airflow/.local/lib/python3.7/site-packages/airflow/example_dags/tutorial_taskflow_api_etl.py
[2021-12-19 04:46:23,147] {processor.py:637} INFO - DAG(s) dict_keys(['tutorial_taskflow_api_etl']) retrieved from /home/airflow/.local/lib/python3.7/site-packages/airflow/example_dags/tutorial_taskflow_api_etl.py
[2021-12-19 04:46:23,949] {logging_mixin.py:109} INFO - [2021-12-19 04:46:23,948] {dag.py:2396} INFO - Sync 1 DAGs
[2021-12-19 04:46:23,983] {logging_mixin.py:109} INFO - [2021-12-19 04:46:23,983] {dag.py:2928} INFO - Setting next_dagrun for tutorial_taskflow_api_etl to None
[2021-12-19 04:46:53,853] {processor.py:171} INFO - Processing /home/airflow/.local/lib/python3.7/site-packages/airflow/example_dags/tutorial_taskflow_api_etl.py took 30.825 seconds
[2021-12-19 04:47:24,286] {processor.py:163} INFO - Started process (PID=1678) to work on /home/airflow/.local/lib/python3.7/site-packages/airflow/example_dags/tutorial_taskflow_api_etl.py
[2021-12-19 04:47:24,294] {processor.py:625} INFO - Processing file /home/airflow/.local/lib/python3.7/site-packages/airflow/example_dags/tutorial_taskflow_api_etl.py for tasks to queue
[2021-12-19 04:47:24,297] {logging_mixin.py:109} INFO - [2021-12-19 04:47:24,296] {dagbag.py:500} INFO - Filling up the DagBag from /home/airflow/.local/lib/python3.7/site-packages/airflow/example_dags/tutorial_taskflow_api_etl.py
[2021-12-19 04:47:24,375] {processor.py:637} INFO - DAG(s) dict_keys(['tutorial_taskflow_api_etl']) retrieved from /home/airflow/.local/lib/python3.7/site-packages/airflow/example_dags/tutorial_taskflow_api_etl.py
[2021-12-19 04:47:24,836] {logging_mixin.py:109} INFO - [2021-12-19 04:47:24,836] {dag.py:2396} INFO - Sync 1 DAGs
[2021-12-19 04:47:24,862] {logging_mixin.py:109} INFO - [2021-12-19 04:47:24,862] {dag.py:2928} INFO - Setting next_dagrun for tutorial_taskflow_api_etl to None
[2021-12-19 04:47:24,897] {processor.py:171} INFO - Processing /home/airflow/.local/lib/python3.7/site-packages/airflow/example_dags/tutorial_taskflow_api_etl.py took 0.620 seconds
[2021-12-19 04:47:55,154] {processor.py:163} INFO - Started process (PID=1724) to work on /home/airflow/.local/lib/python3.7/site-packages/airflow/example_dags/tutorial_taskflow_api_etl.py
[2021-12-19 04:47:55,158] {processor.py:625} INFO - Processing file /home/airflow/.local/lib/python3.7/site-packages/airflow/example_dags/tutorial_taskflow_api_etl.py for tasks to queue
[2021-12-19 04:47:55,160] {logging_mixin.py:109} INFO - [2021-12-19 04:47:55,160] {dagbag.py:500} INFO - Filling up the DagBag from /home/airflow/.local/lib/python3.7/site-packages/airflow/example_dags/tutorial_taskflow_api_etl.py
[2021-12-19 04:47:55,224] {processor.py:637} INFO - DAG(s) dict_keys(['tutorial_taskflow_api_etl']) retrieved from /home/airflow/.local/lib/python3.7/site-packages/airflow/example_dags/tutorial_taskflow_api_etl.py
[2021-12-19 04:47:55,620] {logging_mixin.py:109} INFO - [2021-12-19 04:47:55,619] {dag.py:2396} INFO - Sync 1 DAGs
[2021-12-19 04:47:55,646] {logging_mixin.py:109} INFO - [2021-12-19 04:47:55,645] {dag.py:2928} INFO - Setting next_dagrun for tutorial_taskflow_api_etl to None
[2021-12-19 04:47:55,675] {processor.py:171} INFO - Processing /home/airflow/.local/lib/python3.7/site-packages/airflow/example_dags/tutorial_taskflow_api_etl.py took 0.529 seconds
[2021-12-19 04:48:26,355] {processor.py:163} INFO - Started process (PID=1779) to work on /home/airflow/.local/lib/python3.7/site-packages/airflow/example_dags/tutorial_taskflow_api_etl.py
[2021-12-19 04:48:26,358] {processor.py:625} INFO - Processing file /home/airflow/.local/lib/python3.7/site-packages/airflow/example_dags/tutorial_taskflow_api_etl.py for tasks to queue
[2021-12-19 04:48:26,361] {logging_mixin.py:109} INFO - [2021-12-19 04:48:26,360] {dagbag.py:500} INFO - Filling up the DagBag from /home/airflow/.local/lib/python3.7/site-packages/airflow/example_dags/tutorial_taskflow_api_etl.py
[2021-12-19 04:48:26,435] {processor.py:637} INFO - DAG(s) dict_keys(['tutorial_taskflow_api_etl']) retrieved from /home/airflow/.local/lib/python3.7/site-packages/airflow/example_dags/tutorial_taskflow_api_etl.py
[2021-12-19 04:48:26,892] {logging_mixin.py:109} INFO - [2021-12-19 04:48:26,891] {dag.py:2396} INFO - Sync 1 DAGs
[2021-12-19 04:48:26,932] {logging_mixin.py:109} INFO - [2021-12-19 04:48:26,931] {dag.py:2928} INFO - Setting next_dagrun for tutorial_taskflow_api_etl to None
[2021-12-19 04:48:26,976] {processor.py:171} INFO - Processing /home/airflow/.local/lib/python3.7/site-packages/airflow/example_dags/tutorial_taskflow_api_etl.py took 0.628 seconds
[2021-12-19 04:48:57,247] {processor.py:163} INFO - Started process (PID=1831) to work on /home/airflow/.local/lib/python3.7/site-packages/airflow/example_dags/tutorial_taskflow_api_etl.py
[2021-12-19 04:48:57,254] {processor.py:625} INFO - Processing file /home/airflow/.local/lib/python3.7/site-packages/airflow/example_dags/tutorial_taskflow_api_etl.py for tasks to queue
[2021-12-19 04:48:57,261] {logging_mixin.py:109} INFO - [2021-12-19 04:48:57,260] {dagbag.py:500} INFO - Filling up the DagBag from /home/airflow/.local/lib/python3.7/site-packages/airflow/example_dags/tutorial_taskflow_api_etl.py
[2021-12-19 04:48:57,535] {processor.py:637} INFO - DAG(s) dict_keys(['tutorial_taskflow_api_etl']) retrieved from /home/airflow/.local/lib/python3.7/site-packages/airflow/example_dags/tutorial_taskflow_api_etl.py
[2021-12-19 04:48:58,422] {logging_mixin.py:109} INFO - [2021-12-19 04:48:58,422] {dag.py:2396} INFO - Sync 1 DAGs
[2021-12-19 04:48:58,466] {logging_mixin.py:109} INFO - [2021-12-19 04:48:58,465] {dag.py:2928} INFO - Setting next_dagrun for tutorial_taskflow_api_etl to None
[2021-12-19 04:48:58,505] {processor.py:171} INFO - Processing /home/airflow/.local/lib/python3.7/site-packages/airflow/example_dags/tutorial_taskflow_api_etl.py took 1.277 seconds
[2021-12-19 04:49:36,743] {processor.py:163} INFO - Started process (PID=1871) to work on /home/airflow/.local/lib/python3.7/site-packages/airflow/example_dags/tutorial_taskflow_api_etl.py
[2021-12-19 04:49:36,757] {processor.py:625} INFO - Processing file /home/airflow/.local/lib/python3.7/site-packages/airflow/example_dags/tutorial_taskflow_api_etl.py for tasks to queue
[2021-12-19 04:49:36,761] {logging_mixin.py:109} INFO - [2021-12-19 04:49:36,761] {dagbag.py:500} INFO - Filling up the DagBag from /home/airflow/.local/lib/python3.7/site-packages/airflow/example_dags/tutorial_taskflow_api_etl.py
[2021-12-19 04:49:36,952] {processor.py:637} INFO - DAG(s) dict_keys(['tutorial_taskflow_api_etl']) retrieved from /home/airflow/.local/lib/python3.7/site-packages/airflow/example_dags/tutorial_taskflow_api_etl.py
[2021-12-19 04:49:39,330] {logging_mixin.py:109} INFO - [2021-12-19 04:49:39,329] {dag.py:2396} INFO - Sync 1 DAGs
[2021-12-19 04:49:39,422] {logging_mixin.py:109} INFO - [2021-12-19 04:49:39,422] {dag.py:2928} INFO - Setting next_dagrun for tutorial_taskflow_api_etl to None
[2021-12-19 04:49:39,658] {processor.py:171} INFO - Processing /home/airflow/.local/lib/python3.7/site-packages/airflow/example_dags/tutorial_taskflow_api_etl.py took 2.938 seconds
[2021-12-19 04:50:10,076] {processor.py:163} INFO - Started process (PID=1922) to work on /home/airflow/.local/lib/python3.7/site-packages/airflow/example_dags/tutorial_taskflow_api_etl.py
[2021-12-19 04:50:10,082] {processor.py:625} INFO - Processing file /home/airflow/.local/lib/python3.7/site-packages/airflow/example_dags/tutorial_taskflow_api_etl.py for tasks to queue
[2021-12-19 04:50:10,088] {logging_mixin.py:109} INFO - [2021-12-19 04:50:10,087] {dagbag.py:500} INFO - Filling up the DagBag from /home/airflow/.local/lib/python3.7/site-packages/airflow/example_dags/tutorial_taskflow_api_etl.py
[2021-12-19 04:50:10,259] {processor.py:637} INFO - DAG(s) dict_keys(['tutorial_taskflow_api_etl']) retrieved from /home/airflow/.local/lib/python3.7/site-packages/airflow/example_dags/tutorial_taskflow_api_etl.py
[2021-12-19 04:50:11,549] {logging_mixin.py:109} INFO - [2021-12-19 04:50:11,549] {dag.py:2396} INFO - Sync 1 DAGs
[2021-12-19 04:50:11,583] {logging_mixin.py:109} INFO - [2021-12-19 04:50:11,583] {dag.py:2928} INFO - Setting next_dagrun for tutorial_taskflow_api_etl to None
[2021-12-19 04:50:13,896] {processor.py:171} INFO - Processing /home/airflow/.local/lib/python3.7/site-packages/airflow/example_dags/tutorial_taskflow_api_etl.py took 3.835 seconds
